2024-04-26 16:53:06,769 [INFO] Activator:176 - 


2024-04-26 16:53:06,772 [INFO] Activator:177 - !SESSION log4j initialized
2024-04-26 16:53:10,125 [INFO] LogOutputStream:77 - [STDOUT_REDIRECT] 
2024-04-26 16:53:13,139 [INFO] ApplicationProperties:184 - Using Application install path: C:\ST\STM32CubeIDE_1.15.0\STM32CubeIDE\plugins\com.st.stm32cube.common.mx_6.11.0.202403141607
2024-04-26 16:53:13,166 [INFO] DbMcusXml:78 - Set database path to: C:\ST\STM32CubeIDE_1.15.0\STM32CubeIDE\plugins\com.st.stm32cube.common.mx_6.11.0.202403141607\\db\/mcu/
2024-04-26 16:53:13,166 [INFO] ApiDb:274 - Set plugin database path to: C:\ST\STM32CubeIDE_1.15.0\STM32CubeIDE\plugins\com.st.stm32cube.common.mx_6.11.0.202403141607\\db\/plugins/boardmanager/
2024-04-26 16:53:13,167 [WARN] ApiDb:259 - Overriding images path with different value:  => C:\ST\STM32CubeIDE_1.15.0\STM32CubeIDE\plugins\com.st.stm32cube.common.mx_6.11.0.202403141607\\db\/plugins/mcufinder/images/
2024-04-26 16:53:13,174 [INFO] ApiDb:250 - Set database path to: C:\Users\LeeJooho\.stmcufinder\plugins\mcufinder//mcu/
2024-04-26 16:53:13,175 [INFO] DbMcusAds:125 - Set database path to: C:\Users\LeeJooho\.stmcufinder\plugins\mcufinder//mcu/
2024-04-26 16:53:13,177 [INFO] CrossReferenceDbSqlite:203 - Set database path to: C:\Users\LeeJooho\.stmcufinder\plugins\mcufinder//mcu/cs/
2024-04-26 16:53:13,322 [INFO] RulesReader:64 - Compatibility file has been processed (297 Rules)
2024-04-26 16:53:13,416 [INFO] DbMcusXml:78 - Set database path to: C:\ST\STM32CubeIDE_1.15.0\STM32CubeIDE\plugins\com.st.stm32cube.common.mx_6.11.0.202403141607\\db\/mcu/
2024-04-26 16:53:13,416 [INFO] ApiDb:274 - Set plugin database path to: C:\ST\STM32CubeIDE_1.15.0\STM32CubeIDE\plugins\com.st.stm32cube.common.mx_6.11.0.202403141607\\db\/plugins/boardmanager/
2024-04-26 16:53:13,417 [INFO] ApiDb:261 - Set plugin images path to: C:\ST\STM32CubeIDE_1.15.0\STM32CubeIDE\plugins\com.st.stm32cube.common.mx_6.11.0.202403141607\\db\/plugins/mcufinder/images/
2024-04-26 16:53:13,417 [WARN] DbFile:41 - Overriding database path with different value: C:\Users\LeeJooho\.stmcufinder\plugins\mcufinder/ => C:\Users\LeeJooho\.stmcufinder\plugins\mcufinder
2024-04-26 16:53:13,417 [INFO] ApiDb:250 - Set database path to: C:\Users\LeeJooho\.stmcufinder\plugins\mcufinder//mcu/
2024-04-26 16:53:13,417 [WARN] DbFile:41 - Overriding database path with different value: C:\Users\LeeJooho\.stmcufinder\plugins\mcufinder/ => C:\Users\LeeJooho\.stmcufinder\plugins\mcufinder
2024-04-26 16:53:13,417 [INFO] DbMcusAds:125 - Set database path to: C:\Users\LeeJooho\.stmcufinder\plugins\mcufinder//mcu/
2024-04-26 16:53:13,417 [WARN] DbFile:41 - Overriding database path with different value: C:\Users\LeeJooho\.stmcufinder\plugins\mcufinder/ => C:\Users\LeeJooho\.stmcufinder\plugins\mcufinder
2024-04-26 16:53:13,417 [WARN] DbFile:41 - Overriding database path with different value: C:\Users\LeeJooho\.stmcufinder\plugins\mcufinder/ => C:\Users\LeeJooho\.stmcufinder\plugins\mcufinder
2024-04-26 16:53:13,417 [INFO] CrossReferenceDbSqlite:203 - Set database path to: C:\Users\LeeJooho\.stmcufinder\plugins\mcufinder//mcu/cs/
2024-04-26 16:53:13,493 [INFO] MainPanel:264 - HeapMemory: 268435456
2024-04-26 16:53:13,567 [INFO] DbMcusXml:78 - Set database path to: C:\ST\STM32CubeIDE_1.15.0\STM32CubeIDE\plugins\com.st.stm32cube.common.mx_6.11.0.202403141607\\db\/mcu/
2024-04-26 16:53:13,567 [INFO] ApiDb:274 - Set plugin database path to: C:\ST\STM32CubeIDE_1.15.0\STM32CubeIDE\plugins\com.st.stm32cube.common.mx_6.11.0.202403141607\\db\/plugins/boardmanager/
2024-04-26 16:53:13,567 [INFO] ApiDb:261 - Set plugin images path to: C:\ST\STM32CubeIDE_1.15.0\STM32CubeIDE\plugins\com.st.stm32cube.common.mx_6.11.0.202403141607\\db\/plugins/mcufinder/images/
2024-04-26 16:53:13,568 [WARN] DbFile:41 - Overriding database path with different value: C:\Users\LeeJooho\.stmcufinder\plugins\mcufinder/ => C:\Users\LeeJooho\.stmcufinder\plugins\mcufinder
2024-04-26 16:53:13,568 [INFO] ApiDb:250 - Set database path to: C:\Users\LeeJooho\.stmcufinder\plugins\mcufinder//mcu/
2024-04-26 16:53:13,568 [WARN] DbFile:41 - Overriding database path with different value: C:\Users\LeeJooho\.stmcufinder\plugins\mcufinder/ => C:\Users\LeeJooho\.stmcufinder\plugins\mcufinder
2024-04-26 16:53:13,568 [INFO] DbMcusAds:125 - Set database path to: C:\Users\LeeJooho\.stmcufinder\plugins\mcufinder//mcu/
2024-04-26 16:53:13,568 [WARN] DbFile:41 - Overriding database path with different value: C:\Users\LeeJooho\.stmcufinder\plugins\mcufinder/ => C:\Users\LeeJooho\.stmcufinder\plugins\mcufinder
2024-04-26 16:53:13,568 [WARN] DbFile:41 - Overriding database path with different value: C:\Users\LeeJooho\.stmcufinder\plugins\mcufinder/ => C:\Users\LeeJooho\.stmcufinder\plugins\mcufinder
2024-04-26 16:53:13,568 [INFO] CrossReferenceDbSqlite:203 - Set database path to: C:\Users\LeeJooho\.stmcufinder\plugins\mcufinder//mcu/cs/
2024-04-26 16:53:13,591 [INFO] ApplicationProperties:184 - Using Application install path: C:\ST\STM32CubeIDE_1.15.0\STM32CubeIDE\plugins\com.st.stm32cube.common.mx_6.11.0.202403141607
2024-04-26 16:53:13,591 [INFO] PluginManage:196 - Search for loadable plugins [exclusion list=, ]
2024-04-26 16:53:13,592 [INFO] PluginManage:310 - Check plugin analytics
2024-04-26 16:53:13,830 [INFO] AnalyticsPlugin:253 - Accepted Software Licenses: 
2024-04-26 16:53:13,830 [INFO] AnalyticsPlugin:255 - Accepted CMSIS Pack Licenses: 
2024-04-26 16:53:13,831 [INFO] AnalyticsPlugin:257 - Accepted Firmware Licenses: FW.F4.1.28.0
2024-04-26 16:53:13,833 [INFO] PluginManage:359 - Loaded plugin analytics (category:tool,tabindex:-1)
2024-04-26 16:53:13,834 [INFO] PluginManage:310 - Check plugin cadmodel
2024-04-26 16:53:13,841 [INFO] CADModel:105 - Init CAD model plugin
2024-04-26 16:53:13,841 [INFO] PluginManage:359 - Loaded plugin cadmodel (category:power,tabindex:5)
2024-04-26 16:53:13,842 [INFO] PluginManage:310 - Check plugin clock
2024-04-26 16:53:13,853 [INFO] PluginManage:359 - Loaded plugin clock (category:base,tabindex:2)
2024-04-26 16:53:13,853 [INFO] PluginManage:310 - Check plugin ddr
2024-04-26 16:53:13,856 [INFO] PluginManage:359 - Loaded plugin ddr (category:tool,tabindex:6)
2024-04-26 16:53:13,857 [INFO] PluginManage:310 - Check plugin filemanager
2024-04-26 16:53:14,067 [INFO] PluginManage:359 - Loaded plugin filemanager (category:base,tabindex:10)
2024-04-26 16:53:14,068 [INFO] PluginManage:310 - Check plugin ipmanager
2024-04-26 16:53:14,079 [INFO] PluginManage:359 - Loaded plugin ipmanager (category:base,tabindex:5)
2024-04-26 16:53:14,080 [INFO] PluginManage:310 - Check plugin lpbam
2024-04-26 16:53:14,089 [INFO] PluginManage:359 - Loaded plugin lpbam (category:base,tabindex:0)
2024-04-26 16:53:14,089 [INFO] PluginManage:310 - Check plugin memorymap
2024-04-26 16:53:14,104 [INFO] PluginManage:359 - Loaded plugin memorymap (category:base,tabindex:4)
2024-04-26 16:53:14,105 [INFO] PluginManage:310 - Check plugin pinoutandconfiguration
2024-04-26 16:53:14,117 [INFO] PluginManage:359 - Loaded plugin pinoutandconfiguration (category:base,tabindex:1)
2024-04-26 16:53:14,117 [INFO] PluginManage:310 - Check plugin pinoutconfig
2024-04-26 16:53:14,228 [WARN] SupportedApi:132 - Cannot load RTOS API schema: s4s-elt-must-match.1: The content of 'definitions' must match (annotation?, (simpleType | complexType)?, (unique | key | keyref)*)). A problem was found starting at: attribute.
2024-04-26 16:53:14,383 [INFO] PluginManage:359 - Loaded plugin pinoutconfig (category:base,tabindex:0)
2024-04-26 16:53:14,383 [INFO] PluginManage:310 - Check plugin power
2024-04-26 16:53:14,393 [INFO] PluginManage:359 - Loaded plugin power (category:power,tabindex:4)
2024-04-26 16:53:14,393 [INFO] PluginManage:310 - Check plugin projectmanager
2024-04-26 16:53:14,415 [INFO] PluginManage:359 - Loaded plugin projectmanager (category:projectmanager,tabindex:3)
2024-04-26 16:53:14,415 [INFO] PluginManage:310 - Check plugin thirdparty
2024-04-26 16:53:14,566 [INFO] PluginManage:359 - Loaded plugin thirdparty (category:base,tabindex:-1)
2024-04-26 16:53:14,567 [INFO] PluginManage:310 - Check plugin tools
2024-04-26 16:53:14,566 [WARN] IntegrityCheckThread:84 - waiting for thirdparty lock release [integrity check]
2024-04-26 16:53:14,567 [INFO] IntegrityCheckThread:86 - entering critical section [integrity check]
2024-04-26 16:53:14,568 [INFO] ThirdPartyUpdaterWithRetryManager:70 - Updater plugin not ready yet. [1/15]
2024-04-26 16:53:14,571 [INFO] PluginManage:359 - Loaded plugin tools (category:base,tabindex:7)
2024-04-26 16:53:14,571 [INFO] PluginManage:310 - Check plugin tutovideos
2024-04-26 16:53:14,779 [INFO] PluginManage:359 - Loaded plugin tutovideos (category:base,tabindex:-1)
2024-04-26 16:53:14,779 [INFO] PluginManage:310 - Check plugin updater
2024-04-26 16:53:14,792 [INFO] PluginManage:359 - Loaded plugin updater (category:base,tabindex:12)
2024-04-26 16:53:14,793 [INFO] PluginManage:310 - Check plugin userauth
2024-04-26 16:53:14,797 [INFO] UserAuth:114 - Init User Auth plugin
2024-04-26 16:53:14,798 [INFO] PluginManage:359 - Loaded plugin userauth (category:base,tabindex:14)
2024-04-26 16:53:14,798 [INFO] PluginManage:283 - PluginManage : Loaded plugins [17]
2024-04-26 16:53:15,044 [INFO] PinOutPanel:1561 - setPackage(No Configuration,No Configuration)
2024-04-26 16:53:15,128 [INFO] CADModel:165 - CPN selected for project level
2024-04-26 16:53:15,128 [INFO] CADModel:114 - Register for checkConnection events
2024-04-26 16:53:15,146 [INFO] IPUIPlugin:80 - create IPUIPlugin
2024-04-26 16:53:15,146 [INFO] PluginManager:220 - loadIPPluginJar : add adc
2024-04-26 16:53:15,148 [INFO] IPUIPlugin:80 - create IPUIPlugin
2024-04-26 16:53:15,148 [INFO] PluginManager:220 - loadIPPluginJar : add aes
2024-04-26 16:53:15,150 [INFO] IPUIPlugin:80 - create IPUIPlugin
2024-04-26 16:53:15,151 [INFO] PluginManager:220 - loadIPPluginJar : add can
2024-04-26 16:53:15,153 [INFO] IPUIPlugin:80 - create IPUIPlugin
2024-04-26 16:53:15,153 [INFO] PluginManager:220 - loadIPPluginJar : add comp
2024-04-26 16:53:15,157 [INFO] IPUIPlugin:80 - create IPUIPlugin
2024-04-26 16:53:15,157 [INFO] PluginManager:220 - loadIPPluginJar : add cryp
2024-04-26 16:53:15,160 [INFO] IPUIPlugin:80 - create IPUIPlugin
2024-04-26 16:53:15,161 [INFO] PluginManager:220 - loadIPPluginJar : add dfsdm
2024-04-26 16:53:15,166 [INFO] IPUIPlugin:80 - create IPUIPlugin
2024-04-26 16:53:15,167 [INFO] PluginManager:220 - loadIPPluginJar : add dma
2024-04-26 16:53:15,170 [INFO] IPUIPlugin:80 - create IPUIPlugin
2024-04-26 16:53:15,170 [INFO] PluginManager:220 - loadIPPluginJar : add dma3
2024-04-26 16:53:15,174 [INFO] IPUIPlugin:80 - create IPUIPlugin
2024-04-26 16:53:15,174 [INFO] PluginManager:220 - loadIPPluginJar : add extmemmanager
2024-04-26 16:53:15,176 [INFO] IPUIPlugin:80 - create IPUIPlugin
2024-04-26 16:53:15,176 [INFO] PluginManager:220 - loadIPPluginJar : add fatfs
2024-04-26 16:53:15,179 [INFO] IPUIPlugin:80 - create IPUIPlugin
2024-04-26 16:53:15,179 [INFO] PluginManager:220 - loadIPPluginJar : add fmc
2024-04-26 16:53:15,185 [INFO] IPUIPlugin:80 - create IPUIPlugin
2024-04-26 16:53:15,185 [INFO] PluginManager:220 - loadIPPluginJar : add freertos
2024-04-26 16:53:15,187 [INFO] IPUIPlugin:80 - create IPUIPlugin
2024-04-26 16:53:15,187 [INFO] PluginManager:220 - loadIPPluginJar : add genericplugin
2024-04-26 16:53:15,189 [INFO] IPUIPlugin:80 - create IPUIPlugin
2024-04-26 16:53:15,190 [INFO] PluginManager:220 - loadIPPluginJar : add gfxmmu
2024-04-26 16:53:15,194 [INFO] IPUIPlugin:80 - create IPUIPlugin
2024-04-26 16:53:15,194 [INFO] PluginManager:220 - loadIPPluginJar : add gic
2024-04-26 16:53:15,198 [INFO] IPUIPlugin:80 - create IPUIPlugin
2024-04-26 16:53:15,198 [INFO] PluginManager:220 - loadIPPluginJar : add gpio
2024-04-26 16:53:15,201 [INFO] IPUIPlugin:80 - create IPUIPlugin
2024-04-26 16:53:15,201 [INFO] PluginManager:220 - loadIPPluginJar : add gtzc
2024-04-26 16:53:15,204 [INFO] IPUIPlugin:80 - create IPUIPlugin
2024-04-26 16:53:15,205 [INFO] PluginManager:220 - loadIPPluginJar : add hash
2024-04-26 16:53:15,209 [INFO] IPUIPlugin:80 - create IPUIPlugin
2024-04-26 16:53:15,209 [INFO] PluginManager:220 - loadIPPluginJar : add i2c
2024-04-26 16:53:15,211 [INFO] IPUIPlugin:80 - create IPUIPlugin
2024-04-26 16:53:15,212 [INFO] PluginManager:220 - loadIPPluginJar : add i2s
2024-04-26 16:53:15,214 [INFO] IPUIPlugin:80 - create IPUIPlugin
2024-04-26 16:53:15,214 [INFO] PluginManager:220 - loadIPPluginJar : add i3c
2024-04-26 16:53:15,218 [INFO] IPUIPlugin:80 - create IPUIPlugin
2024-04-26 16:53:15,218 [INFO] PluginManager:220 - loadIPPluginJar : add ipddr
2024-04-26 16:53:15,226 [INFO] IPUIPlugin:80 - create IPUIPlugin
2024-04-26 16:53:15,226 [INFO] PluginManager:220 - loadIPPluginJar : add linkedlist
2024-04-26 16:53:15,227 [INFO] IPUIPlugin:80 - create IPUIPlugin
2024-04-26 16:53:15,228 [INFO] PluginManager:220 - loadIPPluginJar : add lorawan
2024-04-26 16:53:15,228 [INFO] IPUIPlugin:80 - create IPUIPlugin
2024-04-26 16:53:15,230 [INFO] PluginManager:220 - loadIPPluginJar : add ltdc
2024-04-26 16:53:15,235 [INFO] IPUIPlugin:80 - create IPUIPlugin
2024-04-26 16:53:15,236 [INFO] PluginManager:220 - loadIPPluginJar : add mdma
2024-04-26 16:53:15,240 [INFO] IPUIPlugin:80 - create IPUIPlugin
2024-04-26 16:53:15,241 [INFO] PluginManager:220 - loadIPPluginJar : add nvic
2024-04-26 16:53:15,244 [INFO] IPUIPlugin:80 - create IPUIPlugin
2024-04-26 16:53:15,244 [INFO] PluginManager:220 - loadIPPluginJar : add opamp
2024-04-26 16:53:15,248 [INFO] IPUIPlugin:80 - create IPUIPlugin
2024-04-26 16:53:15,249 [INFO] PluginManager:220 - loadIPPluginJar : add openamp
2024-04-26 16:53:15,251 [INFO] IPUIPlugin:80 - create IPUIPlugin
2024-04-26 16:53:15,251 [INFO] PluginManager:220 - loadIPPluginJar : add pdm2pcm
2024-04-26 16:53:15,258 [INFO] IPUIPlugin:80 - create IPUIPlugin
2024-04-26 16:53:15,261 [INFO] PluginManager:220 - loadIPPluginJar : add plateformsettings
2024-04-26 16:53:15,264 [INFO] IPUIPlugin:80 - create IPUIPlugin
2024-04-26 16:53:15,264 [INFO] PluginManager:220 - loadIPPluginJar : add quadspi
2024-04-26 16:53:15,267 [INFO] IPUIPlugin:80 - create IPUIPlugin
2024-04-26 16:53:15,267 [INFO] PluginManager:220 - loadIPPluginJar : add resmgrutility
2024-04-26 16:53:15,271 [INFO] IPUIPlugin:80 - create IPUIPlugin
2024-04-26 16:53:15,271 [INFO] PluginManager:220 - loadIPPluginJar : add sai
2024-04-26 16:53:15,275 [INFO] IPUIPlugin:80 - create IPUIPlugin
2024-04-26 16:53:15,275 [INFO] PluginManager:220 - loadIPPluginJar : add spi
2024-04-26 16:53:15,281 [INFO] IPUIPlugin:80 - create IPUIPlugin
2024-04-26 16:53:15,281 [INFO] PluginManager:220 - loadIPPluginJar : add stm32_wpan
2024-04-26 16:53:15,282 [INFO] IPUIPlugin:80 - create IPUIPlugin
2024-04-26 16:53:15,282 [INFO] PluginManager:220 - loadIPPluginJar : add tim
2024-04-26 16:53:15,287 [INFO] IPUIPlugin:80 - create IPUIPlugin
2024-04-26 16:53:15,288 [INFO] PluginManager:220 - loadIPPluginJar : add touchsensing
2024-04-26 16:53:15,290 [INFO] IPUIPlugin:80 - create IPUIPlugin
2024-04-26 16:53:15,290 [INFO] PluginManager:220 - loadIPPluginJar : add tracer_emb
2024-04-26 16:53:15,292 [INFO] IPUIPlugin:80 - create IPUIPlugin
2024-04-26 16:53:15,292 [INFO] PluginManager:220 - loadIPPluginJar : add ts
2024-04-26 16:53:15,294 [INFO] IPUIPlugin:80 - create IPUIPlugin
2024-04-26 16:53:15,294 [INFO] PluginManager:220 - loadIPPluginJar : add tsc
2024-04-26 16:53:15,296 [INFO] IPUIPlugin:80 - create IPUIPlugin
2024-04-26 16:53:15,296 [INFO] PluginManager:220 - loadIPPluginJar : add ucpd
2024-04-26 16:53:15,299 [INFO] IPUIPlugin:80 - create IPUIPlugin
2024-04-26 16:53:15,299 [INFO] PluginManager:220 - loadIPPluginJar : add usart
2024-04-26 16:53:15,302 [INFO] IPUIPlugin:80 - create IPUIPlugin
2024-04-26 16:53:15,302 [INFO] PluginManager:220 - loadIPPluginJar : add usbx
2024-04-26 16:53:15,449 [INFO] CADModel:165 - CPN selected for project level
2024-04-26 16:53:15,449 [INFO] CADModel:114 - Register for checkConnection events
2024-04-26 16:53:15,450 [FATAL] Updater:308 - Updater called before beeing initialized
2024-04-26 16:53:15,450 [ERROR] CADModel:125 - Updater not yet initialized, retry later 
2024-04-26 16:53:15,617 [INFO] CADModel:165 - CPN selected for project level
2024-04-26 16:53:15,617 [INFO] CADModel:114 - Register for checkConnection events
2024-04-26 16:53:15,617 [FATAL] Updater:308 - Updater called before beeing initialized
2024-04-26 16:53:15,617 [ERROR] CADModel:125 - Updater not yet initialized, retry later 
2024-04-26 16:53:15,621 [FATAL] Updater:308 - Updater called before beeing initialized
2024-04-26 16:53:15,747 [FATAL] Updater:308 - Updater called before beeing initialized
2024-04-26 16:53:15,752 [INFO] DbMcusAds:53 - JSON generation date=Wed Nov 29 19:52:27 KST 2023 (1701255147349)
2024-04-26 16:53:15,752 [FATAL] Updater:308 - Updater called before beeing initialized
2024-04-26 16:53:15,796 [WARN] DetailPanel:346 - Failed to get advertising image, set to default
2024-04-26 16:53:15,901 [FATAL] Updater:308 - Updater called before beeing initialized
2024-04-26 16:53:15,903 [FATAL] Updater:308 - Updater called before beeing initialized
2024-04-26 16:53:15,903 [FATAL] Updater:308 - Updater called before beeing initialized
2024-04-26 16:53:15,903 [WARN] DetailPanel:346 - Failed to get advertising image, set to default
2024-04-26 16:53:15,904 [FATAL] Updater:308 - Updater called before beeing initialized
2024-04-26 16:53:15,958 [ERROR] Updater:1120 - MainUpdater not yet initialized. External WinMGr cannot be set.
2024-04-26 16:53:15,961 [INFO] Updater:1056 - Updater Version found : 6.11.0
2024-04-26 16:53:15,982 [INFO] ApplicationProperties:184 - Using Application install path: C:\ST\STM32CubeIDE_1.15.0\STM32CubeIDE\plugins\com.st.stm32cube.common.mx_6.11.0.202403141607
2024-04-26 16:53:17,568 [ERROR] LogOutputStream:75 - [STDERR_REDIRECT] Apr 26, 2024 4:53:17 PM java.util.prefs.WindowsPreferences <init>
2024-04-26 16:53:17,569 [INFO] ThirdPartyUpdaterWithRetryManager:70 - Updater plugin not ready yet. [2/15]
2024-04-26 16:53:17,576 [ERROR] LogOutputStream:75 - [STDERR_REDIRECT] WARNING: Could not open/create prefs root node Software\JavaSoft\Prefs at root 0xffffffff80000002. Windows RegCreateKeyEx(...) returned error code 5.
2024-04-26 16:53:17,577 [ERROR] LogOutputStream:75 - [STDERR_REDIRECT] 
2024-04-26 16:53:18,000 [INFO] MainUpdater:2873 - connection check result : 10
2024-04-26 16:53:18,001 [INFO] MainUpdater:290 - Updater Check For Update Now.
2024-04-26 16:53:18,001 [INFO] MicroXplorer:498 - Change Database Version : DB.6.0.110
2024-04-26 16:53:18,013 [INFO] McuFinderGlobals:63 - Set McuFinder mode to 2 (CubeIDE integrated)
2024-04-26 16:53:18,022 [INFO] UserAuth:415 - Internet connection configuration mode: 1
2024-04-26 16:53:18,055 [INFO] JxBrowserEngine:152 - Initiate JxBrowser Engine with user profile folder
2024-04-26 16:53:18,208 [INFO] CheckServerUpdateThread:120 - End of CheckServer Thread
2024-04-26 16:53:18,841 [INFO] WebApp:161 - Instantiating new browser for Auth
2024-04-26 16:53:19,454 [INFO] WebApp:779 - Register for checkConnection events
2024-04-26 16:53:19,455 [INFO] WebApp:414 - Apply proxy settings
2024-04-26 16:53:19,455 [INFO] WebApp:499 - Chromium requires no authentication
2024-04-26 16:53:19,462 [INFO] WebApp:442 - Direct internet connection detected
2024-04-26 16:53:19,633 [INFO] WebApp:192 - Starting web application
2024-04-26 16:53:19,633 [INFO] WebApp:544 - Web application path used C:\ST\STM32CubeIDE_1.15.0\STM32CubeIDE\plugins\com.st.stm32cube.common.mx_6.11.0.202403141607\db\plugins\mcufinder\reactClient1\index.html
2024-04-26 16:53:20,815 [WARN] PackLoader:240 - Cannot read IP mode file for STMicroelectronics.FP-SNS-MOTENVWB1.1.4.0
2024-04-26 16:53:20,838 [WARN] PackLoader:240 - Cannot read IP mode file for STMicroelectronics.X-CUBE-SMBUS.2.1.0
2024-04-26 16:53:20,847 [WARN] PackLoader:240 - Cannot read IP mode file for STMicroelectronics.X-CUBE-TOUCHGFX.4.23.0
2024-04-26 16:53:20,851 [WARN] PackLoader:240 - Cannot read IP mode file for STMicroelectronics.X-CUBE-TOUCHGFX.4.23.2
2024-04-26 16:53:20,915 [WARN] PackLoader:240 - Cannot read IP mode file for STMicroelectronics.X-CUBE-AZRTOS-F7.1.1.0
2024-04-26 16:53:20,938 [WARN] PackLoader:240 - Cannot read IP mode file for STMicroelectronics.FP-SNS-MOTENV1.4.3.2
2024-04-26 16:53:20,954 [WARN] PackLoader:240 - Cannot read IP mode file for STMicroelectronics.FP-SNS-FLIGHT1.5.0.2
2024-04-26 16:53:20,966 [WARN] PackLoader:240 - Cannot read IP mode file for STMicroelectronics.X-CUBE-DISPLAY.3.0.0
2024-04-26 16:53:20,984 [WARN] PackLoader:240 - Cannot read IP mode file for STMicroelectronics.X-CUBE-BLE1.7.0.0
2024-04-26 16:53:20,994 [WARN] PackLoader:240 - Cannot read IP mode file for emotas.I-CUBE-CANOPEN.1.3.0
2024-04-26 16:53:21,000 [WARN] PackLoader:240 - Cannot read IP mode file for STMicroelectronics.X-CUBE-TOUCHGFX.4.22.1
2024-04-26 16:53:21,016 [WARN] PackLoader:240 - Cannot read IP mode file for STMicroelectronics.X-CUBE-BLEMGR.3.1.0
2024-04-26 16:53:21,030 [WARN] PackLoader:240 - Cannot read IP mode file for STMicroelectronics.FP-SNS-SMARTAG2.1.2.0
2024-04-26 16:53:21,047 [INFO] LogOutputStream:77 - [STDOUT_REDIRECT] 1 : Invalid condition id : UX_CORESTACK_Condition cause : null
2024-04-26 16:53:21,048 [INFO] LogOutputStream:77 - [STDOUT_REDIRECT] 1 : Invalid condition id : UX_CORESTACK_Condition cause : null
2024-04-26 16:53:21,050 [INFO] LogOutputStream:77 - [STDOUT_REDIRECT] 1 : Invalid condition id : UX_CORESTACK_Condition cause : null
2024-04-26 16:53:21,053 [INFO] LogOutputStream:77 - [STDOUT_REDIRECT] 1 : Invalid condition id : UX_CORESTACK_Condition cause : null
2024-04-26 16:53:21,056 [INFO] LogOutputStream:77 - [STDOUT_REDIRECT] 1 : Invalid condition id : UX_CORESTACK_Condition cause : null
2024-04-26 16:53:21,075 [WARN] PackLoader:240 - Cannot read IP mode file for STMicroelectronics.X-CUBE-AZRTOS-WL.2.0.0
2024-04-26 16:53:21,088 [WARN] PackLoader:240 - Cannot read IP mode file for STMicroelectronics.FP-SNS-MOTENV1.5.0.0
2024-04-26 16:53:21,108 [WARN] PackLoader:240 - Cannot read IP mode file for WES.I-CUBE-Cesium.1.3.0
2024-04-26 16:53:21,117 [WARN] PackLoader:240 - Cannot read IP mode file for STMicroelectronics.X-CUBE-BLE2.3.3.0
2024-04-26 16:53:21,128 [WARN] PackLoader:240 - Cannot read IP mode file for STMicroelectronics.X-CUBE-TCPP.4.1.0
2024-04-26 16:53:21,145 [WARN] PackLoader:240 - Cannot read IP mode file for STMicroelectronics.X-CUBE-ALGOBUILD.1.3.0
2024-04-26 16:53:21,179 [WARN] PackLoader:240 - Cannot read IP mode file for STMicroelectronics.X-CUBE-AZRTOS-G0.1.1.0
2024-04-26 16:53:21,194 [WARN] PackLoader:240 - Cannot read IP mode file for STMicroelectronics.X-CUBE-SAFEA1.1.2.2
2024-04-26 16:53:21,207 [WARN] PackLoader:240 - Cannot read IP mode file for STMicroelectronics.X-CUBE-NFC4.3.0.0
2024-04-26 16:53:21,226 [WARN] PackLoader:240 - Cannot read IP mode file for STMicroelectronics.X-CUBE-BLEMGR.3.0.0
2024-04-26 16:53:21,237 [WARN] PackLoader:240 - Cannot read IP mode file for STMicroelectronics.FP-ATR-SIGFOX1.3.2.0
2024-04-26 16:53:21,248 [WARN] PackLoader:240 - Cannot read IP mode file for STMicroelectronics.X-CUBE-EEPRMA1.5.1.0
2024-04-26 16:53:21,343 [WARN] PackLoader:240 - Cannot read IP mode file for SEGGER.I-CUBE-embOS.1.3.1
2024-04-26 16:53:21,455 [WARN] PackLoader:240 - Cannot read IP mode file for STMicroelectronics.X-CUBE-GNSS1.6.0.0
2024-04-26 16:53:21,478 [WARN] PackLoader:240 - Cannot read IP mode file for STMicroelectronics.X-CUBE-AZRTOS-F4.1.1.0
2024-04-26 16:53:21,489 [WARN] PackLoader:240 - Cannot read IP mode file for wolfSSL.I-CUBE-wolfSSL.5.6.4
2024-04-26 16:53:21,511 [WARN] PackLoader:240 - Cannot read IP mode file for STMicroelectronics.X-CUBE-AZRTOS-L5.2.0.0
2024-04-26 16:53:21,517 [WARN] PackLoader:240 - Cannot read IP mode file for STMicroelectronics.X-CUBE-EEPRMA1.4.2.0
2024-04-26 16:53:21,524 [WARN] PackLoader:240 - Cannot read IP mode file for STMicroelectronics.X-CUBE-NFC6.3.1.0
2024-04-26 16:53:21,533 [WARN] PackLoader:240 - Cannot read IP mode file for ITTIA_DB.I-CUBE-ITTIADB.8.8.0
2024-04-26 16:53:21,537 [WARN] PackLoader:240 - Cannot read IP mode file for STMicroelectronics.X-CUBE-AI.9.0.0
2024-04-26 16:53:21,552 [WARN] ConditionMgr:438 - getConditionDescription Invalid condition id : UX DEVICE CLASS RTOS Condition cause : null
2024-04-26 16:53:21,553 [WARN] ConditionMgr:438 - getConditionDescription Invalid condition id : UX DEVICE CLASS RTOS Condition cause : null
2024-04-26 16:53:21,555 [WARN] PackLoader:240 - Cannot read IP mode file for STMicroelectronics.X-CUBE-AZRTOS-H7.3.1.0
2024-04-26 16:53:21,556 [WARN] ConditionMgr:1039 - genDependencies : Invalid condition id : UX DEVICE CLASS RTOS Condition cause : null
2024-04-26 16:53:21,557 [WARN] ConditionMgr:1039 - genDependencies : Invalid condition id : UX DEVICE CLASS RTOS Condition cause : null
2024-04-26 16:53:21,557 [WARN] ConditionMgr:1039 - genDependencies : Invalid condition id : UX DEVICE CLASS RTOS Condition cause : null
2024-04-26 16:53:21,558 [WARN] ConditionMgr:1039 - genDependencies : Invalid condition id : UX DEVICE CLASS RTOS Condition cause : null
2024-04-26 16:53:21,558 [WARN] ConditionMgr:1039 - genDependencies : Invalid condition id : UX DEVICE CLASS RTOS Condition cause : null
2024-04-26 16:53:21,564 [WARN] PackLoader:240 - Cannot read IP mode file for STMicroelectronics.X-CUBE-NFC7.1.0.1
2024-04-26 16:53:21,570 [WARN] PackLoader:240 - Cannot read IP mode file for STMicroelectronics.X-CUBE-NFC6.3.0.0
2024-04-26 16:53:21,575 [WARN] PackLoader:240 - Cannot read IP mode file for STMicroelectronics.X-CUBE-AI.8.1.0
2024-04-26 16:53:21,591 [WARN] ConditionMgr:438 - getConditionDescription Invalid condition id : LAN8742 Phy interface Condition cause : null
2024-04-26 16:53:21,592 [WARN] PackLoader:240 - Cannot read IP mode file for STMicroelectronics.X-CUBE-AZRTOS-L4.2.0.0
2024-04-26 16:53:21,593 [WARN] ConditionMgr:1039 - genDependencies : Invalid condition id : LAN8742 Phy interface Condition cause : null
2024-04-26 16:53:21,593 [WARN] ConditionMgr:1039 - genDependencies : Invalid condition id : LAN8742 Phy interface Condition cause : null
2024-04-26 16:53:21,593 [WARN] ConditionMgr:1039 - genDependencies : Invalid condition id : LAN8742 Phy interface Condition cause : null
2024-04-26 16:53:21,600 [WARN] PackLoader:240 - Cannot read IP mode file for STMicroelectronics.X-CUBE-SFXS2LP1.4.0.0
2024-04-26 16:53:21,605 [WARN] PackLoader:240 - Cannot read IP mode file for STMicroelectronics.X-CUBE-ISPU.1.1.0
2024-04-26 16:53:21,616 [WARN] ConditionMgr:438 - getConditionDescription Invalid condition id : UX DEVICE CLASS RTOS Condition cause : null
2024-04-26 16:53:21,616 [WARN] ConditionMgr:438 - getConditionDescription Invalid condition id : UX DEVICE CLASS RTOS Condition cause : null
2024-04-26 16:53:21,618 [WARN] PackLoader:240 - Cannot read IP mode file for STMicroelectronics.X-CUBE-AZRTOS-WB.2.0.0
2024-04-26 16:53:21,620 [WARN] ConditionMgr:1039 - genDependencies : Invalid condition id : UX DEVICE CLASS RTOS Condition cause : null
2024-04-26 16:53:21,621 [WARN] ConditionMgr:1039 - genDependencies : Invalid condition id : UX DEVICE CLASS RTOS Condition cause : null
2024-04-26 16:53:21,621 [WARN] ConditionMgr:1039 - genDependencies : Invalid condition id : UX DEVICE CLASS RTOS Condition cause : null
2024-04-26 16:53:21,622 [WARN] ConditionMgr:1039 - genDependencies : Invalid condition id : UX DEVICE CLASS RTOS Condition cause : null
2024-04-26 16:53:21,622 [WARN] ConditionMgr:1039 - genDependencies : Invalid condition id : UX DEVICE CLASS RTOS Condition cause : null
2024-04-26 16:53:21,632 [WARN] PackLoader:240 - Cannot read IP mode file for STMicroelectronics.X-CUBE-SUBG2.5.0.0
2024-04-26 16:53:21,645 [WARN] PackLoader:240 - Cannot read IP mode file for STMicroelectronics.X-CUBE-TOF1.3.3.1
2024-04-26 16:53:21,678 [WARN] PackLoader:240 - Cannot read IP mode file for STMicroelectronics.X-CUBE-AZRTOS-G4.2.0.0
2024-04-26 16:53:21,692 [WARN] PackLoader:240 - Cannot read IP mode file for Infineon.AIROC-Wi-Fi-Bluetooth-STM32.1.5.1
2024-04-26 16:53:21,698 [WARN] PackLoader:240 - Cannot read IP mode file for STMicroelectronics.FP-SNS-MOTENVWB1.1.3.0
2024-04-26 16:53:21,703 [WARN] PackLoader:240 - Cannot read IP mode file for STMicroelectronics.FP-SNS-MOTENVWB1.1.3.1
2024-04-26 16:53:21,707 [WARN] PackLoader:240 - Cannot read IP mode file for STMicroelectronics.X-CUBE-ISPU.2.0.0
2024-04-26 16:53:21,744 [WARN] PackLoader:240 - Cannot read IP mode file for STMicroelectronics.X-CUBE-MEMS1.10.0.0
2024-04-26 16:53:21,881 [WARN] PackLoader:240 - Cannot read IP mode file for STMicroelectronics.X-CUBE-FREERTOS.1.1.0
2024-04-26 16:53:21,887 [WARN] PackLoader:240 - Cannot read IP mode file for portGmbH.I-Cube-SoM-uGOAL.1.1.0
2024-04-26 16:53:21,891 [WARN] PackLoader:240 - Cannot read IP mode file for STMicroelectronics.X-CUBE-ALS.1.0.1
2024-04-26 16:53:21,906 [WARN] PackLoader:240 - Cannot read IP mode file for STMicroelectronics.X-CUBE-AZRTOS-H7RS.1.0.0
2024-04-26 16:53:21,911 [WARN] PackLoader:240 - Cannot read IP mode file for STMicroelectronics.FP-ATR-ASTRA1.2.0.0
2024-04-26 16:53:21,920 [WARN] PackLoader:240 - Cannot read IP mode file for STMicroelectronics.X-CUBE-TOF1.3.4.0
2024-04-26 16:53:21,938 [WARN] PackLoader:240 - Cannot read IP mode file for STMicroelectronics.X-CUBE-TOF1.3.4.1
2024-04-26 16:53:21,962 [WARN] PackLoader:240 - Cannot read IP mode file for STMicroelectronics.X-CUBE-AZRTOS-H7.3.2.0
2024-04-26 16:53:21,964 [INFO] ThirdParty:978 - Integrity check success = true
2024-04-26 16:53:21,965 [INFO] IntegrityCheckThread:100 - exiting critical section [integrity check]
2024-04-26 16:53:21,965 [INFO] IntegrityCheckThread:103 - End integrity checks thread
2024-04-26 17:03:41,358 [INFO] McuFinderGlobals:63 - Set McuFinder mode to 2 (CubeIDE integrated)
2024-04-26 17:03:41,361 [INFO] MainUpdater:2873 - connection check result : 10
2024-04-26 17:03:41,373 [INFO] McuFinderGlobals:76 - Set McuFinderConnectedMode to true
2024-04-26 17:03:41,552 [INFO] ServerAccessManage:473 - Download File mcusAds.json._tmp_
2024-04-26 17:03:41,666 [INFO] LoadUrlFilesThread:156 - End of LoadUrlFiles Thread
2024-04-26 17:03:41,982 [INFO] ServerAccessManage:473 - Download File cube-finder-db.zip
2024-04-26 17:04:10,522 [INFO] FileExtend:240 - Unzip File : cube-finder-db.zip
2024-04-26 17:04:10,523 [INFO] FileExtend:255 - Standard Zip Deflate
2024-04-26 17:04:11,493 [INFO] LoadUrlFilesThread:156 - End of LoadUrlFiles Thread
2024-04-26 17:04:12,736 [INFO] ServerAccessManage:473 - Download File crdb.zip
2024-04-26 17:04:14,124 [INFO] FileExtend:240 - Unzip File : crdb.zip
2024-04-26 17:04:14,125 [INFO] FileExtend:255 - Standard Zip Deflate
2024-04-26 17:04:14,294 [INFO] LoadUrlFilesThread:156 - End of LoadUrlFiles Thread
2024-04-26 17:04:14,456 [INFO] ServerAccessManage:473 - Download File tutoVideoDB.zip
2024-04-26 17:04:14,556 [INFO] FileExtend:240 - Unzip File : tutoVideoDB.zip
2024-04-26 17:04:14,556 [INFO] FileExtend:255 - Standard Zip Deflate
2024-04-26 17:04:14,679 [INFO] LoadUrlFilesThread:156 - End of LoadUrlFiles Thread
2024-04-26 17:04:14,681 [WARN] DbFile:41 - Overriding database path with different value: C:\Users\LeeJooho\.stmcufinder\plugins\mcufinder/ => C:\Users\LeeJooho\.stmcufinder\plugins\mcufinder
2024-04-26 17:04:14,919 [INFO] ServerAccessManage:473 - Download File api_config.json
2024-04-26 17:04:15,030 [INFO] LoadUrlFilesThread:156 - End of LoadUrlFiles Thread
2024-04-26 17:04:15,031 [INFO] DbMcusAds:53 - JSON generation date=Wed Nov 29 19:52:27 KST 2023 (1701255147349)
2024-04-26 17:04:15,049 [INFO] LoadUrlFilesThread:185 - End of LoadServerUrlFiles without Thread
2024-04-26 17:04:15,049 [INFO] TargetSelectorAdapter:259 - Refresh data is successful
2024-04-26 17:04:15,198 [INFO] ApiDb:581 - Connected to CubeFinder SQLite database (C:\Users\LeeJooho\.stmcufinder\plugins\mcufinder\mcu\cube-finder-db.db)
2024-04-26 17:04:15,284 [INFO] ApiDb:668 - CubeFinder database Data Model version=2.1
2024-04-26 17:04:15,284 [INFO] ApiDb:669 - CubeFinder database Configuration version=3.0.39
2024-04-26 17:04:15,285 [INFO] ApiDb:670 - CubeFinder database generation date=2024-04-16 (1713193726)
2024-04-26 17:04:15,285 [INFO] ApiDb:671 - CubeFinder database FW Pack versions=[FP-ATR-ASTRA1_V2.0.0, FP-SNS-FLIGHT1_V5.0.1, FP-SNS-FLIGHT1_V5.0.2, FP-SNS-MOTENV1_V4.3.1, FP-SNS-MOTENV1_V4.3.2, FP-SNS-MOTENVWB1_V1.3.1, FP-SNS-SMARTAG2_V1.2.0, STM32Cube_FW_C0_V1.1.0, STM32Cube_FW_F4_V1.28.0, STM32Cube_FW_F7_V1.17.0, STM32Cube_FW_G0_V1.6.2, STM32Cube_FW_G4_V1.5.2, STM32Cube_FW_H5_V0.5.1, STM32Cube_FW_H5_V1.1.1, STM32Cube_FW_H5_V1.2.0, STM32Cube_FW_H5_V1.2.0RC4, STM32Cube_FW_H7RS_V1.0.0, STM32Cube_FW_H7RS_V1.0.0RC4, STM32Cube_FW_H7_V1.11.0, STM32Cube_FW_L0_V1.12.2, STM32Cube_FW_L5_V1.5.1, STM32Cube_FW_U0_V1.0.0, STM32Cube_FW_U0_V1.0.0RC1, STM32Cube_FW_U5_V1.3.0RC4, STM32Cube_FW_U5_V1.5.0, STM32Cube_FW_U5_V1.5.0RC1, STM32Cube_FW_WBA_V1.0.0RC1, STM32Cube_FW_WBA_V1.2.0, STM32Cube_FW_WBA_V1.2.0RC2, STM32Cube_FW_WBA_V1.3.0, STM32Cube_FW_WBA_V1.3.0RC1, STM32Cube_FW_WB_V1.15.0RC1, STM32Cube_FW_WB_V1.16.0, STM32Cube_FW_WB_V1.16.0RC2, STM32Cube_FW_WB_V1.18.0, STM32Cube_FW_WB_V1.19.0, STM32Cube_FW_WL_V1.3.0, X-CUBE-ALGOBUILD_V1.3.0, X-CUBE-ALS_V1.0.1, X-CUBE-AZRTOS-F4_V1.1.0, X-CUBE-AZRTOS-F7_V1.1.0, X-CUBE-AZRTOS-G0_V1.1.0, X-CUBE-AZRTOS-G4_V2.0.0, X-CUBE-AZRTOS-H7_V3.2.0, X-CUBE-AZRTOS-L4_V1.0.0, X-CUBE-AZRTOS-L4_V2.0.0, X-CUBE-AZRTOS-L5_V1.1.0, X-CUBE-AZRTOS-WB_V2.0.0, X-CUBE-AZRTOS-WL_V2.0.0, X-CUBE-BLE1_V7.0.0, X-CUBE-BLE2_V3.3.0, X-CUBE-BLEMGR_V3.1.0, X-CUBE-EEPRMA1_V4.1.0, X-CUBE-EEPRMA1_V5.1.0, X-CUBE-FREERTOS_V1.1.0, X-CUBE-GNSS1_V6.0.0, X-CUBE-MEMS1_V10.0.0, X-CUBE-MEMS1_V9.1.0, X-CUBE-MEMS1_V9.4.0, X-CUBE-MEMS1_V9.6.0, X-CUBE-NFC4_V3.0.0, X-CUBE-NFC7_V1.0.1, X-CUBE-SFXS2LP1_V4.0.0, X-CUBE-SUBG2_V5.0.0, X-CUBE-TOF1_V3.4.0]
2024-04-26 17:04:17,423 [INFO] ApiDb:240 - Found 483 in-development CPN: [B-G473E-ZEST1S, B-WB1M-WPAN1, B-WL5M-SUBG1, NUCLEO-C031C6, NUCLEO-H503RB, NUCLEO-H533RE, NUCLEO-H563ZI, NUCLEO-H7S3L8, NUCLEO-U031R8, NUCLEO-U083RC, NUCLEO-U545RE-Q, NUCLEO-U5A5ZJ-Q, NUCLEO-WBA52CG, NUCLEO-WBA55CG, STEVAL-PROTEUS1, STEVAL-SMARTAG2, STEVAL-STWINBX1, STM320518-EVAL, STM32C0116-DK, STM32C011D6Y3TR, STM32C011D6Y6TR, STM32C011F4P3, STM32C011F4P6, STM32C011F4U3, STM32C011F4U6TR, STM32C011F6P3, STM32C011F6P6, STM32C011F6U3, STM32C011F6U6TR, STM32C011J4M3, STM32C011J4M6, STM32C011J6M3, STM32C011J6M6, STM32C0316-DK, STM32C031C4T3, STM32C031C4T6, STM32C031C4U3, STM32C031C4U6, STM32C031C6T3, STM32C031C6T6, STM32C031C6U3, STM32C031C6U6, STM32C031F4P3, STM32C031F4P6, STM32C031F6P3, STM32C031F6P6, STM32C031G4U3, STM32C031G4U6, STM32C031G6U3, STM32C031G6U6, STM32C031K4T3, STM32C031K4T6, STM32C031K4U3, STM32C031K4U6, STM32C031K6T3, STM32C031K6T6, STM32C031K6U3, STM32C031K6U6, STM32G071K8TXN, STM32G071K8UXN, STM32G081GBU6N, STM32G081KBT6N, STM32G081KBUXN, STM32G0B1CCT6N, STM32G0B1KCT6, STM32G0B1NEY6TR, STM32G0B1RCT6N, STM32G0C1CCT6, STM32G0C1CCT6N, STM32G0C1CCU6N, STM32G0C1CET6N, STM32G0C1CEU6N, STM32G0C1KCT6, STM32G0C1NEY6TR, STM32G0C1RCI6N, STM32G0C1RCT6N, STM32G0C1REI6N, STM32G0C1RET6N, STM32G0C1VCI6, STM32G0C1VEI6, STM32G471CCT6, STM32G471CCU6, STM32G471CET3, STM32G471CET6, STM32G471CEU3, STM32G471CEU6, STM32G471MCT6, STM32G471MET3, STM32G471MET6, STM32G471MEY6TR, STM32G471QCT6, STM32G471QET3, STM32G471RCT6, STM32G471RET3, STM32G471RET6, STM32G471VCH6, STM32G471VCI6, STM32G471VCT6, STM32G471VEH3, STM32G471VEH6, STM32G471VEI3, STM32G471VEI6, STM32G471VET3, STM32G471VET6, STM32G474CCT6, STM32H503CBT6, STM32H503CBU6, STM32H503EBY6TR, STM32H503KBU6, STM32H503RBT6, STM32H523CCT6, STM32H523CCU6, STM32H523CET6, STM32H523CEU6, STM32H523HEY6TR, STM32H523RCT6, STM32H523RET6, STM32H523VCI6, STM32H523VCT6, STM32H523VEI6, STM32H523VET6, STM32H523ZCJ6, STM32H523ZCT6, STM32H523ZEJ6, STM32H523ZET6, STM32H533CET6, STM32H533CEU6, STM32H533HEY6TR, STM32H533RET6, STM32H533VEI6, STM32H533VET6, STM32H533ZEJ6, STM32H533ZET6, STM32H562AGI6, STM32H562AII6, STM32H562IGK6, STM32H562IGT6, STM32H562IIK6, STM32H562IIT6, STM32H562RGT6, STM32H562RGV6, STM32H562RIT6, STM32H562RIV6, STM32H562VGT6, STM32H562VIT6, STM32H562ZGT6, STM32H562ZIT6, STM32H563AGI6, STM32H563AII3Q, STM32H563AII6, STM32H563IGK6, STM32H563IGT6, STM32H563IIK3Q, STM32H563IIK6, STM32H563IIT3Q, STM32H563IIT6, STM32H563MIY3QTR, STM32H563RGT6, STM32H563RGV6, STM32H563RIT6, STM32H563RIV6, STM32H563VGT6, STM32H563VIT3Q, STM32H563VIT6, STM32H563ZGT6, STM32H563ZIT3Q, STM32H563ZIT6, STM32H573AII3Q, STM32H573AII6, STM32H573I-DK, STM32H573IIK3Q, STM32H573IIK6, STM32H573IIT3Q, STM32H573IIT6, STM32H573MIY3QTR, STM32H573RIT6, STM32H573RIV6, STM32H573VIT3Q, STM32H573VIT6, STM32H573ZIT3Q, STM32H573ZIT6, STM32H7R3A8I6, STM32H7R3I8K6, STM32H7R3I8T6, STM32H7R3L8H6, STM32H7R3L8H6H, STM32H7R3R8V6, STM32H7R3V8H6, STM32H7R3V8T6, STM32H7R3V8Y6, STM32H7R3Z8J6, STM32H7R3Z8T6, STM32H7R7A8I6, STM32H7R7I8K6, STM32H7R7I8T6, STM32H7R7L8H6, STM32H7R7L8H6H, STM32H7R7Z8J6, STM32H7S3A8I6, STM32H7S3I8K6, STM32H7S3I8T6, STM32H7S3L8H6, STM32H7S3L8H6H, STM32H7S3R8V6, STM32H7S3V8H6, STM32H7S3V8T6, STM32H7S3V8Y6, STM32H7S3Z8J6, STM32H7S3Z8T6, STM32H7S78-DK, STM32H7S7A8I6, STM32H7S7I8K6, STM32H7S7I8T6, STM32H7S7L8H6, STM32H7S7L8H6H, STM32H7S7Z8J6, STM32L4R5QGI6STR, STM32MP131AAE3, STM32MP131AAF3, STM32MP131AAG3, STM32MP131CAE3, STM32MP131CAF3, STM32MP131CAG3, STM32MP131DAE7, STM32MP131DAF7, STM32MP131DAG7, STM32MP131FAE7, STM32MP131FAF7, STM32MP131FAG7, STM32MP133AAE3, STM32MP133AAF3, STM32MP133AAG3, STM32MP133CAE3, STM32MP133CAF3, STM32MP133CAG3, STM32MP133DAE7, STM32MP133DAF7, STM32MP133DAG7, STM32MP133FAE7, STM32MP133FAF7, STM32MP133FAG7, STM32MP135AAE3, STM32MP135AAF3, STM32MP135AAG3, STM32MP135CAE3, STM32MP135CAF3, STM32MP135CAG3, STM32MP135DAE7, STM32MP135DAF7, STM32MP135DAG7, STM32MP135F-DK, STM32MP135FAE7, STM32MP135FAF7, STM32MP135FAF7T, STM32MP135FAF7U, STM32MP135FAG7, STM32U031C6T6, STM32U031C6U6, STM32U031C8T6, STM32U031C8U6, STM32U031F4P6, STM32U031F6P6, STM32U031F8P6, STM32U031G6Y6TR, STM32U031G8Y6TR, STM32U031K4U6, STM32U031K6U6, STM32U031K8U6, STM32U031R6I6, STM32U031R6T6, STM32U031R8I6, STM32U031R8T6, STM32U073C8T6, STM32U073C8U6, STM32U073CBT6, STM32U073CBU6, STM32U073CCT6, STM32U073CCU6, STM32U073H8Y6TR, STM32U073HBY6TR, STM32U073HCY6TR, STM32U073K8U6, STM32U073KBU6, STM32U073KCU6, STM32U073M8I6, STM32U073M8T6, STM32U073MBI6, STM32U073MBT6, STM32U073MCI6, STM32U073MCT6, STM32U073R8I6, STM32U073R8T6, STM32U073RBI6, STM32U073RBT6, STM32U073RCI6, STM32U073RCT6, STM32U083C-DK, STM32U083CCT6, STM32U083CCU6, STM32U083HCY6TR, STM32U083KCU6, STM32U083MCI6, STM32U083MCT6, STM32U083RCI6, STM32U083RCT6, STM32U535CBT6, STM32U535CBT6Q, STM32U535CBU6, STM32U535CBU6Q, STM32U535CCT6, STM32U535CCT6Q, STM32U535CCU6, STM32U535CCU6Q, STM32U535CET6, STM32U535CET6Q, STM32U535CEU6, STM32U535CEU6Q, STM32U535JEY6QTR, STM32U535NCY6QTR, STM32U535NEY6QTR, STM32U535RBI6, STM32U535RBI6Q, STM32U535RBT6, STM32U535RBT6Q, STM32U535RCI6, STM32U535RCI6Q, STM32U535RCT6, STM32U535RCT6Q, STM32U535REI6, STM32U535REI6Q, STM32U535RET6, STM32U535RET6Q, STM32U535VCI6, STM32U535VCI6Q, STM32U535VCT6, STM32U535VCT6Q, STM32U535VEI6, STM32U535VEI6Q, STM32U535VET6, STM32U535VET6Q, STM32U545CET6, STM32U545CET6Q, STM32U545CEU6, STM32U545CEU6Q, STM32U545JEY6QTR, STM32U545NEY6QTR, STM32U545REI6, STM32U545REI6Q, STM32U545RET6, STM32U545RET6Q, STM32U545VEI6, STM32U545VEI6Q, STM32U545VET6, STM32U545VET6Q, STM32U595AIH6, STM32U595AIH6Q, STM32U595AJH6, STM32U595AJH6Q, STM32U595QII6, STM32U595QII6Q, STM32U595QJI6, STM32U595QJI6Q, STM32U595RIT6, STM32U595RIT6Q, STM32U595RJT6, STM32U595RJT6Q, STM32U595VIT6, STM32U595VIT6Q, STM32U595VJT6, STM32U595VJT6Q, STM32U595ZIT6, STM32U595ZIT6Q, STM32U595ZIY6QTR, STM32U595ZJT6, STM32U595ZJT6Q, STM32U595ZJY6QTR, STM32U599BJY6QTR, STM32U599NIH6Q, STM32U599NJH6Q, STM32U599VIT6Q, STM32U599VJT6, STM32U599VJT6Q, STM32U599ZIT6Q, STM32U599ZIY6QTR, STM32U599ZJT6Q, STM32U599ZJY6QTR, STM32U5A5AJH6, STM32U5A5AJH6Q, STM32U5A5QII3Q , STM32U5A5QJI6, STM32U5A5QJI6Q, STM32U5A5RJT6, STM32U5A5RJT6Q, STM32U5A5VJT6, STM32U5A5VJT6Q, STM32U5A5ZJT6, STM32U5A5ZJT6Q, STM32U5A5ZJY6QTR, STM32U5A9BJY6QTR, STM32U5A9J-DK, STM32U5A9NJH6Q, STM32U5A9VJT6Q, STM32U5A9ZJT6Q, STM32U5A9ZJY6QTR, STM32U5F7VIT6, STM32U5F7VIT6Q, STM32U5F7VJT6, STM32U5F7VJT6Q, STM32U5F9BJY6QTR, STM32U5F9NJH6Q, STM32U5F9VIT6Q, STM32U5F9VJT6Q, STM32U5F9ZIJ6QTR, STM32U5F9ZIT6Q, STM32U5F9ZJJ6QTR, STM32U5F9ZJT6Q, STM32U5G7VJT6, STM32U5G7VJT6Q, STM32U5G9BJY6QTR, STM32U5G9J-DK1, STM32U5G9J-DK2, STM32U5G9NJH6Q, STM32U5G9VJT6Q, STM32U5G9ZJJ6QTR, STM32U5G9ZJT6Q, STM32WB1MMCH6, STM32WBA50KEU6, STM32WBA50KEU6TR, STM32WBA50KGU6, STM32WBA50KGU6TR, STM32WBA52CEU6, STM32WBA52CEU6TR, STM32WBA52CEU7, STM32WBA52CEU7TR, STM32WBA52CGU6, STM32WBA52CGU6TR, STM32WBA52CGU6U, STM32WBA52CGU7, STM32WBA52CGU7TR, STM32WBA52KEU6, STM32WBA52KEU6TR, STM32WBA52KGU6, STM32WBA52KGU6TR, STM32WBA54CEU6, STM32WBA54CEU6TR, STM32WBA54CEU7, STM32WBA54CEU7TR, STM32WBA54CGU6, STM32WBA54CGU6TR, STM32WBA54CGU7, STM32WBA54CGU7TR, STM32WBA54KEU6, STM32WBA54KEU6TR, STM32WBA54KEU7, STM32WBA54KEU7TR, STM32WBA54KGU6, STM32WBA54KGU6TR, STM32WBA54KGU7, STM32WBA54KGU7TR, STM32WBA55CEU6, STM32WBA55CEU6TR, STM32WBA55CEU7, STM32WBA55CEU7TR, STM32WBA55CGU6, STM32WBA55CGU6TR, STM32WBA55CGU6U, STM32WBA55CGU7, STM32WBA55CGU7TR, STM32WBA55G-DK1, STM32WBA55HEF6, STM32WBA55HEF7, STM32WBA55HGF6, STM32WBA55HGF7, STM32WBA55UEI6, STM32WBA55UEI6TR, STM32WBA55UEI7, STM32WBA55UEI7TR, STM32WBA55UGI6, STM32WBA55UGI6TR, STM32WBA55UGI7, STM32WBA55UGI7TR, STM32WL5MOCH6, STM32WL5MOCH6TR]
2024-04-26 17:04:17,430 [INFO] DbMcus:218 - Found 4096 MCUs, 4096 are supported
2024-04-26 17:04:17,431 [INFO] ApiDb:423 - Load user favorites file C:\Users\LeeJooho/.stm32cubeide/favorites.mcus.txt: 2 item(s)
2024-04-26 17:04:17,431 [INFO] ApiDb:427 - User favorites MCUs=[STM32F103C8T6, STM32F446RET6]
2024-04-26 17:04:17,431 [INFO] DbMcus:224 - Set 2 / 2 favorites MCUs
2024-04-26 17:04:17,699 [INFO] ApiDb:668 - CubeFinder database Data Model version=2.1
2024-04-26 17:04:17,700 [INFO] ApiDb:669 - CubeFinder database Configuration version=3.0.39
2024-04-26 17:04:17,700 [INFO] ApiDb:670 - CubeFinder database generation date=2024-04-16 (1713193726)
2024-04-26 17:04:17,700 [INFO] ApiDb:671 - CubeFinder database FW Pack versions=[FP-ATR-ASTRA1_V2.0.0, FP-SNS-FLIGHT1_V5.0.1, FP-SNS-FLIGHT1_V5.0.2, FP-SNS-MOTENV1_V4.3.1, FP-SNS-MOTENV1_V4.3.2, FP-SNS-MOTENVWB1_V1.3.1, FP-SNS-SMARTAG2_V1.2.0, STM32Cube_FW_C0_V1.1.0, STM32Cube_FW_F4_V1.28.0, STM32Cube_FW_F7_V1.17.0, STM32Cube_FW_G0_V1.6.2, STM32Cube_FW_G4_V1.5.2, STM32Cube_FW_H5_V0.5.1, STM32Cube_FW_H5_V1.1.1, STM32Cube_FW_H5_V1.2.0, STM32Cube_FW_H5_V1.2.0RC4, STM32Cube_FW_H7RS_V1.0.0, STM32Cube_FW_H7RS_V1.0.0RC4, STM32Cube_FW_H7_V1.11.0, STM32Cube_FW_L0_V1.12.2, STM32Cube_FW_L5_V1.5.1, STM32Cube_FW_U0_V1.0.0, STM32Cube_FW_U0_V1.0.0RC1, STM32Cube_FW_U5_V1.3.0RC4, STM32Cube_FW_U5_V1.5.0, STM32Cube_FW_U5_V1.5.0RC1, STM32Cube_FW_WBA_V1.0.0RC1, STM32Cube_FW_WBA_V1.2.0, STM32Cube_FW_WBA_V1.2.0RC2, STM32Cube_FW_WBA_V1.3.0, STM32Cube_FW_WBA_V1.3.0RC1, STM32Cube_FW_WB_V1.15.0RC1, STM32Cube_FW_WB_V1.16.0, STM32Cube_FW_WB_V1.16.0RC2, STM32Cube_FW_WB_V1.18.0, STM32Cube_FW_WB_V1.19.0, STM32Cube_FW_WL_V1.3.0, X-CUBE-ALGOBUILD_V1.3.0, X-CUBE-ALS_V1.0.1, X-CUBE-AZRTOS-F4_V1.1.0, X-CUBE-AZRTOS-F7_V1.1.0, X-CUBE-AZRTOS-G0_V1.1.0, X-CUBE-AZRTOS-G4_V2.0.0, X-CUBE-AZRTOS-H7_V3.2.0, X-CUBE-AZRTOS-L4_V1.0.0, X-CUBE-AZRTOS-L4_V2.0.0, X-CUBE-AZRTOS-L5_V1.1.0, X-CUBE-AZRTOS-WB_V2.0.0, X-CUBE-AZRTOS-WL_V2.0.0, X-CUBE-BLE1_V7.0.0, X-CUBE-BLE2_V3.3.0, X-CUBE-BLEMGR_V3.1.0, X-CUBE-EEPRMA1_V4.1.0, X-CUBE-EEPRMA1_V5.1.0, X-CUBE-FREERTOS_V1.1.0, X-CUBE-GNSS1_V6.0.0, X-CUBE-MEMS1_V10.0.0, X-CUBE-MEMS1_V9.1.0, X-CUBE-MEMS1_V9.4.0, X-CUBE-MEMS1_V9.6.0, X-CUBE-NFC4_V3.0.0, X-CUBE-NFC7_V1.0.1, X-CUBE-SFXS2LP1_V4.0.0, X-CUBE-SUBG2_V5.0.0, X-CUBE-TOF1_V3.4.0]
2024-04-26 17:04:17,755 [INFO] DbBoardsSqlite:226 - include board P-NUCLEO-WB55-NUCLEO as a kit item of type 'Nucleo-64'
2024-04-26 17:04:17,756 [INFO] DbBoardsSqlite:226 - include board P-NUCLEO-WB55-USBDONGLE as a kit item of type 'Nucleo USB Dongle'
2024-04-26 17:04:17,756 [INFO] DbBoardsSqlite:226 - include board STEVAL-IDP005V1 as a kit item of type 'Evaluation Board'
2024-04-26 17:04:17,756 [INFO] DbBoardsSqlite:226 - include board STEVAL-IDP005V2 as a kit item of type 'Evaluation Board'
2024-04-26 17:04:17,813 [INFO] ApiDb:240 - Found 483 in-development CPN: [B-G473E-ZEST1S, B-WB1M-WPAN1, B-WL5M-SUBG1, NUCLEO-C031C6, NUCLEO-H503RB, NUCLEO-H533RE, NUCLEO-H563ZI, NUCLEO-H7S3L8, NUCLEO-U031R8, NUCLEO-U083RC, NUCLEO-U545RE-Q, NUCLEO-U5A5ZJ-Q, NUCLEO-WBA52CG, NUCLEO-WBA55CG, STEVAL-PROTEUS1, STEVAL-SMARTAG2, STEVAL-STWINBX1, STM320518-EVAL, STM32C0116-DK, STM32C011D6Y3TR, STM32C011D6Y6TR, STM32C011F4P3, STM32C011F4P6, STM32C011F4U3, STM32C011F4U6TR, STM32C011F6P3, STM32C011F6P6, STM32C011F6U3, STM32C011F6U6TR, STM32C011J4M3, STM32C011J4M6, STM32C011J6M3, STM32C011J6M6, STM32C0316-DK, STM32C031C4T3, STM32C031C4T6, STM32C031C4U3, STM32C031C4U6, STM32C031C6T3, STM32C031C6T6, STM32C031C6U3, STM32C031C6U6, STM32C031F4P3, STM32C031F4P6, STM32C031F6P3, STM32C031F6P6, STM32C031G4U3, STM32C031G4U6, STM32C031G6U3, STM32C031G6U6, STM32C031K4T3, STM32C031K4T6, STM32C031K4U3, STM32C031K4U6, STM32C031K6T3, STM32C031K6T6, STM32C031K6U3, STM32C031K6U6, STM32G071K8TXN, STM32G071K8UXN, STM32G081GBU6N, STM32G081KBT6N, STM32G081KBUXN, STM32G0B1CCT6N, STM32G0B1KCT6, STM32G0B1NEY6TR, STM32G0B1RCT6N, STM32G0C1CCT6, STM32G0C1CCT6N, STM32G0C1CCU6N, STM32G0C1CET6N, STM32G0C1CEU6N, STM32G0C1KCT6, STM32G0C1NEY6TR, STM32G0C1RCI6N, STM32G0C1RCT6N, STM32G0C1REI6N, STM32G0C1RET6N, STM32G0C1VCI6, STM32G0C1VEI6, STM32G471CCT6, STM32G471CCU6, STM32G471CET3, STM32G471CET6, STM32G471CEU3, STM32G471CEU6, STM32G471MCT6, STM32G471MET3, STM32G471MET6, STM32G471MEY6TR, STM32G471QCT6, STM32G471QET3, STM32G471RCT6, STM32G471RET3, STM32G471RET6, STM32G471VCH6, STM32G471VCI6, STM32G471VCT6, STM32G471VEH3, STM32G471VEH6, STM32G471VEI3, STM32G471VEI6, STM32G471VET3, STM32G471VET6, STM32G474CCT6, STM32H503CBT6, STM32H503CBU6, STM32H503EBY6TR, STM32H503KBU6, STM32H503RBT6, STM32H523CCT6, STM32H523CCU6, STM32H523CET6, STM32H523CEU6, STM32H523HEY6TR, STM32H523RCT6, STM32H523RET6, STM32H523VCI6, STM32H523VCT6, STM32H523VEI6, STM32H523VET6, STM32H523ZCJ6, STM32H523ZCT6, STM32H523ZEJ6, STM32H523ZET6, STM32H533CET6, STM32H533CEU6, STM32H533HEY6TR, STM32H533RET6, STM32H533VEI6, STM32H533VET6, STM32H533ZEJ6, STM32H533ZET6, STM32H562AGI6, STM32H562AII6, STM32H562IGK6, STM32H562IGT6, STM32H562IIK6, STM32H562IIT6, STM32H562RGT6, STM32H562RGV6, STM32H562RIT6, STM32H562RIV6, STM32H562VGT6, STM32H562VIT6, STM32H562ZGT6, STM32H562ZIT6, STM32H563AGI6, STM32H563AII3Q, STM32H563AII6, STM32H563IGK6, STM32H563IGT6, STM32H563IIK3Q, STM32H563IIK6, STM32H563IIT3Q, STM32H563IIT6, STM32H563MIY3QTR, STM32H563RGT6, STM32H563RGV6, STM32H563RIT6, STM32H563RIV6, STM32H563VGT6, STM32H563VIT3Q, STM32H563VIT6, STM32H563ZGT6, STM32H563ZIT3Q, STM32H563ZIT6, STM32H573AII3Q, STM32H573AII6, STM32H573I-DK, STM32H573IIK3Q, STM32H573IIK6, STM32H573IIT3Q, STM32H573IIT6, STM32H573MIY3QTR, STM32H573RIT6, STM32H573RIV6, STM32H573VIT3Q, STM32H573VIT6, STM32H573ZIT3Q, STM32H573ZIT6, STM32H7R3A8I6, STM32H7R3I8K6, STM32H7R3I8T6, STM32H7R3L8H6, STM32H7R3L8H6H, STM32H7R3R8V6, STM32H7R3V8H6, STM32H7R3V8T6, STM32H7R3V8Y6, STM32H7R3Z8J6, STM32H7R3Z8T6, STM32H7R7A8I6, STM32H7R7I8K6, STM32H7R7I8T6, STM32H7R7L8H6, STM32H7R7L8H6H, STM32H7R7Z8J6, STM32H7S3A8I6, STM32H7S3I8K6, STM32H7S3I8T6, STM32H7S3L8H6, STM32H7S3L8H6H, STM32H7S3R8V6, STM32H7S3V8H6, STM32H7S3V8T6, STM32H7S3V8Y6, STM32H7S3Z8J6, STM32H7S3Z8T6, STM32H7S78-DK, STM32H7S7A8I6, STM32H7S7I8K6, STM32H7S7I8T6, STM32H7S7L8H6, STM32H7S7L8H6H, STM32H7S7Z8J6, STM32L4R5QGI6STR, STM32MP131AAE3, STM32MP131AAF3, STM32MP131AAG3, STM32MP131CAE3, STM32MP131CAF3, STM32MP131CAG3, STM32MP131DAE7, STM32MP131DAF7, STM32MP131DAG7, STM32MP131FAE7, STM32MP131FAF7, STM32MP131FAG7, STM32MP133AAE3, STM32MP133AAF3, STM32MP133AAG3, STM32MP133CAE3, STM32MP133CAF3, STM32MP133CAG3, STM32MP133DAE7, STM32MP133DAF7, STM32MP133DAG7, STM32MP133FAE7, STM32MP133FAF7, STM32MP133FAG7, STM32MP135AAE3, STM32MP135AAF3, STM32MP135AAG3, STM32MP135CAE3, STM32MP135CAF3, STM32MP135CAG3, STM32MP135DAE7, STM32MP135DAF7, STM32MP135DAG7, STM32MP135F-DK, STM32MP135FAE7, STM32MP135FAF7, STM32MP135FAF7T, STM32MP135FAF7U, STM32MP135FAG7, STM32U031C6T6, STM32U031C6U6, STM32U031C8T6, STM32U031C8U6, STM32U031F4P6, STM32U031F6P6, STM32U031F8P6, STM32U031G6Y6TR, STM32U031G8Y6TR, STM32U031K4U6, STM32U031K6U6, STM32U031K8U6, STM32U031R6I6, STM32U031R6T6, STM32U031R8I6, STM32U031R8T6, STM32U073C8T6, STM32U073C8U6, STM32U073CBT6, STM32U073CBU6, STM32U073CCT6, STM32U073CCU6, STM32U073H8Y6TR, STM32U073HBY6TR, STM32U073HCY6TR, STM32U073K8U6, STM32U073KBU6, STM32U073KCU6, STM32U073M8I6, STM32U073M8T6, STM32U073MBI6, STM32U073MBT6, STM32U073MCI6, STM32U073MCT6, STM32U073R8I6, STM32U073R8T6, STM32U073RBI6, STM32U073RBT6, STM32U073RCI6, STM32U073RCT6, STM32U083C-DK, STM32U083CCT6, STM32U083CCU6, STM32U083HCY6TR, STM32U083KCU6, STM32U083MCI6, STM32U083MCT6, STM32U083RCI6, STM32U083RCT6, STM32U535CBT6, STM32U535CBT6Q, STM32U535CBU6, STM32U535CBU6Q, STM32U535CCT6, STM32U535CCT6Q, STM32U535CCU6, STM32U535CCU6Q, STM32U535CET6, STM32U535CET6Q, STM32U535CEU6, STM32U535CEU6Q, STM32U535JEY6QTR, STM32U535NCY6QTR, STM32U535NEY6QTR, STM32U535RBI6, STM32U535RBI6Q, STM32U535RBT6, STM32U535RBT6Q, STM32U535RCI6, STM32U535RCI6Q, STM32U535RCT6, STM32U535RCT6Q, STM32U535REI6, STM32U535REI6Q, STM32U535RET6, STM32U535RET6Q, STM32U535VCI6, STM32U535VCI6Q, STM32U535VCT6, STM32U535VCT6Q, STM32U535VEI6, STM32U535VEI6Q, STM32U535VET6, STM32U535VET6Q, STM32U545CET6, STM32U545CET6Q, STM32U545CEU6, STM32U545CEU6Q, STM32U545JEY6QTR, STM32U545NEY6QTR, STM32U545REI6, STM32U545REI6Q, STM32U545RET6, STM32U545RET6Q, STM32U545VEI6, STM32U545VEI6Q, STM32U545VET6, STM32U545VET6Q, STM32U595AIH6, STM32U595AIH6Q, STM32U595AJH6, STM32U595AJH6Q, STM32U595QII6, STM32U595QII6Q, STM32U595QJI6, STM32U595QJI6Q, STM32U595RIT6, STM32U595RIT6Q, STM32U595RJT6, STM32U595RJT6Q, STM32U595VIT6, STM32U595VIT6Q, STM32U595VJT6, STM32U595VJT6Q, STM32U595ZIT6, STM32U595ZIT6Q, STM32U595ZIY6QTR, STM32U595ZJT6, STM32U595ZJT6Q, STM32U595ZJY6QTR, STM32U599BJY6QTR, STM32U599NIH6Q, STM32U599NJH6Q, STM32U599VIT6Q, STM32U599VJT6, STM32U599VJT6Q, STM32U599ZIT6Q, STM32U599ZIY6QTR, STM32U599ZJT6Q, STM32U599ZJY6QTR, STM32U5A5AJH6, STM32U5A5AJH6Q, STM32U5A5QII3Q , STM32U5A5QJI6, STM32U5A5QJI6Q, STM32U5A5RJT6, STM32U5A5RJT6Q, STM32U5A5VJT6, STM32U5A5VJT6Q, STM32U5A5ZJT6, STM32U5A5ZJT6Q, STM32U5A5ZJY6QTR, STM32U5A9BJY6QTR, STM32U5A9J-DK, STM32U5A9NJH6Q, STM32U5A9VJT6Q, STM32U5A9ZJT6Q, STM32U5A9ZJY6QTR, STM32U5F7VIT6, STM32U5F7VIT6Q, STM32U5F7VJT6, STM32U5F7VJT6Q, STM32U5F9BJY6QTR, STM32U5F9NJH6Q, STM32U5F9VIT6Q, STM32U5F9VJT6Q, STM32U5F9ZIJ6QTR, STM32U5F9ZIT6Q, STM32U5F9ZJJ6QTR, STM32U5F9ZJT6Q, STM32U5G7VJT6, STM32U5G7VJT6Q, STM32U5G9BJY6QTR, STM32U5G9J-DK1, STM32U5G9J-DK2, STM32U5G9NJH6Q, STM32U5G9VJT6Q, STM32U5G9ZJJ6QTR, STM32U5G9ZJT6Q, STM32WB1MMCH6, STM32WBA50KEU6, STM32WBA50KEU6TR, STM32WBA50KGU6, STM32WBA50KGU6TR, STM32WBA52CEU6, STM32WBA52CEU6TR, STM32WBA52CEU7, STM32WBA52CEU7TR, STM32WBA52CGU6, STM32WBA52CGU6TR, STM32WBA52CGU6U, STM32WBA52CGU7, STM32WBA52CGU7TR, STM32WBA52KEU6, STM32WBA52KEU6TR, STM32WBA52KGU6, STM32WBA52KGU6TR, STM32WBA54CEU6, STM32WBA54CEU6TR, STM32WBA54CEU7, STM32WBA54CEU7TR, STM32WBA54CGU6, STM32WBA54CGU6TR, STM32WBA54CGU7, STM32WBA54CGU7TR, STM32WBA54KEU6, STM32WBA54KEU6TR, STM32WBA54KEU7, STM32WBA54KEU7TR, STM32WBA54KGU6, STM32WBA54KGU6TR, STM32WBA54KGU7, STM32WBA54KGU7TR, STM32WBA55CEU6, STM32WBA55CEU6TR, STM32WBA55CEU7, STM32WBA55CEU7TR, STM32WBA55CGU6, STM32WBA55CGU6TR, STM32WBA55CGU6U, STM32WBA55CGU7, STM32WBA55CGU7TR, STM32WBA55G-DK1, STM32WBA55HEF6, STM32WBA55HEF7, STM32WBA55HGF6, STM32WBA55HGF7, STM32WBA55UEI6, STM32WBA55UEI6TR, STM32WBA55UEI7, STM32WBA55UEI7TR, STM32WBA55UGI6, STM32WBA55UGI6TR, STM32WBA55UGI7, STM32WBA55UGI7TR, STM32WL5MOCH6, STM32WL5MOCH6TR]
2024-04-26 17:04:17,952 [INFO] BoardInfo:889 - No configuration file found for board P-NUCLEO-WB55
2024-04-26 17:04:17,953 [INFO] DbBoards:161 - Kit is not supported: P-NUCLEO-WB55
2024-04-26 17:04:17,958 [INFO] BoardInfo:889 - No configuration file found for board STEVAL-BFA001V1B
2024-04-26 17:04:17,959 [INFO] DbBoards:161 - Kit is not supported: STEVAL-BFA001V1B
2024-04-26 17:04:17,962 [INFO] BoardInfo:889 - No configuration file found for board STEVAL-BFA001V2B
2024-04-26 17:04:17,963 [INFO] DbBoards:161 - Kit is not supported: STEVAL-BFA001V2B
2024-04-26 17:04:18,121 [INFO] DbBoards:168 - Found 199 boards, 196 are supported
2024-04-26 17:04:18,121 [INFO] DbBoards:169 - Found 199 boards, 8 of them is supported for  Bsp
2024-04-26 17:04:18,123 [INFO] ApiDb:423 - Load user favorites file C:\Users\LeeJooho/.stm32cubeide/favorites.boards.txt: 1 item(s)
2024-04-26 17:04:18,123 [INFO] ApiDb:427 - User favorites Boards=[NUCLEO-F411RE]
2024-04-26 17:04:18,123 [INFO] DbBoards:198 - Set 1 / 1 favorites Boards
2024-04-26 17:04:18,125 [INFO] ApiDb:668 - CubeFinder database Data Model version=2.1
2024-04-26 17:04:18,125 [INFO] ApiDb:669 - CubeFinder database Configuration version=3.0.39
2024-04-26 17:04:18,125 [INFO] ApiDb:670 - CubeFinder database generation date=2024-04-16 (1713193726)
2024-04-26 17:04:18,125 [INFO] ApiDb:671 - CubeFinder database FW Pack versions=[FP-ATR-ASTRA1_V2.0.0, FP-SNS-FLIGHT1_V5.0.1, FP-SNS-FLIGHT1_V5.0.2, FP-SNS-MOTENV1_V4.3.1, FP-SNS-MOTENV1_V4.3.2, FP-SNS-MOTENVWB1_V1.3.1, FP-SNS-SMARTAG2_V1.2.0, STM32Cube_FW_C0_V1.1.0, STM32Cube_FW_F4_V1.28.0, STM32Cube_FW_F7_V1.17.0, STM32Cube_FW_G0_V1.6.2, STM32Cube_FW_G4_V1.5.2, STM32Cube_FW_H5_V0.5.1, STM32Cube_FW_H5_V1.1.1, STM32Cube_FW_H5_V1.2.0, STM32Cube_FW_H5_V1.2.0RC4, STM32Cube_FW_H7RS_V1.0.0, STM32Cube_FW_H7RS_V1.0.0RC4, STM32Cube_FW_H7_V1.11.0, STM32Cube_FW_L0_V1.12.2, STM32Cube_FW_L5_V1.5.1, STM32Cube_FW_U0_V1.0.0, STM32Cube_FW_U0_V1.0.0RC1, STM32Cube_FW_U5_V1.3.0RC4, STM32Cube_FW_U5_V1.5.0, STM32Cube_FW_U5_V1.5.0RC1, STM32Cube_FW_WBA_V1.0.0RC1, STM32Cube_FW_WBA_V1.2.0, STM32Cube_FW_WBA_V1.2.0RC2, STM32Cube_FW_WBA_V1.3.0, STM32Cube_FW_WBA_V1.3.0RC1, STM32Cube_FW_WB_V1.15.0RC1, STM32Cube_FW_WB_V1.16.0, STM32Cube_FW_WB_V1.16.0RC2, STM32Cube_FW_WB_V1.18.0, STM32Cube_FW_WB_V1.19.0, STM32Cube_FW_WL_V1.3.0, X-CUBE-ALGOBUILD_V1.3.0, X-CUBE-ALS_V1.0.1, X-CUBE-AZRTOS-F4_V1.1.0, X-CUBE-AZRTOS-F7_V1.1.0, X-CUBE-AZRTOS-G0_V1.1.0, X-CUBE-AZRTOS-G4_V2.0.0, X-CUBE-AZRTOS-H7_V3.2.0, X-CUBE-AZRTOS-L4_V1.0.0, X-CUBE-AZRTOS-L4_V2.0.0, X-CUBE-AZRTOS-L5_V1.1.0, X-CUBE-AZRTOS-WB_V2.0.0, X-CUBE-AZRTOS-WL_V2.0.0, X-CUBE-BLE1_V7.0.0, X-CUBE-BLE2_V3.3.0, X-CUBE-BLEMGR_V3.1.0, X-CUBE-EEPRMA1_V4.1.0, X-CUBE-EEPRMA1_V5.1.0, X-CUBE-FREERTOS_V1.1.0, X-CUBE-GNSS1_V6.0.0, X-CUBE-MEMS1_V10.0.0, X-CUBE-MEMS1_V9.1.0, X-CUBE-MEMS1_V9.4.0, X-CUBE-MEMS1_V9.6.0, X-CUBE-NFC4_V3.0.0, X-CUBE-NFC7_V1.0.1, X-CUBE-SFXS2LP1_V4.0.0, X-CUBE-SUBG2_V5.0.0, X-CUBE-TOF1_V3.4.0]
2024-04-26 17:04:19,081 [ERROR] DbExamplesSqlite:437 - Missing JSON key: board_cpn
2024-04-26 17:04:19,082 [ERROR] DbExamplesSqlite:437 - Missing JSON key: board_cpn
2024-04-26 17:04:19,082 [ERROR] DbExamplesSqlite:437 - Missing JSON key: board_cpn
2024-04-26 17:04:19,082 [ERROR] DbExamplesSqlite:437 - Missing JSON key: board_cpn
2024-04-26 17:04:19,193 [INFO] DbExamplesSqlite:395 - Ignored 60 examples not supported by CubeIDE
2024-04-26 17:04:19,194 [INFO] DbExamplesSqlite:396 - Found 8152 examples active
2024-04-26 17:04:19,194 [INFO] DbExamplesSqlite:397 - Found 871 examples obsolete
2024-04-26 17:04:19,194 [INFO] DbExamplesSqlite:398 - Found 0 examples under development
2024-04-26 17:04:19,194 [INFO] DbExamplesSqlite:399 - Found 10 examples not building
2024-04-26 17:04:19,197 [INFO] DbExamples:125 - Found 8102 examples
2024-04-26 17:04:19,209 [INFO] DbExamples:222 - Found 101 boards with related examples
2024-04-26 17:04:19,210 [INFO] DbExamples:235 - Found 86 MCUs with related examples
2024-04-26 17:04:19,232 [INFO] ApiDb:414 - User favorites file not found: C:\Users\LeeJooho/.stm32cubeide/favorites.examples.txt
2024-04-26 17:04:19,232 [INFO] DbExamples:250 - Set 0 / 0 favorites Examples
2024-04-26 17:04:19,474 [INFO] McuFinderGlobals:76 - Set McuFinderConnectedMode to true
2024-04-26 17:04:19,483 [INFO] MultiScanPanel:200 - Auto-refresh data requested => check proxy status ongoing
2024-04-26 17:04:19,486 [INFO] FinderPluginLoader:95 - Searching for filters in installed packs
2024-04-26 17:04:20,988 [INFO] LoadUrlFilesThread:185 - End of LoadServerUrlFiles without Thread
2024-04-26 17:04:21,004 [INFO] DetailPanel:341 - Set advertising image to C:/Users/LeeJooho/STM32Cube/Repository/\en.prom-stm32wl3-mcu-finder.jpg
2024-04-26 17:22:23,952 [INFO] ServerAccessManage:473 - Download File DS5319.pdf
2024-04-26 17:22:24,403 [INFO] LoadUrlFilesThread:156 - End of LoadUrlFiles Thread
2024-04-26 17:22:24,472 [INFO] McuAction:142 - Datasheet
2024-04-26 17:23:04,660 [INFO] McuAction:142 - Datasheet
2024-04-26 18:15:51,731 [INFO] McuAction:142 - Datasheet
2024-04-26 18:24:23,089 [INFO] MainUpdater:2873 - connection check result : 10
2024-04-26 18:24:23,089 [INFO] MainUpdater:2873 - connection check result : 10
2024-04-26 18:24:23,117 [INFO] MicroXplorer:468 - Change Database Path : 
2024-04-26 18:24:23,117 [INFO] MicroXplorer:498 - Change Database Version : DB.6.0.110
2024-04-26 18:24:23,122 [WARN] ThirdParty:871 - waiting for thirdparty lock release [close project]
2024-04-26 18:24:23,122 [INFO] ThirdParty:873 - entering critical section [close project]
2024-04-26 18:24:23,122 [INFO] ThirdParty:883 - exiting critical section [close project]
2024-04-26 18:24:23,123 [INFO] PinOutPanel:1561 - setPackage(No Configuration,No Configuration)
2024-04-26 18:24:23,126 [INFO] UtilMem:75 - Begin LoadConfig() Used Memory: 597194344 Bytes (1073741824)
2024-04-26 18:24:23,127 [INFO] MicroXplorer:468 - Change Database Path : 
2024-04-26 18:24:23,128 [INFO] MicroXplorer:498 - Change Database Version : DB.6.0.110
2024-04-26 18:24:23,128 [INFO] OpenFileManager:312 - Change cursor
2024-04-26 18:24:23,338 [INFO] Mcu:2021 - Initializing MCU STM32F103C8Tx STM32F103C8Tx STM32F103C8T6
2024-04-26 18:24:24,632 [INFO] Context:663 - Trying to add GPIOservice into a context  which must be forbidden
2024-04-26 18:24:25,033 [INFO] ImportTextPane:194 - (OptionalMessage_ERROR) Unable to find key (Mcu.ThirdPartyNb) in loaded IOC file
2024-04-26 18:24:25,033 [INFO] ImportTextPane:194 - (OptionalMessage_ERROR) Unable to find key (Mcu.PinsNb) in loaded IOC file
2024-04-26 18:24:25,033 [INFO] ImportTextPane:194 - (OptionalMessage_ERROR) Unable to find key (Mcu.IPNb) in loaded IOC file
2024-04-26 18:24:25,132 [INFO] RtosManager:555 - Registered RTOS mode: class=CMSIS, group=RTOS, mode=CMSIS_V1, owner=FREERTOS
2024-04-26 18:24:25,132 [INFO] RtosManager:555 - Registered RTOS mode: class=CMSIS, group=RTOS2, mode=CMSIS_V2, owner=FREERTOS
2024-04-26 18:24:25,132 [INFO] RtosManager:555 - Registered RTOS mode: class=RTOS, group=Core, mode=CMSIS_V1, owner=FREERTOS
2024-04-26 18:24:25,132 [INFO] RtosManager:555 - Registered RTOS mode: class=RTOS, group=Core, mode=CMSIS_V2, owner=FREERTOS
2024-04-26 18:24:25,133 [WARN] ModelIntegratedComponent:184 - Missing modes for component STMicroelectronics:FreeRTOS:0.0.1:STMicroelectronics:RTOS:FreeRTOS:Core:::10.2.0:
2024-04-26 18:24:25,163 [WARN] ModelIntegratedComponent:63 - No mode defined for component null
2024-04-26 18:24:25,163 [WARN] ModelIntegratedComponent:63 - No mode defined for component null
2024-04-26 18:24:25,163 [WARN] ModelIntegratedComponent:63 - No mode defined for component null
2024-04-26 18:24:25,163 [WARN] ModelIntegratedComponent:63 - No mode defined for component null
2024-04-26 18:24:25,163 [WARN] ModelIntegratedComponent:63 - No mode defined for component null
2024-04-26 18:24:25,163 [WARN] ModelIntegratedComponent:63 - No mode defined for component null
2024-04-26 18:24:25,163 [WARN] ModelIntegratedComponent:63 - No mode defined for component null
2024-04-26 18:24:25,164 [WARN] ModelIntegratedComponent:63 - No mode defined for component null
2024-04-26 18:24:25,164 [WARN] ModelIntegratedComponent:63 - No mode defined for component null
2024-04-26 18:24:25,164 [WARN] ModelIntegratedComponent:63 - No mode defined for component null
2024-04-26 18:24:25,164 [WARN] ModelIntegratedComponent:63 - No mode defined for component null
2024-04-26 18:24:25,164 [WARN] ModelIntegratedComponent:63 - No mode defined for component null
2024-04-26 18:24:25,164 [WARN] ModelIntegratedComponent:63 - No mode defined for component null
2024-04-26 18:24:25,164 [WARN] ModelIntegratedComponent:63 - No mode defined for component null
2024-04-26 18:24:25,164 [WARN] ModelIntegratedComponent:63 - No mode defined for component null
2024-04-26 18:24:25,164 [WARN] ModelIntegratedComponent:63 - No mode defined for component null
2024-04-26 18:24:25,165 [WARN] ModelIntegratedComponent:63 - No mode defined for component null
2024-04-26 18:24:25,165 [WARN] ModelIntegratedComponent:63 - No mode defined for component null
2024-04-26 18:24:25,165 [WARN] ModelIntegratedComponent:63 - No mode defined for component null
2024-04-26 18:24:25,165 [WARN] ModelIntegratedComponent:63 - No mode defined for component null
2024-04-26 18:24:25,165 [WARN] ModelIntegratedComponent:63 - No mode defined for component null
2024-04-26 18:24:25,165 [WARN] ModelIntegratedComponent:63 - No mode defined for component null
2024-04-26 18:24:25,165 [WARN] ModelIntegratedComponent:63 - No mode defined for component null
2024-04-26 18:24:25,165 [WARN] ModelIntegratedComponent:63 - No mode defined for component null
2024-04-26 18:24:25,165 [WARN] ModelIntegratedComponent:63 - No mode defined for component null
2024-04-26 18:24:25,165 [WARN] ModelIntegratedComponent:63 - No mode defined for component null
2024-04-26 18:24:25,165 [WARN] ModelIntegratedComponent:63 - No mode defined for component null
2024-04-26 18:24:25,166 [WARN] ModelIntegratedComponent:63 - No mode defined for component null
2024-04-26 18:24:25,166 [WARN] ModelIntegratedComponent:63 - No mode defined for component null
2024-04-26 18:24:25,166 [WARN] ModelIntegratedComponent:63 - No mode defined for component null
2024-04-26 18:24:25,166 [WARN] ModelIntegratedComponent:63 - No mode defined for component null
2024-04-26 18:24:25,166 [WARN] ModelIntegratedComponent:63 - No mode defined for component null
2024-04-26 18:24:25,166 [WARN] ModelIntegratedComponent:63 - No mode defined for component null
2024-04-26 18:24:25,166 [WARN] ModelIntegratedComponent:63 - No mode defined for component null
2024-04-26 18:24:25,318 [INFO] ThirdPartyModel:298 - Start build external matchings
2024-04-26 18:24:26,181 [INFO] ThirdPartyModel:316 - End build external matchings
2024-04-26 18:24:26,534 [INFO] UtilMem:75 - End LoadConfig() Used Memory: 841526792 Bytes (1073741824)
2024-04-26 18:24:26,566 [WARN] ThirdParty:833 - waiting for thirdparty lock release [change project]
2024-04-26 18:24:26,566 [INFO] ThirdParty:835 - entering critical section [change project]
2024-04-26 18:24:26,568 [INFO] ThirdParty:1030 - CMSIS Pack Vendor :STMicroelectronics X-CUBE-ISPU 1.1.0
2024-04-26 18:24:26,568 [INFO] ThirdParty:1030 - CMSIS Pack Vendor :STMicroelectronics USBPD 4.1
2024-04-26 18:24:26,568 [INFO] ThirdParty:1030 - CMSIS Pack Vendor :STMicroelectronics X-CUBE-GNSS1 6.0.0
2024-04-26 18:24:26,569 [INFO] ThirdParty:1030 - CMSIS Pack Vendor :STMicroelectronics USB_HOST 2.0.0
2024-04-26 18:24:26,569 [INFO] ThirdParty:1030 - CMSIS Pack Vendor :STMicroelectronics FP-SNS-MOTENVWB1 1.4.0
2024-04-26 18:24:26,569 [INFO] ThirdParty:1030 - CMSIS Pack Vendor :STMicroelectronics X-CUBE-AZRTOS-F4 1.1.0
2024-04-26 18:24:26,569 [INFO] ThirdParty:1030 - CMSIS Pack Vendor :STMicroelectronics LIBJPEG 8.0.0
2024-04-26 18:24:26,569 [INFO] ThirdParty:1030 - CMSIS Pack Vendor :wolfSSL I-CUBE-wolfSSL 5.6.4
2024-04-26 18:24:26,569 [INFO] ThirdParty:1030 - CMSIS Pack Vendor :STMicroelectronics X-CUBE-SMBUS 2.1.0
2024-04-26 18:24:26,569 [INFO] ThirdParty:1030 - CMSIS Pack Vendor :STMicroelectronics USB_DEVICE 3.0.0
2024-04-26 18:24:26,569 [INFO] ThirdParty:1030 - CMSIS Pack Vendor :STMicroelectronics X-CUBE-TCPP 4.1.0
2024-04-26 18:24:26,569 [INFO] ThirdParty:1030 - CMSIS Pack Vendor :STMicroelectronics X-CUBE-AZRTOS-WB 2.0.0
2024-04-26 18:24:26,569 [INFO] ThirdParty:1030 - CMSIS Pack Vendor :STMicroelectronics X-CUBE-TOUCHGFX 4.23.0
2024-04-26 18:24:26,569 [INFO] ThirdParty:1030 - CMSIS Pack Vendor :STMicroelectronics X-CUBE-TOUCHGFX 4.23.2
2024-04-26 18:24:26,569 [INFO] ThirdParty:1030 - CMSIS Pack Vendor :STMicroelectronics X-CUBE-AZRTOS-F7 1.1.0
2024-04-26 18:24:26,569 [INFO] ThirdParty:1030 - CMSIS Pack Vendor :STMicroelectronics X-CUBE-AZRTOS-L5 2.0.0
2024-04-26 18:24:26,569 [INFO] ThirdParty:1030 - CMSIS Pack Vendor :STMicroelectronics USB_DEVICE 2.0.0
2024-04-26 18:24:26,570 [INFO] ThirdParty:1030 - CMSIS Pack Vendor :STMicroelectronics X-CUBE-EEPRMA1 4.2.0
2024-04-26 18:24:26,570 [INFO] ThirdParty:1030 - CMSIS Pack Vendor :STMicroelectronics X-CUBE-NFC6 3.1.0
2024-04-26 18:24:26,570 [INFO] ThirdParty:1030 - CMSIS Pack Vendor :ITTIA_DB I-CUBE-ITTIADB 8.8.0
2024-04-26 18:24:26,570 [INFO] ThirdParty:1030 - CMSIS Pack Vendor :STMicroelectronics FP-SNS-MOTENV1 4.3.2
2024-04-26 18:24:26,570 [INFO] ThirdParty:1030 - CMSIS Pack Vendor :STMicroelectronics X-CUBE-ALGOBUILD 1.3.0
2024-04-26 18:24:26,570 [INFO] ThirdParty:1030 - CMSIS Pack Vendor :STMicroelectronics FreeRTOS 0.0.1
2024-04-26 18:24:26,570 [INFO] ThirdParty:1030 - CMSIS Pack Vendor :STMicroelectronics X-CUBE-AZRTOS-G0 1.1.0
2024-04-26 18:24:26,570 [INFO] ThirdParty:1030 - CMSIS Pack Vendor :STMicroelectronics X-CUBE-SAFEA1 1.2.2
2024-04-26 18:24:26,570 [INFO] ThirdParty:1030 - CMSIS Pack Vendor :STMicroelectronics X-CUBE-NFC4 3.0.0
2024-04-26 18:24:26,570 [INFO] ThirdParty:1030 - CMSIS Pack Vendor :STMicroelectronics X-CUBE-SUBG2 5.0.0
2024-04-26 18:24:26,570 [INFO] ThirdParty:1030 - CMSIS Pack Vendor :STMicroelectronics STM32_WPAN 1.0.0
2024-04-26 18:24:26,570 [INFO] ThirdParty:1030 - CMSIS Pack Vendor :STMicroelectronics lwIP 2.0.3
2024-04-26 18:24:26,570 [INFO] ThirdParty:1030 - CMSIS Pack Vendor :STMicroelectronics FP-SNS-FLIGHT1 5.0.2
2024-04-26 18:24:26,571 [INFO] ThirdParty:1030 - CMSIS Pack Vendor :STMicroelectronics USB_HOST 1.0.0
2024-04-26 18:24:26,571 [INFO] ThirdParty:1030 - CMSIS Pack Vendor :STMicroelectronics X-CUBE-TOF1 3.3.1
2024-04-26 18:24:26,571 [INFO] ThirdParty:1030 - CMSIS Pack Vendor :STMicroelectronics X-CUBE-AI 9.0.0
2024-04-26 18:24:26,571 [INFO] ThirdParty:1030 - CMSIS Pack Vendor :STMicroelectronics X-CUBE-AZRTOS-G4 2.0.0
2024-04-26 18:24:26,571 [INFO] ThirdParty:1030 - CMSIS Pack Vendor :STMicroelectronics PDM2PCM 3.1.0
2024-04-26 18:24:26,571 [INFO] ThirdParty:1030 - CMSIS Pack Vendor :STMicroelectronics X-CUBE-AZRTOS-H7 3.1.0
2024-04-26 18:24:26,571 [INFO] ThirdParty:1030 - CMSIS Pack Vendor :Infineon AIROC-Wi-Fi-Bluetooth-STM32 1.5.1
2024-04-26 18:24:26,571 [INFO] ThirdParty:1030 - CMSIS Pack Vendor :STMicroelectronics X-CUBE-BLEMGR 3.0.0
2024-04-26 18:24:26,571 [INFO] ThirdParty:1030 - CMSIS Pack Vendor :STMicroelectronics PDM2PCM 3.3.0
2024-04-26 18:24:26,571 [INFO] ThirdParty:1030 - CMSIS Pack Vendor :STMicroelectronics X-CUBE-DISPLAY 3.0.0
2024-04-26 18:24:26,571 [INFO] ThirdParty:1030 - CMSIS Pack Vendor :STMicroelectronics FP-SNS-MOTENVWB1 1.3.0
2024-04-26 18:24:26,571 [INFO] ThirdParty:1030 - CMSIS Pack Vendor :STMicroelectronics FP-SNS-MOTENVWB1 1.3.1
2024-04-26 18:24:26,572 [INFO] ThirdParty:1030 - CMSIS Pack Vendor :STMicroelectronics X-CUBE-BLE1 7.0.0
2024-04-26 18:24:26,572 [INFO] ThirdParty:1030 - CMSIS Pack Vendor :STMicroelectronics FP-ATR-SIGFOX1 3.2.0
2024-04-26 18:24:26,572 [INFO] ThirdParty:1030 - CMSIS Pack Vendor :STMicroelectronics X-CUBE-ISPU 2.0.0
2024-04-26 18:24:26,572 [INFO] ThirdParty:1030 - CMSIS Pack Vendor :STMicroelectronics X-CUBE-EEPRMA1 5.1.0
2024-04-26 18:24:26,572 [INFO] ThirdParty:1030 - CMSIS Pack Vendor :STMicroelectronics HAL Drivers 0.0.0
2024-04-26 18:24:26,572 [INFO] ThirdParty:1030 - CMSIS Pack Vendor :STMicroelectronics MBEDTLS 2.16.2
2024-04-26 18:24:26,572 [INFO] ThirdParty:1030 - CMSIS Pack Vendor :emotas I-CUBE-CANOPEN 1.3.0
2024-04-26 18:24:26,572 [INFO] ThirdParty:1030 - CMSIS Pack Vendor :STMicroelectronics X-CUBE-MEMS1 10.0.0
2024-04-26 18:24:26,572 [INFO] ThirdParty:1030 - CMSIS Pack Vendor :STMicroelectronics X-CUBE-FREERTOS 1.1.0
2024-04-26 18:24:26,572 [INFO] ThirdParty:1030 - CMSIS Pack Vendor :STMicroelectronics X-CUBE-NFC7 1.0.1
2024-04-26 18:24:26,572 [INFO] ThirdParty:1030 - CMSIS Pack Vendor :STMicroelectronics MBEDTLS 2.14.1
2024-04-26 18:24:26,572 [INFO] ThirdParty:1030 - CMSIS Pack Vendor :STMicroelectronics X-CUBE-TOUCHGFX 4.22.1
2024-04-26 18:24:26,572 [INFO] ThirdParty:1030 - CMSIS Pack Vendor :STMicroelectronics X-CUBE-NFC6 3.0.0
2024-04-26 18:24:26,572 [INFO] ThirdParty:1030 - CMSIS Pack Vendor :portGmbH I-Cube-SoM-uGOAL 1.1.0
2024-04-26 18:24:26,573 [INFO] ThirdParty:1030 - CMSIS Pack Vendor :STMicroelectronics X-CUBE-ALS 1.0.1
2024-04-26 18:24:26,573 [INFO] ThirdParty:1030 - CMSIS Pack Vendor :STMicroelectronics X-CUBE-BLEMGR 3.1.0
2024-04-26 18:24:26,573 [INFO] ThirdParty:1030 - CMSIS Pack Vendor :STMicroelectronics ThreadX 1.0.0
2024-04-26 18:24:26,573 [INFO] ThirdParty:1030 - CMSIS Pack Vendor :STMicroelectronics FP-SNS-SMARTAG2 1.2.0
2024-04-26 18:24:26,573 [INFO] ThirdParty:1030 - CMSIS Pack Vendor :STMicroelectronics X-CUBE-AZRTOS-WL 2.0.0
2024-04-26 18:24:26,573 [INFO] ThirdParty:1030 - CMSIS Pack Vendor :SEGGER I-CUBE-embOS 1.3.1
2024-04-26 18:24:26,573 [INFO] ThirdParty:1030 - CMSIS Pack Vendor :STMicroelectronics FP-SNS-MOTENV1 5.0.0
2024-04-26 18:24:26,573 [INFO] ThirdParty:1030 - CMSIS Pack Vendor :STMicroelectronics USB_DEVICE 1.0.0
2024-04-26 18:24:26,573 [INFO] ThirdParty:1030 - CMSIS Pack Vendor :STMicroelectronics X-CUBE-AI 8.1.0
2024-04-26 18:24:26,574 [INFO] ThirdParty:1030 - CMSIS Pack Vendor :STMicroelectronics X-CUBE-AZRTOS-H7RS 1.0.0
2024-04-26 18:24:26,574 [INFO] ThirdParty:1030 - CMSIS Pack Vendor :STMicroelectronics X-CUBE-AZRTOS-L4 2.0.0
2024-04-26 18:24:26,574 [INFO] ThirdParty:1030 - CMSIS Pack Vendor :STMicroelectronics ThreadX 0.0.2
2024-04-26 18:24:26,574 [INFO] ThirdParty:1030 - CMSIS Pack Vendor :WES I-CUBE-Cesium 1.3.0
2024-04-26 18:24:26,574 [INFO] ThirdParty:1030 - CMSIS Pack Vendor :STMicroelectronics FP-ATR-ASTRA1 2.0.0
2024-04-26 18:24:26,574 [INFO] ThirdParty:1030 - CMSIS Pack Vendor :STMicroelectronics lwIP 2.1.2
2024-04-26 18:24:26,574 [INFO] ThirdParty:1030 - CMSIS Pack Vendor :STMicroelectronics X-CUBE-SFXS2LP1 4.0.0
2024-04-26 18:24:26,574 [INFO] ThirdParty:1030 - CMSIS Pack Vendor :STMicroelectronics X-CUBE-BLE2 3.3.0
2024-04-26 18:24:26,574 [INFO] ThirdParty:1030 - CMSIS Pack Vendor :STMicroelectronics X-CUBE-TOF1 3.4.0
2024-04-26 18:24:26,575 [INFO] ThirdParty:1030 - CMSIS Pack Vendor :STMicroelectronics X-CUBE-TOF1 3.4.1
2024-04-26 18:24:26,575 [INFO] ThirdParty:1030 - CMSIS Pack Vendor :STMicroelectronics X-CUBE-AZRTOS-H7 3.2.0
2024-04-26 18:24:26,575 [INFO] ThirdParty:1030 - CMSIS Pack Vendor :STMicroelectronics PDM2PCM 3.2.0
2024-04-26 18:24:26,575 [INFO] ThirdParty:841 - exiting critical section [change project]
2024-04-26 18:24:26,868 [INFO] PinOutPanel:1561 - setPackage(No Configuration,No Configuration)
2024-04-26 18:24:26,869 [INFO] PinOutPanel:1561 - setPackage(STM32F103C8Tx,LQFP48)
2024-04-26 18:24:27,410 [INFO] UtilMem:75 - Before build in PCC Used Memory: 562492400 Bytes (1073741824)
2024-04-26 18:24:28,322 [INFO] UtilMem:75 - After build in PCC Used Memory: 626455536 Bytes (1073741824)
2024-04-26 18:24:28,348 [INFO] IPUIPlugin:80 - create IPUIPlugin
2024-04-26 18:24:28,348 [INFO] IPUIPlugin:80 - create IPUIPlugin
2024-04-26 18:24:28,348 [INFO] IPUIPlugin:80 - create IPUIPlugin
2024-04-26 18:24:28,348 [INFO] IPUIPlugin:80 - create IPUIPlugin
2024-04-26 18:24:28,348 [INFO] IPUIPlugin:80 - create IPUIPlugin
2024-04-26 18:24:28,349 [INFO] IPUIPlugin:80 - create IPUIPlugin
2024-04-26 18:24:28,349 [INFO] IPUIPlugin:80 - create IPUIPlugin
2024-04-26 18:24:28,349 [INFO] IPUIPlugin:80 - create IPUIPlugin
2024-04-26 18:24:28,349 [INFO] IPUIPlugin:80 - create IPUIPlugin
2024-04-26 18:24:28,349 [INFO] IPUIPlugin:80 - create IPUIPlugin
2024-04-26 18:24:28,350 [INFO] IPUIPlugin:80 - create IPUIPlugin
2024-04-26 18:24:28,350 [INFO] IPUIPlugin:80 - create IPUIPlugin
2024-04-26 18:24:28,350 [INFO] IPUIPlugin:80 - create IPUIPlugin
2024-04-26 18:24:28,350 [INFO] IPUIPlugin:80 - create IPUIPlugin
2024-04-26 18:24:28,350 [INFO] IPUIPlugin:80 - create IPUIPlugin
2024-04-26 18:24:28,351 [INFO] IPUIPlugin:80 - create IPUIPlugin
2024-04-26 18:24:28,351 [INFO] IPUIPlugin:80 - create IPUIPlugin
2024-04-26 18:24:28,351 [INFO] IPUIPlugin:80 - create IPUIPlugin
2024-04-26 18:24:28,351 [INFO] IPUIPlugin:80 - create IPUIPlugin
2024-04-26 18:24:28,351 [INFO] IPUIPlugin:80 - create IPUIPlugin
2024-04-26 18:24:28,352 [INFO] IPUIPlugin:80 - create IPUIPlugin
2024-04-26 18:24:28,352 [INFO] IPUIPlugin:80 - create IPUIPlugin
2024-04-26 18:24:28,353 [INFO] IPUIPlugin:80 - create IPUIPlugin
2024-04-26 18:24:28,353 [INFO] IPUIPlugin:80 - create IPUIPlugin
2024-04-26 18:24:28,353 [INFO] IPUIPlugin:80 - create IPUIPlugin
2024-04-26 18:24:28,354 [INFO] IPUIPlugin:80 - create IPUIPlugin
2024-04-26 18:24:28,354 [INFO] IPUIPlugin:80 - create IPUIPlugin
2024-04-26 18:24:28,646 [INFO] CADModel:165 - CPN selected for project levelSTM32F103C8T6
2024-04-26 18:24:28,647 [INFO] CADModel:114 - Register for checkConnection events
2024-04-26 18:24:28,701 [INFO] OpenFileManager:343 - Restore cursor
2024-04-26 18:24:29,493 [INFO] UtilMem:75 - End SaveConfig() Used Memory: 619816928 Bytes (1073741824)
2024-04-26 18:24:29,600 [INFO] UtilMem:75 - End SaveConfig() Used Memory: 632922080 Bytes (1073741824)
2024-04-26 18:24:30,095 [INFO] BlockDiagram:2759 - set Specific Code input for plugin: NVIC
2024-04-26 18:24:30,095 [INFO] BlockDiagram:2759 - set Specific Code input for plugin: RCC
2024-04-26 18:24:30,098 [INFO] CodeGenerator:807 - code generatio: config db path: C:\ST\STM32CubeIDE_1.15.0\STM32CubeIDE\plugins\com.st.stm32cube.common.mx_6.11.0.202403141607\\db\
2024-04-26 18:24:30,322 [INFO] CodeEngine:255 - oldGeneratedFile, C:\Github\Embedded\temp\temp\MXTmpFiles\license.tmp_save
2024-04-26 18:24:30,806 [INFO] CodeEngine:279 - Generated code: C:\Github\Embedded\temp\temp\MXTmpFiles\license.tmp
2024-04-26 18:24:30,837 [INFO] CodeEngine:255 - oldGeneratedFile, C:\Github\Embedded\temp\temp\Core\Src\stm32f1xx_it.c_save
2024-04-26 18:24:31,067 [INFO] CodeEngine:279 - Generated code: C:\Github\Embedded\temp\temp\Core\Src\stm32f1xx_it.c
2024-04-26 18:24:31,082 [INFO] CodeEngine:255 - oldGeneratedFile, C:\Github\Embedded\temp\temp\Core\Inc\stm32f1xx_it.h_save
2024-04-26 18:24:31,198 [INFO] CodeEngine:279 - Generated code: C:\Github\Embedded\temp\temp\Core\Inc\stm32f1xx_it.h
2024-04-26 18:24:31,388 [INFO] CodeEngine:255 - oldGeneratedFile, C:\Github\Embedded\temp\temp\Core\Src\stm32f1xx_hal_msp.c_save
2024-04-26 18:24:31,615 [INFO] CodeEngine:279 - Generated code: C:\Github\Embedded\temp\temp\Core\Src\stm32f1xx_hal_msp.c
2024-04-26 18:24:31,634 [INFO] CodeEngine:255 - oldGeneratedFile, C:\Github\Embedded\temp\temp\MXTmpFiles\system.tmp_save
2024-04-26 18:24:31,760 [INFO] CodeEngine:279 - Generated code: C:\Github\Embedded\temp\temp\MXTmpFiles\system.tmp
2024-04-26 18:24:31,791 [INFO] CodeEngine:311 - oldGeneratedFile, C:\Github\Embedded\temp\temp\Core\Inc\stm32f1xx_hal_conf.h_save
2024-04-26 18:24:31,967 [INFO] CodeEngine:335 - Generated code: C:\Github\Embedded\temp\temp\Core\Inc\stm32f1xx_hal_conf.h
2024-04-26 18:24:32,055 [INFO] CodeEngine:255 - oldGeneratedFile, C:\Github\Embedded\temp\temp\Core\Inc\main.h_save
2024-04-26 18:24:32,231 [INFO] CodeEngine:279 - Generated code: C:\Github\Embedded\temp\temp\Core\Inc\main.h
2024-04-26 18:24:32,249 [INFO] CodeEngine:255 - oldGeneratedFile, C:\Github\Embedded\temp\temp\Core\Src\main.c_save
2024-04-26 18:24:32,518 [INFO] CodeEngine:279 - Generated code: C:\Github\Embedded\temp\temp\Core\Src\main.c
2024-04-26 18:24:32,920 [INFO] ProjectBuilder:3163 - Time for Copy HAL[1] : 180mS.
2024-04-26 18:24:32,927 [INFO] ProjectBuilder:4736 - Project Generator version: 4.3.0-B58
2024-04-26 18:24:33,034 [INFO] ConfigFileManager:1503 - The Die is : DIE410
2024-04-26 18:24:33,066 [INFO] ApiDbMcu:508 - Load IP Config File for FATFS
2024-04-26 18:24:33,114 [INFO] ApiDbMcu:508 - Load IP Config File for FREERTOS
2024-04-26 18:24:33,152 [INFO] ApiDbMcu:508 - Load IP Config File for USB_DEVICE
2024-04-26 18:24:34,209 [INFO] LogOutputStream:77 - [STDOUT_REDIRECT] 
2024-04-26 18:24:37,883 [INFO] ProjectBuilder:5002 - Time for Generating toolchain IDE Files: 4957mS.
2024-04-26 18:24:37,885 [INFO] ProjectBuilder:3034 - Time for Copy CMSIS : 0mS.
2024-04-26 18:24:37,888 [INFO] ProjectBuilder:3034 - Time for Copy CMSIS : 0mS.
2024-04-26 18:24:39,636 [INFO] McuFinderGlobals:76 - Set McuFinderConnectedMode to true
2024-04-26 18:24:39,639 [INFO] ApiDb:448 - Save user favorites file C:\Users\LeeJooho/.stm32cubeide/favorites.mcus.txt: 2 item(s)
2024-04-26 18:24:39,640 [INFO] ApiDb:452 - User favorites MCUs=[STM32F103C8T6, STM32F446RET6]
2024-04-26 19:13:54,375 [INFO] UtilMem:75 - End SaveConfig() Used Memory: 698472224 Bytes (1073741824)
2024-04-26 19:13:59,066 [INFO] UtilMem:75 - End SaveConfig() Used Memory: 718783752 Bytes (1073741824)
2024-04-26 19:14:00,794 [INFO] UtilMem:75 - End SaveConfig() Used Memory: 782358304 Bytes (1073741824)
2024-04-26 19:14:01,140 [INFO] BlockDiagram:2759 - set Specific Code input for plugin: NVIC
2024-04-26 19:14:01,141 [INFO] BlockDiagram:2759 - set Specific Code input for plugin: SYS
2024-04-26 19:14:01,141 [INFO] BlockDiagram:2759 - set Specific Code input for plugin: GPIO
2024-04-26 19:14:01,141 [INFO] BlockDiagram:2759 - set Specific Code input for plugin: RCC
2024-04-26 19:14:01,142 [INFO] CodeGenerator:807 - code generatio: config db path: C:\ST\STM32CubeIDE_1.15.0\STM32CubeIDE\plugins\com.st.stm32cube.common.mx_6.11.0.202403141607\\db\
2024-04-26 19:14:01,210 [INFO] CodeEngine:255 - oldGeneratedFile, C:\Github\Embedded\temp\temp\MXTmpFiles\license.tmp_save
2024-04-26 19:14:01,336 [INFO] CodeEngine:279 - Generated code: C:\Github\Embedded\temp\temp\MXTmpFiles\license.tmp
2024-04-26 19:14:01,376 [INFO] CodeEngine:255 - oldGeneratedFile, C:\Github\Embedded\temp\temp\MXTmpFiles\gpio.tmp_save
2024-04-26 19:14:01,489 [INFO] CodeEngine:279 - Generated code: C:\Github\Embedded\temp\temp\MXTmpFiles\gpio.tmp
2024-04-26 19:14:01,519 [INFO] CodeEngine:255 - oldGeneratedFile, C:\Github\Embedded\temp\temp\Core\Src\stm32f1xx_it.c_save
2024-04-26 19:14:01,793 [INFO] CodeEngine:279 - Generated code: C:\Github\Embedded\temp\temp\Core\Src\stm32f1xx_it.c
2024-04-26 19:14:01,800 [INFO] CodeEngine:255 - oldGeneratedFile, C:\Github\Embedded\temp\temp\Core\Inc\stm32f1xx_it.h_save
2024-04-26 19:14:01,881 [INFO] CodeEngine:279 - Generated code: C:\Github\Embedded\temp\temp\Core\Inc\stm32f1xx_it.h
2024-04-26 19:14:01,904 [INFO] CodeEngine:255 - oldGeneratedFile, C:\Github\Embedded\temp\temp\Core\Src\stm32f1xx_hal_msp.c_save
2024-04-26 19:14:02,069 [INFO] CodeEngine:279 - Generated code: C:\Github\Embedded\temp\temp\Core\Src\stm32f1xx_hal_msp.c
2024-04-26 19:14:02,074 [INFO] CodeEngine:255 - oldGeneratedFile, C:\Github\Embedded\temp\temp\MXTmpFiles\system.tmp_save
2024-04-26 19:14:02,151 [INFO] CodeEngine:279 - Generated code: C:\Github\Embedded\temp\temp\MXTmpFiles\system.tmp
2024-04-26 19:14:02,176 [INFO] CodeEngine:311 - oldGeneratedFile, C:\Github\Embedded\temp\temp\Core\Inc\stm32f1xx_hal_conf.h_save
2024-04-26 19:14:02,305 [INFO] CodeEngine:335 - Generated code: C:\Github\Embedded\temp\temp\Core\Inc\stm32f1xx_hal_conf.h
2024-04-26 19:14:02,365 [INFO] CodeEngine:255 - oldGeneratedFile, C:\Github\Embedded\temp\temp\Core\Inc\main.h_save
2024-04-26 19:14:02,468 [INFO] CodeEngine:279 - Generated code: C:\Github\Embedded\temp\temp\Core\Inc\main.h
2024-04-26 19:14:02,481 [INFO] CodeEngine:255 - oldGeneratedFile, C:\Github\Embedded\temp\temp\Core\Src\main.c_save
2024-04-26 19:14:02,641 [INFO] CodeEngine:279 - Generated code: C:\Github\Embedded\temp\temp\Core\Src\main.c
2024-04-26 19:14:03,105 [INFO] ProjectBuilder:3163 - Time for Copy HAL[1] : 197mS.
2024-04-26 19:14:03,110 [INFO] ProjectBuilder:4736 - Project Generator version: 4.3.0-B58
2024-04-26 19:14:03,233 [INFO] ConfigFileManager:1503 - The Die is : DIE410
2024-04-26 19:14:04,905 [INFO] ProjectBuilder:5002 - Time for Generating toolchain IDE Files: 1795mS.
2024-04-26 19:14:04,907 [INFO] ProjectBuilder:3034 - Time for Copy CMSIS : 1mS.
2024-04-26 19:14:04,913 [INFO] ProjectBuilder:3034 - Time for Copy CMSIS : 0mS.
2024-04-26 19:27:14,113 [INFO] Gpio:277 - dependency for GPIO [SYS]
2024-04-26 19:27:20,317 [INFO] Gpio:277 - dependency for GPIO [SYS]
2024-04-26 19:27:21,103 [INFO] Gpio:277 - dependency for GPIO [SYS]
2024-04-26 19:29:26,200 [INFO] UtilMem:75 - End SaveConfig() Used Memory: 959567328 Bytes (1073741824)
2024-04-26 19:29:35,617 [INFO] UtilMem:75 - End SaveConfig() Used Memory: 634240520 Bytes (1073741824)
2024-04-26 19:29:37,547 [INFO] UtilMem:75 - End SaveConfig() Used Memory: 700015512 Bytes (1073741824)
2024-04-26 19:29:37,966 [INFO] BlockDiagram:2759 - set Specific Code input for plugin: NVIC
2024-04-26 19:29:37,966 [INFO] BlockDiagram:2759 - set Specific Code input for plugin: SYS
2024-04-26 19:29:37,967 [INFO] BlockDiagram:2759 - set Specific Code input for plugin: GPIO
2024-04-26 19:29:37,967 [INFO] BlockDiagram:2759 - set Specific Code input for plugin: RCC
2024-04-26 19:29:37,968 [INFO] CodeGenerator:807 - code generatio: config db path: C:\ST\STM32CubeIDE_1.15.0\STM32CubeIDE\plugins\com.st.stm32cube.common.mx_6.11.0.202403141607\\db\
2024-04-26 19:29:38,111 [INFO] CodeEngine:255 - oldGeneratedFile, C:\Github\Embedded\temp\temp\MXTmpFiles\license.tmp_save
2024-04-26 19:29:38,273 [INFO] CodeEngine:279 - Generated code: C:\Github\Embedded\temp\temp\MXTmpFiles\license.tmp
2024-04-26 19:29:38,333 [INFO] CodeEngine:255 - oldGeneratedFile, C:\Github\Embedded\temp\temp\MXTmpFiles\gpio.tmp_save
2024-04-26 19:29:38,454 [INFO] CodeEngine:279 - Generated code: C:\Github\Embedded\temp\temp\MXTmpFiles\gpio.tmp
2024-04-26 19:29:38,497 [INFO] CodeEngine:255 - oldGeneratedFile, C:\Github\Embedded\temp\temp\Core\Src\stm32f1xx_it.c_save
2024-04-26 19:29:38,689 [INFO] CodeEngine:279 - Generated code: C:\Github\Embedded\temp\temp\Core\Src\stm32f1xx_it.c
2024-04-26 19:29:38,705 [INFO] CodeEngine:255 - oldGeneratedFile, C:\Github\Embedded\temp\temp\Core\Inc\stm32f1xx_it.h_save
2024-04-26 19:29:38,783 [INFO] CodeEngine:279 - Generated code: C:\Github\Embedded\temp\temp\Core\Inc\stm32f1xx_it.h
2024-04-26 19:29:38,808 [INFO] CodeEngine:255 - oldGeneratedFile, C:\Github\Embedded\temp\temp\Core\Src\stm32f1xx_hal_msp.c_save
2024-04-26 19:29:38,924 [INFO] CodeEngine:279 - Generated code: C:\Github\Embedded\temp\temp\Core\Src\stm32f1xx_hal_msp.c
2024-04-26 19:29:38,930 [INFO] CodeEngine:255 - oldGeneratedFile, C:\Github\Embedded\temp\temp\MXTmpFiles\system.tmp_save
2024-04-26 19:29:39,017 [INFO] CodeEngine:279 - Generated code: C:\Github\Embedded\temp\temp\MXTmpFiles\system.tmp
2024-04-26 19:29:39,037 [INFO] CodeEngine:311 - oldGeneratedFile, C:\Github\Embedded\temp\temp\Core\Inc\stm32f1xx_hal_conf.h_save
2024-04-26 19:29:39,158 [INFO] CodeEngine:335 - Generated code: C:\Github\Embedded\temp\temp\Core\Inc\stm32f1xx_hal_conf.h
2024-04-26 19:29:39,216 [INFO] CodeEngine:255 - oldGeneratedFile, C:\Github\Embedded\temp\temp\Core\Inc\main.h_save
2024-04-26 19:29:39,355 [INFO] CodeEngine:279 - Generated code: C:\Github\Embedded\temp\temp\Core\Inc\main.h
2024-04-26 19:29:39,372 [INFO] CodeEngine:255 - oldGeneratedFile, C:\Github\Embedded\temp\temp\Core\Src\main.c_save
2024-04-26 19:29:39,494 [INFO] CodeEngine:279 - Generated code: C:\Github\Embedded\temp\temp\Core\Src\main.c
2024-04-26 19:29:39,846 [INFO] ProjectBuilder:3163 - Time for Copy HAL[1] : 155mS.
2024-04-26 19:29:39,848 [INFO] ProjectBuilder:4736 - Project Generator version: 4.3.0-B58
2024-04-26 19:29:39,925 [INFO] ConfigFileManager:1503 - The Die is : DIE410
2024-04-26 19:29:41,253 [INFO] ProjectBuilder:5002 - Time for Generating toolchain IDE Files: 1404mS.
2024-04-26 19:29:41,254 [INFO] ProjectBuilder:3034 - Time for Copy CMSIS : 1mS.
2024-04-26 19:29:41,259 [INFO] ProjectBuilder:3034 - Time for Copy CMSIS : 0mS.
2024-04-26 20:05:20,008 [INFO] Gpio:277 - dependency for GPIO [SYS]
2024-04-26 20:06:29,463 [INFO] UtilMem:75 - End SaveConfig() Used Memory: 800375840 Bytes (1073741824)
2024-04-26 20:06:31,201 [INFO] UtilMem:75 - End SaveConfig() Used Memory: 818367632 Bytes (1073741824)
2024-04-26 20:06:33,913 [INFO] UtilMem:75 - End SaveConfig() Used Memory: 888099984 Bytes (1073741824)
2024-04-26 20:06:34,297 [INFO] BlockDiagram:2759 - set Specific Code input for plugin: NVIC
2024-04-26 20:06:34,297 [INFO] BlockDiagram:2759 - set Specific Code input for plugin: SYS
2024-04-26 20:06:34,298 [INFO] BlockDiagram:2759 - set Specific Code input for plugin: GPIO
2024-04-26 20:06:34,298 [INFO] BlockDiagram:2759 - set Specific Code input for plugin: RCC
2024-04-26 20:06:34,298 [INFO] CodeGenerator:807 - code generatio: config db path: C:\ST\STM32CubeIDE_1.15.0\STM32CubeIDE\plugins\com.st.stm32cube.common.mx_6.11.0.202403141607\\db\
2024-04-26 20:06:34,367 [INFO] CodeEngine:255 - oldGeneratedFile, C:\Github\Embedded\temp\temp\MXTmpFiles\license.tmp_save
2024-04-26 20:06:34,484 [INFO] CodeEngine:279 - Generated code: C:\Github\Embedded\temp\temp\MXTmpFiles\license.tmp
2024-04-26 20:06:34,519 [INFO] CodeEngine:255 - oldGeneratedFile, C:\Github\Embedded\temp\temp\MXTmpFiles\gpio.tmp_save
2024-04-26 20:06:34,623 [INFO] CodeEngine:279 - Generated code: C:\Github\Embedded\temp\temp\MXTmpFiles\gpio.tmp
2024-04-26 20:06:34,651 [INFO] CodeEngine:255 - oldGeneratedFile, C:\Github\Embedded\temp\temp\Core\Src\stm32f1xx_it.c_save
2024-04-26 20:06:34,835 [INFO] CodeEngine:279 - Generated code: C:\Github\Embedded\temp\temp\Core\Src\stm32f1xx_it.c
2024-04-26 20:06:34,842 [INFO] CodeEngine:255 - oldGeneratedFile, C:\Github\Embedded\temp\temp\Core\Inc\stm32f1xx_it.h_save
2024-04-26 20:06:34,906 [INFO] CodeEngine:279 - Generated code: C:\Github\Embedded\temp\temp\Core\Inc\stm32f1xx_it.h
2024-04-26 20:06:34,930 [INFO] CodeEngine:255 - oldGeneratedFile, C:\Github\Embedded\temp\temp\Core\Src\stm32f1xx_hal_msp.c_save
2024-04-26 20:06:35,026 [INFO] CodeEngine:279 - Generated code: C:\Github\Embedded\temp\temp\Core\Src\stm32f1xx_hal_msp.c
2024-04-26 20:06:35,030 [INFO] CodeEngine:255 - oldGeneratedFile, C:\Github\Embedded\temp\temp\MXTmpFiles\system.tmp_save
2024-04-26 20:06:35,090 [INFO] CodeEngine:279 - Generated code: C:\Github\Embedded\temp\temp\MXTmpFiles\system.tmp
2024-04-26 20:06:35,110 [INFO] CodeEngine:311 - oldGeneratedFile, C:\Github\Embedded\temp\temp\Core\Inc\stm32f1xx_hal_conf.h_save
2024-04-26 20:06:35,209 [INFO] CodeEngine:335 - Generated code: C:\Github\Embedded\temp\temp\Core\Inc\stm32f1xx_hal_conf.h
2024-04-26 20:06:35,270 [INFO] CodeEngine:255 - oldGeneratedFile, C:\Github\Embedded\temp\temp\Core\Inc\main.h_save
2024-04-26 20:06:35,392 [INFO] CodeEngine:279 - Generated code: C:\Github\Embedded\temp\temp\Core\Inc\main.h
2024-04-26 20:06:35,406 [INFO] CodeEngine:255 - oldGeneratedFile, C:\Github\Embedded\temp\temp\Core\Src\main.c_save
2024-04-26 20:06:35,534 [INFO] CodeEngine:279 - Generated code: C:\Github\Embedded\temp\temp\Core\Src\main.c
2024-04-26 20:06:35,867 [INFO] ProjectBuilder:3163 - Time for Copy HAL[1] : 144mS.
2024-04-26 20:06:35,870 [INFO] ProjectBuilder:4736 - Project Generator version: 4.3.0-B58
2024-04-26 20:06:35,942 [INFO] ConfigFileManager:1503 - The Die is : DIE410
2024-04-26 20:06:36,872 [INFO] ProjectBuilder:5002 - Time for Generating toolchain IDE Files: 1002mS.
2024-04-26 20:06:36,873 [INFO] ProjectBuilder:3034 - Time for Copy CMSIS : 0mS.
2024-04-26 20:06:36,880 [INFO] ProjectBuilder:3034 - Time for Copy CMSIS : 0mS.
2024-04-26 20:14:14,539 [INFO] UtilMem:75 - End SaveConfig() Used Memory: 789837936 Bytes (1073741824)
2024-04-26 20:14:15,485 [INFO] UtilMem:75 - End SaveConfig() Used Memory: 805566576 Bytes (1073741824)
2024-04-26 20:14:17,417 [INFO] UtilMem:75 - End SaveConfig() Used Memory: 868481136 Bytes (1073741824)
2024-04-26 20:14:17,807 [INFO] BlockDiagram:2759 - set Specific Code input for plugin: NVIC
2024-04-26 20:14:17,807 [INFO] BlockDiagram:2759 - set Specific Code input for plugin: SYS
2024-04-26 20:14:17,808 [INFO] BlockDiagram:2759 - set Specific Code input for plugin: GPIO
2024-04-26 20:14:17,808 [INFO] BlockDiagram:2759 - set Specific Code input for plugin: RCC
2024-04-26 20:14:17,809 [INFO] CodeGenerator:807 - code generatio: config db path: C:\ST\STM32CubeIDE_1.15.0\STM32CubeIDE\plugins\com.st.stm32cube.common.mx_6.11.0.202403141607\\db\
2024-04-26 20:14:17,879 [INFO] CodeEngine:255 - oldGeneratedFile, C:\Github\Embedded\temp\temp\MXTmpFiles\license.tmp_save
2024-04-26 20:14:17,982 [INFO] CodeEngine:279 - Generated code: C:\Github\Embedded\temp\temp\MXTmpFiles\license.tmp
2024-04-26 20:14:18,011 [INFO] CodeEngine:255 - oldGeneratedFile, C:\Github\Embedded\temp\temp\MXTmpFiles\gpio.tmp_save
2024-04-26 20:14:18,134 [INFO] CodeEngine:279 - Generated code: C:\Github\Embedded\temp\temp\MXTmpFiles\gpio.tmp
2024-04-26 20:14:18,164 [INFO] CodeEngine:255 - oldGeneratedFile, C:\Github\Embedded\temp\temp\Core\Src\stm32f1xx_it.c_save
2024-04-26 20:14:18,328 [INFO] CodeEngine:279 - Generated code: C:\Github\Embedded\temp\temp\Core\Src\stm32f1xx_it.c
2024-04-26 20:14:18,334 [INFO] CodeEngine:255 - oldGeneratedFile, C:\Github\Embedded\temp\temp\Core\Inc\stm32f1xx_it.h_save
2024-04-26 20:14:18,388 [INFO] CodeEngine:279 - Generated code: C:\Github\Embedded\temp\temp\Core\Inc\stm32f1xx_it.h
2024-04-26 20:14:18,407 [INFO] CodeEngine:255 - oldGeneratedFile, C:\Github\Embedded\temp\temp\Core\Src\stm32f1xx_hal_msp.c_save
2024-04-26 20:14:18,497 [INFO] CodeEngine:279 - Generated code: C:\Github\Embedded\temp\temp\Core\Src\stm32f1xx_hal_msp.c
2024-04-26 20:14:18,501 [INFO] CodeEngine:255 - oldGeneratedFile, C:\Github\Embedded\temp\temp\MXTmpFiles\system.tmp_save
2024-04-26 20:14:18,554 [INFO] CodeEngine:279 - Generated code: C:\Github\Embedded\temp\temp\MXTmpFiles\system.tmp
2024-04-26 20:14:18,573 [INFO] CodeEngine:311 - oldGeneratedFile, C:\Github\Embedded\temp\temp\Core\Inc\stm32f1xx_hal_conf.h_save
2024-04-26 20:14:18,673 [INFO] CodeEngine:335 - Generated code: C:\Github\Embedded\temp\temp\Core\Inc\stm32f1xx_hal_conf.h
2024-04-26 20:14:18,718 [INFO] CodeEngine:255 - oldGeneratedFile, C:\Github\Embedded\temp\temp\Core\Inc\main.h_save
2024-04-26 20:14:18,803 [INFO] CodeEngine:279 - Generated code: C:\Github\Embedded\temp\temp\Core\Inc\main.h
2024-04-26 20:14:18,816 [INFO] CodeEngine:255 - oldGeneratedFile, C:\Github\Embedded\temp\temp\Core\Src\main.c_save
2024-04-26 20:14:18,923 [INFO] CodeEngine:279 - Generated code: C:\Github\Embedded\temp\temp\Core\Src\main.c
2024-04-26 20:14:19,211 [INFO] ProjectBuilder:3163 - Time for Copy HAL[1] : 128mS.
2024-04-26 20:14:19,214 [INFO] ProjectBuilder:4736 - Project Generator version: 4.3.0-B58
2024-04-26 20:14:19,287 [INFO] ConfigFileManager:1503 - The Die is : DIE410
2024-04-26 20:14:20,040 [INFO] ProjectBuilder:5002 - Time for Generating toolchain IDE Files: 827mS.
2024-04-26 20:14:20,041 [INFO] ProjectBuilder:3034 - Time for Copy CMSIS : 1mS.
2024-04-26 20:14:20,045 [INFO] ProjectBuilder:3034 - Time for Copy CMSIS : 0mS.
2024-04-26 20:26:14,901 [INFO] UtilMem:75 - End SaveConfig() Used Memory: 672576080 Bytes (1073741824)
2024-04-26 20:26:16,214 [INFO] UtilMem:75 - End SaveConfig() Used Memory: 701409872 Bytes (1073741824)
2024-04-26 20:26:19,082 [INFO] UtilMem:75 - End SaveConfig() Used Memory: 794733136 Bytes (1073741824)
2024-04-26 20:26:19,417 [INFO] BlockDiagram:2759 - set Specific Code input for plugin: NVIC
2024-04-26 20:26:19,417 [INFO] BlockDiagram:2759 - set Specific Code input for plugin: SYS
2024-04-26 20:26:19,417 [INFO] BlockDiagram:2759 - set Specific Code input for plugin: GPIO
2024-04-26 20:26:19,417 [INFO] BlockDiagram:2759 - set Specific Code input for plugin: RCC
2024-04-26 20:26:19,418 [INFO] CodeGenerator:807 - code generatio: config db path: C:\ST\STM32CubeIDE_1.15.0\STM32CubeIDE\plugins\com.st.stm32cube.common.mx_6.11.0.202403141607\\db\
2024-04-26 20:26:19,487 [INFO] CodeEngine:255 - oldGeneratedFile, C:\Github\Embedded\temp\temp\MXTmpFiles\license.tmp_save
2024-04-26 20:26:19,569 [INFO] CodeEngine:279 - Generated code: C:\Github\Embedded\temp\temp\MXTmpFiles\license.tmp
2024-04-26 20:26:19,588 [INFO] CodeEngine:255 - oldGeneratedFile, C:\Github\Embedded\temp\temp\MXTmpFiles\gpio.tmp_save
2024-04-26 20:26:19,683 [INFO] CodeEngine:279 - Generated code: C:\Github\Embedded\temp\temp\MXTmpFiles\gpio.tmp
2024-04-26 20:26:19,710 [INFO] CodeEngine:255 - oldGeneratedFile, C:\Github\Embedded\temp\temp\Core\Src\stm32f1xx_it.c_save
2024-04-26 20:26:19,876 [INFO] CodeEngine:279 - Generated code: C:\Github\Embedded\temp\temp\Core\Src\stm32f1xx_it.c
2024-04-26 20:26:19,882 [INFO] CodeEngine:255 - oldGeneratedFile, C:\Github\Embedded\temp\temp\Core\Inc\stm32f1xx_it.h_save
2024-04-26 20:26:19,936 [INFO] CodeEngine:279 - Generated code: C:\Github\Embedded\temp\temp\Core\Inc\stm32f1xx_it.h
2024-04-26 20:26:19,955 [INFO] CodeEngine:255 - oldGeneratedFile, C:\Github\Embedded\temp\temp\Core\Src\stm32f1xx_hal_msp.c_save
2024-04-26 20:26:20,050 [INFO] CodeEngine:279 - Generated code: C:\Github\Embedded\temp\temp\Core\Src\stm32f1xx_hal_msp.c
2024-04-26 20:26:20,053 [INFO] CodeEngine:255 - oldGeneratedFile, C:\Github\Embedded\temp\temp\MXTmpFiles\system.tmp_save
2024-04-26 20:26:20,105 [INFO] CodeEngine:279 - Generated code: C:\Github\Embedded\temp\temp\MXTmpFiles\system.tmp
2024-04-26 20:26:20,123 [INFO] CodeEngine:311 - oldGeneratedFile, C:\Github\Embedded\temp\temp\Core\Inc\stm32f1xx_hal_conf.h_save
2024-04-26 20:26:20,213 [INFO] CodeEngine:335 - Generated code: C:\Github\Embedded\temp\temp\Core\Inc\stm32f1xx_hal_conf.h
2024-04-26 20:26:20,254 [INFO] CodeEngine:255 - oldGeneratedFile, C:\Github\Embedded\temp\temp\Core\Inc\main.h_save
2024-04-26 20:26:20,338 [INFO] CodeEngine:279 - Generated code: C:\Github\Embedded\temp\temp\Core\Inc\main.h
2024-04-26 20:26:20,350 [INFO] CodeEngine:255 - oldGeneratedFile, C:\Github\Embedded\temp\temp\Core\Src\main.c_save
2024-04-26 20:26:20,443 [INFO] CodeEngine:279 - Generated code: C:\Github\Embedded\temp\temp\Core\Src\main.c
2024-04-26 20:26:20,817 [INFO] ProjectBuilder:3163 - Time for Copy HAL[1] : 176mS.
2024-04-26 20:26:20,821 [INFO] ProjectBuilder:4736 - Project Generator version: 4.3.0-B58
2024-04-26 20:26:20,968 [INFO] ConfigFileManager:1503 - The Die is : DIE410
2024-04-26 20:26:21,813 [INFO] ProjectBuilder:5002 - Time for Generating toolchain IDE Files: 992mS.
2024-04-26 20:26:21,814 [INFO] ProjectBuilder:3034 - Time for Copy CMSIS : 0mS.
2024-04-26 20:26:21,819 [INFO] ProjectBuilder:3034 - Time for Copy CMSIS : 1mS.
2024-04-26 20:29:26,241 [INFO] UtilMem:75 - End SaveConfig() Used Memory: 942689400 Bytes (1073741824)
2024-04-26 20:29:27,215 [INFO] UtilMem:75 - End SaveConfig() Used Memory: 664401936 Bytes (1073741824)
2024-04-26 20:29:28,631 [INFO] UtilMem:75 - End SaveConfig() Used Memory: 688990944 Bytes (1073741824)
2024-04-26 20:29:28,997 [INFO] BlockDiagram:2759 - set Specific Code input for plugin: NVIC
2024-04-26 20:29:28,997 [INFO] BlockDiagram:2759 - set Specific Code input for plugin: SYS
2024-04-26 20:29:28,997 [INFO] BlockDiagram:2759 - set Specific Code input for plugin: GPIO
2024-04-26 20:29:28,997 [INFO] BlockDiagram:2759 - set Specific Code input for plugin: RCC
2024-04-26 20:29:28,998 [INFO] CodeGenerator:807 - code generatio: config db path: C:\ST\STM32CubeIDE_1.15.0\STM32CubeIDE\plugins\com.st.stm32cube.common.mx_6.11.0.202403141607\\db\
2024-04-26 20:29:29,070 [INFO] CodeEngine:255 - oldGeneratedFile, C:\Github\Embedded\temp\temp\MXTmpFiles\license.tmp_save
2024-04-26 20:29:29,151 [INFO] CodeEngine:279 - Generated code: C:\Github\Embedded\temp\temp\MXTmpFiles\license.tmp
2024-04-26 20:29:29,171 [INFO] CodeEngine:255 - oldGeneratedFile, C:\Github\Embedded\temp\temp\MXTmpFiles\gpio.tmp_save
2024-04-26 20:29:29,261 [INFO] CodeEngine:279 - Generated code: C:\Github\Embedded\temp\temp\MXTmpFiles\gpio.tmp
2024-04-26 20:29:29,285 [INFO] CodeEngine:255 - oldGeneratedFile, C:\Github\Embedded\temp\temp\Core\Src\stm32f1xx_it.c_save
2024-04-26 20:29:29,376 [INFO] CodeEngine:279 - Generated code: C:\Github\Embedded\temp\temp\Core\Src\stm32f1xx_it.c
2024-04-26 20:29:29,382 [INFO] CodeEngine:255 - oldGeneratedFile, C:\Github\Embedded\temp\temp\Core\Inc\stm32f1xx_it.h_save
2024-04-26 20:29:29,436 [INFO] CodeEngine:279 - Generated code: C:\Github\Embedded\temp\temp\Core\Inc\stm32f1xx_it.h
2024-04-26 20:29:29,455 [INFO] CodeEngine:255 - oldGeneratedFile, C:\Github\Embedded\temp\temp\Core\Src\stm32f1xx_hal_msp.c_save
2024-04-26 20:29:29,531 [INFO] CodeEngine:279 - Generated code: C:\Github\Embedded\temp\temp\Core\Src\stm32f1xx_hal_msp.c
2024-04-26 20:29:29,535 [INFO] CodeEngine:255 - oldGeneratedFile, C:\Github\Embedded\temp\temp\MXTmpFiles\system.tmp_save
2024-04-26 20:29:29,585 [INFO] CodeEngine:279 - Generated code: C:\Github\Embedded\temp\temp\MXTmpFiles\system.tmp
2024-04-26 20:29:29,604 [INFO] CodeEngine:311 - oldGeneratedFile, C:\Github\Embedded\temp\temp\Core\Inc\stm32f1xx_hal_conf.h_save
2024-04-26 20:29:29,694 [INFO] CodeEngine:335 - Generated code: C:\Github\Embedded\temp\temp\Core\Inc\stm32f1xx_hal_conf.h
2024-04-26 20:29:29,734 [INFO] CodeEngine:255 - oldGeneratedFile, C:\Github\Embedded\temp\temp\Core\Inc\main.h_save
2024-04-26 20:29:29,807 [INFO] CodeEngine:279 - Generated code: C:\Github\Embedded\temp\temp\Core\Inc\main.h
2024-04-26 20:29:29,820 [INFO] CodeEngine:255 - oldGeneratedFile, C:\Github\Embedded\temp\temp\Core\Src\main.c_save
2024-04-26 20:29:29,902 [INFO] CodeEngine:279 - Generated code: C:\Github\Embedded\temp\temp\Core\Src\main.c
2024-04-26 20:29:30,194 [INFO] ProjectBuilder:3163 - Time for Copy HAL[1] : 142mS.
2024-04-26 20:29:30,199 [INFO] ProjectBuilder:4736 - Project Generator version: 4.3.0-B58
2024-04-26 20:29:30,293 [INFO] ConfigFileManager:1503 - The Die is : DIE410
2024-04-26 20:29:31,179 [INFO] ProjectBuilder:5002 - Time for Generating toolchain IDE Files: 980mS.
2024-04-26 20:29:31,180 [INFO] ProjectBuilder:3034 - Time for Copy CMSIS : 1mS.
2024-04-26 20:29:31,184 [INFO] ProjectBuilder:3034 - Time for Copy CMSIS : 0mS.
2024-04-26 20:29:42,700 [ERROR] LogOutputStream:75 - [STDERR_REDIRECT] 
