2024-05-02 08:20:58,146 [INFO] Activator:176 - 


2024-05-02 08:20:58,149 [INFO] Activator:177 - !SESSION log4j initialized
2024-05-02 08:21:02,169 [INFO] LogOutputStream:77 - [STDOUT_REDIRECT] 
2024-05-02 08:21:07,069 [INFO] McuFinderGlobals:63 - Set McuFinder mode to 2 (CubeIDE integrated)
2024-05-02 08:21:07,221 [INFO] ApplicationProperties:184 - Using Application install path: C:\ST\STM32CubeIDE_1.15.0\STM32CubeIDE\plugins\com.st.stm32cube.common.mx_6.11.0.202403141607
2024-05-02 08:21:07,242 [INFO] DbMcusXml:78 - Set database path to: C:\ST\STM32CubeIDE_1.15.0\STM32CubeIDE\plugins\com.st.stm32cube.common.mx_6.11.0.202403141607\\db\/mcu/
2024-05-02 08:21:07,243 [INFO] ApiDb:274 - Set plugin database path to: C:\ST\STM32CubeIDE_1.15.0\STM32CubeIDE\plugins\com.st.stm32cube.common.mx_6.11.0.202403141607\\db\/plugins/boardmanager/
2024-05-02 08:21:07,243 [WARN] ApiDb:259 - Overriding images path with different value:  => C:\ST\STM32CubeIDE_1.15.0\STM32CubeIDE\plugins\com.st.stm32cube.common.mx_6.11.0.202403141607\\db\/plugins/mcufinder/images/
2024-05-02 08:21:07,254 [INFO] ApiDb:250 - Set database path to: C:\Users\LeeJooho\.stmcufinder\plugins\mcufinder//mcu/
2024-05-02 08:21:07,255 [INFO] DbMcusAds:125 - Set database path to: C:\Users\LeeJooho\.stmcufinder\plugins\mcufinder//mcu/
2024-05-02 08:21:07,256 [INFO] CrossReferenceDbSqlite:203 - Set database path to: C:\Users\LeeJooho\.stmcufinder\plugins\mcufinder//mcu/cs/
2024-05-02 08:21:07,389 [INFO] RulesReader:64 - Compatibility file has been processed (297 Rules)
2024-05-02 08:21:07,487 [INFO] DbMcusXml:78 - Set database path to: C:\ST\STM32CubeIDE_1.15.0\STM32CubeIDE\plugins\com.st.stm32cube.common.mx_6.11.0.202403141607\\db\/mcu/
2024-05-02 08:21:07,488 [INFO] ApiDb:274 - Set plugin database path to: C:\ST\STM32CubeIDE_1.15.0\STM32CubeIDE\plugins\com.st.stm32cube.common.mx_6.11.0.202403141607\\db\/plugins/boardmanager/
2024-05-02 08:21:07,488 [INFO] ApiDb:261 - Set plugin images path to: C:\ST\STM32CubeIDE_1.15.0\STM32CubeIDE\plugins\com.st.stm32cube.common.mx_6.11.0.202403141607\\db\/plugins/mcufinder/images/
2024-05-02 08:21:07,488 [WARN] DbFile:41 - Overriding database path with different value: C:\Users\LeeJooho\.stmcufinder\plugins\mcufinder/ => C:\Users\LeeJooho\.stmcufinder\plugins\mcufinder
2024-05-02 08:21:07,488 [INFO] ApiDb:250 - Set database path to: C:\Users\LeeJooho\.stmcufinder\plugins\mcufinder//mcu/
2024-05-02 08:21:07,488 [WARN] DbFile:41 - Overriding database path with different value: C:\Users\LeeJooho\.stmcufinder\plugins\mcufinder/ => C:\Users\LeeJooho\.stmcufinder\plugins\mcufinder
2024-05-02 08:21:07,488 [INFO] DbMcusAds:125 - Set database path to: C:\Users\LeeJooho\.stmcufinder\plugins\mcufinder//mcu/
2024-05-02 08:21:07,489 [WARN] DbFile:41 - Overriding database path with different value: C:\Users\LeeJooho\.stmcufinder\plugins\mcufinder/ => C:\Users\LeeJooho\.stmcufinder\plugins\mcufinder
2024-05-02 08:21:07,489 [WARN] DbFile:41 - Overriding database path with different value: C:\Users\LeeJooho\.stmcufinder\plugins\mcufinder/ => C:\Users\LeeJooho\.stmcufinder\plugins\mcufinder
2024-05-02 08:21:07,489 [INFO] CrossReferenceDbSqlite:203 - Set database path to: C:\Users\LeeJooho\.stmcufinder\plugins\mcufinder//mcu/cs/
2024-05-02 08:21:07,568 [INFO] MainPanel:264 - HeapMemory: 268435456
2024-05-02 08:21:07,665 [INFO] DbMcusXml:78 - Set database path to: C:\ST\STM32CubeIDE_1.15.0\STM32CubeIDE\plugins\com.st.stm32cube.common.mx_6.11.0.202403141607\\db\/mcu/
2024-05-02 08:21:07,665 [INFO] ApiDb:274 - Set plugin database path to: C:\ST\STM32CubeIDE_1.15.0\STM32CubeIDE\plugins\com.st.stm32cube.common.mx_6.11.0.202403141607\\db\/plugins/boardmanager/
2024-05-02 08:21:07,665 [INFO] ApiDb:261 - Set plugin images path to: C:\ST\STM32CubeIDE_1.15.0\STM32CubeIDE\plugins\com.st.stm32cube.common.mx_6.11.0.202403141607\\db\/plugins/mcufinder/images/
2024-05-02 08:21:07,665 [WARN] DbFile:41 - Overriding database path with different value: C:\Users\LeeJooho\.stmcufinder\plugins\mcufinder/ => C:\Users\LeeJooho\.stmcufinder\plugins\mcufinder
2024-05-02 08:21:07,665 [INFO] ApiDb:250 - Set database path to: C:\Users\LeeJooho\.stmcufinder\plugins\mcufinder//mcu/
2024-05-02 08:21:07,665 [WARN] DbFile:41 - Overriding database path with different value: C:\Users\LeeJooho\.stmcufinder\plugins\mcufinder/ => C:\Users\LeeJooho\.stmcufinder\plugins\mcufinder
2024-05-02 08:21:07,665 [INFO] DbMcusAds:125 - Set database path to: C:\Users\LeeJooho\.stmcufinder\plugins\mcufinder//mcu/
2024-05-02 08:21:07,665 [WARN] DbFile:41 - Overriding database path with different value: C:\Users\LeeJooho\.stmcufinder\plugins\mcufinder/ => C:\Users\LeeJooho\.stmcufinder\plugins\mcufinder
2024-05-02 08:21:07,666 [WARN] DbFile:41 - Overriding database path with different value: C:\Users\LeeJooho\.stmcufinder\plugins\mcufinder/ => C:\Users\LeeJooho\.stmcufinder\plugins\mcufinder
2024-05-02 08:21:07,666 [INFO] CrossReferenceDbSqlite:203 - Set database path to: C:\Users\LeeJooho\.stmcufinder\plugins\mcufinder//mcu/cs/
2024-05-02 08:21:07,683 [INFO] ApplicationProperties:184 - Using Application install path: C:\ST\STM32CubeIDE_1.15.0\STM32CubeIDE\plugins\com.st.stm32cube.common.mx_6.11.0.202403141607
2024-05-02 08:21:07,684 [INFO] PluginManage:196 - Search for loadable plugins [exclusion list=, ]
2024-05-02 08:21:07,685 [INFO] PluginManage:310 - Check plugin analytics
2024-05-02 08:21:07,892 [INFO] AnalyticsPlugin:253 - Accepted Software Licenses: 
2024-05-02 08:21:07,893 [INFO] AnalyticsPlugin:255 - Accepted CMSIS Pack Licenses: 
2024-05-02 08:21:07,893 [INFO] AnalyticsPlugin:257 - Accepted Firmware Licenses: FW.F4.1.28.0
2024-05-02 08:21:07,896 [INFO] PluginManage:359 - Loaded plugin analytics (category:tool,tabindex:-1)
2024-05-02 08:21:07,896 [INFO] PluginManage:310 - Check plugin cadmodel
2024-05-02 08:21:07,916 [INFO] CADModel:105 - Init CAD model plugin
2024-05-02 08:21:07,916 [INFO] PluginManage:359 - Loaded plugin cadmodel (category:power,tabindex:5)
2024-05-02 08:21:07,916 [INFO] PluginManage:310 - Check plugin clock
2024-05-02 08:21:07,942 [INFO] PluginManage:359 - Loaded plugin clock (category:base,tabindex:2)
2024-05-02 08:21:07,942 [INFO] PluginManage:310 - Check plugin ddr
2024-05-02 08:21:07,944 [INFO] PluginManage:359 - Loaded plugin ddr (category:tool,tabindex:6)
2024-05-02 08:21:07,945 [INFO] PluginManage:310 - Check plugin filemanager
2024-05-02 08:21:08,147 [INFO] PluginManage:359 - Loaded plugin filemanager (category:base,tabindex:10)
2024-05-02 08:21:08,147 [INFO] PluginManage:310 - Check plugin ipmanager
2024-05-02 08:21:08,156 [INFO] PluginManage:359 - Loaded plugin ipmanager (category:base,tabindex:5)
2024-05-02 08:21:08,156 [INFO] PluginManage:310 - Check plugin lpbam
2024-05-02 08:21:08,174 [INFO] PluginManage:359 - Loaded plugin lpbam (category:base,tabindex:0)
2024-05-02 08:21:08,174 [INFO] PluginManage:310 - Check plugin memorymap
2024-05-02 08:21:08,196 [INFO] PluginManage:359 - Loaded plugin memorymap (category:base,tabindex:4)
2024-05-02 08:21:08,196 [INFO] PluginManage:310 - Check plugin pinoutandconfiguration
2024-05-02 08:21:08,212 [INFO] PluginManage:359 - Loaded plugin pinoutandconfiguration (category:base,tabindex:1)
2024-05-02 08:21:08,212 [INFO] PluginManage:310 - Check plugin pinoutconfig
2024-05-02 08:21:08,317 [WARN] SupportedApi:132 - Cannot load RTOS API schema: s4s-elt-must-match.1: The content of 'definitions' must match (annotation?, (simpleType | complexType)?, (unique | key | keyref)*)). A problem was found starting at: attribute.
2024-05-02 08:21:08,457 [INFO] PluginManage:359 - Loaded plugin pinoutconfig (category:base,tabindex:0)
2024-05-02 08:21:08,457 [INFO] PluginManage:310 - Check plugin power
2024-05-02 08:21:08,478 [INFO] PluginManage:359 - Loaded plugin power (category:power,tabindex:4)
2024-05-02 08:21:08,478 [INFO] PluginManage:310 - Check plugin projectmanager
2024-05-02 08:21:08,498 [INFO] PluginManage:359 - Loaded plugin projectmanager (category:projectmanager,tabindex:3)
2024-05-02 08:21:08,498 [INFO] PluginManage:310 - Check plugin thirdparty
2024-05-02 08:21:08,766 [INFO] PluginManage:359 - Loaded plugin thirdparty (category:base,tabindex:-1)
2024-05-02 08:21:08,766 [WARN] IntegrityCheckThread:84 - waiting for thirdparty lock release [integrity check]
2024-05-02 08:21:08,766 [INFO] PluginManage:310 - Check plugin tools
2024-05-02 08:21:08,766 [INFO] IntegrityCheckThread:86 - entering critical section [integrity check]
2024-05-02 08:21:08,766 [INFO] ThirdPartyUpdaterWithRetryManager:70 - Updater plugin not ready yet. [1/15]
2024-05-02 08:21:08,797 [INFO] PluginManage:359 - Loaded plugin tools (category:base,tabindex:7)
2024-05-02 08:21:08,797 [INFO] PluginManage:310 - Check plugin tutovideos
2024-05-02 08:21:08,999 [INFO] PluginManage:359 - Loaded plugin tutovideos (category:base,tabindex:-1)
2024-05-02 08:21:09,000 [INFO] PluginManage:310 - Check plugin updater
2024-05-02 08:21:09,011 [INFO] PluginManage:359 - Loaded plugin updater (category:base,tabindex:12)
2024-05-02 08:21:09,011 [INFO] PluginManage:310 - Check plugin userauth
2024-05-02 08:21:09,018 [INFO] UserAuth:114 - Init User Auth plugin
2024-05-02 08:21:09,018 [INFO] PluginManage:359 - Loaded plugin userauth (category:base,tabindex:14)
2024-05-02 08:21:09,018 [INFO] PluginManage:283 - PluginManage : Loaded plugins [17]
2024-05-02 08:21:09,253 [INFO] PinOutPanel:1561 - setPackage(No Configuration,No Configuration)
2024-05-02 08:21:09,328 [INFO] CADModel:165 - CPN selected for project level
2024-05-02 08:21:09,328 [INFO] CADModel:114 - Register for checkConnection events
2024-05-02 08:21:09,352 [INFO] IPUIPlugin:80 - create IPUIPlugin
2024-05-02 08:21:09,352 [INFO] PluginManager:220 - loadIPPluginJar : add adc
2024-05-02 08:21:09,384 [INFO] IPUIPlugin:80 - create IPUIPlugin
2024-05-02 08:21:09,385 [INFO] PluginManager:220 - loadIPPluginJar : add aes
2024-05-02 08:21:09,420 [INFO] IPUIPlugin:80 - create IPUIPlugin
2024-05-02 08:21:09,421 [INFO] PluginManager:220 - loadIPPluginJar : add can
2024-05-02 08:21:09,441 [INFO] IPUIPlugin:80 - create IPUIPlugin
2024-05-02 08:21:09,441 [INFO] PluginManager:220 - loadIPPluginJar : add comp
2024-05-02 08:21:09,471 [INFO] IPUIPlugin:80 - create IPUIPlugin
2024-05-02 08:21:09,471 [INFO] PluginManager:220 - loadIPPluginJar : add cryp
2024-05-02 08:21:09,500 [INFO] IPUIPlugin:80 - create IPUIPlugin
2024-05-02 08:21:09,500 [INFO] PluginManager:220 - loadIPPluginJar : add dfsdm
2024-05-02 08:21:09,513 [INFO] IPUIPlugin:80 - create IPUIPlugin
2024-05-02 08:21:09,514 [INFO] PluginManager:220 - loadIPPluginJar : add dma
2024-05-02 08:21:09,555 [INFO] IPUIPlugin:80 - create IPUIPlugin
2024-05-02 08:21:09,555 [INFO] PluginManager:220 - loadIPPluginJar : add dma3
2024-05-02 08:21:09,594 [INFO] IPUIPlugin:80 - create IPUIPlugin
2024-05-02 08:21:09,595 [INFO] PluginManager:220 - loadIPPluginJar : add extmemmanager
2024-05-02 08:21:09,612 [INFO] IPUIPlugin:80 - create IPUIPlugin
2024-05-02 08:21:09,612 [INFO] PluginManager:220 - loadIPPluginJar : add fatfs
2024-05-02 08:21:09,655 [INFO] IPUIPlugin:80 - create IPUIPlugin
2024-05-02 08:21:09,655 [INFO] PluginManager:220 - loadIPPluginJar : add fmc
2024-05-02 08:21:09,668 [INFO] IPUIPlugin:80 - create IPUIPlugin
2024-05-02 08:21:09,669 [INFO] PluginManager:220 - loadIPPluginJar : add freertos
2024-05-02 08:21:09,687 [INFO] IPUIPlugin:80 - create IPUIPlugin
2024-05-02 08:21:09,687 [INFO] PluginManager:220 - loadIPPluginJar : add genericplugin
2024-05-02 08:21:09,767 [INFO] IPUIPlugin:80 - create IPUIPlugin
2024-05-02 08:21:09,767 [INFO] PluginManager:220 - loadIPPluginJar : add gfxmmu
2024-05-02 08:21:09,890 [INFO] IPUIPlugin:80 - create IPUIPlugin
2024-05-02 08:21:09,891 [INFO] PluginManager:220 - loadIPPluginJar : add gic
2024-05-02 08:21:09,903 [INFO] IPUIPlugin:80 - create IPUIPlugin
2024-05-02 08:21:09,904 [INFO] PluginManager:220 - loadIPPluginJar : add gpio
2024-05-02 08:21:09,985 [INFO] IPUIPlugin:80 - create IPUIPlugin
2024-05-02 08:21:09,986 [INFO] PluginManager:220 - loadIPPluginJar : add gtzc
2024-05-02 08:21:10,015 [INFO] IPUIPlugin:80 - create IPUIPlugin
2024-05-02 08:21:10,015 [INFO] PluginManager:220 - loadIPPluginJar : add hash
2024-05-02 08:21:10,063 [INFO] IPUIPlugin:80 - create IPUIPlugin
2024-05-02 08:21:10,063 [INFO] PluginManager:220 - loadIPPluginJar : add i2c
2024-05-02 08:21:10,097 [INFO] IPUIPlugin:80 - create IPUIPlugin
2024-05-02 08:21:10,097 [INFO] PluginManager:220 - loadIPPluginJar : add i2s
2024-05-02 08:21:10,134 [INFO] IPUIPlugin:80 - create IPUIPlugin
2024-05-02 08:21:10,134 [INFO] PluginManager:220 - loadIPPluginJar : add i3c
2024-05-02 08:21:10,230 [INFO] IPUIPlugin:80 - create IPUIPlugin
2024-05-02 08:21:10,231 [INFO] PluginManager:220 - loadIPPluginJar : add ipddr
2024-05-02 08:21:10,317 [INFO] IPUIPlugin:80 - create IPUIPlugin
2024-05-02 08:21:10,317 [INFO] PluginManager:220 - loadIPPluginJar : add linkedlist
2024-05-02 08:21:10,350 [INFO] IPUIPlugin:80 - create IPUIPlugin
2024-05-02 08:21:10,351 [INFO] PluginManager:220 - loadIPPluginJar : add lorawan
2024-05-02 08:21:10,382 [INFO] IPUIPlugin:80 - create IPUIPlugin
2024-05-02 08:21:10,382 [INFO] PluginManager:220 - loadIPPluginJar : add ltdc
2024-05-02 08:21:10,396 [INFO] IPUIPlugin:80 - create IPUIPlugin
2024-05-02 08:21:10,396 [INFO] PluginManager:220 - loadIPPluginJar : add mdma
2024-05-02 08:21:10,407 [INFO] IPUIPlugin:80 - create IPUIPlugin
2024-05-02 08:21:10,407 [INFO] PluginManager:220 - loadIPPluginJar : add nvic
2024-05-02 08:21:10,439 [INFO] IPUIPlugin:80 - create IPUIPlugin
2024-05-02 08:21:10,439 [INFO] PluginManager:220 - loadIPPluginJar : add opamp
2024-05-02 08:21:10,491 [INFO] IPUIPlugin:80 - create IPUIPlugin
2024-05-02 08:21:10,491 [INFO] PluginManager:220 - loadIPPluginJar : add openamp
2024-05-02 08:21:10,528 [INFO] IPUIPlugin:80 - create IPUIPlugin
2024-05-02 08:21:10,529 [INFO] PluginManager:220 - loadIPPluginJar : add pdm2pcm
2024-05-02 08:21:10,547 [INFO] IPUIPlugin:80 - create IPUIPlugin
2024-05-02 08:21:10,548 [INFO] PluginManager:220 - loadIPPluginJar : add plateformsettings
2024-05-02 08:21:10,568 [INFO] IPUIPlugin:80 - create IPUIPlugin
2024-05-02 08:21:10,568 [INFO] PluginManager:220 - loadIPPluginJar : add quadspi
2024-05-02 08:21:10,581 [INFO] IPUIPlugin:80 - create IPUIPlugin
2024-05-02 08:21:10,581 [INFO] PluginManager:220 - loadIPPluginJar : add resmgrutility
2024-05-02 08:21:10,625 [INFO] IPUIPlugin:80 - create IPUIPlugin
2024-05-02 08:21:10,625 [INFO] PluginManager:220 - loadIPPluginJar : add sai
2024-05-02 08:21:10,656 [INFO] IPUIPlugin:80 - create IPUIPlugin
2024-05-02 08:21:10,657 [INFO] PluginManager:220 - loadIPPluginJar : add spi
2024-05-02 08:21:10,719 [INFO] IPUIPlugin:80 - create IPUIPlugin
2024-05-02 08:21:10,719 [INFO] PluginManager:220 - loadIPPluginJar : add stm32_wpan
2024-05-02 08:21:10,741 [INFO] IPUIPlugin:80 - create IPUIPlugin
2024-05-02 08:21:10,741 [INFO] PluginManager:220 - loadIPPluginJar : add tim
2024-05-02 08:21:10,794 [INFO] IPUIPlugin:80 - create IPUIPlugin
2024-05-02 08:21:10,794 [INFO] PluginManager:220 - loadIPPluginJar : add touchsensing
2024-05-02 08:21:10,814 [INFO] IPUIPlugin:80 - create IPUIPlugin
2024-05-02 08:21:10,814 [INFO] PluginManager:220 - loadIPPluginJar : add tracer_emb
2024-05-02 08:21:10,835 [INFO] IPUIPlugin:80 - create IPUIPlugin
2024-05-02 08:21:10,835 [INFO] PluginManager:220 - loadIPPluginJar : add ts
2024-05-02 08:21:10,854 [INFO] IPUIPlugin:80 - create IPUIPlugin
2024-05-02 08:21:10,854 [INFO] PluginManager:220 - loadIPPluginJar : add tsc
2024-05-02 08:21:10,876 [INFO] IPUIPlugin:80 - create IPUIPlugin
2024-05-02 08:21:10,877 [INFO] PluginManager:220 - loadIPPluginJar : add ucpd
2024-05-02 08:21:10,916 [INFO] IPUIPlugin:80 - create IPUIPlugin
2024-05-02 08:21:10,916 [INFO] PluginManager:220 - loadIPPluginJar : add usart
2024-05-02 08:21:10,954 [INFO] IPUIPlugin:80 - create IPUIPlugin
2024-05-02 08:21:10,954 [INFO] PluginManager:220 - loadIPPluginJar : add usbx
2024-05-02 08:21:11,088 [INFO] CADModel:165 - CPN selected for project level
2024-05-02 08:21:11,088 [INFO] CADModel:114 - Register for checkConnection events
2024-05-02 08:21:11,088 [FATAL] Updater:308 - Updater called before beeing initialized
2024-05-02 08:21:11,088 [ERROR] CADModel:125 - Updater not yet initialized, retry later 
2024-05-02 08:21:11,258 [INFO] CADModel:165 - CPN selected for project level
2024-05-02 08:21:11,258 [INFO] CADModel:114 - Register for checkConnection events
2024-05-02 08:21:11,258 [FATAL] Updater:308 - Updater called before beeing initialized
2024-05-02 08:21:11,258 [ERROR] CADModel:125 - Updater not yet initialized, retry later 
2024-05-02 08:21:11,262 [FATAL] Updater:308 - Updater called before beeing initialized
2024-05-02 08:21:11,392 [FATAL] Updater:308 - Updater called before beeing initialized
2024-05-02 08:21:11,402 [INFO] DbMcusAds:53 - JSON generation date=Wed Nov 29 19:52:27 KST 2023 (1701255147349)
2024-05-02 08:21:11,402 [FATAL] Updater:308 - Updater called before beeing initialized
2024-05-02 08:21:11,491 [WARN] DetailPanel:346 - Failed to get advertising image, set to default
2024-05-02 08:21:11,595 [FATAL] Updater:308 - Updater called before beeing initialized
2024-05-02 08:21:11,597 [FATAL] Updater:308 - Updater called before beeing initialized
2024-05-02 08:21:11,597 [FATAL] Updater:308 - Updater called before beeing initialized
2024-05-02 08:21:11,597 [WARN] DetailPanel:346 - Failed to get advertising image, set to default
2024-05-02 08:21:11,598 [FATAL] Updater:308 - Updater called before beeing initialized
2024-05-02 08:21:11,660 [ERROR] Updater:1120 - MainUpdater not yet initialized. External WinMGr cannot be set.
2024-05-02 08:21:11,672 [INFO] Updater:1056 - Updater Version found : 6.11.0
2024-05-02 08:21:11,693 [INFO] ApplicationProperties:184 - Using Application install path: C:\ST\STM32CubeIDE_1.15.0\STM32CubeIDE\plugins\com.st.stm32cube.common.mx_6.11.0.202403141607
2024-05-02 08:21:11,767 [INFO] ThirdPartyUpdaterWithRetryManager:70 - Updater plugin not ready yet. [2/15]
2024-05-02 08:21:13,276 [ERROR] LogOutputStream:75 - [STDERR_REDIRECT] May 02, 2024 8:21:13 AM java.util.prefs.WindowsPreferences <init>
2024-05-02 08:21:13,277 [ERROR] LogOutputStream:75 - [STDERR_REDIRECT] WARNING: Could not open/create prefs root node Software\JavaSoft\Prefs at root 0xffffffff80000002. Windows RegCreateKeyEx(...) returned error code 5.
2024-05-02 08:21:13,277 [ERROR] LogOutputStream:75 - [STDERR_REDIRECT] 
2024-05-02 08:21:13,774 [INFO] MainUpdater:2873 - connection check result : 10
2024-05-02 08:21:13,776 [INFO] MainUpdater:290 - Updater Check For Update Now.
2024-05-02 08:21:13,777 [INFO] MicroXplorer:498 - Change Database Version : DB.6.0.110
2024-05-02 08:21:13,818 [INFO] McuFinderGlobals:63 - Set McuFinder mode to 2 (CubeIDE integrated)
2024-05-02 08:21:13,838 [INFO] UserAuth:415 - Internet connection configuration mode: 1
2024-05-02 08:21:13,880 [INFO] JxBrowserEngine:152 - Initiate JxBrowser Engine with user profile folder
2024-05-02 08:21:14,019 [INFO] CheckServerUpdateThread:120 - End of CheckServer Thread
2024-05-02 08:21:14,047 [INFO] MainUpdater:2873 - connection check result : 10
2024-05-02 08:21:14,072 [INFO] McuFinderGlobals:76 - Set McuFinderConnectedMode to true
2024-05-02 08:21:14,350 [INFO] ServerAccessManage:473 - Download File mcusAds.json._tmp_
2024-05-02 08:21:14,467 [INFO] LoadUrlFilesThread:156 - End of LoadUrlFiles Thread
2024-05-02 08:21:14,666 [INFO] ServerAccessManage:473 - Download File cube-finder-db.zip
2024-05-02 08:21:14,769 [WARN] MainUpdater:1194 - Updater busy. Cannot search thirdparties
2024-05-02 08:21:14,769 [INFO] ThirdPartyUpdaterWithRetryManager:96 - Updater plugin is busy. [1/15]
2024-05-02 08:21:17,772 [WARN] MainUpdater:1194 - Updater busy. Cannot search thirdparties
2024-05-02 08:21:17,772 [INFO] ThirdPartyUpdaterWithRetryManager:96 - Updater plugin is busy. [2/15]
2024-05-02 08:21:19,669 [INFO] WebApp:161 - Instantiating new browser for Auth
2024-05-02 08:21:20,459 [INFO] WebApp:779 - Register for checkConnection events
2024-05-02 08:21:20,459 [INFO] WebApp:414 - Apply proxy settings
2024-05-02 08:21:20,459 [INFO] WebApp:499 - Chromium requires no authentication
2024-05-02 08:21:20,469 [INFO] WebApp:442 - Direct internet connection detected
2024-05-02 08:21:20,690 [INFO] WebApp:192 - Starting web application
2024-05-02 08:21:20,690 [INFO] WebApp:544 - Web application path used C:\ST\STM32CubeIDE_1.15.0\STM32CubeIDE\plugins\com.st.stm32cube.common.mx_6.11.0.202403141607\db\plugins\mcufinder\reactClient1\index.html
2024-05-02 08:21:20,772 [WARN] MainUpdater:1194 - Updater busy. Cannot search thirdparties
2024-05-02 08:21:20,772 [INFO] ThirdPartyUpdaterWithRetryManager:96 - Updater plugin is busy. [3/15]
2024-05-02 08:21:20,991 [INFO] FileExtend:240 - Unzip File : cube-finder-db.zip
2024-05-02 08:21:20,992 [INFO] FileExtend:255 - Standard Zip Deflate
2024-05-02 08:21:22,412 [INFO] LoadUrlFilesThread:156 - End of LoadUrlFiles Thread
2024-05-02 08:21:23,775 [WARN] MainUpdater:1194 - Updater busy. Cannot search thirdparties
2024-05-02 08:21:23,775 [INFO] ThirdPartyUpdaterWithRetryManager:96 - Updater plugin is busy. [4/15]
2024-05-02 08:21:24,266 [INFO] ServerAccessManage:473 - Download File crdb.zip
2024-05-02 08:21:25,725 [INFO] FileExtend:240 - Unzip File : crdb.zip
2024-05-02 08:21:25,726 [INFO] FileExtend:255 - Standard Zip Deflate
2024-05-02 08:21:25,855 [INFO] LoadUrlFilesThread:156 - End of LoadUrlFiles Thread
2024-05-02 08:21:26,013 [INFO] ServerAccessManage:473 - Download File tutoVideoDB.zip
2024-05-02 08:21:26,037 [INFO] FileExtend:240 - Unzip File : tutoVideoDB.zip
2024-05-02 08:21:26,037 [INFO] FileExtend:255 - Standard Zip Deflate
2024-05-02 08:21:26,163 [INFO] LoadUrlFilesThread:156 - End of LoadUrlFiles Thread
2024-05-02 08:21:26,164 [WARN] DbFile:41 - Overriding database path with different value: C:\Users\LeeJooho\.stmcufinder\plugins\mcufinder/ => C:\Users\LeeJooho\.stmcufinder\plugins\mcufinder
2024-05-02 08:21:26,331 [INFO] ServerAccessManage:473 - Download File api_config.json
2024-05-02 08:21:26,448 [INFO] LoadUrlFilesThread:156 - End of LoadUrlFiles Thread
2024-05-02 08:21:26,449 [INFO] DbMcusAds:53 - JSON generation date=Wed Nov 29 19:52:27 KST 2023 (1701255147349)
2024-05-02 08:21:26,480 [INFO] LoadUrlFilesThread:185 - End of LoadServerUrlFiles without Thread
2024-05-02 08:21:26,480 [INFO] TargetSelectorAdapter:259 - Refresh data is successful
2024-05-02 08:21:26,605 [INFO] ApiDb:581 - Connected to CubeFinder SQLite database (C:\Users\LeeJooho\.stmcufinder\plugins\mcufinder\mcu\cube-finder-db.db)
2024-05-02 08:21:26,716 [INFO] ApiDb:668 - CubeFinder database Data Model version=2.1
2024-05-02 08:21:26,717 [INFO] ApiDb:669 - CubeFinder database Configuration version=3.0.39
2024-05-02 08:21:26,717 [INFO] ApiDb:670 - CubeFinder database generation date=2024-04-16 (1713193726)
2024-05-02 08:21:26,717 [INFO] ApiDb:671 - CubeFinder database FW Pack versions=[FP-ATR-ASTRA1_V2.0.0, FP-SNS-FLIGHT1_V5.0.1, FP-SNS-FLIGHT1_V5.0.2, FP-SNS-MOTENV1_V4.3.1, FP-SNS-MOTENV1_V4.3.2, FP-SNS-MOTENVWB1_V1.3.1, FP-SNS-SMARTAG2_V1.2.0, STM32Cube_FW_C0_V1.1.0, STM32Cube_FW_F4_V1.28.0, STM32Cube_FW_F7_V1.17.0, STM32Cube_FW_G0_V1.6.2, STM32Cube_FW_G4_V1.5.2, STM32Cube_FW_H5_V0.5.1, STM32Cube_FW_H5_V1.1.1, STM32Cube_FW_H5_V1.2.0, STM32Cube_FW_H5_V1.2.0RC4, STM32Cube_FW_H7RS_V1.0.0, STM32Cube_FW_H7RS_V1.0.0RC4, STM32Cube_FW_H7_V1.11.0, STM32Cube_FW_L0_V1.12.2, STM32Cube_FW_L5_V1.5.1, STM32Cube_FW_U0_V1.0.0, STM32Cube_FW_U0_V1.0.0RC1, STM32Cube_FW_U5_V1.3.0RC4, STM32Cube_FW_U5_V1.5.0, STM32Cube_FW_U5_V1.5.0RC1, STM32Cube_FW_WBA_V1.0.0RC1, STM32Cube_FW_WBA_V1.2.0, STM32Cube_FW_WBA_V1.2.0RC2, STM32Cube_FW_WBA_V1.3.0, STM32Cube_FW_WBA_V1.3.0RC1, STM32Cube_FW_WB_V1.15.0RC1, STM32Cube_FW_WB_V1.16.0, STM32Cube_FW_WB_V1.16.0RC2, STM32Cube_FW_WB_V1.18.0, STM32Cube_FW_WB_V1.19.0, STM32Cube_FW_WL_V1.3.0, X-CUBE-ALGOBUILD_V1.3.0, X-CUBE-ALS_V1.0.1, X-CUBE-AZRTOS-F4_V1.1.0, X-CUBE-AZRTOS-F7_V1.1.0, X-CUBE-AZRTOS-G0_V1.1.0, X-CUBE-AZRTOS-G4_V2.0.0, X-CUBE-AZRTOS-H7_V3.2.0, X-CUBE-AZRTOS-L4_V1.0.0, X-CUBE-AZRTOS-L4_V2.0.0, X-CUBE-AZRTOS-L5_V1.1.0, X-CUBE-AZRTOS-WB_V2.0.0, X-CUBE-AZRTOS-WL_V2.0.0, X-CUBE-BLE1_V7.0.0, X-CUBE-BLE2_V3.3.0, X-CUBE-BLEMGR_V3.1.0, X-CUBE-EEPRMA1_V4.1.0, X-CUBE-EEPRMA1_V5.1.0, X-CUBE-FREERTOS_V1.1.0, X-CUBE-GNSS1_V6.0.0, X-CUBE-MEMS1_V10.0.0, X-CUBE-MEMS1_V9.1.0, X-CUBE-MEMS1_V9.4.0, X-CUBE-MEMS1_V9.6.0, X-CUBE-NFC4_V3.0.0, X-CUBE-NFC7_V1.0.1, X-CUBE-SFXS2LP1_V4.0.0, X-CUBE-SUBG2_V5.0.0, X-CUBE-TOF1_V3.4.0]
2024-05-02 08:21:27,221 [WARN] PackLoader:240 - Cannot read IP mode file for STMicroelectronics.FP-SNS-MOTENVWB1.1.4.0
2024-05-02 08:21:27,242 [WARN] PackLoader:240 - Cannot read IP mode file for STMicroelectronics.X-CUBE-SMBUS.2.1.0
2024-05-02 08:21:27,256 [WARN] PackLoader:240 - Cannot read IP mode file for STMicroelectronics.X-CUBE-TOUCHGFX.4.23.0
2024-05-02 08:21:27,270 [WARN] PackLoader:240 - Cannot read IP mode file for STMicroelectronics.X-CUBE-TOUCHGFX.4.23.2
2024-05-02 08:21:27,331 [WARN] PackLoader:240 - Cannot read IP mode file for STMicroelectronics.X-CUBE-AZRTOS-F7.1.1.0
2024-05-02 08:21:27,359 [WARN] PackLoader:240 - Cannot read IP mode file for STMicroelectronics.FP-SNS-MOTENV1.4.3.2
2024-05-02 08:21:27,381 [WARN] PackLoader:240 - Cannot read IP mode file for STMicroelectronics.FP-SNS-FLIGHT1.5.0.2
2024-05-02 08:21:27,405 [WARN] PackLoader:240 - Cannot read IP mode file for STMicroelectronics.X-CUBE-DISPLAY.3.0.0
2024-05-02 08:21:27,432 [WARN] PackLoader:240 - Cannot read IP mode file for STMicroelectronics.X-CUBE-BLE1.7.0.0
2024-05-02 08:21:27,453 [WARN] PackLoader:240 - Cannot read IP mode file for emotas.I-CUBE-CANOPEN.1.3.0
2024-05-02 08:21:27,468 [WARN] PackLoader:240 - Cannot read IP mode file for STMicroelectronics.X-CUBE-TOUCHGFX.4.22.1
2024-05-02 08:21:27,493 [WARN] PackLoader:240 - Cannot read IP mode file for STMicroelectronics.X-CUBE-BLEMGR.3.1.0
2024-05-02 08:21:27,511 [WARN] PackLoader:240 - Cannot read IP mode file for STMicroelectronics.FP-SNS-SMARTAG2.1.2.0
2024-05-02 08:21:27,535 [INFO] LogOutputStream:77 - [STDOUT_REDIRECT] 1 : Invalid condition id : UX_CORESTACK_Condition cause : null
2024-05-02 08:21:27,538 [INFO] LogOutputStream:77 - [STDOUT_REDIRECT] 1 : Invalid condition id : UX_CORESTACK_Condition cause : null
2024-05-02 08:21:27,540 [INFO] LogOutputStream:77 - [STDOUT_REDIRECT] 1 : Invalid condition id : UX_CORESTACK_Condition cause : null
2024-05-02 08:21:27,542 [INFO] LogOutputStream:77 - [STDOUT_REDIRECT] 1 : Invalid condition id : UX_CORESTACK_Condition cause : null
2024-05-02 08:21:27,545 [INFO] LogOutputStream:77 - [STDOUT_REDIRECT] 1 : Invalid condition id : UX_CORESTACK_Condition cause : null
2024-05-02 08:21:27,553 [WARN] PackLoader:240 - Cannot read IP mode file for STMicroelectronics.X-CUBE-AZRTOS-WL.2.0.0
2024-05-02 08:21:27,575 [WARN] PackLoader:240 - Cannot read IP mode file for STMicroelectronics.FP-SNS-MOTENV1.5.0.0
2024-05-02 08:21:27,597 [WARN] PackLoader:240 - Cannot read IP mode file for WES.I-CUBE-Cesium.1.3.0
2024-05-02 08:21:27,614 [WARN] PackLoader:240 - Cannot read IP mode file for STMicroelectronics.X-CUBE-BLE2.3.3.0
2024-05-02 08:21:27,633 [WARN] PackLoader:240 - Cannot read IP mode file for STMicroelectronics.X-CUBE-TCPP.4.1.0
2024-05-02 08:21:27,652 [WARN] PackLoader:240 - Cannot read IP mode file for STMicroelectronics.X-CUBE-ALGOBUILD.1.3.0
2024-05-02 08:21:27,688 [WARN] PackLoader:240 - Cannot read IP mode file for STMicroelectronics.X-CUBE-AZRTOS-G0.1.1.0
2024-05-02 08:21:27,710 [WARN] PackLoader:240 - Cannot read IP mode file for STMicroelectronics.X-CUBE-SAFEA1.1.2.2
2024-05-02 08:21:27,727 [WARN] PackLoader:240 - Cannot read IP mode file for STMicroelectronics.X-CUBE-NFC4.3.0.0
2024-05-02 08:21:27,749 [WARN] PackLoader:240 - Cannot read IP mode file for STMicroelectronics.X-CUBE-BLEMGR.3.0.0
2024-05-02 08:21:27,771 [WARN] PackLoader:240 - Cannot read IP mode file for STMicroelectronics.FP-ATR-SIGFOX1.3.2.0
2024-05-02 08:21:27,787 [WARN] PackLoader:240 - Cannot read IP mode file for STMicroelectronics.X-CUBE-EEPRMA1.5.1.0
2024-05-02 08:21:27,844 [WARN] PackLoader:240 - Cannot read IP mode file for SEGGER.I-CUBE-embOS.1.3.1
2024-05-02 08:21:27,909 [WARN] PackLoader:240 - Cannot read IP mode file for STMicroelectronics.X-CUBE-GNSS1.6.0.0
2024-05-02 08:21:27,957 [WARN] PackLoader:240 - Cannot read IP mode file for STMicroelectronics.X-CUBE-AZRTOS-F4.1.1.0
2024-05-02 08:21:27,978 [WARN] PackLoader:240 - Cannot read IP mode file for wolfSSL.I-CUBE-wolfSSL.5.6.4
2024-05-02 08:21:27,995 [WARN] PackLoader:240 - Cannot read IP mode file for STMicroelectronics.X-CUBE-FREERTOS.1.2.0
2024-05-02 08:21:28,037 [WARN] PackLoader:240 - Cannot read IP mode file for STMicroelectronics.X-CUBE-AZRTOS-L5.2.0.0
2024-05-02 08:21:28,058 [WARN] PackLoader:240 - Cannot read IP mode file for STMicroelectronics.X-CUBE-EEPRMA1.4.2.0
2024-05-02 08:21:28,081 [WARN] PackLoader:240 - Cannot read IP mode file for STMicroelectronics.X-CUBE-NFC6.3.1.0
2024-05-02 08:21:28,101 [WARN] PackLoader:240 - Cannot read IP mode file for ITTIA_DB.I-CUBE-ITTIADB.8.8.0
2024-05-02 08:21:28,115 [WARN] PackLoader:240 - Cannot read IP mode file for STMicroelectronics.X-CUBE-AI.9.0.0
2024-05-02 08:21:28,160 [WARN] ConditionMgr:438 - getConditionDescription Invalid condition id : UX DEVICE CLASS RTOS Condition cause : null
2024-05-02 08:21:28,160 [WARN] ConditionMgr:438 - getConditionDescription Invalid condition id : UX DEVICE CLASS RTOS Condition cause : null
2024-05-02 08:21:28,167 [WARN] PackLoader:240 - Cannot read IP mode file for STMicroelectronics.X-CUBE-AZRTOS-H7.3.1.0
2024-05-02 08:21:28,168 [WARN] ConditionMgr:1039 - genDependencies : Invalid condition id : UX DEVICE CLASS RTOS Condition cause : null
2024-05-02 08:21:28,169 [WARN] ConditionMgr:1039 - genDependencies : Invalid condition id : UX DEVICE CLASS RTOS Condition cause : null
2024-05-02 08:21:28,170 [WARN] ConditionMgr:1039 - genDependencies : Invalid condition id : UX DEVICE CLASS RTOS Condition cause : null
2024-05-02 08:21:28,172 [WARN] ConditionMgr:1039 - genDependencies : Invalid condition id : UX DEVICE CLASS RTOS Condition cause : null
2024-05-02 08:21:28,172 [WARN] ConditionMgr:1039 - genDependencies : Invalid condition id : UX DEVICE CLASS RTOS Condition cause : null
2024-05-02 08:21:28,193 [WARN] PackLoader:240 - Cannot read IP mode file for STMicroelectronics.X-CUBE-NFC7.1.0.1
2024-05-02 08:21:28,214 [WARN] PackLoader:240 - Cannot read IP mode file for STMicroelectronics.X-CUBE-NFC6.3.0.0
2024-05-02 08:21:28,231 [WARN] PackLoader:240 - Cannot read IP mode file for STMicroelectronics.X-CUBE-AI.8.1.0
2024-05-02 08:21:28,279 [WARN] ConditionMgr:438 - getConditionDescription Invalid condition id : LAN8742 Phy interface Condition cause : null
2024-05-02 08:21:28,280 [WARN] PackLoader:240 - Cannot read IP mode file for STMicroelectronics.X-CUBE-AZRTOS-L4.2.0.0
2024-05-02 08:21:28,282 [WARN] ConditionMgr:1039 - genDependencies : Invalid condition id : LAN8742 Phy interface Condition cause : null
2024-05-02 08:21:28,282 [WARN] ConditionMgr:1039 - genDependencies : Invalid condition id : LAN8742 Phy interface Condition cause : null
2024-05-02 08:21:28,283 [WARN] ConditionMgr:1039 - genDependencies : Invalid condition id : LAN8742 Phy interface Condition cause : null
2024-05-02 08:21:28,304 [WARN] PackLoader:240 - Cannot read IP mode file for STMicroelectronics.X-CUBE-SFXS2LP1.4.0.0
2024-05-02 08:21:28,320 [WARN] PackLoader:240 - Cannot read IP mode file for STMicroelectronics.X-CUBE-ISPU.1.1.0
2024-05-02 08:21:28,354 [WARN] ConditionMgr:438 - getConditionDescription Invalid condition id : UX DEVICE CLASS RTOS Condition cause : null
2024-05-02 08:21:28,354 [WARN] ConditionMgr:438 - getConditionDescription Invalid condition id : UX DEVICE CLASS RTOS Condition cause : null
2024-05-02 08:21:28,359 [WARN] PackLoader:240 - Cannot read IP mode file for STMicroelectronics.X-CUBE-AZRTOS-WB.2.0.0
2024-05-02 08:21:28,360 [WARN] ConditionMgr:1039 - genDependencies : Invalid condition id : UX DEVICE CLASS RTOS Condition cause : null
2024-05-02 08:21:28,360 [WARN] ConditionMgr:1039 - genDependencies : Invalid condition id : UX DEVICE CLASS RTOS Condition cause : null
2024-05-02 08:21:28,361 [WARN] ConditionMgr:1039 - genDependencies : Invalid condition id : UX DEVICE CLASS RTOS Condition cause : null
2024-05-02 08:21:28,361 [WARN] ConditionMgr:1039 - genDependencies : Invalid condition id : UX DEVICE CLASS RTOS Condition cause : null
2024-05-02 08:21:28,361 [WARN] ConditionMgr:1039 - genDependencies : Invalid condition id : UX DEVICE CLASS RTOS Condition cause : null
2024-05-02 08:21:28,393 [WARN] PackLoader:240 - Cannot read IP mode file for STMicroelectronics.X-CUBE-SUBG2.5.0.0
2024-05-02 08:21:28,430 [WARN] PackLoader:240 - Cannot read IP mode file for STMicroelectronics.X-CUBE-TOF1.3.3.1
2024-05-02 08:21:28,491 [WARN] PackLoader:240 - Cannot read IP mode file for STMicroelectronics.X-CUBE-AZRTOS-G4.2.0.0
2024-05-02 08:21:28,525 [WARN] PackLoader:240 - Cannot read IP mode file for Infineon.AIROC-Wi-Fi-Bluetooth-STM32.1.5.1
2024-05-02 08:21:28,545 [WARN] PackLoader:240 - Cannot read IP mode file for STMicroelectronics.FP-SNS-MOTENVWB1.1.3.0
2024-05-02 08:21:28,559 [WARN] PackLoader:240 - Cannot read IP mode file for STMicroelectronics.FP-SNS-MOTENVWB1.1.3.1
2024-05-02 08:21:28,573 [WARN] PackLoader:240 - Cannot read IP mode file for STMicroelectronics.X-CUBE-ISPU.2.0.0
2024-05-02 08:21:28,630 [WARN] PackLoader:240 - Cannot read IP mode file for STMicroelectronics.X-CUBE-MEMS1.10.0.0
2024-05-02 08:21:28,753 [WARN] PackLoader:240 - Cannot read IP mode file for STMicroelectronics.X-CUBE-FREERTOS.1.1.0
2024-05-02 08:21:28,769 [WARN] PackLoader:240 - Cannot read IP mode file for portGmbH.I-Cube-SoM-uGOAL.1.1.0
2024-05-02 08:21:28,782 [WARN] PackLoader:240 - Cannot read IP mode file for STMicroelectronics.X-CUBE-ALS.1.0.1
2024-05-02 08:21:28,814 [WARN] PackLoader:240 - Cannot read IP mode file for STMicroelectronics.X-CUBE-AZRTOS-H7RS.1.0.0
2024-05-02 08:21:28,835 [WARN] PackLoader:240 - Cannot read IP mode file for STMicroelectronics.FP-ATR-ASTRA1.2.0.0
2024-05-02 08:21:28,856 [WARN] PackLoader:240 - Cannot read IP mode file for STMicroelectronics.X-CUBE-TOF1.3.4.0
2024-05-02 08:21:28,885 [WARN] PackLoader:240 - Cannot read IP mode file for STMicroelectronics.X-CUBE-TOF1.3.4.1
2024-05-02 08:21:28,927 [WARN] PackLoader:240 - Cannot read IP mode file for STMicroelectronics.X-CUBE-AZRTOS-H7.3.2.0
2024-05-02 08:21:28,929 [INFO] ThirdParty:978 - Integrity check success = true
2024-05-02 08:21:28,929 [INFO] IntegrityCheckThread:100 - exiting critical section [integrity check]
2024-05-02 08:21:28,929 [INFO] IntegrityCheckThread:103 - End integrity checks thread
2024-05-02 08:21:29,963 [INFO] ApiDb:240 - Found 483 in-development CPN: [B-G473E-ZEST1S, B-WB1M-WPAN1, B-WL5M-SUBG1, NUCLEO-C031C6, NUCLEO-H503RB, NUCLEO-H533RE, NUCLEO-H563ZI, NUCLEO-H7S3L8, NUCLEO-U031R8, NUCLEO-U083RC, NUCLEO-U545RE-Q, NUCLEO-U5A5ZJ-Q, NUCLEO-WBA52CG, NUCLEO-WBA55CG, STEVAL-PROTEUS1, STEVAL-SMARTAG2, STEVAL-STWINBX1, STM320518-EVAL, STM32C0116-DK, STM32C011D6Y3TR, STM32C011D6Y6TR, STM32C011F4P3, STM32C011F4P6, STM32C011F4U3, STM32C011F4U6TR, STM32C011F6P3, STM32C011F6P6, STM32C011F6U3, STM32C011F6U6TR, STM32C011J4M3, STM32C011J4M6, STM32C011J6M3, STM32C011J6M6, STM32C0316-DK, STM32C031C4T3, STM32C031C4T6, STM32C031C4U3, STM32C031C4U6, STM32C031C6T3, STM32C031C6T6, STM32C031C6U3, STM32C031C6U6, STM32C031F4P3, STM32C031F4P6, STM32C031F6P3, STM32C031F6P6, STM32C031G4U3, STM32C031G4U6, STM32C031G6U3, STM32C031G6U6, STM32C031K4T3, STM32C031K4T6, STM32C031K4U3, STM32C031K4U6, STM32C031K6T3, STM32C031K6T6, STM32C031K6U3, STM32C031K6U6, STM32G071K8TXN, STM32G071K8UXN, STM32G081GBU6N, STM32G081KBT6N, STM32G081KBUXN, STM32G0B1CCT6N, STM32G0B1KCT6, STM32G0B1NEY6TR, STM32G0B1RCT6N, STM32G0C1CCT6, STM32G0C1CCT6N, STM32G0C1CCU6N, STM32G0C1CET6N, STM32G0C1CEU6N, STM32G0C1KCT6, STM32G0C1NEY6TR, STM32G0C1RCI6N, STM32G0C1RCT6N, STM32G0C1REI6N, STM32G0C1RET6N, STM32G0C1VCI6, STM32G0C1VEI6, STM32G471CCT6, STM32G471CCU6, STM32G471CET3, STM32G471CET6, STM32G471CEU3, STM32G471CEU6, STM32G471MCT6, STM32G471MET3, STM32G471MET6, STM32G471MEY6TR, STM32G471QCT6, STM32G471QET3, STM32G471RCT6, STM32G471RET3, STM32G471RET6, STM32G471VCH6, STM32G471VCI6, STM32G471VCT6, STM32G471VEH3, STM32G471VEH6, STM32G471VEI3, STM32G471VEI6, STM32G471VET3, STM32G471VET6, STM32G474CCT6, STM32H503CBT6, STM32H503CBU6, STM32H503EBY6TR, STM32H503KBU6, STM32H503RBT6, STM32H523CCT6, STM32H523CCU6, STM32H523CET6, STM32H523CEU6, STM32H523HEY6TR, STM32H523RCT6, STM32H523RET6, STM32H523VCI6, STM32H523VCT6, STM32H523VEI6, STM32H523VET6, STM32H523ZCJ6, STM32H523ZCT6, STM32H523ZEJ6, STM32H523ZET6, STM32H533CET6, STM32H533CEU6, STM32H533HEY6TR, STM32H533RET6, STM32H533VEI6, STM32H533VET6, STM32H533ZEJ6, STM32H533ZET6, STM32H562AGI6, STM32H562AII6, STM32H562IGK6, STM32H562IGT6, STM32H562IIK6, STM32H562IIT6, STM32H562RGT6, STM32H562RGV6, STM32H562RIT6, STM32H562RIV6, STM32H562VGT6, STM32H562VIT6, STM32H562ZGT6, STM32H562ZIT6, STM32H563AGI6, STM32H563AII3Q, STM32H563AII6, STM32H563IGK6, STM32H563IGT6, STM32H563IIK3Q, STM32H563IIK6, STM32H563IIT3Q, STM32H563IIT6, STM32H563MIY3QTR, STM32H563RGT6, STM32H563RGV6, STM32H563RIT6, STM32H563RIV6, STM32H563VGT6, STM32H563VIT3Q, STM32H563VIT6, STM32H563ZGT6, STM32H563ZIT3Q, STM32H563ZIT6, STM32H573AII3Q, STM32H573AII6, STM32H573I-DK, STM32H573IIK3Q, STM32H573IIK6, STM32H573IIT3Q, STM32H573IIT6, STM32H573MIY3QTR, STM32H573RIT6, STM32H573RIV6, STM32H573VIT3Q, STM32H573VIT6, STM32H573ZIT3Q, STM32H573ZIT6, STM32H7R3A8I6, STM32H7R3I8K6, STM32H7R3I8T6, STM32H7R3L8H6, STM32H7R3L8H6H, STM32H7R3R8V6, STM32H7R3V8H6, STM32H7R3V8T6, STM32H7R3V8Y6, STM32H7R3Z8J6, STM32H7R3Z8T6, STM32H7R7A8I6, STM32H7R7I8K6, STM32H7R7I8T6, STM32H7R7L8H6, STM32H7R7L8H6H, STM32H7R7Z8J6, STM32H7S3A8I6, STM32H7S3I8K6, STM32H7S3I8T6, STM32H7S3L8H6, STM32H7S3L8H6H, STM32H7S3R8V6, STM32H7S3V8H6, STM32H7S3V8T6, STM32H7S3V8Y6, STM32H7S3Z8J6, STM32H7S3Z8T6, STM32H7S78-DK, STM32H7S7A8I6, STM32H7S7I8K6, STM32H7S7I8T6, STM32H7S7L8H6, STM32H7S7L8H6H, STM32H7S7Z8J6, STM32L4R5QGI6STR, STM32MP131AAE3, STM32MP131AAF3, STM32MP131AAG3, STM32MP131CAE3, STM32MP131CAF3, STM32MP131CAG3, STM32MP131DAE7, STM32MP131DAF7, STM32MP131DAG7, STM32MP131FAE7, STM32MP131FAF7, STM32MP131FAG7, STM32MP133AAE3, STM32MP133AAF3, STM32MP133AAG3, STM32MP133CAE3, STM32MP133CAF3, STM32MP133CAG3, STM32MP133DAE7, STM32MP133DAF7, STM32MP133DAG7, STM32MP133FAE7, STM32MP133FAF7, STM32MP133FAG7, STM32MP135AAE3, STM32MP135AAF3, STM32MP135AAG3, STM32MP135CAE3, STM32MP135CAF3, STM32MP135CAG3, STM32MP135DAE7, STM32MP135DAF7, STM32MP135DAG7, STM32MP135F-DK, STM32MP135FAE7, STM32MP135FAF7, STM32MP135FAF7T, STM32MP135FAF7U, STM32MP135FAG7, STM32U031C6T6, STM32U031C6U6, STM32U031C8T6, STM32U031C8U6, STM32U031F4P6, STM32U031F6P6, STM32U031F8P6, STM32U031G6Y6TR, STM32U031G8Y6TR, STM32U031K4U6, STM32U031K6U6, STM32U031K8U6, STM32U031R6I6, STM32U031R6T6, STM32U031R8I6, STM32U031R8T6, STM32U073C8T6, STM32U073C8U6, STM32U073CBT6, STM32U073CBU6, STM32U073CCT6, STM32U073CCU6, STM32U073H8Y6TR, STM32U073HBY6TR, STM32U073HCY6TR, STM32U073K8U6, STM32U073KBU6, STM32U073KCU6, STM32U073M8I6, STM32U073M8T6, STM32U073MBI6, STM32U073MBT6, STM32U073MCI6, STM32U073MCT6, STM32U073R8I6, STM32U073R8T6, STM32U073RBI6, STM32U073RBT6, STM32U073RCI6, STM32U073RCT6, STM32U083C-DK, STM32U083CCT6, STM32U083CCU6, STM32U083HCY6TR, STM32U083KCU6, STM32U083MCI6, STM32U083MCT6, STM32U083RCI6, STM32U083RCT6, STM32U535CBT6, STM32U535CBT6Q, STM32U535CBU6, STM32U535CBU6Q, STM32U535CCT6, STM32U535CCT6Q, STM32U535CCU6, STM32U535CCU6Q, STM32U535CET6, STM32U535CET6Q, STM32U535CEU6, STM32U535CEU6Q, STM32U535JEY6QTR, STM32U535NCY6QTR, STM32U535NEY6QTR, STM32U535RBI6, STM32U535RBI6Q, STM32U535RBT6, STM32U535RBT6Q, STM32U535RCI6, STM32U535RCI6Q, STM32U535RCT6, STM32U535RCT6Q, STM32U535REI6, STM32U535REI6Q, STM32U535RET6, STM32U535RET6Q, STM32U535VCI6, STM32U535VCI6Q, STM32U535VCT6, STM32U535VCT6Q, STM32U535VEI6, STM32U535VEI6Q, STM32U535VET6, STM32U535VET6Q, STM32U545CET6, STM32U545CET6Q, STM32U545CEU6, STM32U545CEU6Q, STM32U545JEY6QTR, STM32U545NEY6QTR, STM32U545REI6, STM32U545REI6Q, STM32U545RET6, STM32U545RET6Q, STM32U545VEI6, STM32U545VEI6Q, STM32U545VET6, STM32U545VET6Q, STM32U595AIH6, STM32U595AIH6Q, STM32U595AJH6, STM32U595AJH6Q, STM32U595QII6, STM32U595QII6Q, STM32U595QJI6, STM32U595QJI6Q, STM32U595RIT6, STM32U595RIT6Q, STM32U595RJT6, STM32U595RJT6Q, STM32U595VIT6, STM32U595VIT6Q, STM32U595VJT6, STM32U595VJT6Q, STM32U595ZIT6, STM32U595ZIT6Q, STM32U595ZIY6QTR, STM32U595ZJT6, STM32U595ZJT6Q, STM32U595ZJY6QTR, STM32U599BJY6QTR, STM32U599NIH6Q, STM32U599NJH6Q, STM32U599VIT6Q, STM32U599VJT6, STM32U599VJT6Q, STM32U599ZIT6Q, STM32U599ZIY6QTR, STM32U599ZJT6Q, STM32U599ZJY6QTR, STM32U5A5AJH6, STM32U5A5AJH6Q, STM32U5A5QII3Q , STM32U5A5QJI6, STM32U5A5QJI6Q, STM32U5A5RJT6, STM32U5A5RJT6Q, STM32U5A5VJT6, STM32U5A5VJT6Q, STM32U5A5ZJT6, STM32U5A5ZJT6Q, STM32U5A5ZJY6QTR, STM32U5A9BJY6QTR, STM32U5A9J-DK, STM32U5A9NJH6Q, STM32U5A9VJT6Q, STM32U5A9ZJT6Q, STM32U5A9ZJY6QTR, STM32U5F7VIT6, STM32U5F7VIT6Q, STM32U5F7VJT6, STM32U5F7VJT6Q, STM32U5F9BJY6QTR, STM32U5F9NJH6Q, STM32U5F9VIT6Q, STM32U5F9VJT6Q, STM32U5F9ZIJ6QTR, STM32U5F9ZIT6Q, STM32U5F9ZJJ6QTR, STM32U5F9ZJT6Q, STM32U5G7VJT6, STM32U5G7VJT6Q, STM32U5G9BJY6QTR, STM32U5G9J-DK1, STM32U5G9J-DK2, STM32U5G9NJH6Q, STM32U5G9VJT6Q, STM32U5G9ZJJ6QTR, STM32U5G9ZJT6Q, STM32WB1MMCH6, STM32WBA50KEU6, STM32WBA50KEU6TR, STM32WBA50KGU6, STM32WBA50KGU6TR, STM32WBA52CEU6, STM32WBA52CEU6TR, STM32WBA52CEU7, STM32WBA52CEU7TR, STM32WBA52CGU6, STM32WBA52CGU6TR, STM32WBA52CGU6U, STM32WBA52CGU7, STM32WBA52CGU7TR, STM32WBA52KEU6, STM32WBA52KEU6TR, STM32WBA52KGU6, STM32WBA52KGU6TR, STM32WBA54CEU6, STM32WBA54CEU6TR, STM32WBA54CEU7, STM32WBA54CEU7TR, STM32WBA54CGU6, STM32WBA54CGU6TR, STM32WBA54CGU7, STM32WBA54CGU7TR, STM32WBA54KEU6, STM32WBA54KEU6TR, STM32WBA54KEU7, STM32WBA54KEU7TR, STM32WBA54KGU6, STM32WBA54KGU6TR, STM32WBA54KGU7, STM32WBA54KGU7TR, STM32WBA55CEU6, STM32WBA55CEU6TR, STM32WBA55CEU7, STM32WBA55CEU7TR, STM32WBA55CGU6, STM32WBA55CGU6TR, STM32WBA55CGU6U, STM32WBA55CGU7, STM32WBA55CGU7TR, STM32WBA55G-DK1, STM32WBA55HEF6, STM32WBA55HEF7, STM32WBA55HGF6, STM32WBA55HGF7, STM32WBA55UEI6, STM32WBA55UEI6TR, STM32WBA55UEI7, STM32WBA55UEI7TR, STM32WBA55UGI6, STM32WBA55UGI6TR, STM32WBA55UGI7, STM32WBA55UGI7TR, STM32WL5MOCH6, STM32WL5MOCH6TR]
2024-05-02 08:21:29,968 [INFO] DbMcus:218 - Found 4096 MCUs, 4096 are supported
2024-05-02 08:21:29,976 [INFO] ApiDb:423 - Load user favorites file C:\Users\LeeJooho/.stm32cubeide/favorites.mcus.txt: 2 item(s)
2024-05-02 08:21:29,976 [INFO] ApiDb:427 - User favorites MCUs=[STM32F103C8T6, STM32F446RET6]
2024-05-02 08:21:29,976 [INFO] DbMcus:224 - Set 2 / 2 favorites MCUs
2024-05-02 08:21:30,286 [INFO] ApiDb:668 - CubeFinder database Data Model version=2.1
2024-05-02 08:21:30,286 [INFO] ApiDb:669 - CubeFinder database Configuration version=3.0.39
2024-05-02 08:21:30,286 [INFO] ApiDb:670 - CubeFinder database generation date=2024-04-16 (1713193726)
2024-05-02 08:21:30,286 [INFO] ApiDb:671 - CubeFinder database FW Pack versions=[FP-ATR-ASTRA1_V2.0.0, FP-SNS-FLIGHT1_V5.0.1, FP-SNS-FLIGHT1_V5.0.2, FP-SNS-MOTENV1_V4.3.1, FP-SNS-MOTENV1_V4.3.2, FP-SNS-MOTENVWB1_V1.3.1, FP-SNS-SMARTAG2_V1.2.0, STM32Cube_FW_C0_V1.1.0, STM32Cube_FW_F4_V1.28.0, STM32Cube_FW_F7_V1.17.0, STM32Cube_FW_G0_V1.6.2, STM32Cube_FW_G4_V1.5.2, STM32Cube_FW_H5_V0.5.1, STM32Cube_FW_H5_V1.1.1, STM32Cube_FW_H5_V1.2.0, STM32Cube_FW_H5_V1.2.0RC4, STM32Cube_FW_H7RS_V1.0.0, STM32Cube_FW_H7RS_V1.0.0RC4, STM32Cube_FW_H7_V1.11.0, STM32Cube_FW_L0_V1.12.2, STM32Cube_FW_L5_V1.5.1, STM32Cube_FW_U0_V1.0.0, STM32Cube_FW_U0_V1.0.0RC1, STM32Cube_FW_U5_V1.3.0RC4, STM32Cube_FW_U5_V1.5.0, STM32Cube_FW_U5_V1.5.0RC1, STM32Cube_FW_WBA_V1.0.0RC1, STM32Cube_FW_WBA_V1.2.0, STM32Cube_FW_WBA_V1.2.0RC2, STM32Cube_FW_WBA_V1.3.0, STM32Cube_FW_WBA_V1.3.0RC1, STM32Cube_FW_WB_V1.15.0RC1, STM32Cube_FW_WB_V1.16.0, STM32Cube_FW_WB_V1.16.0RC2, STM32Cube_FW_WB_V1.18.0, STM32Cube_FW_WB_V1.19.0, STM32Cube_FW_WL_V1.3.0, X-CUBE-ALGOBUILD_V1.3.0, X-CUBE-ALS_V1.0.1, X-CUBE-AZRTOS-F4_V1.1.0, X-CUBE-AZRTOS-F7_V1.1.0, X-CUBE-AZRTOS-G0_V1.1.0, X-CUBE-AZRTOS-G4_V2.0.0, X-CUBE-AZRTOS-H7_V3.2.0, X-CUBE-AZRTOS-L4_V1.0.0, X-CUBE-AZRTOS-L4_V2.0.0, X-CUBE-AZRTOS-L5_V1.1.0, X-CUBE-AZRTOS-WB_V2.0.0, X-CUBE-AZRTOS-WL_V2.0.0, X-CUBE-BLE1_V7.0.0, X-CUBE-BLE2_V3.3.0, X-CUBE-BLEMGR_V3.1.0, X-CUBE-EEPRMA1_V4.1.0, X-CUBE-EEPRMA1_V5.1.0, X-CUBE-FREERTOS_V1.1.0, X-CUBE-GNSS1_V6.0.0, X-CUBE-MEMS1_V10.0.0, X-CUBE-MEMS1_V9.1.0, X-CUBE-MEMS1_V9.4.0, X-CUBE-MEMS1_V9.6.0, X-CUBE-NFC4_V3.0.0, X-CUBE-NFC7_V1.0.1, X-CUBE-SFXS2LP1_V4.0.0, X-CUBE-SUBG2_V5.0.0, X-CUBE-TOF1_V3.4.0]
2024-05-02 08:21:30,349 [INFO] DbBoardsSqlite:226 - include board P-NUCLEO-WB55-NUCLEO as a kit item of type 'Nucleo-64'
2024-05-02 08:21:30,349 [INFO] DbBoardsSqlite:226 - include board P-NUCLEO-WB55-USBDONGLE as a kit item of type 'Nucleo USB Dongle'
2024-05-02 08:21:30,349 [INFO] DbBoardsSqlite:226 - include board STEVAL-IDP005V1 as a kit item of type 'Evaluation Board'
2024-05-02 08:21:30,350 [INFO] DbBoardsSqlite:226 - include board STEVAL-IDP005V2 as a kit item of type 'Evaluation Board'
2024-05-02 08:21:30,410 [INFO] ApiDb:240 - Found 483 in-development CPN: [B-G473E-ZEST1S, B-WB1M-WPAN1, B-WL5M-SUBG1, NUCLEO-C031C6, NUCLEO-H503RB, NUCLEO-H533RE, NUCLEO-H563ZI, NUCLEO-H7S3L8, NUCLEO-U031R8, NUCLEO-U083RC, NUCLEO-U545RE-Q, NUCLEO-U5A5ZJ-Q, NUCLEO-WBA52CG, NUCLEO-WBA55CG, STEVAL-PROTEUS1, STEVAL-SMARTAG2, STEVAL-STWINBX1, STM320518-EVAL, STM32C0116-DK, STM32C011D6Y3TR, STM32C011D6Y6TR, STM32C011F4P3, STM32C011F4P6, STM32C011F4U3, STM32C011F4U6TR, STM32C011F6P3, STM32C011F6P6, STM32C011F6U3, STM32C011F6U6TR, STM32C011J4M3, STM32C011J4M6, STM32C011J6M3, STM32C011J6M6, STM32C0316-DK, STM32C031C4T3, STM32C031C4T6, STM32C031C4U3, STM32C031C4U6, STM32C031C6T3, STM32C031C6T6, STM32C031C6U3, STM32C031C6U6, STM32C031F4P3, STM32C031F4P6, STM32C031F6P3, STM32C031F6P6, STM32C031G4U3, STM32C031G4U6, STM32C031G6U3, STM32C031G6U6, STM32C031K4T3, STM32C031K4T6, STM32C031K4U3, STM32C031K4U6, STM32C031K6T3, STM32C031K6T6, STM32C031K6U3, STM32C031K6U6, STM32G071K8TXN, STM32G071K8UXN, STM32G081GBU6N, STM32G081KBT6N, STM32G081KBUXN, STM32G0B1CCT6N, STM32G0B1KCT6, STM32G0B1NEY6TR, STM32G0B1RCT6N, STM32G0C1CCT6, STM32G0C1CCT6N, STM32G0C1CCU6N, STM32G0C1CET6N, STM32G0C1CEU6N, STM32G0C1KCT6, STM32G0C1NEY6TR, STM32G0C1RCI6N, STM32G0C1RCT6N, STM32G0C1REI6N, STM32G0C1RET6N, STM32G0C1VCI6, STM32G0C1VEI6, STM32G471CCT6, STM32G471CCU6, STM32G471CET3, STM32G471CET6, STM32G471CEU3, STM32G471CEU6, STM32G471MCT6, STM32G471MET3, STM32G471MET6, STM32G471MEY6TR, STM32G471QCT6, STM32G471QET3, STM32G471RCT6, STM32G471RET3, STM32G471RET6, STM32G471VCH6, STM32G471VCI6, STM32G471VCT6, STM32G471VEH3, STM32G471VEH6, STM32G471VEI3, STM32G471VEI6, STM32G471VET3, STM32G471VET6, STM32G474CCT6, STM32H503CBT6, STM32H503CBU6, STM32H503EBY6TR, STM32H503KBU6, STM32H503RBT6, STM32H523CCT6, STM32H523CCU6, STM32H523CET6, STM32H523CEU6, STM32H523HEY6TR, STM32H523RCT6, STM32H523RET6, STM32H523VCI6, STM32H523VCT6, STM32H523VEI6, STM32H523VET6, STM32H523ZCJ6, STM32H523ZCT6, STM32H523ZEJ6, STM32H523ZET6, STM32H533CET6, STM32H533CEU6, STM32H533HEY6TR, STM32H533RET6, STM32H533VEI6, STM32H533VET6, STM32H533ZEJ6, STM32H533ZET6, STM32H562AGI6, STM32H562AII6, STM32H562IGK6, STM32H562IGT6, STM32H562IIK6, STM32H562IIT6, STM32H562RGT6, STM32H562RGV6, STM32H562RIT6, STM32H562RIV6, STM32H562VGT6, STM32H562VIT6, STM32H562ZGT6, STM32H562ZIT6, STM32H563AGI6, STM32H563AII3Q, STM32H563AII6, STM32H563IGK6, STM32H563IGT6, STM32H563IIK3Q, STM32H563IIK6, STM32H563IIT3Q, STM32H563IIT6, STM32H563MIY3QTR, STM32H563RGT6, STM32H563RGV6, STM32H563RIT6, STM32H563RIV6, STM32H563VGT6, STM32H563VIT3Q, STM32H563VIT6, STM32H563ZGT6, STM32H563ZIT3Q, STM32H563ZIT6, STM32H573AII3Q, STM32H573AII6, STM32H573I-DK, STM32H573IIK3Q, STM32H573IIK6, STM32H573IIT3Q, STM32H573IIT6, STM32H573MIY3QTR, STM32H573RIT6, STM32H573RIV6, STM32H573VIT3Q, STM32H573VIT6, STM32H573ZIT3Q, STM32H573ZIT6, STM32H7R3A8I6, STM32H7R3I8K6, STM32H7R3I8T6, STM32H7R3L8H6, STM32H7R3L8H6H, STM32H7R3R8V6, STM32H7R3V8H6, STM32H7R3V8T6, STM32H7R3V8Y6, STM32H7R3Z8J6, STM32H7R3Z8T6, STM32H7R7A8I6, STM32H7R7I8K6, STM32H7R7I8T6, STM32H7R7L8H6, STM32H7R7L8H6H, STM32H7R7Z8J6, STM32H7S3A8I6, STM32H7S3I8K6, STM32H7S3I8T6, STM32H7S3L8H6, STM32H7S3L8H6H, STM32H7S3R8V6, STM32H7S3V8H6, STM32H7S3V8T6, STM32H7S3V8Y6, STM32H7S3Z8J6, STM32H7S3Z8T6, STM32H7S78-DK, STM32H7S7A8I6, STM32H7S7I8K6, STM32H7S7I8T6, STM32H7S7L8H6, STM32H7S7L8H6H, STM32H7S7Z8J6, STM32L4R5QGI6STR, STM32MP131AAE3, STM32MP131AAF3, STM32MP131AAG3, STM32MP131CAE3, STM32MP131CAF3, STM32MP131CAG3, STM32MP131DAE7, STM32MP131DAF7, STM32MP131DAG7, STM32MP131FAE7, STM32MP131FAF7, STM32MP131FAG7, STM32MP133AAE3, STM32MP133AAF3, STM32MP133AAG3, STM32MP133CAE3, STM32MP133CAF3, STM32MP133CAG3, STM32MP133DAE7, STM32MP133DAF7, STM32MP133DAG7, STM32MP133FAE7, STM32MP133FAF7, STM32MP133FAG7, STM32MP135AAE3, STM32MP135AAF3, STM32MP135AAG3, STM32MP135CAE3, STM32MP135CAF3, STM32MP135CAG3, STM32MP135DAE7, STM32MP135DAF7, STM32MP135DAG7, STM32MP135F-DK, STM32MP135FAE7, STM32MP135FAF7, STM32MP135FAF7T, STM32MP135FAF7U, STM32MP135FAG7, STM32U031C6T6, STM32U031C6U6, STM32U031C8T6, STM32U031C8U6, STM32U031F4P6, STM32U031F6P6, STM32U031F8P6, STM32U031G6Y6TR, STM32U031G8Y6TR, STM32U031K4U6, STM32U031K6U6, STM32U031K8U6, STM32U031R6I6, STM32U031R6T6, STM32U031R8I6, STM32U031R8T6, STM32U073C8T6, STM32U073C8U6, STM32U073CBT6, STM32U073CBU6, STM32U073CCT6, STM32U073CCU6, STM32U073H8Y6TR, STM32U073HBY6TR, STM32U073HCY6TR, STM32U073K8U6, STM32U073KBU6, STM32U073KCU6, STM32U073M8I6, STM32U073M8T6, STM32U073MBI6, STM32U073MBT6, STM32U073MCI6, STM32U073MCT6, STM32U073R8I6, STM32U073R8T6, STM32U073RBI6, STM32U073RBT6, STM32U073RCI6, STM32U073RCT6, STM32U083C-DK, STM32U083CCT6, STM32U083CCU6, STM32U083HCY6TR, STM32U083KCU6, STM32U083MCI6, STM32U083MCT6, STM32U083RCI6, STM32U083RCT6, STM32U535CBT6, STM32U535CBT6Q, STM32U535CBU6, STM32U535CBU6Q, STM32U535CCT6, STM32U535CCT6Q, STM32U535CCU6, STM32U535CCU6Q, STM32U535CET6, STM32U535CET6Q, STM32U535CEU6, STM32U535CEU6Q, STM32U535JEY6QTR, STM32U535NCY6QTR, STM32U535NEY6QTR, STM32U535RBI6, STM32U535RBI6Q, STM32U535RBT6, STM32U535RBT6Q, STM32U535RCI6, STM32U535RCI6Q, STM32U535RCT6, STM32U535RCT6Q, STM32U535REI6, STM32U535REI6Q, STM32U535RET6, STM32U535RET6Q, STM32U535VCI6, STM32U535VCI6Q, STM32U535VCT6, STM32U535VCT6Q, STM32U535VEI6, STM32U535VEI6Q, STM32U535VET6, STM32U535VET6Q, STM32U545CET6, STM32U545CET6Q, STM32U545CEU6, STM32U545CEU6Q, STM32U545JEY6QTR, STM32U545NEY6QTR, STM32U545REI6, STM32U545REI6Q, STM32U545RET6, STM32U545RET6Q, STM32U545VEI6, STM32U545VEI6Q, STM32U545VET6, STM32U545VET6Q, STM32U595AIH6, STM32U595AIH6Q, STM32U595AJH6, STM32U595AJH6Q, STM32U595QII6, STM32U595QII6Q, STM32U595QJI6, STM32U595QJI6Q, STM32U595RIT6, STM32U595RIT6Q, STM32U595RJT6, STM32U595RJT6Q, STM32U595VIT6, STM32U595VIT6Q, STM32U595VJT6, STM32U595VJT6Q, STM32U595ZIT6, STM32U595ZIT6Q, STM32U595ZIY6QTR, STM32U595ZJT6, STM32U595ZJT6Q, STM32U595ZJY6QTR, STM32U599BJY6QTR, STM32U599NIH6Q, STM32U599NJH6Q, STM32U599VIT6Q, STM32U599VJT6, STM32U599VJT6Q, STM32U599ZIT6Q, STM32U599ZIY6QTR, STM32U599ZJT6Q, STM32U599ZJY6QTR, STM32U5A5AJH6, STM32U5A5AJH6Q, STM32U5A5QII3Q , STM32U5A5QJI6, STM32U5A5QJI6Q, STM32U5A5RJT6, STM32U5A5RJT6Q, STM32U5A5VJT6, STM32U5A5VJT6Q, STM32U5A5ZJT6, STM32U5A5ZJT6Q, STM32U5A5ZJY6QTR, STM32U5A9BJY6QTR, STM32U5A9J-DK, STM32U5A9NJH6Q, STM32U5A9VJT6Q, STM32U5A9ZJT6Q, STM32U5A9ZJY6QTR, STM32U5F7VIT6, STM32U5F7VIT6Q, STM32U5F7VJT6, STM32U5F7VJT6Q, STM32U5F9BJY6QTR, STM32U5F9NJH6Q, STM32U5F9VIT6Q, STM32U5F9VJT6Q, STM32U5F9ZIJ6QTR, STM32U5F9ZIT6Q, STM32U5F9ZJJ6QTR, STM32U5F9ZJT6Q, STM32U5G7VJT6, STM32U5G7VJT6Q, STM32U5G9BJY6QTR, STM32U5G9J-DK1, STM32U5G9J-DK2, STM32U5G9NJH6Q, STM32U5G9VJT6Q, STM32U5G9ZJJ6QTR, STM32U5G9ZJT6Q, STM32WB1MMCH6, STM32WBA50KEU6, STM32WBA50KEU6TR, STM32WBA50KGU6, STM32WBA50KGU6TR, STM32WBA52CEU6, STM32WBA52CEU6TR, STM32WBA52CEU7, STM32WBA52CEU7TR, STM32WBA52CGU6, STM32WBA52CGU6TR, STM32WBA52CGU6U, STM32WBA52CGU7, STM32WBA52CGU7TR, STM32WBA52KEU6, STM32WBA52KEU6TR, STM32WBA52KGU6, STM32WBA52KGU6TR, STM32WBA54CEU6, STM32WBA54CEU6TR, STM32WBA54CEU7, STM32WBA54CEU7TR, STM32WBA54CGU6, STM32WBA54CGU6TR, STM32WBA54CGU7, STM32WBA54CGU7TR, STM32WBA54KEU6, STM32WBA54KEU6TR, STM32WBA54KEU7, STM32WBA54KEU7TR, STM32WBA54KGU6, STM32WBA54KGU6TR, STM32WBA54KGU7, STM32WBA54KGU7TR, STM32WBA55CEU6, STM32WBA55CEU6TR, STM32WBA55CEU7, STM32WBA55CEU7TR, STM32WBA55CGU6, STM32WBA55CGU6TR, STM32WBA55CGU6U, STM32WBA55CGU7, STM32WBA55CGU7TR, STM32WBA55G-DK1, STM32WBA55HEF6, STM32WBA55HEF7, STM32WBA55HGF6, STM32WBA55HGF7, STM32WBA55UEI6, STM32WBA55UEI6TR, STM32WBA55UEI7, STM32WBA55UEI7TR, STM32WBA55UGI6, STM32WBA55UGI6TR, STM32WBA55UGI7, STM32WBA55UGI7TR, STM32WL5MOCH6, STM32WL5MOCH6TR]
2024-05-02 08:21:30,568 [INFO] BoardInfo:889 - No configuration file found for board P-NUCLEO-WB55
2024-05-02 08:21:30,568 [INFO] DbBoards:161 - Kit is not supported: P-NUCLEO-WB55
2024-05-02 08:21:30,575 [INFO] BoardInfo:889 - No configuration file found for board STEVAL-BFA001V1B
2024-05-02 08:21:30,575 [INFO] DbBoards:161 - Kit is not supported: STEVAL-BFA001V1B
2024-05-02 08:21:30,576 [INFO] BoardInfo:889 - No configuration file found for board STEVAL-BFA001V2B
2024-05-02 08:21:30,577 [INFO] DbBoards:161 - Kit is not supported: STEVAL-BFA001V2B
2024-05-02 08:21:30,728 [INFO] DbBoards:168 - Found 199 boards, 196 are supported
2024-05-02 08:21:30,729 [INFO] DbBoards:169 - Found 199 boards, 8 of them is supported for  Bsp
2024-05-02 08:21:30,737 [INFO] ApiDb:423 - Load user favorites file C:\Users\LeeJooho/.stm32cubeide/favorites.boards.txt: 1 item(s)
2024-05-02 08:21:30,737 [INFO] ApiDb:427 - User favorites Boards=[NUCLEO-F411RE]
2024-05-02 08:21:30,738 [INFO] DbBoards:198 - Set 1 / 1 favorites Boards
2024-05-02 08:21:30,740 [INFO] ApiDb:668 - CubeFinder database Data Model version=2.1
2024-05-02 08:21:30,740 [INFO] ApiDb:669 - CubeFinder database Configuration version=3.0.39
2024-05-02 08:21:30,740 [INFO] ApiDb:670 - CubeFinder database generation date=2024-04-16 (1713193726)
2024-05-02 08:21:30,740 [INFO] ApiDb:671 - CubeFinder database FW Pack versions=[FP-ATR-ASTRA1_V2.0.0, FP-SNS-FLIGHT1_V5.0.1, FP-SNS-FLIGHT1_V5.0.2, FP-SNS-MOTENV1_V4.3.1, FP-SNS-MOTENV1_V4.3.2, FP-SNS-MOTENVWB1_V1.3.1, FP-SNS-SMARTAG2_V1.2.0, STM32Cube_FW_C0_V1.1.0, STM32Cube_FW_F4_V1.28.0, STM32Cube_FW_F7_V1.17.0, STM32Cube_FW_G0_V1.6.2, STM32Cube_FW_G4_V1.5.2, STM32Cube_FW_H5_V0.5.1, STM32Cube_FW_H5_V1.1.1, STM32Cube_FW_H5_V1.2.0, STM32Cube_FW_H5_V1.2.0RC4, STM32Cube_FW_H7RS_V1.0.0, STM32Cube_FW_H7RS_V1.0.0RC4, STM32Cube_FW_H7_V1.11.0, STM32Cube_FW_L0_V1.12.2, STM32Cube_FW_L5_V1.5.1, STM32Cube_FW_U0_V1.0.0, STM32Cube_FW_U0_V1.0.0RC1, STM32Cube_FW_U5_V1.3.0RC4, STM32Cube_FW_U5_V1.5.0, STM32Cube_FW_U5_V1.5.0RC1, STM32Cube_FW_WBA_V1.0.0RC1, STM32Cube_FW_WBA_V1.2.0, STM32Cube_FW_WBA_V1.2.0RC2, STM32Cube_FW_WBA_V1.3.0, STM32Cube_FW_WBA_V1.3.0RC1, STM32Cube_FW_WB_V1.15.0RC1, STM32Cube_FW_WB_V1.16.0, STM32Cube_FW_WB_V1.16.0RC2, STM32Cube_FW_WB_V1.18.0, STM32Cube_FW_WB_V1.19.0, STM32Cube_FW_WL_V1.3.0, X-CUBE-ALGOBUILD_V1.3.0, X-CUBE-ALS_V1.0.1, X-CUBE-AZRTOS-F4_V1.1.0, X-CUBE-AZRTOS-F7_V1.1.0, X-CUBE-AZRTOS-G0_V1.1.0, X-CUBE-AZRTOS-G4_V2.0.0, X-CUBE-AZRTOS-H7_V3.2.0, X-CUBE-AZRTOS-L4_V1.0.0, X-CUBE-AZRTOS-L4_V2.0.0, X-CUBE-AZRTOS-L5_V1.1.0, X-CUBE-AZRTOS-WB_V2.0.0, X-CUBE-AZRTOS-WL_V2.0.0, X-CUBE-BLE1_V7.0.0, X-CUBE-BLE2_V3.3.0, X-CUBE-BLEMGR_V3.1.0, X-CUBE-EEPRMA1_V4.1.0, X-CUBE-EEPRMA1_V5.1.0, X-CUBE-FREERTOS_V1.1.0, X-CUBE-GNSS1_V6.0.0, X-CUBE-MEMS1_V10.0.0, X-CUBE-MEMS1_V9.1.0, X-CUBE-MEMS1_V9.4.0, X-CUBE-MEMS1_V9.6.0, X-CUBE-NFC4_V3.0.0, X-CUBE-NFC7_V1.0.1, X-CUBE-SFXS2LP1_V4.0.0, X-CUBE-SUBG2_V5.0.0, X-CUBE-TOF1_V3.4.0]
2024-05-02 08:21:31,472 [ERROR] DbExamplesSqlite:437 - Missing JSON key: board_cpn
2024-05-02 08:21:31,472 [ERROR] DbExamplesSqlite:437 - Missing JSON key: board_cpn
2024-05-02 08:21:31,473 [ERROR] DbExamplesSqlite:437 - Missing JSON key: board_cpn
2024-05-02 08:21:31,473 [ERROR] DbExamplesSqlite:437 - Missing JSON key: board_cpn
2024-05-02 08:21:31,568 [INFO] DbExamplesSqlite:395 - Ignored 60 examples not supported by CubeIDE
2024-05-02 08:21:31,568 [INFO] DbExamplesSqlite:396 - Found 8152 examples active
2024-05-02 08:21:31,568 [INFO] DbExamplesSqlite:397 - Found 871 examples obsolete
2024-05-02 08:21:31,568 [INFO] DbExamplesSqlite:398 - Found 0 examples under development
2024-05-02 08:21:31,568 [INFO] DbExamplesSqlite:399 - Found 10 examples not building
2024-05-02 08:21:31,570 [INFO] DbExamples:125 - Found 8102 examples
2024-05-02 08:21:31,581 [INFO] DbExamples:222 - Found 101 boards with related examples
2024-05-02 08:21:31,582 [INFO] DbExamples:235 - Found 86 MCUs with related examples
2024-05-02 08:21:31,599 [INFO] ApiDb:414 - User favorites file not found: C:\Users\LeeJooho/.stm32cubeide/favorites.examples.txt
2024-05-02 08:21:31,599 [INFO] DbExamples:250 - Set 0 / 0 favorites Examples
2024-05-02 08:21:31,969 [INFO] McuFinderGlobals:76 - Set McuFinderConnectedMode to true
2024-05-02 08:21:31,979 [INFO] MultiScanPanel:200 - Auto-refresh data requested => check proxy status ongoing
2024-05-02 08:21:31,984 [INFO] FinderPluginLoader:95 - Searching for filters in installed packs
2024-05-02 08:21:33,369 [INFO] LoadUrlFilesThread:185 - End of LoadServerUrlFiles without Thread
2024-05-02 08:21:33,382 [INFO] DetailPanel:341 - Set advertising image to C:/Users/LeeJooho/STM32Cube/Repository/\en.prom-stm32wl3-mcu-finder.jpg
2024-05-02 08:22:49,727 [INFO] McuAction:198 - https://www.st.com/content/ccc/fragment/product_related/rpn_information/product_circuit_diagram/f4/56/2e/95/3b/80/43/12/bd_stm32f102x8_64k.jpg/files/bd_stm32f102x8_64k.jpg/jcr:content/translations/en.bd_stm32f102x8_64k.jpg
2024-05-02 08:22:49,727 [INFO] McuDetailPanel:502 - Internet connection configuration mode: 1
2024-05-02 08:22:49,731 [INFO] WebAppUi:294 - Instantiating new browser for Project
2024-05-02 08:22:49,978 [INFO] WebAppUi:1191 - Register for checkConnection events
2024-05-02 08:22:49,979 [INFO] WebAppUi:1226 - Apply proxy settings
2024-05-02 08:22:49,979 [INFO] WebAppUi:1264 - Chromium requires no authentication
2024-05-02 08:22:49,980 [INFO] WebAppUi:1250 - Direct internet connection detected
2024-05-02 08:22:49,984 [INFO] WebAppUi:320 - Starting web application
2024-05-02 08:22:49,984 [INFO] WebAppUi:1122 - Web application path used C:\ST\STM32CubeIDE_1.15.0\STM32CubeIDE\plugins\com.st.stm32cube.common.mx_6.11.0.202403141607\db\plugins\mcufinder\reactClient\index.html
2024-05-02 08:22:50,031 [INFO] WebAppUi:887 - Path where api_config.json is located C:\Users\LeeJooho\.stmcufinder\plugins\mcufinder//mcu/api_config.json
2024-05-02 08:22:50,031 [INFO] WebAppUi:888 - Setting api config in window object
2024-05-02 08:22:50,076 [WARN] WebAppUi:925 - Cannot access cad_preferences.json
2024-05-02 08:22:50,076 [WARN] WebAppUi:928 - Fallback to default consent
2024-05-02 08:22:50,078 [INFO] WebAppUi:896 - Path where cad_preferences.json is located C:\Users\LeeJooho/.stm32cubeide/
2024-05-02 08:22:50,078 [INFO] WebAppUi:897 - Setting consent info in window object
2024-05-02 08:22:50,725 [INFO] WebAppUi:792 - Allow Downloads
2024-05-02 08:22:50,726 [INFO] WebAppUi:294 - Instantiating new browser for Finder
2024-05-02 08:22:50,846 [INFO] WebAppUi:1056 - Web application message: [UlApiManager component] Connecting to SSO
2024-05-02 08:22:51,010 [INFO] WebAppUi:1191 - Register for checkConnection events
2024-05-02 08:22:51,011 [INFO] WebAppUi:1226 - Apply proxy settings
2024-05-02 08:22:51,011 [INFO] WebAppUi:1264 - Chromium requires no authentication
2024-05-02 08:22:51,011 [INFO] WebAppUi:1250 - Direct internet connection detected
2024-05-02 08:22:51,017 [INFO] WebAppUi:320 - Starting web application
2024-05-02 08:22:51,017 [INFO] WebAppUi:1122 - Web application path used C:\ST\STM32CubeIDE_1.15.0\STM32CubeIDE\plugins\com.st.stm32cube.common.mx_6.11.0.202403141607\db\plugins\mcufinder\reactClient\index.html
2024-05-02 08:22:51,029 [INFO] WebAppUi:887 - Path where api_config.json is located C:\Users\LeeJooho\.stmcufinder\plugins\mcufinder//mcu/api_config.json
2024-05-02 08:22:51,030 [INFO] WebAppUi:888 - Setting api config in window object
2024-05-02 08:22:51,060 [INFO] WebAppUi:896 - Path where cad_preferences.json is located C:\Users\LeeJooho/.stm32cubeide/
2024-05-02 08:22:51,060 [INFO] WebAppUi:897 - Setting consent info in window object
2024-05-02 08:22:51,673 [INFO] WebAppUi:792 - Allow Downloads
2024-05-02 08:22:51,673 [INFO] WebAppUi:613 - RPN selected STM32F103C8
2024-05-02 08:22:51,674 [INFO] WebAppUi:614 - RefName selected STM32F103C8Tx
2024-05-02 08:22:51,674 [INFO] WebAppUi:615 - CPN selected STM32F103C8T6
2024-05-02 08:22:51,677 [INFO] WebAppUi:1056 - Web application message: [UlApiManager component] Connecting to SSO
2024-05-02 08:22:51,681 [INFO] WebAppUi:778 - Which Bigleton in use 1 and which CPN is about STM32F103C8T6
2024-05-02 08:22:51,683 [INFO] WebAppUi:652 - Have injected Javascript into web application
2024-05-02 08:22:51,683 [INFO] WebAppUiContainer:149 - Web application run mode: Finder CPN: STM32F103C8T6
2024-05-02 08:22:51,687 [INFO] McuAction:202 - CAD Resources
2024-05-02 08:22:51,783 [INFO] WebAppUi:1056 - Web application message: [UlApiManager component] Connected to Ultra Librarian SSO
2024-05-02 08:22:51,785 [INFO] WebAppUi:1056 - Web application message: [UlApiManager component] Connected to Ultra Librarian API
2024-05-02 08:22:52,704 [INFO] WebAppUi:1056 - Web application message: [UlApiManager component] Connected to Ultra Librarian SSO
2024-05-02 08:22:52,706 [INFO] WebAppUi:1056 - Web application message: [UlApiManager component] Connected to Ultra Librarian API
2024-05-02 08:22:53,186 [INFO] WebAppUi:1056 - Web application message: CAD resources feature launch attempt
2024-05-02 08:22:55,949 [INFO] WebAppUi:887 - Path where api_config.json is located C:\Users\LeeJooho\.stmcufinder\plugins\mcufinder//mcu/api_config.json
2024-05-02 08:22:55,950 [INFO] WebAppUi:888 - Setting api config in window object
2024-05-02 08:22:55,983 [INFO] WebAppUi:896 - Path where cad_preferences.json is located C:\Users\LeeJooho/.stm32cubeide/
2024-05-02 08:22:55,983 [INFO] WebAppUi:897 - Setting consent info in window object
2024-05-02 08:22:57,519 [INFO] WebAppUi:1056 - Web application message: THREE.WebGLRenderer 101
2024-05-02 08:22:57,821 [INFO] WebAppUi:263 - Path where cad_preferences.json is located C:\Users\LeeJooho/.stm32cubeide/
2024-05-02 08:22:57,821 [INFO] WebAppUi:264 - Updating consent from JSON file
2024-05-02 08:22:57,823 [INFO] WebAppUi:263 - Path where cad_preferences.json is located C:\Users\LeeJooho/.stm32cubeide/
2024-05-02 08:22:57,823 [INFO] WebAppUi:264 - Updating consent from JSON file
2024-05-02 08:23:02,838 [INFO] WebAppUi:1056 - Web application message: CAD family uin use Autodesk
2024-05-02 08:23:25,374 [INFO] WebAppUi:1056 - Web application message: Consent true
2024-05-02 08:23:44,547 [ERROR] WebAppUi:168 - Success
2024-05-02 08:23:45,031 [INFO] WebAppUi:796 - START download
2024-05-02 08:23:46,970 [ERROR] WebAppUi:168 - Success
2024-05-02 08:23:51,358 [ERROR] WebAppUi:168 - Success
2024-05-02 08:23:54,773 [INFO] WebAppUi:796 - START download
2024-05-02 08:23:54,774 [INFO] WebAppUi:796 - START download
2024-05-02 08:23:58,731 [INFO] WebAppUi:818 - CAD file path*****C:\Users\LeeJooho\Desktop\CAD_models_STM32F103C8T6.zip
2024-05-02 08:23:58,983 [INFO] WebAppUi:871 - Progress 100.0%
2024-05-02 08:23:58,983 [INFO] WebAppUi:881 - receivedBytes 46749
2024-05-02 08:29:04,604 [INFO] MainUpdater:2873 - connection check result : 10
2024-05-02 08:29:04,605 [INFO] MainUpdater:2873 - connection check result : 10
2024-05-02 08:29:04,642 [INFO] MicroXplorer:468 - Change Database Path : 
2024-05-02 08:29:04,642 [INFO] MicroXplorer:498 - Change Database Version : DB.6.0.110
2024-05-02 08:29:04,650 [WARN] ThirdParty:871 - waiting for thirdparty lock release [close project]
2024-05-02 08:29:04,650 [INFO] ThirdParty:873 - entering critical section [close project]
2024-05-02 08:29:04,651 [INFO] ThirdParty:883 - exiting critical section [close project]
2024-05-02 08:29:04,653 [INFO] PinOutPanel:1561 - setPackage(No Configuration,No Configuration)
2024-05-02 08:29:04,656 [INFO] UtilMem:75 - Begin LoadConfig() Used Memory: 719233440 Bytes (1073741824)
2024-05-02 08:29:04,657 [INFO] MicroXplorer:468 - Change Database Path : 
2024-05-02 08:29:04,657 [INFO] MicroXplorer:498 - Change Database Version : DB.6.0.110
2024-05-02 08:29:04,657 [INFO] OpenFileManager:312 - Change cursor
2024-05-02 08:29:04,922 [INFO] Mcu:2021 - Initializing MCU STM32F103C8Tx STM32F103C8Tx STM32F103C8T6
2024-05-02 08:29:06,051 [INFO] Context:663 - Trying to add GPIOservice into a context  which must be forbidden
2024-05-02 08:29:06,308 [INFO] ImportTextPane:194 - (OptionalMessage_ERROR) Unable to find key (Mcu.ThirdPartyNb) in loaded IOC file
2024-05-02 08:29:06,308 [INFO] ImportTextPane:194 - (OptionalMessage_ERROR) Unable to find key (Mcu.PinsNb) in loaded IOC file
2024-05-02 08:29:06,308 [INFO] ImportTextPane:194 - (OptionalMessage_ERROR) Unable to find key (Mcu.IPNb) in loaded IOC file
2024-05-02 08:29:06,408 [INFO] RtosManager:555 - Registered RTOS mode: class=CMSIS, group=RTOS, mode=CMSIS_V1, owner=FREERTOS
2024-05-02 08:29:06,408 [INFO] RtosManager:555 - Registered RTOS mode: class=CMSIS, group=RTOS2, mode=CMSIS_V2, owner=FREERTOS
2024-05-02 08:29:06,409 [INFO] RtosManager:555 - Registered RTOS mode: class=RTOS, group=Core, mode=CMSIS_V1, owner=FREERTOS
2024-05-02 08:29:06,409 [INFO] RtosManager:555 - Registered RTOS mode: class=RTOS, group=Core, mode=CMSIS_V2, owner=FREERTOS
2024-05-02 08:29:06,409 [WARN] ModelIntegratedComponent:184 - Missing modes for component STMicroelectronics:FreeRTOS:0.0.1:STMicroelectronics:RTOS:FreeRTOS:Core:::10.2.0:
2024-05-02 08:29:06,437 [WARN] ModelIntegratedComponent:63 - No mode defined for component null
2024-05-02 08:29:06,437 [WARN] ModelIntegratedComponent:63 - No mode defined for component null
2024-05-02 08:29:06,437 [WARN] ModelIntegratedComponent:63 - No mode defined for component null
2024-05-02 08:29:06,437 [WARN] ModelIntegratedComponent:63 - No mode defined for component null
2024-05-02 08:29:06,437 [WARN] ModelIntegratedComponent:63 - No mode defined for component null
2024-05-02 08:29:06,438 [WARN] ModelIntegratedComponent:63 - No mode defined for component null
2024-05-02 08:29:06,438 [WARN] ModelIntegratedComponent:63 - No mode defined for component null
2024-05-02 08:29:06,438 [WARN] ModelIntegratedComponent:63 - No mode defined for component null
2024-05-02 08:29:06,438 [WARN] ModelIntegratedComponent:63 - No mode defined for component null
2024-05-02 08:29:06,438 [WARN] ModelIntegratedComponent:63 - No mode defined for component null
2024-05-02 08:29:06,438 [WARN] ModelIntegratedComponent:63 - No mode defined for component null
2024-05-02 08:29:06,438 [WARN] ModelIntegratedComponent:63 - No mode defined for component null
2024-05-02 08:29:06,438 [WARN] ModelIntegratedComponent:63 - No mode defined for component null
2024-05-02 08:29:06,438 [WARN] ModelIntegratedComponent:63 - No mode defined for component null
2024-05-02 08:29:06,438 [WARN] ModelIntegratedComponent:63 - No mode defined for component null
2024-05-02 08:29:06,438 [WARN] ModelIntegratedComponent:63 - No mode defined for component null
2024-05-02 08:29:06,438 [WARN] ModelIntegratedComponent:63 - No mode defined for component null
2024-05-02 08:29:06,438 [WARN] ModelIntegratedComponent:63 - No mode defined for component null
2024-05-02 08:29:06,439 [WARN] ModelIntegratedComponent:63 - No mode defined for component null
2024-05-02 08:29:06,439 [WARN] ModelIntegratedComponent:63 - No mode defined for component null
2024-05-02 08:29:06,439 [WARN] ModelIntegratedComponent:63 - No mode defined for component null
2024-05-02 08:29:06,439 [WARN] ModelIntegratedComponent:63 - No mode defined for component null
2024-05-02 08:29:06,439 [WARN] ModelIntegratedComponent:63 - No mode defined for component null
2024-05-02 08:29:06,439 [WARN] ModelIntegratedComponent:63 - No mode defined for component null
2024-05-02 08:29:06,439 [WARN] ModelIntegratedComponent:63 - No mode defined for component null
2024-05-02 08:29:06,439 [WARN] ModelIntegratedComponent:63 - No mode defined for component null
2024-05-02 08:29:06,439 [WARN] ModelIntegratedComponent:63 - No mode defined for component null
2024-05-02 08:29:06,439 [WARN] ModelIntegratedComponent:63 - No mode defined for component null
2024-05-02 08:29:06,439 [WARN] ModelIntegratedComponent:63 - No mode defined for component null
2024-05-02 08:29:06,439 [WARN] ModelIntegratedComponent:63 - No mode defined for component null
2024-05-02 08:29:06,439 [WARN] ModelIntegratedComponent:63 - No mode defined for component null
2024-05-02 08:29:06,439 [WARN] ModelIntegratedComponent:63 - No mode defined for component null
2024-05-02 08:29:06,440 [WARN] ModelIntegratedComponent:63 - No mode defined for component null
2024-05-02 08:29:06,440 [WARN] ModelIntegratedComponent:63 - No mode defined for component null
2024-05-02 08:29:06,660 [INFO] ThirdPartyModel:298 - Start build external matchings
2024-05-02 08:29:07,562 [INFO] ThirdPartyModel:316 - End build external matchings
2024-05-02 08:29:07,822 [INFO] UtilMem:75 - End LoadConfig() Used Memory: 616140072 Bytes (1073741824)
2024-05-02 08:29:07,887 [WARN] ThirdParty:833 - waiting for thirdparty lock release [change project]
2024-05-02 08:29:07,887 [INFO] ThirdParty:835 - entering critical section [change project]
2024-05-02 08:29:07,887 [INFO] ThirdParty:1030 - CMSIS Pack Vendor :STMicroelectronics X-CUBE-ISPU 1.1.0
2024-05-02 08:29:07,888 [INFO] ThirdParty:1030 - CMSIS Pack Vendor :STMicroelectronics USBPD 4.1
2024-05-02 08:29:07,888 [INFO] ThirdParty:1030 - CMSIS Pack Vendor :STMicroelectronics X-CUBE-GNSS1 6.0.0
2024-05-02 08:29:07,888 [INFO] ThirdParty:1030 - CMSIS Pack Vendor :STMicroelectronics USB_HOST 2.0.0
2024-05-02 08:29:07,888 [INFO] ThirdParty:1030 - CMSIS Pack Vendor :STMicroelectronics FP-SNS-MOTENVWB1 1.4.0
2024-05-02 08:29:07,888 [INFO] ThirdParty:1030 - CMSIS Pack Vendor :STMicroelectronics X-CUBE-AZRTOS-F4 1.1.0
2024-05-02 08:29:07,888 [INFO] ThirdParty:1030 - CMSIS Pack Vendor :STMicroelectronics LIBJPEG 8.0.0
2024-05-02 08:29:07,888 [INFO] ThirdParty:1030 - CMSIS Pack Vendor :wolfSSL I-CUBE-wolfSSL 5.6.4
2024-05-02 08:29:07,888 [INFO] ThirdParty:1030 - CMSIS Pack Vendor :STMicroelectronics X-CUBE-SMBUS 2.1.0
2024-05-02 08:29:07,888 [INFO] ThirdParty:1030 - CMSIS Pack Vendor :STMicroelectronics USB_DEVICE 3.0.0
2024-05-02 08:29:07,888 [INFO] ThirdParty:1030 - CMSIS Pack Vendor :STMicroelectronics X-CUBE-TCPP 4.1.0
2024-05-02 08:29:07,888 [INFO] ThirdParty:1030 - CMSIS Pack Vendor :STMicroelectronics X-CUBE-FREERTOS 1.2.0
2024-05-02 08:29:07,888 [INFO] ThirdParty:1030 - CMSIS Pack Vendor :STMicroelectronics X-CUBE-AZRTOS-WB 2.0.0
2024-05-02 08:29:07,888 [INFO] ThirdParty:1030 - CMSIS Pack Vendor :STMicroelectronics X-CUBE-TOUCHGFX 4.23.0
2024-05-02 08:29:07,889 [INFO] ThirdParty:1030 - CMSIS Pack Vendor :STMicroelectronics X-CUBE-TOUCHGFX 4.23.2
2024-05-02 08:29:07,889 [INFO] ThirdParty:1030 - CMSIS Pack Vendor :STMicroelectronics X-CUBE-AZRTOS-F7 1.1.0
2024-05-02 08:29:07,889 [INFO] ThirdParty:1030 - CMSIS Pack Vendor :STMicroelectronics X-CUBE-AZRTOS-L5 2.0.0
2024-05-02 08:29:07,889 [INFO] ThirdParty:1030 - CMSIS Pack Vendor :STMicroelectronics USB_DEVICE 2.0.0
2024-05-02 08:29:07,889 [INFO] ThirdParty:1030 - CMSIS Pack Vendor :STMicroelectronics X-CUBE-EEPRMA1 4.2.0
2024-05-02 08:29:07,889 [INFO] ThirdParty:1030 - CMSIS Pack Vendor :STMicroelectronics X-CUBE-NFC6 3.1.0
2024-05-02 08:29:07,889 [INFO] ThirdParty:1030 - CMSIS Pack Vendor :ITTIA_DB I-CUBE-ITTIADB 8.8.0
2024-05-02 08:29:07,889 [INFO] ThirdParty:1030 - CMSIS Pack Vendor :STMicroelectronics FP-SNS-MOTENV1 4.3.2
2024-05-02 08:29:07,889 [INFO] ThirdParty:1030 - CMSIS Pack Vendor :STMicroelectronics X-CUBE-ALGOBUILD 1.3.0
2024-05-02 08:29:07,890 [INFO] ThirdParty:1030 - CMSIS Pack Vendor :STMicroelectronics FreeRTOS 0.0.1
2024-05-02 08:29:07,890 [INFO] ThirdParty:1030 - CMSIS Pack Vendor :STMicroelectronics X-CUBE-AZRTOS-G0 1.1.0
2024-05-02 08:29:07,890 [INFO] ThirdParty:1030 - CMSIS Pack Vendor :STMicroelectronics X-CUBE-SAFEA1 1.2.2
2024-05-02 08:29:07,890 [INFO] ThirdParty:1030 - CMSIS Pack Vendor :STMicroelectronics X-CUBE-NFC4 3.0.0
2024-05-02 08:29:07,890 [INFO] ThirdParty:1030 - CMSIS Pack Vendor :STMicroelectronics X-CUBE-SUBG2 5.0.0
2024-05-02 08:29:07,890 [INFO] ThirdParty:1030 - CMSIS Pack Vendor :STMicroelectronics STM32_WPAN 1.0.0
2024-05-02 08:29:07,890 [INFO] ThirdParty:1030 - CMSIS Pack Vendor :STMicroelectronics lwIP 2.0.3
2024-05-02 08:29:07,891 [INFO] ThirdParty:1030 - CMSIS Pack Vendor :STMicroelectronics FP-SNS-FLIGHT1 5.0.2
2024-05-02 08:29:07,891 [INFO] ThirdParty:1030 - CMSIS Pack Vendor :STMicroelectronics USB_HOST 1.0.0
2024-05-02 08:29:07,891 [INFO] ThirdParty:1030 - CMSIS Pack Vendor :STMicroelectronics X-CUBE-TOF1 3.3.1
2024-05-02 08:29:07,891 [INFO] ThirdParty:1030 - CMSIS Pack Vendor :STMicroelectronics X-CUBE-AI 9.0.0
2024-05-02 08:29:07,891 [INFO] ThirdParty:1030 - CMSIS Pack Vendor :STMicroelectronics X-CUBE-AZRTOS-G4 2.0.0
2024-05-02 08:29:07,891 [INFO] ThirdParty:1030 - CMSIS Pack Vendor :STMicroelectronics PDM2PCM 3.1.0
2024-05-02 08:29:07,891 [INFO] ThirdParty:1030 - CMSIS Pack Vendor :STMicroelectronics X-CUBE-AZRTOS-H7 3.1.0
2024-05-02 08:29:07,891 [INFO] ThirdParty:1030 - CMSIS Pack Vendor :Infineon AIROC-Wi-Fi-Bluetooth-STM32 1.5.1
2024-05-02 08:29:07,891 [INFO] ThirdParty:1030 - CMSIS Pack Vendor :STMicroelectronics X-CUBE-BLEMGR 3.0.0
2024-05-02 08:29:07,892 [INFO] ThirdParty:1030 - CMSIS Pack Vendor :STMicroelectronics PDM2PCM 3.3.0
2024-05-02 08:29:07,892 [INFO] ThirdParty:1030 - CMSIS Pack Vendor :STMicroelectronics X-CUBE-DISPLAY 3.0.0
2024-05-02 08:29:07,892 [INFO] ThirdParty:1030 - CMSIS Pack Vendor :STMicroelectronics FP-SNS-MOTENVWB1 1.3.0
2024-05-02 08:29:07,892 [INFO] ThirdParty:1030 - CMSIS Pack Vendor :STMicroelectronics FP-SNS-MOTENVWB1 1.3.1
2024-05-02 08:29:07,892 [INFO] ThirdParty:1030 - CMSIS Pack Vendor :STMicroelectronics X-CUBE-BLE1 7.0.0
2024-05-02 08:29:07,892 [INFO] ThirdParty:1030 - CMSIS Pack Vendor :STMicroelectronics FP-ATR-SIGFOX1 3.2.0
2024-05-02 08:29:07,892 [INFO] ThirdParty:1030 - CMSIS Pack Vendor :STMicroelectronics X-CUBE-ISPU 2.0.0
2024-05-02 08:29:07,892 [INFO] ThirdParty:1030 - CMSIS Pack Vendor :STMicroelectronics X-CUBE-EEPRMA1 5.1.0
2024-05-02 08:29:07,893 [INFO] ThirdParty:1030 - CMSIS Pack Vendor :STMicroelectronics HAL Drivers 0.0.0
2024-05-02 08:29:07,893 [INFO] ThirdParty:1030 - CMSIS Pack Vendor :STMicroelectronics MBEDTLS 2.16.2
2024-05-02 08:29:07,893 [INFO] ThirdParty:1030 - CMSIS Pack Vendor :emotas I-CUBE-CANOPEN 1.3.0
2024-05-02 08:29:07,893 [INFO] ThirdParty:1030 - CMSIS Pack Vendor :STMicroelectronics X-CUBE-MEMS1 10.0.0
2024-05-02 08:29:07,893 [INFO] ThirdParty:1030 - CMSIS Pack Vendor :STMicroelectronics X-CUBE-FREERTOS 1.1.0
2024-05-02 08:29:07,893 [INFO] ThirdParty:1030 - CMSIS Pack Vendor :STMicroelectronics X-CUBE-NFC7 1.0.1
2024-05-02 08:29:07,893 [INFO] ThirdParty:1030 - CMSIS Pack Vendor :STMicroelectronics MBEDTLS 2.14.1
2024-05-02 08:29:07,893 [INFO] ThirdParty:1030 - CMSIS Pack Vendor :STMicroelectronics X-CUBE-TOUCHGFX 4.22.1
2024-05-02 08:29:07,894 [INFO] ThirdParty:1030 - CMSIS Pack Vendor :STMicroelectronics X-CUBE-NFC6 3.0.0
2024-05-02 08:29:07,894 [INFO] ThirdParty:1030 - CMSIS Pack Vendor :portGmbH I-Cube-SoM-uGOAL 1.1.0
2024-05-02 08:29:07,894 [INFO] ThirdParty:1030 - CMSIS Pack Vendor :STMicroelectronics X-CUBE-ALS 1.0.1
2024-05-02 08:29:07,895 [INFO] ThirdParty:1030 - CMSIS Pack Vendor :STMicroelectronics X-CUBE-BLEMGR 3.1.0
2024-05-02 08:29:07,895 [INFO] ThirdParty:1030 - CMSIS Pack Vendor :STMicroelectronics ThreadX 1.0.0
2024-05-02 08:29:07,895 [INFO] ThirdParty:1030 - CMSIS Pack Vendor :STMicroelectronics FP-SNS-SMARTAG2 1.2.0
2024-05-02 08:29:07,895 [INFO] ThirdParty:1030 - CMSIS Pack Vendor :STMicroelectronics X-CUBE-AZRTOS-WL 2.0.0
2024-05-02 08:29:07,895 [INFO] ThirdParty:1030 - CMSIS Pack Vendor :SEGGER I-CUBE-embOS 1.3.1
2024-05-02 08:29:07,895 [INFO] ThirdParty:1030 - CMSIS Pack Vendor :STMicroelectronics FP-SNS-MOTENV1 5.0.0
2024-05-02 08:29:07,895 [INFO] ThirdParty:1030 - CMSIS Pack Vendor :STMicroelectronics USB_DEVICE 1.0.0
2024-05-02 08:29:07,896 [INFO] ThirdParty:1030 - CMSIS Pack Vendor :STMicroelectronics X-CUBE-AI 8.1.0
2024-05-02 08:29:07,896 [INFO] ThirdParty:1030 - CMSIS Pack Vendor :STMicroelectronics X-CUBE-AZRTOS-H7RS 1.0.0
2024-05-02 08:29:07,896 [INFO] ThirdParty:1030 - CMSIS Pack Vendor :STMicroelectronics X-CUBE-AZRTOS-L4 2.0.0
2024-05-02 08:29:07,896 [INFO] ThirdParty:1030 - CMSIS Pack Vendor :STMicroelectronics ThreadX 0.0.2
2024-05-02 08:29:07,896 [INFO] ThirdParty:1030 - CMSIS Pack Vendor :WES I-CUBE-Cesium 1.3.0
2024-05-02 08:29:07,896 [INFO] ThirdParty:1030 - CMSIS Pack Vendor :STMicroelectronics FP-ATR-ASTRA1 2.0.0
2024-05-02 08:29:07,896 [INFO] ThirdParty:1030 - CMSIS Pack Vendor :STMicroelectronics lwIP 2.1.2
2024-05-02 08:29:07,896 [INFO] ThirdParty:1030 - CMSIS Pack Vendor :STMicroelectronics X-CUBE-SFXS2LP1 4.0.0
2024-05-02 08:29:07,896 [INFO] ThirdParty:1030 - CMSIS Pack Vendor :STMicroelectronics X-CUBE-BLE2 3.3.0
2024-05-02 08:29:07,897 [INFO] ThirdParty:1030 - CMSIS Pack Vendor :STMicroelectronics X-CUBE-TOF1 3.4.0
2024-05-02 08:29:07,897 [INFO] ThirdParty:1030 - CMSIS Pack Vendor :STMicroelectronics X-CUBE-TOF1 3.4.1
2024-05-02 08:29:07,897 [INFO] ThirdParty:1030 - CMSIS Pack Vendor :STMicroelectronics X-CUBE-AZRTOS-H7 3.2.0
2024-05-02 08:29:07,897 [INFO] ThirdParty:1030 - CMSIS Pack Vendor :STMicroelectronics PDM2PCM 3.2.0
2024-05-02 08:29:07,897 [INFO] ThirdParty:841 - exiting critical section [change project]
2024-05-02 08:29:08,227 [INFO] PinOutPanel:1561 - setPackage(No Configuration,No Configuration)
2024-05-02 08:29:08,229 [INFO] PinOutPanel:1561 - setPackage(STM32F103C8Tx,LQFP48)
2024-05-02 08:29:08,867 [INFO] UtilMem:75 - Before build in PCC Used Memory: 607385792 Bytes (1073741824)
2024-05-02 08:29:10,053 [INFO] UtilMem:75 - After build in PCC Used Memory: 678164712 Bytes (1073741824)
2024-05-02 08:29:10,082 [INFO] IPUIPlugin:80 - create IPUIPlugin
2024-05-02 08:29:10,083 [INFO] IPUIPlugin:80 - create IPUIPlugin
2024-05-02 08:29:10,083 [INFO] IPUIPlugin:80 - create IPUIPlugin
2024-05-02 08:29:10,083 [INFO] IPUIPlugin:80 - create IPUIPlugin
2024-05-02 08:29:10,083 [INFO] IPUIPlugin:80 - create IPUIPlugin
2024-05-02 08:29:10,083 [INFO] IPUIPlugin:80 - create IPUIPlugin
2024-05-02 08:29:10,083 [INFO] IPUIPlugin:80 - create IPUIPlugin
2024-05-02 08:29:10,084 [INFO] IPUIPlugin:80 - create IPUIPlugin
2024-05-02 08:29:10,084 [INFO] IPUIPlugin:80 - create IPUIPlugin
2024-05-02 08:29:10,084 [INFO] IPUIPlugin:80 - create IPUIPlugin
2024-05-02 08:29:10,084 [INFO] IPUIPlugin:80 - create IPUIPlugin
2024-05-02 08:29:10,084 [INFO] IPUIPlugin:80 - create IPUIPlugin
2024-05-02 08:29:10,084 [INFO] IPUIPlugin:80 - create IPUIPlugin
2024-05-02 08:29:10,085 [INFO] IPUIPlugin:80 - create IPUIPlugin
2024-05-02 08:29:10,085 [INFO] IPUIPlugin:80 - create IPUIPlugin
2024-05-02 08:29:10,085 [INFO] IPUIPlugin:80 - create IPUIPlugin
2024-05-02 08:29:10,085 [INFO] IPUIPlugin:80 - create IPUIPlugin
2024-05-02 08:29:10,085 [INFO] IPUIPlugin:80 - create IPUIPlugin
2024-05-02 08:29:10,086 [INFO] IPUIPlugin:80 - create IPUIPlugin
2024-05-02 08:29:10,086 [INFO] IPUIPlugin:80 - create IPUIPlugin
2024-05-02 08:29:10,086 [INFO] IPUIPlugin:80 - create IPUIPlugin
2024-05-02 08:29:10,086 [INFO] IPUIPlugin:80 - create IPUIPlugin
2024-05-02 08:29:10,086 [INFO] IPUIPlugin:80 - create IPUIPlugin
2024-05-02 08:29:10,087 [INFO] IPUIPlugin:80 - create IPUIPlugin
2024-05-02 08:29:10,087 [INFO] IPUIPlugin:80 - create IPUIPlugin
2024-05-02 08:29:10,087 [INFO] IPUIPlugin:80 - create IPUIPlugin
2024-05-02 08:29:10,087 [INFO] IPUIPlugin:80 - create IPUIPlugin
2024-05-02 08:29:10,303 [INFO] CADModel:165 - CPN selected for project levelSTM32F103C8T6
2024-05-02 08:29:10,303 [INFO] CADModel:114 - Register for checkConnection events
2024-05-02 08:29:10,356 [INFO] OpenFileManager:343 - Restore cursor
2024-05-02 08:29:10,938 [INFO] UtilMem:75 - End SaveConfig() Used Memory: 751040736 Bytes (1073741824)
2024-05-02 08:29:11,035 [INFO] UtilMem:75 - End SaveConfig() Used Memory: 763144312 Bytes (1073741824)
2024-05-02 08:29:11,502 [INFO] BlockDiagram:2759 - set Specific Code input for plugin: NVIC
2024-05-02 08:29:11,502 [INFO] BlockDiagram:2759 - set Specific Code input for plugin: RCC
2024-05-02 08:29:11,504 [INFO] CodeGenerator:807 - code generatio: config db path: C:\ST\STM32CubeIDE_1.15.0\STM32CubeIDE\plugins\com.st.stm32cube.common.mx_6.11.0.202403141607\\db\
2024-05-02 08:29:11,814 [INFO] CodeEngine:255 - oldGeneratedFile, C:\Github\Embedded\dryer\dryer\MXTmpFiles\license.tmp_save
2024-05-02 08:29:12,228 [INFO] CodeEngine:279 - Generated code: C:\Github\Embedded\dryer\dryer\MXTmpFiles\license.tmp
2024-05-02 08:29:12,260 [INFO] CodeEngine:255 - oldGeneratedFile, C:\Github\Embedded\dryer\dryer\Core\Src\stm32f1xx_it.c_save
2024-05-02 08:29:12,481 [INFO] CodeEngine:279 - Generated code: C:\Github\Embedded\dryer\dryer\Core\Src\stm32f1xx_it.c
2024-05-02 08:29:12,497 [INFO] CodeEngine:255 - oldGeneratedFile, C:\Github\Embedded\dryer\dryer\Core\Inc\stm32f1xx_it.h_save
2024-05-02 08:29:12,619 [INFO] CodeEngine:279 - Generated code: C:\Github\Embedded\dryer\dryer\Core\Inc\stm32f1xx_it.h
2024-05-02 08:29:12,815 [INFO] CodeEngine:255 - oldGeneratedFile, C:\Github\Embedded\dryer\dryer\Core\Src\stm32f1xx_hal_msp.c_save
2024-05-02 08:29:13,005 [INFO] CodeEngine:279 - Generated code: C:\Github\Embedded\dryer\dryer\Core\Src\stm32f1xx_hal_msp.c
2024-05-02 08:29:13,022 [INFO] CodeEngine:255 - oldGeneratedFile, C:\Github\Embedded\dryer\dryer\MXTmpFiles\system.tmp_save
2024-05-02 08:29:13,135 [INFO] CodeEngine:279 - Generated code: C:\Github\Embedded\dryer\dryer\MXTmpFiles\system.tmp
2024-05-02 08:29:13,161 [INFO] CodeEngine:311 - oldGeneratedFile, C:\Github\Embedded\dryer\dryer\Core\Inc\stm32f1xx_hal_conf.h_save
2024-05-02 08:29:13,381 [INFO] CodeEngine:335 - Generated code: C:\Github\Embedded\dryer\dryer\Core\Inc\stm32f1xx_hal_conf.h
2024-05-02 08:29:13,457 [INFO] CodeEngine:255 - oldGeneratedFile, C:\Github\Embedded\dryer\dryer\Core\Inc\main.h_save
2024-05-02 08:29:13,656 [INFO] CodeEngine:279 - Generated code: C:\Github\Embedded\dryer\dryer\Core\Inc\main.h
2024-05-02 08:29:13,674 [INFO] CodeEngine:255 - oldGeneratedFile, C:\Github\Embedded\dryer\dryer\Core\Src\main.c_save
2024-05-02 08:29:13,963 [INFO] CodeEngine:279 - Generated code: C:\Github\Embedded\dryer\dryer\Core\Src\main.c
2024-05-02 08:29:14,556 [INFO] ProjectBuilder:3163 - Time for Copy HAL[1] : 254mS.
2024-05-02 08:29:14,564 [INFO] ProjectBuilder:4736 - Project Generator version: 4.3.0-B58
2024-05-02 08:29:14,743 [INFO] ConfigFileManager:1503 - The Die is : DIE410
2024-05-02 08:29:14,778 [INFO] ApiDbMcu:508 - Load IP Config File for FATFS
2024-05-02 08:29:14,810 [INFO] ApiDbMcu:508 - Load IP Config File for FREERTOS
2024-05-02 08:29:14,841 [INFO] ApiDbMcu:508 - Load IP Config File for USB_DEVICE
2024-05-02 08:29:15,637 [INFO] LogOutputStream:77 - [STDOUT_REDIRECT] 
2024-05-02 08:29:19,427 [INFO] ProjectBuilder:5002 - Time for Generating toolchain IDE Files: 4863mS.
2024-05-02 08:29:19,429 [INFO] ProjectBuilder:3034 - Time for Copy CMSIS : 1mS.
2024-05-02 08:29:19,433 [INFO] ProjectBuilder:3034 - Time for Copy CMSIS : 0mS.
2024-05-02 08:29:21,114 [INFO] McuFinderGlobals:76 - Set McuFinderConnectedMode to true
2024-05-02 08:29:21,117 [INFO] ApiDb:448 - Save user favorites file C:\Users\LeeJooho/.stm32cubeide/favorites.mcus.txt: 2 item(s)
2024-05-02 08:29:21,118 [INFO] ApiDb:452 - User favorites MCUs=[STM32F103C8T6, STM32F446RET6]
2024-05-02 08:31:24,195 [INFO] UtilMem:75 - End SaveConfig() Used Memory: 676052296 Bytes (1073741824)
2024-05-02 08:31:25,206 [INFO] UtilMem:75 - End SaveConfig() Used Memory: 692590360 Bytes (1073741824)
2024-05-02 08:31:26,792 [INFO] UtilMem:75 - End SaveConfig() Used Memory: 726906184 Bytes (1073741824)
2024-05-02 08:31:27,231 [INFO] BlockDiagram:2759 - set Specific Code input for plugin: NVIC
2024-05-02 08:31:27,231 [INFO] BlockDiagram:2759 - set Specific Code input for plugin: SYS
2024-05-02 08:31:27,233 [INFO] BlockDiagram:2759 - set Specific Code input for plugin: GPIO
2024-05-02 08:31:27,233 [INFO] BlockDiagram:2759 - set Specific Code input for plugin: RCC
2024-05-02 08:31:27,235 [INFO] CodeGenerator:807 - code generatio: config db path: C:\ST\STM32CubeIDE_1.15.0\STM32CubeIDE\plugins\com.st.stm32cube.common.mx_6.11.0.202403141607\\db\
2024-05-02 08:31:27,369 [INFO] CodeEngine:255 - oldGeneratedFile, C:\Github\Embedded\dryer\dryer\MXTmpFiles\license.tmp_save
2024-05-02 08:31:27,567 [INFO] CodeEngine:279 - Generated code: C:\Github\Embedded\dryer\dryer\MXTmpFiles\license.tmp
2024-05-02 08:31:27,608 [INFO] CodeEngine:255 - oldGeneratedFile, C:\Github\Embedded\dryer\dryer\MXTmpFiles\gpio.tmp_save
2024-05-02 08:31:27,773 [INFO] CodeEngine:279 - Generated code: C:\Github\Embedded\dryer\dryer\MXTmpFiles\gpio.tmp
2024-05-02 08:31:27,813 [INFO] CodeEngine:255 - oldGeneratedFile, C:\Github\Embedded\dryer\dryer\Core\Src\stm32f1xx_it.c_save
2024-05-02 08:31:27,916 [INFO] CodeEngine:279 - Generated code: C:\Github\Embedded\dryer\dryer\Core\Src\stm32f1xx_it.c
2024-05-02 08:31:27,934 [INFO] CodeEngine:255 - oldGeneratedFile, C:\Github\Embedded\dryer\dryer\Core\Inc\stm32f1xx_it.h_save
2024-05-02 08:31:28,021 [INFO] CodeEngine:279 - Generated code: C:\Github\Embedded\dryer\dryer\Core\Inc\stm32f1xx_it.h
2024-05-02 08:31:28,049 [INFO] CodeEngine:255 - oldGeneratedFile, C:\Github\Embedded\dryer\dryer\Core\Src\stm32f1xx_hal_msp.c_save
2024-05-02 08:31:28,170 [INFO] CodeEngine:279 - Generated code: C:\Github\Embedded\dryer\dryer\Core\Src\stm32f1xx_hal_msp.c
2024-05-02 08:31:28,177 [INFO] CodeEngine:255 - oldGeneratedFile, C:\Github\Embedded\dryer\dryer\MXTmpFiles\system.tmp_save
2024-05-02 08:31:28,238 [INFO] CodeEngine:279 - Generated code: C:\Github\Embedded\dryer\dryer\MXTmpFiles\system.tmp
2024-05-02 08:31:28,259 [INFO] CodeEngine:311 - oldGeneratedFile, C:\Github\Embedded\dryer\dryer\Core\Inc\stm32f1xx_hal_conf.h_save
2024-05-02 08:31:28,352 [INFO] CodeEngine:335 - Generated code: C:\Github\Embedded\dryer\dryer\Core\Inc\stm32f1xx_hal_conf.h
2024-05-02 08:31:28,407 [INFO] CodeEngine:255 - oldGeneratedFile, C:\Github\Embedded\dryer\dryer\Core\Inc\main.h_save
2024-05-02 08:31:28,514 [INFO] CodeEngine:279 - Generated code: C:\Github\Embedded\dryer\dryer\Core\Inc\main.h
2024-05-02 08:31:28,531 [INFO] CodeEngine:255 - oldGeneratedFile, C:\Github\Embedded\dryer\dryer\Core\Src\main.c_save
2024-05-02 08:31:28,668 [INFO] CodeEngine:279 - Generated code: C:\Github\Embedded\dryer\dryer\Core\Src\main.c
2024-05-02 08:31:28,987 [INFO] ProjectBuilder:3163 - Time for Copy HAL[1] : 168mS.
2024-05-02 08:31:28,991 [INFO] ProjectBuilder:4736 - Project Generator version: 4.3.0-B58
2024-05-02 08:31:29,077 [INFO] ConfigFileManager:1503 - The Die is : DIE410
2024-05-02 08:31:30,745 [INFO] ProjectBuilder:5002 - Time for Generating toolchain IDE Files: 1754mS.
2024-05-02 08:31:30,746 [INFO] ProjectBuilder:3034 - Time for Copy CMSIS : 0mS.
2024-05-02 08:31:30,751 [INFO] ProjectBuilder:3034 - Time for Copy CMSIS : 0mS.
2024-05-02 08:32:02,961 [INFO] Gpio:277 - dependency for GPIO [SYS]
2024-05-02 08:32:47,894 [INFO] UtilMem:75 - End SaveConfig() Used Memory: 783528608 Bytes (1073741824)
2024-05-02 08:32:49,104 [INFO] UtilMem:75 - End SaveConfig() Used Memory: 801818552 Bytes (1073741824)
2024-05-02 08:32:50,712 [INFO] UtilMem:75 - End SaveConfig() Used Memory: 839528040 Bytes (1073741824)
2024-05-02 08:32:51,055 [INFO] BlockDiagram:2759 - set Specific Code input for plugin: NVIC
2024-05-02 08:32:51,055 [INFO] BlockDiagram:2759 - set Specific Code input for plugin: SYS
2024-05-02 08:32:51,056 [INFO] BlockDiagram:2759 - set Specific Code input for plugin: GPIO
2024-05-02 08:32:51,056 [INFO] BlockDiagram:2759 - set Specific Code input for plugin: RCC
2024-05-02 08:32:51,057 [INFO] CodeGenerator:807 - code generatio: config db path: C:\ST\STM32CubeIDE_1.15.0\STM32CubeIDE\plugins\com.st.stm32cube.common.mx_6.11.0.202403141607\\db\
2024-05-02 08:32:51,172 [INFO] CodeEngine:255 - oldGeneratedFile, C:\Github\Embedded\dryer\dryer\MXTmpFiles\license.tmp_save
2024-05-02 08:32:51,306 [INFO] CodeEngine:279 - Generated code: C:\Github\Embedded\dryer\dryer\MXTmpFiles\license.tmp
2024-05-02 08:32:51,352 [INFO] CodeEngine:255 - oldGeneratedFile, C:\Github\Embedded\dryer\dryer\MXTmpFiles\gpio.tmp_save
2024-05-02 08:32:51,506 [INFO] CodeEngine:279 - Generated code: C:\Github\Embedded\dryer\dryer\MXTmpFiles\gpio.tmp
2024-05-02 08:32:51,552 [INFO] CodeEngine:255 - oldGeneratedFile, C:\Github\Embedded\dryer\dryer\Core\Src\stm32f1xx_it.c_save
2024-05-02 08:32:51,640 [INFO] CodeEngine:279 - Generated code: C:\Github\Embedded\dryer\dryer\Core\Src\stm32f1xx_it.c
2024-05-02 08:32:51,649 [INFO] CodeEngine:255 - oldGeneratedFile, C:\Github\Embedded\dryer\dryer\Core\Inc\stm32f1xx_it.h_save
2024-05-02 08:32:51,708 [INFO] CodeEngine:279 - Generated code: C:\Github\Embedded\dryer\dryer\Core\Inc\stm32f1xx_it.h
2024-05-02 08:32:51,733 [INFO] CodeEngine:255 - oldGeneratedFile, C:\Github\Embedded\dryer\dryer\Core\Src\stm32f1xx_hal_msp.c_save
2024-05-02 08:32:51,822 [INFO] CodeEngine:279 - Generated code: C:\Github\Embedded\dryer\dryer\Core\Src\stm32f1xx_hal_msp.c
2024-05-02 08:32:51,829 [INFO] CodeEngine:255 - oldGeneratedFile, C:\Github\Embedded\dryer\dryer\MXTmpFiles\system.tmp_save
2024-05-02 08:32:51,882 [INFO] CodeEngine:279 - Generated code: C:\Github\Embedded\dryer\dryer\MXTmpFiles\system.tmp
2024-05-02 08:32:51,901 [INFO] CodeEngine:311 - oldGeneratedFile, C:\Github\Embedded\dryer\dryer\Core\Inc\stm32f1xx_hal_conf.h_save
2024-05-02 08:32:51,997 [INFO] CodeEngine:335 - Generated code: C:\Github\Embedded\dryer\dryer\Core\Inc\stm32f1xx_hal_conf.h
2024-05-02 08:32:52,035 [INFO] CodeEngine:255 - oldGeneratedFile, C:\Github\Embedded\dryer\dryer\Core\Inc\main.h_save
2024-05-02 08:32:52,134 [INFO] CodeEngine:279 - Generated code: C:\Github\Embedded\dryer\dryer\Core\Inc\main.h
2024-05-02 08:32:52,150 [INFO] CodeEngine:255 - oldGeneratedFile, C:\Github\Embedded\dryer\dryer\Core\Src\main.c_save
2024-05-02 08:32:52,269 [INFO] CodeEngine:279 - Generated code: C:\Github\Embedded\dryer\dryer\Core\Src\main.c
2024-05-02 08:32:52,590 [INFO] ProjectBuilder:3163 - Time for Copy HAL[1] : 170mS.
2024-05-02 08:32:52,595 [INFO] ProjectBuilder:4736 - Project Generator version: 4.3.0-B58
2024-05-02 08:32:52,673 [INFO] ConfigFileManager:1503 - The Die is : DIE410
2024-05-02 08:32:53,708 [INFO] ProjectBuilder:5002 - Time for Generating toolchain IDE Files: 1112mS.
2024-05-02 08:32:53,709 [INFO] ProjectBuilder:3034 - Time for Copy CMSIS : 1mS.
2024-05-02 08:32:53,716 [INFO] ProjectBuilder:3034 - Time for Copy CMSIS : 0mS.
2024-05-02 08:36:31,397 [INFO] Gpio:277 - dependency for GPIO [SYS]
2024-05-02 08:36:49,240 [INFO] UtilMem:75 - End SaveConfig() Used Memory: 723224600 Bytes (1073741824)
2024-05-02 08:36:50,252 [INFO] UtilMem:75 - End SaveConfig() Used Memory: 739848016 Bytes (1073741824)
2024-05-02 08:36:52,526 [INFO] UtilMem:75 - End SaveConfig() Used Memory: 773980520 Bytes (1073741824)
2024-05-02 08:36:52,942 [INFO] BlockDiagram:2759 - set Specific Code input for plugin: NVIC
2024-05-02 08:36:52,942 [INFO] BlockDiagram:2759 - set Specific Code input for plugin: SYS
2024-05-02 08:36:52,943 [INFO] BlockDiagram:2759 - set Specific Code input for plugin: GPIO
2024-05-02 08:36:52,943 [INFO] BlockDiagram:2759 - set Specific Code input for plugin: RCC
2024-05-02 08:36:52,944 [INFO] CodeGenerator:807 - code generatio: config db path: C:\ST\STM32CubeIDE_1.15.0\STM32CubeIDE\plugins\com.st.stm32cube.common.mx_6.11.0.202403141607\\db\
2024-05-02 08:36:53,058 [INFO] CodeEngine:255 - oldGeneratedFile, C:\Github\Embedded\dryer\dryer\MXTmpFiles\license.tmp_save
2024-05-02 08:36:53,216 [INFO] CodeEngine:279 - Generated code: C:\Github\Embedded\dryer\dryer\MXTmpFiles\license.tmp
2024-05-02 08:36:53,243 [INFO] CodeEngine:255 - oldGeneratedFile, C:\Github\Embedded\dryer\dryer\MXTmpFiles\gpio.tmp_save
2024-05-02 08:36:53,365 [INFO] CodeEngine:279 - Generated code: C:\Github\Embedded\dryer\dryer\MXTmpFiles\gpio.tmp
2024-05-02 08:36:53,398 [INFO] CodeEngine:255 - oldGeneratedFile, C:\Github\Embedded\dryer\dryer\Core\Src\stm32f1xx_it.c_save
2024-05-02 08:36:53,480 [INFO] CodeEngine:279 - Generated code: C:\Github\Embedded\dryer\dryer\Core\Src\stm32f1xx_it.c
2024-05-02 08:36:53,488 [INFO] CodeEngine:255 - oldGeneratedFile, C:\Github\Embedded\dryer\dryer\Core\Inc\stm32f1xx_it.h_save
2024-05-02 08:36:53,549 [INFO] CodeEngine:279 - Generated code: C:\Github\Embedded\dryer\dryer\Core\Inc\stm32f1xx_it.h
2024-05-02 08:36:53,576 [INFO] CodeEngine:255 - oldGeneratedFile, C:\Github\Embedded\dryer\dryer\Core\Src\stm32f1xx_hal_msp.c_save
2024-05-02 08:36:53,663 [INFO] CodeEngine:279 - Generated code: C:\Github\Embedded\dryer\dryer\Core\Src\stm32f1xx_hal_msp.c
2024-05-02 08:36:53,668 [INFO] CodeEngine:255 - oldGeneratedFile, C:\Github\Embedded\dryer\dryer\MXTmpFiles\system.tmp_save
2024-05-02 08:36:53,732 [INFO] CodeEngine:279 - Generated code: C:\Github\Embedded\dryer\dryer\MXTmpFiles\system.tmp
2024-05-02 08:36:53,763 [INFO] CodeEngine:311 - oldGeneratedFile, C:\Github\Embedded\dryer\dryer\Core\Inc\stm32f1xx_hal_conf.h_save
2024-05-02 08:36:53,873 [INFO] CodeEngine:335 - Generated code: C:\Github\Embedded\dryer\dryer\Core\Inc\stm32f1xx_hal_conf.h
2024-05-02 08:36:53,913 [INFO] CodeEngine:255 - oldGeneratedFile, C:\Github\Embedded\dryer\dryer\Core\Inc\main.h_save
2024-05-02 08:36:54,017 [INFO] CodeEngine:279 - Generated code: C:\Github\Embedded\dryer\dryer\Core\Inc\main.h
2024-05-02 08:36:54,032 [INFO] CodeEngine:255 - oldGeneratedFile, C:\Github\Embedded\dryer\dryer\Core\Src\main.c_save
2024-05-02 08:36:54,136 [INFO] CodeEngine:279 - Generated code: C:\Github\Embedded\dryer\dryer\Core\Src\main.c
2024-05-02 08:36:54,447 [INFO] ProjectBuilder:3163 - Time for Copy HAL[1] : 163mS.
2024-05-02 08:36:54,450 [INFO] ProjectBuilder:4736 - Project Generator version: 4.3.0-B58
2024-05-02 08:36:54,525 [INFO] ConfigFileManager:1503 - The Die is : DIE410
2024-05-02 08:36:55,465 [INFO] ProjectBuilder:5002 - Time for Generating toolchain IDE Files: 1015mS.
2024-05-02 08:36:55,466 [INFO] ProjectBuilder:3034 - Time for Copy CMSIS : 1mS.
2024-05-02 08:36:55,476 [INFO] ProjectBuilder:3034 - Time for Copy CMSIS : 0mS.
2024-05-02 17:29:22,766 [ERROR] LogOutputStream:75 - [STDERR_REDIRECT] 
