2024-05-08 13:18:30,470 [INFO] Activator:176 - 


2024-05-08 13:18:30,477 [INFO] Activator:177 - !SESSION log4j initialized
2024-05-08 13:18:39,523 [INFO] LogOutputStream:77 - [STDOUT_REDIRECT] 
2024-05-08 13:18:42,555 [INFO] ApplicationProperties:184 - Using Application install path: C:\ST\STM32CubeIDE_1.15.0\STM32CubeIDE\plugins\com.st.stm32cube.common.mx_6.11.0.202403141607
2024-05-08 13:18:42,583 [INFO] DbMcusXml:78 - Set database path to: C:\ST\STM32CubeIDE_1.15.0\STM32CubeIDE\plugins\com.st.stm32cube.common.mx_6.11.0.202403141607\\db\/mcu/
2024-05-08 13:18:42,584 [INFO] ApiDb:274 - Set plugin database path to: C:\ST\STM32CubeIDE_1.15.0\STM32CubeIDE\plugins\com.st.stm32cube.common.mx_6.11.0.202403141607\\db\/plugins/boardmanager/
2024-05-08 13:18:42,584 [WARN] ApiDb:259 - Overriding images path with different value:  => C:\ST\STM32CubeIDE_1.15.0\STM32CubeIDE\plugins\com.st.stm32cube.common.mx_6.11.0.202403141607\\db\/plugins/mcufinder/images/
2024-05-08 13:18:42,598 [INFO] ApiDb:250 - Set database path to: C:\Users\LeeJooho\.stmcufinder\plugins\mcufinder//mcu/
2024-05-08 13:18:42,599 [INFO] DbMcusAds:125 - Set database path to: C:\Users\LeeJooho\.stmcufinder\plugins\mcufinder//mcu/
2024-05-08 13:18:42,601 [INFO] CrossReferenceDbSqlite:203 - Set database path to: C:\Users\LeeJooho\.stmcufinder\plugins\mcufinder//mcu/cs/
2024-05-08 13:18:42,756 [INFO] RulesReader:64 - Compatibility file has been processed (297 Rules)
2024-05-08 13:18:42,885 [INFO] DbMcusXml:78 - Set database path to: C:\ST\STM32CubeIDE_1.15.0\STM32CubeIDE\plugins\com.st.stm32cube.common.mx_6.11.0.202403141607\\db\/mcu/
2024-05-08 13:18:42,886 [INFO] ApiDb:274 - Set plugin database path to: C:\ST\STM32CubeIDE_1.15.0\STM32CubeIDE\plugins\com.st.stm32cube.common.mx_6.11.0.202403141607\\db\/plugins/boardmanager/
2024-05-08 13:18:42,886 [INFO] ApiDb:261 - Set plugin images path to: C:\ST\STM32CubeIDE_1.15.0\STM32CubeIDE\plugins\com.st.stm32cube.common.mx_6.11.0.202403141607\\db\/plugins/mcufinder/images/
2024-05-08 13:18:42,886 [WARN] DbFile:41 - Overriding database path with different value: C:\Users\LeeJooho\.stmcufinder\plugins\mcufinder/ => C:\Users\LeeJooho\.stmcufinder\plugins\mcufinder
2024-05-08 13:18:42,886 [INFO] ApiDb:250 - Set database path to: C:\Users\LeeJooho\.stmcufinder\plugins\mcufinder//mcu/
2024-05-08 13:18:42,886 [WARN] DbFile:41 - Overriding database path with different value: C:\Users\LeeJooho\.stmcufinder\plugins\mcufinder/ => C:\Users\LeeJooho\.stmcufinder\plugins\mcufinder
2024-05-08 13:18:42,886 [INFO] DbMcusAds:125 - Set database path to: C:\Users\LeeJooho\.stmcufinder\plugins\mcufinder//mcu/
2024-05-08 13:18:42,886 [WARN] DbFile:41 - Overriding database path with different value: C:\Users\LeeJooho\.stmcufinder\plugins\mcufinder/ => C:\Users\LeeJooho\.stmcufinder\plugins\mcufinder
2024-05-08 13:18:42,887 [WARN] DbFile:41 - Overriding database path with different value: C:\Users\LeeJooho\.stmcufinder\plugins\mcufinder/ => C:\Users\LeeJooho\.stmcufinder\plugins\mcufinder
2024-05-08 13:18:42,887 [INFO] CrossReferenceDbSqlite:203 - Set database path to: C:\Users\LeeJooho\.stmcufinder\plugins\mcufinder//mcu/cs/
2024-05-08 13:18:43,009 [INFO] MainPanel:264 - HeapMemory: 268435456
2024-05-08 13:18:43,167 [INFO] DbMcusXml:78 - Set database path to: C:\ST\STM32CubeIDE_1.15.0\STM32CubeIDE\plugins\com.st.stm32cube.common.mx_6.11.0.202403141607\\db\/mcu/
2024-05-08 13:18:43,167 [INFO] ApiDb:274 - Set plugin database path to: C:\ST\STM32CubeIDE_1.15.0\STM32CubeIDE\plugins\com.st.stm32cube.common.mx_6.11.0.202403141607\\db\/plugins/boardmanager/
2024-05-08 13:18:43,167 [INFO] ApiDb:261 - Set plugin images path to: C:\ST\STM32CubeIDE_1.15.0\STM32CubeIDE\plugins\com.st.stm32cube.common.mx_6.11.0.202403141607\\db\/plugins/mcufinder/images/
2024-05-08 13:18:43,169 [WARN] DbFile:41 - Overriding database path with different value: C:\Users\LeeJooho\.stmcufinder\plugins\mcufinder/ => C:\Users\LeeJooho\.stmcufinder\plugins\mcufinder
2024-05-08 13:18:43,169 [INFO] ApiDb:250 - Set database path to: C:\Users\LeeJooho\.stmcufinder\plugins\mcufinder//mcu/
2024-05-08 13:18:43,169 [WARN] DbFile:41 - Overriding database path with different value: C:\Users\LeeJooho\.stmcufinder\plugins\mcufinder/ => C:\Users\LeeJooho\.stmcufinder\plugins\mcufinder
2024-05-08 13:18:43,169 [INFO] DbMcusAds:125 - Set database path to: C:\Users\LeeJooho\.stmcufinder\plugins\mcufinder//mcu/
2024-05-08 13:18:43,169 [WARN] DbFile:41 - Overriding database path with different value: C:\Users\LeeJooho\.stmcufinder\plugins\mcufinder/ => C:\Users\LeeJooho\.stmcufinder\plugins\mcufinder
2024-05-08 13:18:43,169 [WARN] DbFile:41 - Overriding database path with different value: C:\Users\LeeJooho\.stmcufinder\plugins\mcufinder/ => C:\Users\LeeJooho\.stmcufinder\plugins\mcufinder
2024-05-08 13:18:43,169 [INFO] CrossReferenceDbSqlite:203 - Set database path to: C:\Users\LeeJooho\.stmcufinder\plugins\mcufinder//mcu/cs/
2024-05-08 13:18:43,197 [INFO] ApplicationProperties:184 - Using Application install path: C:\ST\STM32CubeIDE_1.15.0\STM32CubeIDE\plugins\com.st.stm32cube.common.mx_6.11.0.202403141607
2024-05-08 13:18:43,199 [INFO] PluginManage:196 - Search for loadable plugins [exclusion list=, ]
2024-05-08 13:18:43,201 [INFO] PluginManage:310 - Check plugin analytics
2024-05-08 13:18:43,528 [INFO] AnalyticsPlugin:253 - Accepted Software Licenses: 
2024-05-08 13:18:43,529 [INFO] AnalyticsPlugin:255 - Accepted CMSIS Pack Licenses: 
2024-05-08 13:18:43,530 [INFO] AnalyticsPlugin:257 - Accepted Firmware Licenses: FW.F4.1.28.0
2024-05-08 13:18:43,534 [INFO] PluginManage:359 - Loaded plugin analytics (category:tool,tabindex:-1)
2024-05-08 13:18:43,534 [INFO] PluginManage:310 - Check plugin cadmodel
2024-05-08 13:18:43,556 [INFO] CADModel:105 - Init CAD model plugin
2024-05-08 13:18:43,556 [INFO] PluginManage:359 - Loaded plugin cadmodel (category:power,tabindex:5)
2024-05-08 13:18:43,556 [INFO] PluginManage:310 - Check plugin clock
2024-05-08 13:18:43,584 [INFO] PluginManage:359 - Loaded plugin clock (category:base,tabindex:2)
2024-05-08 13:18:43,584 [INFO] PluginManage:310 - Check plugin ddr
2024-05-08 13:18:43,587 [INFO] PluginManage:359 - Loaded plugin ddr (category:tool,tabindex:6)
2024-05-08 13:18:43,587 [INFO] PluginManage:310 - Check plugin filemanager
2024-05-08 13:18:43,827 [INFO] PluginManage:359 - Loaded plugin filemanager (category:base,tabindex:10)
2024-05-08 13:18:43,828 [INFO] PluginManage:310 - Check plugin ipmanager
2024-05-08 13:18:43,840 [INFO] PluginManage:359 - Loaded plugin ipmanager (category:base,tabindex:5)
2024-05-08 13:18:43,840 [INFO] PluginManage:310 - Check plugin lpbam
2024-05-08 13:18:43,863 [INFO] PluginManage:359 - Loaded plugin lpbam (category:base,tabindex:0)
2024-05-08 13:18:43,863 [INFO] PluginManage:310 - Check plugin memorymap
2024-05-08 13:18:43,901 [INFO] PluginManage:359 - Loaded plugin memorymap (category:base,tabindex:4)
2024-05-08 13:18:43,901 [INFO] PluginManage:310 - Check plugin pinoutandconfiguration
2024-05-08 13:18:43,922 [INFO] PluginManage:359 - Loaded plugin pinoutandconfiguration (category:base,tabindex:1)
2024-05-08 13:18:43,922 [INFO] PluginManage:310 - Check plugin pinoutconfig
2024-05-08 13:18:44,087 [WARN] SupportedApi:132 - Cannot load RTOS API schema: s4s-elt-must-match.1: The content of 'definitions' must match (annotation?, (simpleType | complexType)?, (unique | key | keyref)*)). A problem was found starting at: attribute.
2024-05-08 13:18:44,303 [INFO] PluginManage:359 - Loaded plugin pinoutconfig (category:base,tabindex:0)
2024-05-08 13:18:44,303 [INFO] PluginManage:310 - Check plugin power
2024-05-08 13:18:44,327 [INFO] PluginManage:359 - Loaded plugin power (category:power,tabindex:4)
2024-05-08 13:18:44,327 [INFO] PluginManage:310 - Check plugin projectmanager
2024-05-08 13:18:44,352 [INFO] PluginManage:359 - Loaded plugin projectmanager (category:projectmanager,tabindex:3)
2024-05-08 13:18:44,352 [INFO] PluginManage:310 - Check plugin thirdparty
2024-05-08 13:18:44,704 [WARN] IntegrityCheckThread:84 - waiting for thirdparty lock release [integrity check]
2024-05-08 13:18:44,704 [INFO] IntegrityCheckThread:86 - entering critical section [integrity check]
2024-05-08 13:18:44,704 [INFO] PluginManage:359 - Loaded plugin thirdparty (category:base,tabindex:-1)
2024-05-08 13:18:44,705 [INFO] PluginManage:310 - Check plugin tools
2024-05-08 13:18:44,706 [INFO] ThirdPartyUpdaterWithRetryManager:70 - Updater plugin not ready yet. [1/15]
2024-05-08 13:18:44,750 [INFO] PluginManage:359 - Loaded plugin tools (category:base,tabindex:7)
2024-05-08 13:18:44,750 [INFO] PluginManage:310 - Check plugin tutovideos
2024-05-08 13:18:45,035 [INFO] PluginManage:359 - Loaded plugin tutovideos (category:base,tabindex:-1)
2024-05-08 13:18:45,036 [INFO] PluginManage:310 - Check plugin updater
2024-05-08 13:18:45,049 [INFO] PluginManage:359 - Loaded plugin updater (category:base,tabindex:12)
2024-05-08 13:18:45,049 [INFO] PluginManage:310 - Check plugin userauth
2024-05-08 13:18:45,056 [INFO] UserAuth:114 - Init User Auth plugin
2024-05-08 13:18:45,056 [INFO] PluginManage:359 - Loaded plugin userauth (category:base,tabindex:14)
2024-05-08 13:18:45,056 [INFO] PluginManage:283 - PluginManage : Loaded plugins [17]
2024-05-08 13:18:45,361 [INFO] PinOutPanel:1561 - setPackage(No Configuration,No Configuration)
2024-05-08 13:18:45,470 [INFO] CADModel:165 - CPN selected for project level
2024-05-08 13:18:45,470 [INFO] CADModel:114 - Register for checkConnection events
2024-05-08 13:18:45,502 [INFO] IPUIPlugin:80 - create IPUIPlugin
2024-05-08 13:18:45,502 [INFO] PluginManager:220 - loadIPPluginJar : add adc
2024-05-08 13:18:45,549 [INFO] IPUIPlugin:80 - create IPUIPlugin
2024-05-08 13:18:45,550 [INFO] PluginManager:220 - loadIPPluginJar : add aes
2024-05-08 13:18:45,601 [INFO] IPUIPlugin:80 - create IPUIPlugin
2024-05-08 13:18:45,601 [INFO] PluginManager:220 - loadIPPluginJar : add can
2024-05-08 13:18:45,629 [INFO] IPUIPlugin:80 - create IPUIPlugin
2024-05-08 13:18:45,629 [INFO] PluginManager:220 - loadIPPluginJar : add comp
2024-05-08 13:18:45,672 [INFO] IPUIPlugin:80 - create IPUIPlugin
2024-05-08 13:18:45,672 [INFO] PluginManager:220 - loadIPPluginJar : add cryp
2024-05-08 13:18:45,714 [INFO] IPUIPlugin:80 - create IPUIPlugin
2024-05-08 13:18:45,715 [INFO] PluginManager:220 - loadIPPluginJar : add dfsdm
2024-05-08 13:18:45,731 [INFO] IPUIPlugin:80 - create IPUIPlugin
2024-05-08 13:18:45,732 [INFO] PluginManager:220 - loadIPPluginJar : add dma
2024-05-08 13:18:45,790 [INFO] IPUIPlugin:80 - create IPUIPlugin
2024-05-08 13:18:45,790 [INFO] PluginManager:220 - loadIPPluginJar : add dma3
2024-05-08 13:18:45,843 [INFO] IPUIPlugin:80 - create IPUIPlugin
2024-05-08 13:18:45,843 [INFO] PluginManager:220 - loadIPPluginJar : add extmemmanager
2024-05-08 13:18:45,869 [INFO] IPUIPlugin:80 - create IPUIPlugin
2024-05-08 13:18:45,869 [INFO] PluginManager:220 - loadIPPluginJar : add fatfs
2024-05-08 13:18:45,926 [INFO] IPUIPlugin:80 - create IPUIPlugin
2024-05-08 13:18:45,927 [INFO] PluginManager:220 - loadIPPluginJar : add fmc
2024-05-08 13:18:45,945 [INFO] IPUIPlugin:80 - create IPUIPlugin
2024-05-08 13:18:45,945 [INFO] PluginManager:220 - loadIPPluginJar : add freertos
2024-05-08 13:18:45,970 [INFO] IPUIPlugin:80 - create IPUIPlugin
2024-05-08 13:18:45,970 [INFO] PluginManager:220 - loadIPPluginJar : add genericplugin
2024-05-08 13:18:46,095 [INFO] IPUIPlugin:80 - create IPUIPlugin
2024-05-08 13:18:46,096 [INFO] PluginManager:220 - loadIPPluginJar : add gfxmmu
2024-05-08 13:18:46,263 [INFO] IPUIPlugin:80 - create IPUIPlugin
2024-05-08 13:18:46,263 [INFO] PluginManager:220 - loadIPPluginJar : add gic
2024-05-08 13:18:46,277 [INFO] IPUIPlugin:80 - create IPUIPlugin
2024-05-08 13:18:46,277 [INFO] PluginManager:220 - loadIPPluginJar : add gpio
2024-05-08 13:18:46,387 [INFO] IPUIPlugin:80 - create IPUIPlugin
2024-05-08 13:18:46,388 [INFO] PluginManager:220 - loadIPPluginJar : add gtzc
2024-05-08 13:18:46,429 [INFO] IPUIPlugin:80 - create IPUIPlugin
2024-05-08 13:18:46,429 [INFO] PluginManager:220 - loadIPPluginJar : add hash
2024-05-08 13:18:46,499 [INFO] IPUIPlugin:80 - create IPUIPlugin
2024-05-08 13:18:46,499 [INFO] PluginManager:220 - loadIPPluginJar : add i2c
2024-05-08 13:18:46,550 [INFO] IPUIPlugin:80 - create IPUIPlugin
2024-05-08 13:18:46,550 [INFO] PluginManager:220 - loadIPPluginJar : add i2s
2024-05-08 13:18:46,602 [INFO] IPUIPlugin:80 - create IPUIPlugin
2024-05-08 13:18:46,602 [INFO] PluginManager:220 - loadIPPluginJar : add i3c
2024-05-08 13:18:46,737 [INFO] IPUIPlugin:80 - create IPUIPlugin
2024-05-08 13:18:46,737 [INFO] PluginManager:220 - loadIPPluginJar : add ipddr
2024-05-08 13:18:46,859 [INFO] IPUIPlugin:80 - create IPUIPlugin
2024-05-08 13:18:46,859 [INFO] PluginManager:220 - loadIPPluginJar : add linkedlist
2024-05-08 13:18:46,903 [INFO] IPUIPlugin:80 - create IPUIPlugin
2024-05-08 13:18:46,903 [INFO] PluginManager:220 - loadIPPluginJar : add lorawan
2024-05-08 13:18:46,956 [INFO] IPUIPlugin:80 - create IPUIPlugin
2024-05-08 13:18:46,956 [INFO] PluginManager:220 - loadIPPluginJar : add ltdc
2024-05-08 13:18:46,973 [INFO] IPUIPlugin:80 - create IPUIPlugin
2024-05-08 13:18:46,974 [INFO] PluginManager:220 - loadIPPluginJar : add mdma
2024-05-08 13:18:46,990 [INFO] IPUIPlugin:80 - create IPUIPlugin
2024-05-08 13:18:46,990 [INFO] PluginManager:220 - loadIPPluginJar : add nvic
2024-05-08 13:18:47,035 [INFO] IPUIPlugin:80 - create IPUIPlugin
2024-05-08 13:18:47,035 [INFO] PluginManager:220 - loadIPPluginJar : add opamp
2024-05-08 13:18:47,116 [INFO] IPUIPlugin:80 - create IPUIPlugin
2024-05-08 13:18:47,116 [INFO] PluginManager:220 - loadIPPluginJar : add openamp
2024-05-08 13:18:47,170 [INFO] IPUIPlugin:80 - create IPUIPlugin
2024-05-08 13:18:47,170 [INFO] PluginManager:220 - loadIPPluginJar : add pdm2pcm
2024-05-08 13:18:47,188 [INFO] IPUIPlugin:80 - create IPUIPlugin
2024-05-08 13:18:47,190 [INFO] PluginManager:220 - loadIPPluginJar : add plateformsettings
2024-05-08 13:18:47,217 [INFO] IPUIPlugin:80 - create IPUIPlugin
2024-05-08 13:18:47,217 [INFO] PluginManager:220 - loadIPPluginJar : add quadspi
2024-05-08 13:18:47,233 [INFO] IPUIPlugin:80 - create IPUIPlugin
2024-05-08 13:18:47,233 [INFO] PluginManager:220 - loadIPPluginJar : add resmgrutility
2024-05-08 13:18:47,290 [INFO] IPUIPlugin:80 - create IPUIPlugin
2024-05-08 13:18:47,290 [INFO] PluginManager:220 - loadIPPluginJar : add sai
2024-05-08 13:18:47,356 [INFO] IPUIPlugin:80 - create IPUIPlugin
2024-05-08 13:18:47,357 [INFO] PluginManager:220 - loadIPPluginJar : add spi
2024-05-08 13:18:47,443 [INFO] IPUIPlugin:80 - create IPUIPlugin
2024-05-08 13:18:47,443 [INFO] PluginManager:220 - loadIPPluginJar : add stm32_wpan
2024-05-08 13:18:47,476 [INFO] IPUIPlugin:80 - create IPUIPlugin
2024-05-08 13:18:47,477 [INFO] PluginManager:220 - loadIPPluginJar : add tim
2024-05-08 13:18:47,560 [INFO] IPUIPlugin:80 - create IPUIPlugin
2024-05-08 13:18:47,560 [INFO] PluginManager:220 - loadIPPluginJar : add touchsensing
2024-05-08 13:18:47,590 [INFO] IPUIPlugin:80 - create IPUIPlugin
2024-05-08 13:18:47,590 [INFO] PluginManager:220 - loadIPPluginJar : add tracer_emb
2024-05-08 13:18:47,626 [INFO] IPUIPlugin:80 - create IPUIPlugin
2024-05-08 13:18:47,626 [INFO] PluginManager:220 - loadIPPluginJar : add ts
2024-05-08 13:18:47,654 [INFO] IPUIPlugin:80 - create IPUIPlugin
2024-05-08 13:18:47,654 [INFO] PluginManager:220 - loadIPPluginJar : add tsc
2024-05-08 13:18:47,683 [INFO] IPUIPlugin:80 - create IPUIPlugin
2024-05-08 13:18:47,683 [INFO] PluginManager:220 - loadIPPluginJar : add ucpd
2024-05-08 13:18:47,707 [INFO] ThirdPartyUpdaterWithRetryManager:70 - Updater plugin not ready yet. [2/15]
2024-05-08 13:18:47,755 [INFO] IPUIPlugin:80 - create IPUIPlugin
2024-05-08 13:18:47,755 [INFO] PluginManager:220 - loadIPPluginJar : add usart
2024-05-08 13:18:47,813 [INFO] IPUIPlugin:80 - create IPUIPlugin
2024-05-08 13:18:47,814 [INFO] PluginManager:220 - loadIPPluginJar : add usbx
2024-05-08 13:18:47,979 [INFO] CADModel:165 - CPN selected for project level
2024-05-08 13:18:47,979 [INFO] CADModel:114 - Register for checkConnection events
2024-05-08 13:18:47,980 [FATAL] Updater:308 - Updater called before beeing initialized
2024-05-08 13:18:47,980 [ERROR] CADModel:125 - Updater not yet initialized, retry later 
2024-05-08 13:18:48,204 [INFO] CADModel:165 - CPN selected for project level
2024-05-08 13:18:48,205 [INFO] CADModel:114 - Register for checkConnection events
2024-05-08 13:18:48,205 [FATAL] Updater:308 - Updater called before beeing initialized
2024-05-08 13:18:48,205 [ERROR] CADModel:125 - Updater not yet initialized, retry later 
2024-05-08 13:18:48,210 [FATAL] Updater:308 - Updater called before beeing initialized
2024-05-08 13:18:48,387 [FATAL] Updater:308 - Updater called before beeing initialized
2024-05-08 13:18:48,401 [INFO] DbMcusAds:53 - JSON generation date=Wed Nov 29 19:52:27 KST 2023 (1701255147349)
2024-05-08 13:18:48,401 [FATAL] Updater:308 - Updater called before beeing initialized
2024-05-08 13:18:48,509 [WARN] DetailPanel:346 - Failed to get advertising image, set to default
2024-05-08 13:18:48,649 [FATAL] Updater:308 - Updater called before beeing initialized
2024-05-08 13:18:48,652 [FATAL] Updater:308 - Updater called before beeing initialized
2024-05-08 13:18:48,653 [FATAL] Updater:308 - Updater called before beeing initialized
2024-05-08 13:18:48,653 [WARN] DetailPanel:346 - Failed to get advertising image, set to default
2024-05-08 13:18:48,653 [FATAL] Updater:308 - Updater called before beeing initialized
2024-05-08 13:18:48,768 [ERROR] Updater:1120 - MainUpdater not yet initialized. External WinMGr cannot be set.
2024-05-08 13:18:48,781 [INFO] Updater:1056 - Updater Version found : 6.11.0
2024-05-08 13:18:48,804 [INFO] ApplicationProperties:184 - Using Application install path: C:\ST\STM32CubeIDE_1.15.0\STM32CubeIDE\plugins\com.st.stm32cube.common.mx_6.11.0.202403141607
2024-05-08 13:18:50,385 [ERROR] LogOutputStream:75 - [STDERR_REDIRECT] May 08, 2024 1:18:50 PM java.util.prefs.WindowsPreferences <init>
2024-05-08 13:18:50,389 [ERROR] LogOutputStream:75 - [STDERR_REDIRECT] WARNING: Could not open/create prefs root node Software\JavaSoft\Prefs at root 0xffffffff80000002. Windows RegCreateKeyEx(...) returned error code 5.
2024-05-08 13:18:50,389 [ERROR] LogOutputStream:75 - [STDERR_REDIRECT] 
2024-05-08 13:18:50,708 [INFO] ThirdPartyUpdaterWithRetryManager:70 - Updater plugin not ready yet. [3/15]
2024-05-08 13:18:51,046 [INFO] MainUpdater:2873 - connection check result : 10
2024-05-08 13:18:51,047 [INFO] MainUpdater:3567 - Updater definition file requires update
2024-05-08 13:18:51,048 [INFO] MainUpdater:290 - Updater Check For Update Now.
2024-05-08 13:18:51,048 [INFO] MicroXplorer:498 - Change Database Version : DB.6.0.110
2024-05-08 13:18:51,071 [INFO] McuFinderGlobals:63 - Set McuFinder mode to 2 (CubeIDE integrated)
2024-05-08 13:18:51,085 [INFO] UserAuth:415 - Internet connection configuration mode: 1
2024-05-08 13:18:51,116 [INFO] JxBrowserEngine:152 - Initiate JxBrowser Engine with user profile folder
2024-05-08 13:18:51,377 [INFO] ServerAccessManage:473 - Download File updaters.zip
2024-05-08 13:18:52,219 [INFO] FileExtend:240 - Unzip File : updaters.zip
2024-05-08 13:18:52,219 [INFO] FileExtend:255 - Standard Zip Deflate
2024-05-08 13:18:53,297 [INFO] ServerAccessManage:473 - Download File PacksControlFlags.xml
2024-05-08 13:18:53,500 [INFO] ServerAccessManage:473 - Download File cubemx.pidx
2024-05-08 13:18:53,654 [INFO] LoadServerUpdatesThread:375 - End of LoadServerUpdate Thread
2024-05-08 13:18:53,709 [WARN] MainUpdater:1194 - Updater busy. Cannot search thirdparties
2024-05-08 13:18:53,709 [INFO] ThirdPartyUpdaterWithRetryManager:96 - Updater plugin is busy. [1/15]
2024-05-08 13:18:53,866 [INFO] CheckServerUpdateThread:120 - End of CheckServer Thread
2024-05-08 13:18:57,107 [WARN] PackLoader:240 - Cannot read IP mode file for STMicroelectronics.FP-SNS-MOTENVWB1.1.4.0
2024-05-08 13:18:57,135 [WARN] PackLoader:240 - Cannot read IP mode file for STMicroelectronics.X-CUBE-SMBUS.2.1.0
2024-05-08 13:18:57,154 [WARN] PackLoader:240 - Cannot read IP mode file for STMicroelectronics.X-CUBE-TOUCHGFX.4.23.0
2024-05-08 13:18:57,168 [WARN] PackLoader:240 - Cannot read IP mode file for STMicroelectronics.X-CUBE-TOUCHGFX.4.23.2
2024-05-08 13:18:57,249 [WARN] PackLoader:240 - Cannot read IP mode file for STMicroelectronics.X-CUBE-AZRTOS-F7.1.1.0
2024-05-08 13:18:57,282 [WARN] PackLoader:240 - Cannot read IP mode file for STMicroelectronics.FP-SNS-MOTENV1.4.3.2
2024-05-08 13:18:57,310 [WARN] PackLoader:240 - Cannot read IP mode file for STMicroelectronics.FP-SNS-FLIGHT1.5.0.2
2024-05-08 13:18:57,347 [WARN] PackLoader:240 - Cannot read IP mode file for STMicroelectronics.X-CUBE-DISPLAY.3.0.0
2024-05-08 13:18:57,390 [WARN] PackLoader:240 - Cannot read IP mode file for STMicroelectronics.X-CUBE-BLE1.7.0.0
2024-05-08 13:18:57,420 [WARN] PackLoader:240 - Cannot read IP mode file for emotas.I-CUBE-CANOPEN.1.3.0
2024-05-08 13:18:57,444 [WARN] PackLoader:240 - Cannot read IP mode file for STMicroelectronics.X-CUBE-TOUCHGFX.4.22.1
2024-05-08 13:18:57,483 [WARN] PackLoader:240 - Cannot read IP mode file for STMicroelectronics.X-CUBE-BLEMGR.3.1.0
2024-05-08 13:18:57,511 [WARN] PackLoader:240 - Cannot read IP mode file for STMicroelectronics.FP-SNS-SMARTAG2.1.2.0
2024-05-08 13:18:57,540 [INFO] LogOutputStream:77 - [STDOUT_REDIRECT] 1 : Invalid condition id : UX_CORESTACK_Condition cause : null
2024-05-08 13:18:57,540 [INFO] LogOutputStream:77 - [STDOUT_REDIRECT] 1 : Invalid condition id : UX_CORESTACK_Condition cause : null
2024-05-08 13:18:57,542 [INFO] LogOutputStream:77 - [STDOUT_REDIRECT] 1 : Invalid condition id : UX_CORESTACK_Condition cause : null
2024-05-08 13:18:57,543 [INFO] LogOutputStream:77 - [STDOUT_REDIRECT] 1 : Invalid condition id : UX_CORESTACK_Condition cause : null
2024-05-08 13:18:57,544 [INFO] LogOutputStream:77 - [STDOUT_REDIRECT] 1 : Invalid condition id : UX_CORESTACK_Condition cause : null
2024-05-08 13:18:57,551 [WARN] PackLoader:240 - Cannot read IP mode file for STMicroelectronics.X-CUBE-AZRTOS-WL.2.0.0
2024-05-08 13:18:57,568 [WARN] PackLoader:240 - Cannot read IP mode file for STMicroelectronics.FP-SNS-MOTENV1.5.0.0
2024-05-08 13:18:57,593 [WARN] PackLoader:240 - Cannot read IP mode file for WES.I-CUBE-Cesium.1.3.0
2024-05-08 13:18:57,611 [WARN] PackLoader:240 - Cannot read IP mode file for STMicroelectronics.X-CUBE-BLE2.3.3.0
2024-05-08 13:18:57,628 [WARN] PackLoader:240 - Cannot read IP mode file for STMicroelectronics.X-CUBE-TCPP.4.1.0
2024-05-08 13:18:57,654 [WARN] PackLoader:240 - Cannot read IP mode file for STMicroelectronics.X-CUBE-ALGOBUILD.1.3.0
2024-05-08 13:18:57,698 [WARN] PackLoader:240 - Cannot read IP mode file for STMicroelectronics.X-CUBE-AZRTOS-G0.1.1.0
2024-05-08 13:18:57,726 [WARN] PackLoader:240 - Cannot read IP mode file for STMicroelectronics.X-CUBE-SAFEA1.1.2.2
2024-05-08 13:18:57,754 [WARN] PackLoader:240 - Cannot read IP mode file for STMicroelectronics.X-CUBE-NFC4.3.0.0
2024-05-08 13:18:57,783 [WARN] PackLoader:240 - Cannot read IP mode file for STMicroelectronics.X-CUBE-BLEMGR.3.0.0
2024-05-08 13:18:57,806 [WARN] PackLoader:240 - Cannot read IP mode file for STMicroelectronics.FP-ATR-SIGFOX1.3.2.0
2024-05-08 13:18:57,832 [WARN] PackLoader:240 - Cannot read IP mode file for STMicroelectronics.X-CUBE-EEPRMA1.5.1.0
2024-05-08 13:18:57,903 [WARN] PackLoader:240 - Cannot read IP mode file for SEGGER.I-CUBE-embOS.1.3.1
2024-05-08 13:18:58,003 [WARN] PackLoader:240 - Cannot read IP mode file for STMicroelectronics.X-CUBE-GNSS1.6.0.0
2024-05-08 13:18:58,051 [WARN] PackLoader:240 - Cannot read IP mode file for STMicroelectronics.X-CUBE-AZRTOS-F4.1.1.0
2024-05-08 13:18:58,073 [WARN] PackLoader:240 - Cannot read IP mode file for wolfSSL.I-CUBE-wolfSSL.5.6.4
2024-05-08 13:18:58,096 [WARN] PackLoader:240 - Cannot read IP mode file for STMicroelectronics.X-CUBE-FREERTOS.1.2.0
2024-05-08 13:18:58,135 [WARN] PackLoader:240 - Cannot read IP mode file for STMicroelectronics.X-CUBE-AZRTOS-L5.2.0.0
2024-05-08 13:18:58,156 [WARN] PackLoader:240 - Cannot read IP mode file for STMicroelectronics.X-CUBE-EEPRMA1.4.2.0
2024-05-08 13:18:58,176 [WARN] PackLoader:240 - Cannot read IP mode file for STMicroelectronics.X-CUBE-NFC6.3.1.0
2024-05-08 13:18:58,193 [WARN] PackLoader:240 - Cannot read IP mode file for ITTIA_DB.I-CUBE-ITTIADB.8.8.0
2024-05-08 13:18:58,207 [WARN] PackLoader:240 - Cannot read IP mode file for STMicroelectronics.X-CUBE-AI.9.0.0
2024-05-08 13:18:58,254 [WARN] ConditionMgr:438 - getConditionDescription Invalid condition id : UX DEVICE CLASS RTOS Condition cause : null
2024-05-08 13:18:58,254 [WARN] ConditionMgr:438 - getConditionDescription Invalid condition id : UX DEVICE CLASS RTOS Condition cause : null
2024-05-08 13:18:58,259 [WARN] PackLoader:240 - Cannot read IP mode file for STMicroelectronics.X-CUBE-AZRTOS-H7.3.1.0
2024-05-08 13:18:58,261 [WARN] ConditionMgr:1039 - genDependencies : Invalid condition id : UX DEVICE CLASS RTOS Condition cause : null
2024-05-08 13:18:58,262 [WARN] ConditionMgr:1039 - genDependencies : Invalid condition id : UX DEVICE CLASS RTOS Condition cause : null
2024-05-08 13:18:58,263 [WARN] ConditionMgr:1039 - genDependencies : Invalid condition id : UX DEVICE CLASS RTOS Condition cause : null
2024-05-08 13:18:58,265 [WARN] ConditionMgr:1039 - genDependencies : Invalid condition id : UX DEVICE CLASS RTOS Condition cause : null
2024-05-08 13:18:58,265 [WARN] ConditionMgr:1039 - genDependencies : Invalid condition id : UX DEVICE CLASS RTOS Condition cause : null
2024-05-08 13:18:58,351 [WARN] PackLoader:240 - Cannot read IP mode file for STMicroelectronics.X-CUBE-NFC7.1.0.1
2024-05-08 13:18:58,396 [WARN] PackLoader:240 - Cannot read IP mode file for STMicroelectronics.X-CUBE-NFC6.3.0.0
2024-05-08 13:18:58,425 [WARN] PackLoader:240 - Cannot read IP mode file for STMicroelectronics.X-CUBE-AI.8.1.0
2024-05-08 13:18:58,469 [WARN] ConditionMgr:438 - getConditionDescription Invalid condition id : LAN8742 Phy interface Condition cause : null
2024-05-08 13:18:58,469 [WARN] PackLoader:240 - Cannot read IP mode file for STMicroelectronics.X-CUBE-AZRTOS-L4.2.0.0
2024-05-08 13:18:58,471 [WARN] ConditionMgr:1039 - genDependencies : Invalid condition id : LAN8742 Phy interface Condition cause : null
2024-05-08 13:18:58,471 [WARN] ConditionMgr:1039 - genDependencies : Invalid condition id : LAN8742 Phy interface Condition cause : null
2024-05-08 13:18:58,472 [WARN] ConditionMgr:1039 - genDependencies : Invalid condition id : LAN8742 Phy interface Condition cause : null
2024-05-08 13:18:58,493 [WARN] PackLoader:240 - Cannot read IP mode file for STMicroelectronics.X-CUBE-SFXS2LP1.4.0.0
2024-05-08 13:18:58,511 [WARN] PackLoader:240 - Cannot read IP mode file for STMicroelectronics.X-CUBE-ISPU.1.1.0
2024-05-08 13:18:58,562 [WARN] ConditionMgr:438 - getConditionDescription Invalid condition id : UX DEVICE CLASS RTOS Condition cause : null
2024-05-08 13:18:58,565 [WARN] ConditionMgr:438 - getConditionDescription Invalid condition id : UX DEVICE CLASS RTOS Condition cause : null
2024-05-08 13:18:58,570 [WARN] PackLoader:240 - Cannot read IP mode file for STMicroelectronics.X-CUBE-AZRTOS-WB.2.0.0
2024-05-08 13:18:58,571 [WARN] ConditionMgr:1039 - genDependencies : Invalid condition id : UX DEVICE CLASS RTOS Condition cause : null
2024-05-08 13:18:58,572 [WARN] ConditionMgr:1039 - genDependencies : Invalid condition id : UX DEVICE CLASS RTOS Condition cause : null
2024-05-08 13:18:58,573 [WARN] ConditionMgr:1039 - genDependencies : Invalid condition id : UX DEVICE CLASS RTOS Condition cause : null
2024-05-08 13:18:58,574 [WARN] ConditionMgr:1039 - genDependencies : Invalid condition id : UX DEVICE CLASS RTOS Condition cause : null
2024-05-08 13:18:58,574 [WARN] ConditionMgr:1039 - genDependencies : Invalid condition id : UX DEVICE CLASS RTOS Condition cause : null
2024-05-08 13:18:58,605 [WARN] PackLoader:240 - Cannot read IP mode file for STMicroelectronics.X-CUBE-SUBG2.5.0.0
2024-05-08 13:18:58,634 [WARN] PackLoader:240 - Cannot read IP mode file for STMicroelectronics.X-CUBE-TOF1.3.3.1
2024-05-08 13:18:58,680 [WARN] PackLoader:240 - Cannot read IP mode file for STMicroelectronics.X-CUBE-AZRTOS-G4.2.0.0
2024-05-08 13:18:58,739 [WARN] PackLoader:240 - Cannot read IP mode file for Infineon.AIROC-Wi-Fi-Bluetooth-STM32.1.5.1
2024-05-08 13:18:58,776 [WARN] PackLoader:240 - Cannot read IP mode file for STMicroelectronics.FP-SNS-MOTENVWB1.1.3.0
2024-05-08 13:18:58,902 [WARN] PackLoader:240 - Cannot read IP mode file for STMicroelectronics.FP-SNS-MOTENVWB1.1.3.1
2024-05-08 13:18:58,935 [WARN] PackLoader:240 - Cannot read IP mode file for STMicroelectronics.X-CUBE-ISPU.2.0.0
2024-05-08 13:18:59,066 [WARN] PackLoader:240 - Cannot read IP mode file for STMicroelectronics.X-CUBE-MEMS1.10.0.0
2024-05-08 13:18:59,290 [WARN] PackLoader:240 - Cannot read IP mode file for STMicroelectronics.X-CUBE-FREERTOS.1.1.0
2024-05-08 13:18:59,313 [WARN] PackLoader:240 - Cannot read IP mode file for portGmbH.I-Cube-SoM-uGOAL.1.1.0
2024-05-08 13:18:59,333 [WARN] PackLoader:240 - Cannot read IP mode file for STMicroelectronics.X-CUBE-ALS.1.0.1
2024-05-08 13:18:59,338 [INFO] WebApp:161 - Instantiating new browser for Auth
2024-05-08 13:18:59,466 [WARN] PackLoader:240 - Cannot read IP mode file for STMicroelectronics.X-CUBE-AZRTOS-H7RS.1.0.0
2024-05-08 13:18:59,508 [WARN] PackLoader:240 - Cannot read IP mode file for STMicroelectronics.FP-ATR-ASTRA1.2.0.0
2024-05-08 13:18:59,577 [WARN] PackLoader:240 - Cannot read IP mode file for STMicroelectronics.X-CUBE-TOF1.3.4.0
2024-05-08 13:18:59,691 [WARN] PackLoader:240 - Cannot read IP mode file for STMicroelectronics.X-CUBE-TOF1.3.4.1
2024-05-08 13:18:59,789 [WARN] PackLoader:240 - Cannot read IP mode file for STMicroelectronics.X-CUBE-AZRTOS-H7.3.2.0
2024-05-08 13:18:59,797 [INFO] ThirdParty:978 - Integrity check success = true
2024-05-08 13:18:59,798 [INFO] IntegrityCheckThread:100 - exiting critical section [integrity check]
2024-05-08 13:18:59,798 [INFO] IntegrityCheckThread:103 - End integrity checks thread
2024-05-08 13:19:00,654 [INFO] WebApp:779 - Register for checkConnection events
2024-05-08 13:19:00,654 [INFO] WebApp:414 - Apply proxy settings
2024-05-08 13:19:00,654 [INFO] WebApp:499 - Chromium requires no authentication
2024-05-08 13:19:00,666 [INFO] WebApp:442 - Direct internet connection detected
2024-05-08 13:19:00,993 [INFO] WebApp:192 - Starting web application
2024-05-08 13:19:00,993 [INFO] WebApp:544 - Web application path used C:\ST\STM32CubeIDE_1.15.0\STM32CubeIDE\plugins\com.st.stm32cube.common.mx_6.11.0.202403141607\db\plugins\mcufinder\reactClient1\index.html
2024-05-08 13:25:22,628 [INFO] McuFinderGlobals:63 - Set McuFinder mode to 2 (CubeIDE integrated)
2024-05-08 13:25:24,582 [INFO] MainUpdater:2873 - connection check result : 10
2024-05-08 13:25:24,589 [INFO] MainUpdater:2873 - connection check result : 10
2024-05-08 13:25:24,815 [INFO] MicroXplorer:468 - Change Database Path : 
2024-05-08 13:25:24,815 [INFO] MicroXplorer:498 - Change Database Version : DB.6.0.110
2024-05-08 13:25:24,821 [WARN] ThirdParty:871 - waiting for thirdparty lock release [close project]
2024-05-08 13:25:24,821 [INFO] ThirdParty:873 - entering critical section [close project]
2024-05-08 13:25:24,821 [INFO] ThirdParty:883 - exiting critical section [close project]
2024-05-08 13:25:24,824 [INFO] PinOutPanel:1561 - setPackage(No Configuration,No Configuration)
2024-05-08 13:25:24,828 [INFO] UtilMem:75 - Begin LoadConfig() Used Memory: 808785208 Bytes (1071644672)
2024-05-08 13:25:24,829 [INFO] MicroXplorer:468 - Change Database Path : 
2024-05-08 13:25:24,829 [INFO] MicroXplorer:498 - Change Database Version : DB.6.0.110
2024-05-08 13:25:24,829 [INFO] OpenFileManager:312 - Change cursor
2024-05-08 13:25:24,862 [INFO] Mcu:2021 - Initializing MCU STM32F103C(8-B)Tx STM32F103C8Tx STM32F103C8T6
2024-05-08 13:25:26,175 [INFO] Context:663 - Trying to add GPIOservice into a context  which must be forbidden
2024-05-08 13:25:26,641 [INFO] RtosManager:555 - Registered RTOS mode: class=CMSIS, group=RTOS, mode=CMSIS_V1, owner=FREERTOS
2024-05-08 13:25:26,642 [INFO] RtosManager:555 - Registered RTOS mode: class=CMSIS, group=RTOS2, mode=CMSIS_V2, owner=FREERTOS
2024-05-08 13:25:26,643 [INFO] RtosManager:555 - Registered RTOS mode: class=RTOS, group=Core, mode=CMSIS_V1, owner=FREERTOS
2024-05-08 13:25:26,643 [INFO] RtosManager:555 - Registered RTOS mode: class=RTOS, group=Core, mode=CMSIS_V2, owner=FREERTOS
2024-05-08 13:25:26,643 [WARN] ModelIntegratedComponent:184 - Missing modes for component STMicroelectronics:FreeRTOS:0.0.1:STMicroelectronics:RTOS:FreeRTOS:Core:::10.2.0:
2024-05-08 13:25:26,689 [WARN] ModelIntegratedComponent:63 - No mode defined for component null
2024-05-08 13:25:26,689 [WARN] ModelIntegratedComponent:63 - No mode defined for component null
2024-05-08 13:25:26,689 [WARN] ModelIntegratedComponent:63 - No mode defined for component null
2024-05-08 13:25:26,689 [WARN] ModelIntegratedComponent:63 - No mode defined for component null
2024-05-08 13:25:26,689 [WARN] ModelIntegratedComponent:63 - No mode defined for component null
2024-05-08 13:25:26,691 [WARN] ModelIntegratedComponent:63 - No mode defined for component null
2024-05-08 13:25:26,691 [WARN] ModelIntegratedComponent:63 - No mode defined for component null
2024-05-08 13:25:26,691 [WARN] ModelIntegratedComponent:63 - No mode defined for component null
2024-05-08 13:25:26,691 [WARN] ModelIntegratedComponent:63 - No mode defined for component null
2024-05-08 13:25:26,691 [WARN] ModelIntegratedComponent:63 - No mode defined for component null
2024-05-08 13:25:26,692 [WARN] ModelIntegratedComponent:63 - No mode defined for component null
2024-05-08 13:25:26,692 [WARN] ModelIntegratedComponent:63 - No mode defined for component null
2024-05-08 13:25:26,692 [WARN] ModelIntegratedComponent:63 - No mode defined for component null
2024-05-08 13:25:26,692 [WARN] ModelIntegratedComponent:63 - No mode defined for component null
2024-05-08 13:25:26,692 [WARN] ModelIntegratedComponent:63 - No mode defined for component null
2024-05-08 13:25:26,692 [WARN] ModelIntegratedComponent:63 - No mode defined for component null
2024-05-08 13:25:26,692 [WARN] ModelIntegratedComponent:63 - No mode defined for component null
2024-05-08 13:25:26,692 [WARN] ModelIntegratedComponent:63 - No mode defined for component null
2024-05-08 13:25:26,693 [WARN] ModelIntegratedComponent:63 - No mode defined for component null
2024-05-08 13:25:26,693 [WARN] ModelIntegratedComponent:63 - No mode defined for component null
2024-05-08 13:25:26,693 [WARN] ModelIntegratedComponent:63 - No mode defined for component null
2024-05-08 13:25:26,693 [WARN] ModelIntegratedComponent:63 - No mode defined for component null
2024-05-08 13:25:26,693 [WARN] ModelIntegratedComponent:63 - No mode defined for component null
2024-05-08 13:25:26,693 [WARN] ModelIntegratedComponent:63 - No mode defined for component null
2024-05-08 13:25:26,693 [WARN] ModelIntegratedComponent:63 - No mode defined for component null
2024-05-08 13:25:26,693 [WARN] ModelIntegratedComponent:63 - No mode defined for component null
2024-05-08 13:25:26,694 [WARN] ModelIntegratedComponent:63 - No mode defined for component null
2024-05-08 13:25:26,694 [WARN] ModelIntegratedComponent:63 - No mode defined for component null
2024-05-08 13:25:26,694 [WARN] ModelIntegratedComponent:63 - No mode defined for component null
2024-05-08 13:25:26,694 [WARN] ModelIntegratedComponent:63 - No mode defined for component null
2024-05-08 13:25:26,694 [WARN] ModelIntegratedComponent:63 - No mode defined for component null
2024-05-08 13:25:26,694 [WARN] ModelIntegratedComponent:63 - No mode defined for component null
2024-05-08 13:25:26,694 [WARN] ModelIntegratedComponent:63 - No mode defined for component null
2024-05-08 13:25:26,694 [WARN] ModelIntegratedComponent:63 - No mode defined for component null
2024-05-08 13:25:26,918 [INFO] ThirdPartyModel:298 - Start build external matchings
2024-05-08 13:25:27,565 [INFO] ThirdPartyModel:316 - End build external matchings
2024-05-08 13:25:27,911 [INFO] ApiDb:581 - Connected to CubeFinder SQLite database (C:\Users\LeeJooho\.stmcufinder\plugins\mcufinder\mcu\cube-finder-db.db)
2024-05-08 13:25:28,029 [INFO] ApiDb:668 - CubeFinder database Data Model version=2.1
2024-05-08 13:25:28,029 [INFO] ApiDb:669 - CubeFinder database Configuration version=3.0.39
2024-05-08 13:25:28,029 [INFO] ApiDb:670 - CubeFinder database generation date=2024-04-16 (1713193726)
2024-05-08 13:25:28,030 [INFO] ApiDb:671 - CubeFinder database FW Pack versions=[FP-ATR-ASTRA1_V2.0.0, FP-SNS-FLIGHT1_V5.0.1, FP-SNS-FLIGHT1_V5.0.2, FP-SNS-MOTENV1_V4.3.1, FP-SNS-MOTENV1_V4.3.2, FP-SNS-MOTENVWB1_V1.3.1, FP-SNS-SMARTAG2_V1.2.0, STM32Cube_FW_C0_V1.1.0, STM32Cube_FW_F4_V1.28.0, STM32Cube_FW_F7_V1.17.0, STM32Cube_FW_G0_V1.6.2, STM32Cube_FW_G4_V1.5.2, STM32Cube_FW_H5_V0.5.1, STM32Cube_FW_H5_V1.1.1, STM32Cube_FW_H5_V1.2.0, STM32Cube_FW_H5_V1.2.0RC4, STM32Cube_FW_H7RS_V1.0.0, STM32Cube_FW_H7RS_V1.0.0RC4, STM32Cube_FW_H7_V1.11.0, STM32Cube_FW_L0_V1.12.2, STM32Cube_FW_L5_V1.5.1, STM32Cube_FW_U0_V1.0.0, STM32Cube_FW_U0_V1.0.0RC1, STM32Cube_FW_U5_V1.3.0RC4, STM32Cube_FW_U5_V1.5.0, STM32Cube_FW_U5_V1.5.0RC1, STM32Cube_FW_WBA_V1.0.0RC1, STM32Cube_FW_WBA_V1.2.0, STM32Cube_FW_WBA_V1.2.0RC2, STM32Cube_FW_WBA_V1.3.0, STM32Cube_FW_WBA_V1.3.0RC1, STM32Cube_FW_WB_V1.15.0RC1, STM32Cube_FW_WB_V1.16.0, STM32Cube_FW_WB_V1.16.0RC2, STM32Cube_FW_WB_V1.18.0, STM32Cube_FW_WB_V1.19.0, STM32Cube_FW_WL_V1.3.0, X-CUBE-ALGOBUILD_V1.3.0, X-CUBE-ALS_V1.0.1, X-CUBE-AZRTOS-F4_V1.1.0, X-CUBE-AZRTOS-F7_V1.1.0, X-CUBE-AZRTOS-G0_V1.1.0, X-CUBE-AZRTOS-G4_V2.0.0, X-CUBE-AZRTOS-H7_V3.2.0, X-CUBE-AZRTOS-L4_V1.0.0, X-CUBE-AZRTOS-L4_V2.0.0, X-CUBE-AZRTOS-L5_V1.1.0, X-CUBE-AZRTOS-WB_V2.0.0, X-CUBE-AZRTOS-WL_V2.0.0, X-CUBE-BLE1_V7.0.0, X-CUBE-BLE2_V3.3.0, X-CUBE-BLEMGR_V3.1.0, X-CUBE-EEPRMA1_V4.1.0, X-CUBE-EEPRMA1_V5.1.0, X-CUBE-FREERTOS_V1.1.0, X-CUBE-GNSS1_V6.0.0, X-CUBE-MEMS1_V10.0.0, X-CUBE-MEMS1_V9.1.0, X-CUBE-MEMS1_V9.4.0, X-CUBE-MEMS1_V9.6.0, X-CUBE-NFC4_V3.0.0, X-CUBE-NFC7_V1.0.1, X-CUBE-SFXS2LP1_V4.0.0, X-CUBE-SUBG2_V5.0.0, X-CUBE-TOF1_V3.4.0]
2024-05-08 13:25:28,241 [INFO] DbBoardsSqlite:226 - include board P-NUCLEO-WB55-NUCLEO as a kit item of type 'Nucleo-64'
2024-05-08 13:25:28,241 [INFO] DbBoardsSqlite:226 - include board P-NUCLEO-WB55-USBDONGLE as a kit item of type 'Nucleo USB Dongle'
2024-05-08 13:25:28,244 [INFO] DbBoardsSqlite:226 - include board STEVAL-IDP005V1 as a kit item of type 'Evaluation Board'
2024-05-08 13:25:28,244 [INFO] DbBoardsSqlite:226 - include board STEVAL-IDP005V2 as a kit item of type 'Evaluation Board'
2024-05-08 13:25:29,106 [INFO] ApiDb:240 - Found 483 in-development CPN: [B-G473E-ZEST1S, B-WB1M-WPAN1, B-WL5M-SUBG1, NUCLEO-C031C6, NUCLEO-H503RB, NUCLEO-H533RE, NUCLEO-H563ZI, NUCLEO-H7S3L8, NUCLEO-U031R8, NUCLEO-U083RC, NUCLEO-U545RE-Q, NUCLEO-U5A5ZJ-Q, NUCLEO-WBA52CG, NUCLEO-WBA55CG, STEVAL-PROTEUS1, STEVAL-SMARTAG2, STEVAL-STWINBX1, STM320518-EVAL, STM32C0116-DK, STM32C011D6Y3TR, STM32C011D6Y6TR, STM32C011F4P3, STM32C011F4P6, STM32C011F4U3, STM32C011F4U6TR, STM32C011F6P3, STM32C011F6P6, STM32C011F6U3, STM32C011F6U6TR, STM32C011J4M3, STM32C011J4M6, STM32C011J6M3, STM32C011J6M6, STM32C0316-DK, STM32C031C4T3, STM32C031C4T6, STM32C031C4U3, STM32C031C4U6, STM32C031C6T3, STM32C031C6T6, STM32C031C6U3, STM32C031C6U6, STM32C031F4P3, STM32C031F4P6, STM32C031F6P3, STM32C031F6P6, STM32C031G4U3, STM32C031G4U6, STM32C031G6U3, STM32C031G6U6, STM32C031K4T3, STM32C031K4T6, STM32C031K4U3, STM32C031K4U6, STM32C031K6T3, STM32C031K6T6, STM32C031K6U3, STM32C031K6U6, STM32G071K8TXN, STM32G071K8UXN, STM32G081GBU6N, STM32G081KBT6N, STM32G081KBUXN, STM32G0B1CCT6N, STM32G0B1KCT6, STM32G0B1NEY6TR, STM32G0B1RCT6N, STM32G0C1CCT6, STM32G0C1CCT6N, STM32G0C1CCU6N, STM32G0C1CET6N, STM32G0C1CEU6N, STM32G0C1KCT6, STM32G0C1NEY6TR, STM32G0C1RCI6N, STM32G0C1RCT6N, STM32G0C1REI6N, STM32G0C1RET6N, STM32G0C1VCI6, STM32G0C1VEI6, STM32G471CCT6, STM32G471CCU6, STM32G471CET3, STM32G471CET6, STM32G471CEU3, STM32G471CEU6, STM32G471MCT6, STM32G471MET3, STM32G471MET6, STM32G471MEY6TR, STM32G471QCT6, STM32G471QET3, STM32G471RCT6, STM32G471RET3, STM32G471RET6, STM32G471VCH6, STM32G471VCI6, STM32G471VCT6, STM32G471VEH3, STM32G471VEH6, STM32G471VEI3, STM32G471VEI6, STM32G471VET3, STM32G471VET6, STM32G474CCT6, STM32H503CBT6, STM32H503CBU6, STM32H503EBY6TR, STM32H503KBU6, STM32H503RBT6, STM32H523CCT6, STM32H523CCU6, STM32H523CET6, STM32H523CEU6, STM32H523HEY6TR, STM32H523RCT6, STM32H523RET6, STM32H523VCI6, STM32H523VCT6, STM32H523VEI6, STM32H523VET6, STM32H523ZCJ6, STM32H523ZCT6, STM32H523ZEJ6, STM32H523ZET6, STM32H533CET6, STM32H533CEU6, STM32H533HEY6TR, STM32H533RET6, STM32H533VEI6, STM32H533VET6, STM32H533ZEJ6, STM32H533ZET6, STM32H562AGI6, STM32H562AII6, STM32H562IGK6, STM32H562IGT6, STM32H562IIK6, STM32H562IIT6, STM32H562RGT6, STM32H562RGV6, STM32H562RIT6, STM32H562RIV6, STM32H562VGT6, STM32H562VIT6, STM32H562ZGT6, STM32H562ZIT6, STM32H563AGI6, STM32H563AII3Q, STM32H563AII6, STM32H563IGK6, STM32H563IGT6, STM32H563IIK3Q, STM32H563IIK6, STM32H563IIT3Q, STM32H563IIT6, STM32H563MIY3QTR, STM32H563RGT6, STM32H563RGV6, STM32H563RIT6, STM32H563RIV6, STM32H563VGT6, STM32H563VIT3Q, STM32H563VIT6, STM32H563ZGT6, STM32H563ZIT3Q, STM32H563ZIT6, STM32H573AII3Q, STM32H573AII6, STM32H573I-DK, STM32H573IIK3Q, STM32H573IIK6, STM32H573IIT3Q, STM32H573IIT6, STM32H573MIY3QTR, STM32H573RIT6, STM32H573RIV6, STM32H573VIT3Q, STM32H573VIT6, STM32H573ZIT3Q, STM32H573ZIT6, STM32H7R3A8I6, STM32H7R3I8K6, STM32H7R3I8T6, STM32H7R3L8H6, STM32H7R3L8H6H, STM32H7R3R8V6, STM32H7R3V8H6, STM32H7R3V8T6, STM32H7R3V8Y6, STM32H7R3Z8J6, STM32H7R3Z8T6, STM32H7R7A8I6, STM32H7R7I8K6, STM32H7R7I8T6, STM32H7R7L8H6, STM32H7R7L8H6H, STM32H7R7Z8J6, STM32H7S3A8I6, STM32H7S3I8K6, STM32H7S3I8T6, STM32H7S3L8H6, STM32H7S3L8H6H, STM32H7S3R8V6, STM32H7S3V8H6, STM32H7S3V8T6, STM32H7S3V8Y6, STM32H7S3Z8J6, STM32H7S3Z8T6, STM32H7S78-DK, STM32H7S7A8I6, STM32H7S7I8K6, STM32H7S7I8T6, STM32H7S7L8H6, STM32H7S7L8H6H, STM32H7S7Z8J6, STM32L4R5QGI6STR, STM32MP131AAE3, STM32MP131AAF3, STM32MP131AAG3, STM32MP131CAE3, STM32MP131CAF3, STM32MP131CAG3, STM32MP131DAE7, STM32MP131DAF7, STM32MP131DAG7, STM32MP131FAE7, STM32MP131FAF7, STM32MP131FAG7, STM32MP133AAE3, STM32MP133AAF3, STM32MP133AAG3, STM32MP133CAE3, STM32MP133CAF3, STM32MP133CAG3, STM32MP133DAE7, STM32MP133DAF7, STM32MP133DAG7, STM32MP133FAE7, STM32MP133FAF7, STM32MP133FAG7, STM32MP135AAE3, STM32MP135AAF3, STM32MP135AAG3, STM32MP135CAE3, STM32MP135CAF3, STM32MP135CAG3, STM32MP135DAE7, STM32MP135DAF7, STM32MP135DAG7, STM32MP135F-DK, STM32MP135FAE7, STM32MP135FAF7, STM32MP135FAF7T, STM32MP135FAF7U, STM32MP135FAG7, STM32U031C6T6, STM32U031C6U6, STM32U031C8T6, STM32U031C8U6, STM32U031F4P6, STM32U031F6P6, STM32U031F8P6, STM32U031G6Y6TR, STM32U031G8Y6TR, STM32U031K4U6, STM32U031K6U6, STM32U031K8U6, STM32U031R6I6, STM32U031R6T6, STM32U031R8I6, STM32U031R8T6, STM32U073C8T6, STM32U073C8U6, STM32U073CBT6, STM32U073CBU6, STM32U073CCT6, STM32U073CCU6, STM32U073H8Y6TR, STM32U073HBY6TR, STM32U073HCY6TR, STM32U073K8U6, STM32U073KBU6, STM32U073KCU6, STM32U073M8I6, STM32U073M8T6, STM32U073MBI6, STM32U073MBT6, STM32U073MCI6, STM32U073MCT6, STM32U073R8I6, STM32U073R8T6, STM32U073RBI6, STM32U073RBT6, STM32U073RCI6, STM32U073RCT6, STM32U083C-DK, STM32U083CCT6, STM32U083CCU6, STM32U083HCY6TR, STM32U083KCU6, STM32U083MCI6, STM32U083MCT6, STM32U083RCI6, STM32U083RCT6, STM32U535CBT6, STM32U535CBT6Q, STM32U535CBU6, STM32U535CBU6Q, STM32U535CCT6, STM32U535CCT6Q, STM32U535CCU6, STM32U535CCU6Q, STM32U535CET6, STM32U535CET6Q, STM32U535CEU6, STM32U535CEU6Q, STM32U535JEY6QTR, STM32U535NCY6QTR, STM32U535NEY6QTR, STM32U535RBI6, STM32U535RBI6Q, STM32U535RBT6, STM32U535RBT6Q, STM32U535RCI6, STM32U535RCI6Q, STM32U535RCT6, STM32U535RCT6Q, STM32U535REI6, STM32U535REI6Q, STM32U535RET6, STM32U535RET6Q, STM32U535VCI6, STM32U535VCI6Q, STM32U535VCT6, STM32U535VCT6Q, STM32U535VEI6, STM32U535VEI6Q, STM32U535VET6, STM32U535VET6Q, STM32U545CET6, STM32U545CET6Q, STM32U545CEU6, STM32U545CEU6Q, STM32U545JEY6QTR, STM32U545NEY6QTR, STM32U545REI6, STM32U545REI6Q, STM32U545RET6, STM32U545RET6Q, STM32U545VEI6, STM32U545VEI6Q, STM32U545VET6, STM32U545VET6Q, STM32U595AIH6, STM32U595AIH6Q, STM32U595AJH6, STM32U595AJH6Q, STM32U595QII6, STM32U595QII6Q, STM32U595QJI6, STM32U595QJI6Q, STM32U595RIT6, STM32U595RIT6Q, STM32U595RJT6, STM32U595RJT6Q, STM32U595VIT6, STM32U595VIT6Q, STM32U595VJT6, STM32U595VJT6Q, STM32U595ZIT6, STM32U595ZIT6Q, STM32U595ZIY6QTR, STM32U595ZJT6, STM32U595ZJT6Q, STM32U595ZJY6QTR, STM32U599BJY6QTR, STM32U599NIH6Q, STM32U599NJH6Q, STM32U599VIT6Q, STM32U599VJT6, STM32U599VJT6Q, STM32U599ZIT6Q, STM32U599ZIY6QTR, STM32U599ZJT6Q, STM32U599ZJY6QTR, STM32U5A5AJH6, STM32U5A5AJH6Q, STM32U5A5QII3Q , STM32U5A5QJI6, STM32U5A5QJI6Q, STM32U5A5RJT6, STM32U5A5RJT6Q, STM32U5A5VJT6, STM32U5A5VJT6Q, STM32U5A5ZJT6, STM32U5A5ZJT6Q, STM32U5A5ZJY6QTR, STM32U5A9BJY6QTR, STM32U5A9J-DK, STM32U5A9NJH6Q, STM32U5A9VJT6Q, STM32U5A9ZJT6Q, STM32U5A9ZJY6QTR, STM32U5F7VIT6, STM32U5F7VIT6Q, STM32U5F7VJT6, STM32U5F7VJT6Q, STM32U5F9BJY6QTR, STM32U5F9NJH6Q, STM32U5F9VIT6Q, STM32U5F9VJT6Q, STM32U5F9ZIJ6QTR, STM32U5F9ZIT6Q, STM32U5F9ZJJ6QTR, STM32U5F9ZJT6Q, STM32U5G7VJT6, STM32U5G7VJT6Q, STM32U5G9BJY6QTR, STM32U5G9J-DK1, STM32U5G9J-DK2, STM32U5G9NJH6Q, STM32U5G9VJT6Q, STM32U5G9ZJJ6QTR, STM32U5G9ZJT6Q, STM32WB1MMCH6, STM32WBA50KEU6, STM32WBA50KEU6TR, STM32WBA50KGU6, STM32WBA50KGU6TR, STM32WBA52CEU6, STM32WBA52CEU6TR, STM32WBA52CEU7, STM32WBA52CEU7TR, STM32WBA52CGU6, STM32WBA52CGU6TR, STM32WBA52CGU6U, STM32WBA52CGU7, STM32WBA52CGU7TR, STM32WBA52KEU6, STM32WBA52KEU6TR, STM32WBA52KGU6, STM32WBA52KGU6TR, STM32WBA54CEU6, STM32WBA54CEU6TR, STM32WBA54CEU7, STM32WBA54CEU7TR, STM32WBA54CGU6, STM32WBA54CGU6TR, STM32WBA54CGU7, STM32WBA54CGU7TR, STM32WBA54KEU6, STM32WBA54KEU6TR, STM32WBA54KEU7, STM32WBA54KEU7TR, STM32WBA54KGU6, STM32WBA54KGU6TR, STM32WBA54KGU7, STM32WBA54KGU7TR, STM32WBA55CEU6, STM32WBA55CEU6TR, STM32WBA55CEU7, STM32WBA55CEU7TR, STM32WBA55CGU6, STM32WBA55CGU6TR, STM32WBA55CGU6U, STM32WBA55CGU7, STM32WBA55CGU7TR, STM32WBA55G-DK1, STM32WBA55HEF6, STM32WBA55HEF7, STM32WBA55HGF6, STM32WBA55HGF7, STM32WBA55UEI6, STM32WBA55UEI6TR, STM32WBA55UEI7, STM32WBA55UEI7TR, STM32WBA55UGI6, STM32WBA55UGI6TR, STM32WBA55UGI7, STM32WBA55UGI7TR, STM32WL5MOCH6, STM32WL5MOCH6TR]
2024-05-08 13:25:29,308 [INFO] BoardInfo:889 - No configuration file found for board P-NUCLEO-WB55
2024-05-08 13:25:29,309 [INFO] DbBoards:161 - Kit is not supported: P-NUCLEO-WB55
2024-05-08 13:25:29,315 [INFO] BoardInfo:889 - No configuration file found for board STEVAL-BFA001V1B
2024-05-08 13:25:29,315 [INFO] DbBoards:161 - Kit is not supported: STEVAL-BFA001V1B
2024-05-08 13:25:29,317 [INFO] BoardInfo:889 - No configuration file found for board STEVAL-BFA001V2B
2024-05-08 13:25:29,317 [INFO] DbBoards:161 - Kit is not supported: STEVAL-BFA001V2B
2024-05-08 13:25:29,534 [INFO] DbBoards:168 - Found 199 boards, 196 are supported
2024-05-08 13:25:29,534 [INFO] DbBoards:169 - Found 199 boards, 8 of them is supported for  Bsp
2024-05-08 13:25:29,537 [INFO] ApiDb:668 - CubeFinder database Data Model version=2.1
2024-05-08 13:25:29,537 [INFO] ApiDb:669 - CubeFinder database Configuration version=3.0.39
2024-05-08 13:25:29,537 [INFO] ApiDb:670 - CubeFinder database generation date=2024-04-16 (1713193726)
2024-05-08 13:25:29,537 [INFO] ApiDb:671 - CubeFinder database FW Pack versions=[FP-ATR-ASTRA1_V2.0.0, FP-SNS-FLIGHT1_V5.0.1, FP-SNS-FLIGHT1_V5.0.2, FP-SNS-MOTENV1_V4.3.1, FP-SNS-MOTENV1_V4.3.2, FP-SNS-MOTENVWB1_V1.3.1, FP-SNS-SMARTAG2_V1.2.0, STM32Cube_FW_C0_V1.1.0, STM32Cube_FW_F4_V1.28.0, STM32Cube_FW_F7_V1.17.0, STM32Cube_FW_G0_V1.6.2, STM32Cube_FW_G4_V1.5.2, STM32Cube_FW_H5_V0.5.1, STM32Cube_FW_H5_V1.1.1, STM32Cube_FW_H5_V1.2.0, STM32Cube_FW_H5_V1.2.0RC4, STM32Cube_FW_H7RS_V1.0.0, STM32Cube_FW_H7RS_V1.0.0RC4, STM32Cube_FW_H7_V1.11.0, STM32Cube_FW_L0_V1.12.2, STM32Cube_FW_L5_V1.5.1, STM32Cube_FW_U0_V1.0.0, STM32Cube_FW_U0_V1.0.0RC1, STM32Cube_FW_U5_V1.3.0RC4, STM32Cube_FW_U5_V1.5.0, STM32Cube_FW_U5_V1.5.0RC1, STM32Cube_FW_WBA_V1.0.0RC1, STM32Cube_FW_WBA_V1.2.0, STM32Cube_FW_WBA_V1.2.0RC2, STM32Cube_FW_WBA_V1.3.0, STM32Cube_FW_WBA_V1.3.0RC1, STM32Cube_FW_WB_V1.15.0RC1, STM32Cube_FW_WB_V1.16.0, STM32Cube_FW_WB_V1.16.0RC2, STM32Cube_FW_WB_V1.18.0, STM32Cube_FW_WB_V1.19.0, STM32Cube_FW_WL_V1.3.0, X-CUBE-ALGOBUILD_V1.3.0, X-CUBE-ALS_V1.0.1, X-CUBE-AZRTOS-F4_V1.1.0, X-CUBE-AZRTOS-F7_V1.1.0, X-CUBE-AZRTOS-G0_V1.1.0, X-CUBE-AZRTOS-G4_V2.0.0, X-CUBE-AZRTOS-H7_V3.2.0, X-CUBE-AZRTOS-L4_V1.0.0, X-CUBE-AZRTOS-L4_V2.0.0, X-CUBE-AZRTOS-L5_V1.1.0, X-CUBE-AZRTOS-WB_V2.0.0, X-CUBE-AZRTOS-WL_V2.0.0, X-CUBE-BLE1_V7.0.0, X-CUBE-BLE2_V3.3.0, X-CUBE-BLEMGR_V3.1.0, X-CUBE-EEPRMA1_V4.1.0, X-CUBE-EEPRMA1_V5.1.0, X-CUBE-FREERTOS_V1.1.0, X-CUBE-GNSS1_V6.0.0, X-CUBE-MEMS1_V10.0.0, X-CUBE-MEMS1_V9.1.0, X-CUBE-MEMS1_V9.4.0, X-CUBE-MEMS1_V9.6.0, X-CUBE-NFC4_V3.0.0, X-CUBE-NFC7_V1.0.1, X-CUBE-SFXS2LP1_V4.0.0, X-CUBE-SUBG2_V5.0.0, X-CUBE-TOF1_V3.4.0]
2024-05-08 13:25:31,909 [INFO] ApiDb:240 - Found 483 in-development CPN: [B-G473E-ZEST1S, B-WB1M-WPAN1, B-WL5M-SUBG1, NUCLEO-C031C6, NUCLEO-H503RB, NUCLEO-H533RE, NUCLEO-H563ZI, NUCLEO-H7S3L8, NUCLEO-U031R8, NUCLEO-U083RC, NUCLEO-U545RE-Q, NUCLEO-U5A5ZJ-Q, NUCLEO-WBA52CG, NUCLEO-WBA55CG, STEVAL-PROTEUS1, STEVAL-SMARTAG2, STEVAL-STWINBX1, STM320518-EVAL, STM32C0116-DK, STM32C011D6Y3TR, STM32C011D6Y6TR, STM32C011F4P3, STM32C011F4P6, STM32C011F4U3, STM32C011F4U6TR, STM32C011F6P3, STM32C011F6P6, STM32C011F6U3, STM32C011F6U6TR, STM32C011J4M3, STM32C011J4M6, STM32C011J6M3, STM32C011J6M6, STM32C0316-DK, STM32C031C4T3, STM32C031C4T6, STM32C031C4U3, STM32C031C4U6, STM32C031C6T3, STM32C031C6T6, STM32C031C6U3, STM32C031C6U6, STM32C031F4P3, STM32C031F4P6, STM32C031F6P3, STM32C031F6P6, STM32C031G4U3, STM32C031G4U6, STM32C031G6U3, STM32C031G6U6, STM32C031K4T3, STM32C031K4T6, STM32C031K4U3, STM32C031K4U6, STM32C031K6T3, STM32C031K6T6, STM32C031K6U3, STM32C031K6U6, STM32G071K8TXN, STM32G071K8UXN, STM32G081GBU6N, STM32G081KBT6N, STM32G081KBUXN, STM32G0B1CCT6N, STM32G0B1KCT6, STM32G0B1NEY6TR, STM32G0B1RCT6N, STM32G0C1CCT6, STM32G0C1CCT6N, STM32G0C1CCU6N, STM32G0C1CET6N, STM32G0C1CEU6N, STM32G0C1KCT6, STM32G0C1NEY6TR, STM32G0C1RCI6N, STM32G0C1RCT6N, STM32G0C1REI6N, STM32G0C1RET6N, STM32G0C1VCI6, STM32G0C1VEI6, STM32G471CCT6, STM32G471CCU6, STM32G471CET3, STM32G471CET6, STM32G471CEU3, STM32G471CEU6, STM32G471MCT6, STM32G471MET3, STM32G471MET6, STM32G471MEY6TR, STM32G471QCT6, STM32G471QET3, STM32G471RCT6, STM32G471RET3, STM32G471RET6, STM32G471VCH6, STM32G471VCI6, STM32G471VCT6, STM32G471VEH3, STM32G471VEH6, STM32G471VEI3, STM32G471VEI6, STM32G471VET3, STM32G471VET6, STM32G474CCT6, STM32H503CBT6, STM32H503CBU6, STM32H503EBY6TR, STM32H503KBU6, STM32H503RBT6, STM32H523CCT6, STM32H523CCU6, STM32H523CET6, STM32H523CEU6, STM32H523HEY6TR, STM32H523RCT6, STM32H523RET6, STM32H523VCI6, STM32H523VCT6, STM32H523VEI6, STM32H523VET6, STM32H523ZCJ6, STM32H523ZCT6, STM32H523ZEJ6, STM32H523ZET6, STM32H533CET6, STM32H533CEU6, STM32H533HEY6TR, STM32H533RET6, STM32H533VEI6, STM32H533VET6, STM32H533ZEJ6, STM32H533ZET6, STM32H562AGI6, STM32H562AII6, STM32H562IGK6, STM32H562IGT6, STM32H562IIK6, STM32H562IIT6, STM32H562RGT6, STM32H562RGV6, STM32H562RIT6, STM32H562RIV6, STM32H562VGT6, STM32H562VIT6, STM32H562ZGT6, STM32H562ZIT6, STM32H563AGI6, STM32H563AII3Q, STM32H563AII6, STM32H563IGK6, STM32H563IGT6, STM32H563IIK3Q, STM32H563IIK6, STM32H563IIT3Q, STM32H563IIT6, STM32H563MIY3QTR, STM32H563RGT6, STM32H563RGV6, STM32H563RIT6, STM32H563RIV6, STM32H563VGT6, STM32H563VIT3Q, STM32H563VIT6, STM32H563ZGT6, STM32H563ZIT3Q, STM32H563ZIT6, STM32H573AII3Q, STM32H573AII6, STM32H573I-DK, STM32H573IIK3Q, STM32H573IIK6, STM32H573IIT3Q, STM32H573IIT6, STM32H573MIY3QTR, STM32H573RIT6, STM32H573RIV6, STM32H573VIT3Q, STM32H573VIT6, STM32H573ZIT3Q, STM32H573ZIT6, STM32H7R3A8I6, STM32H7R3I8K6, STM32H7R3I8T6, STM32H7R3L8H6, STM32H7R3L8H6H, STM32H7R3R8V6, STM32H7R3V8H6, STM32H7R3V8T6, STM32H7R3V8Y6, STM32H7R3Z8J6, STM32H7R3Z8T6, STM32H7R7A8I6, STM32H7R7I8K6, STM32H7R7I8T6, STM32H7R7L8H6, STM32H7R7L8H6H, STM32H7R7Z8J6, STM32H7S3A8I6, STM32H7S3I8K6, STM32H7S3I8T6, STM32H7S3L8H6, STM32H7S3L8H6H, STM32H7S3R8V6, STM32H7S3V8H6, STM32H7S3V8T6, STM32H7S3V8Y6, STM32H7S3Z8J6, STM32H7S3Z8T6, STM32H7S78-DK, STM32H7S7A8I6, STM32H7S7I8K6, STM32H7S7I8T6, STM32H7S7L8H6, STM32H7S7L8H6H, STM32H7S7Z8J6, STM32L4R5QGI6STR, STM32MP131AAE3, STM32MP131AAF3, STM32MP131AAG3, STM32MP131CAE3, STM32MP131CAF3, STM32MP131CAG3, STM32MP131DAE7, STM32MP131DAF7, STM32MP131DAG7, STM32MP131FAE7, STM32MP131FAF7, STM32MP131FAG7, STM32MP133AAE3, STM32MP133AAF3, STM32MP133AAG3, STM32MP133CAE3, STM32MP133CAF3, STM32MP133CAG3, STM32MP133DAE7, STM32MP133DAF7, STM32MP133DAG7, STM32MP133FAE7, STM32MP133FAF7, STM32MP133FAG7, STM32MP135AAE3, STM32MP135AAF3, STM32MP135AAG3, STM32MP135CAE3, STM32MP135CAF3, STM32MP135CAG3, STM32MP135DAE7, STM32MP135DAF7, STM32MP135DAG7, STM32MP135F-DK, STM32MP135FAE7, STM32MP135FAF7, STM32MP135FAF7T, STM32MP135FAF7U, STM32MP135FAG7, STM32U031C6T6, STM32U031C6U6, STM32U031C8T6, STM32U031C8U6, STM32U031F4P6, STM32U031F6P6, STM32U031F8P6, STM32U031G6Y6TR, STM32U031G8Y6TR, STM32U031K4U6, STM32U031K6U6, STM32U031K8U6, STM32U031R6I6, STM32U031R6T6, STM32U031R8I6, STM32U031R8T6, STM32U073C8T6, STM32U073C8U6, STM32U073CBT6, STM32U073CBU6, STM32U073CCT6, STM32U073CCU6, STM32U073H8Y6TR, STM32U073HBY6TR, STM32U073HCY6TR, STM32U073K8U6, STM32U073KBU6, STM32U073KCU6, STM32U073M8I6, STM32U073M8T6, STM32U073MBI6, STM32U073MBT6, STM32U073MCI6, STM32U073MCT6, STM32U073R8I6, STM32U073R8T6, STM32U073RBI6, STM32U073RBT6, STM32U073RCI6, STM32U073RCT6, STM32U083C-DK, STM32U083CCT6, STM32U083CCU6, STM32U083HCY6TR, STM32U083KCU6, STM32U083MCI6, STM32U083MCT6, STM32U083RCI6, STM32U083RCT6, STM32U535CBT6, STM32U535CBT6Q, STM32U535CBU6, STM32U535CBU6Q, STM32U535CCT6, STM32U535CCT6Q, STM32U535CCU6, STM32U535CCU6Q, STM32U535CET6, STM32U535CET6Q, STM32U535CEU6, STM32U535CEU6Q, STM32U535JEY6QTR, STM32U535NCY6QTR, STM32U535NEY6QTR, STM32U535RBI6, STM32U535RBI6Q, STM32U535RBT6, STM32U535RBT6Q, STM32U535RCI6, STM32U535RCI6Q, STM32U535RCT6, STM32U535RCT6Q, STM32U535REI6, STM32U535REI6Q, STM32U535RET6, STM32U535RET6Q, STM32U535VCI6, STM32U535VCI6Q, STM32U535VCT6, STM32U535VCT6Q, STM32U535VEI6, STM32U535VEI6Q, STM32U535VET6, STM32U535VET6Q, STM32U545CET6, STM32U545CET6Q, STM32U545CEU6, STM32U545CEU6Q, STM32U545JEY6QTR, STM32U545NEY6QTR, STM32U545REI6, STM32U545REI6Q, STM32U545RET6, STM32U545RET6Q, STM32U545VEI6, STM32U545VEI6Q, STM32U545VET6, STM32U545VET6Q, STM32U595AIH6, STM32U595AIH6Q, STM32U595AJH6, STM32U595AJH6Q, STM32U595QII6, STM32U595QII6Q, STM32U595QJI6, STM32U595QJI6Q, STM32U595RIT6, STM32U595RIT6Q, STM32U595RJT6, STM32U595RJT6Q, STM32U595VIT6, STM32U595VIT6Q, STM32U595VJT6, STM32U595VJT6Q, STM32U595ZIT6, STM32U595ZIT6Q, STM32U595ZIY6QTR, STM32U595ZJT6, STM32U595ZJT6Q, STM32U595ZJY6QTR, STM32U599BJY6QTR, STM32U599NIH6Q, STM32U599NJH6Q, STM32U599VIT6Q, STM32U599VJT6, STM32U599VJT6Q, STM32U599ZIT6Q, STM32U599ZIY6QTR, STM32U599ZJT6Q, STM32U599ZJY6QTR, STM32U5A5AJH6, STM32U5A5AJH6Q, STM32U5A5QII3Q , STM32U5A5QJI6, STM32U5A5QJI6Q, STM32U5A5RJT6, STM32U5A5RJT6Q, STM32U5A5VJT6, STM32U5A5VJT6Q, STM32U5A5ZJT6, STM32U5A5ZJT6Q, STM32U5A5ZJY6QTR, STM32U5A9BJY6QTR, STM32U5A9J-DK, STM32U5A9NJH6Q, STM32U5A9VJT6Q, STM32U5A9ZJT6Q, STM32U5A9ZJY6QTR, STM32U5F7VIT6, STM32U5F7VIT6Q, STM32U5F7VJT6, STM32U5F7VJT6Q, STM32U5F9BJY6QTR, STM32U5F9NJH6Q, STM32U5F9VIT6Q, STM32U5F9VJT6Q, STM32U5F9ZIJ6QTR, STM32U5F9ZIT6Q, STM32U5F9ZJJ6QTR, STM32U5F9ZJT6Q, STM32U5G7VJT6, STM32U5G7VJT6Q, STM32U5G9BJY6QTR, STM32U5G9J-DK1, STM32U5G9J-DK2, STM32U5G9NJH6Q, STM32U5G9VJT6Q, STM32U5G9ZJJ6QTR, STM32U5G9ZJT6Q, STM32WB1MMCH6, STM32WBA50KEU6, STM32WBA50KEU6TR, STM32WBA50KGU6, STM32WBA50KGU6TR, STM32WBA52CEU6, STM32WBA52CEU6TR, STM32WBA52CEU7, STM32WBA52CEU7TR, STM32WBA52CGU6, STM32WBA52CGU6TR, STM32WBA52CGU6U, STM32WBA52CGU7, STM32WBA52CGU7TR, STM32WBA52KEU6, STM32WBA52KEU6TR, STM32WBA52KGU6, STM32WBA52KGU6TR, STM32WBA54CEU6, STM32WBA54CEU6TR, STM32WBA54CEU7, STM32WBA54CEU7TR, STM32WBA54CGU6, STM32WBA54CGU6TR, STM32WBA54CGU7, STM32WBA54CGU7TR, STM32WBA54KEU6, STM32WBA54KEU6TR, STM32WBA54KEU7, STM32WBA54KEU7TR, STM32WBA54KGU6, STM32WBA54KGU6TR, STM32WBA54KGU7, STM32WBA54KGU7TR, STM32WBA55CEU6, STM32WBA55CEU6TR, STM32WBA55CEU7, STM32WBA55CEU7TR, STM32WBA55CGU6, STM32WBA55CGU6TR, STM32WBA55CGU6U, STM32WBA55CGU7, STM32WBA55CGU7TR, STM32WBA55G-DK1, STM32WBA55HEF6, STM32WBA55HEF7, STM32WBA55HGF6, STM32WBA55HGF7, STM32WBA55UEI6, STM32WBA55UEI6TR, STM32WBA55UEI7, STM32WBA55UEI7TR, STM32WBA55UGI6, STM32WBA55UGI6TR, STM32WBA55UGI7, STM32WBA55UGI7TR, STM32WL5MOCH6, STM32WL5MOCH6TR]
2024-05-08 13:25:31,917 [INFO] DbMcus:218 - Found 4096 MCUs, 4096 are supported
2024-05-08 13:25:31,929 [INFO] ApiDb:423 - Load user favorites file C:\Users\LeeJooho/.stm32cubeide/favorites.mcus.txt: 2 item(s)
2024-05-08 13:25:31,930 [INFO] ApiDb:427 - User favorites MCUs=[STM32F103C8T6, STM32F446RET6]
2024-05-08 13:25:31,930 [INFO] DbMcus:224 - Set 2 / 2 favorites MCUs
2024-05-08 13:25:32,355 [INFO] ApiDb:423 - Load user favorites file C:\Users\LeeJooho/.stm32cubeide/favorites.boards.txt: 1 item(s)
2024-05-08 13:25:32,355 [INFO] ApiDb:427 - User favorites Boards=[NUCLEO-F411RE]
2024-05-08 13:25:32,356 [INFO] DbBoards:198 - Set 1 / 1 favorites Boards
2024-05-08 13:25:32,402 [INFO] UtilMem:75 - End LoadConfig() Used Memory: 746252160 Bytes (1073741824)
2024-05-08 13:25:32,629 [WARN] ThirdParty:833 - waiting for thirdparty lock release [change project]
2024-05-08 13:25:32,629 [INFO] ThirdParty:835 - entering critical section [change project]
2024-05-08 13:25:32,630 [INFO] ThirdParty:1030 - CMSIS Pack Vendor :STMicroelectronics X-CUBE-ISPU 1.1.0
2024-05-08 13:25:32,630 [INFO] ThirdParty:1030 - CMSIS Pack Vendor :STMicroelectronics USBPD 4.1
2024-05-08 13:25:32,630 [INFO] ThirdParty:1030 - CMSIS Pack Vendor :STMicroelectronics X-CUBE-GNSS1 6.0.0
2024-05-08 13:25:32,630 [INFO] ThirdParty:1030 - CMSIS Pack Vendor :STMicroelectronics USB_HOST 2.0.0
2024-05-08 13:25:32,630 [INFO] ThirdParty:1030 - CMSIS Pack Vendor :STMicroelectronics FP-SNS-MOTENVWB1 1.4.0
2024-05-08 13:25:32,630 [INFO] ThirdParty:1030 - CMSIS Pack Vendor :STMicroelectronics X-CUBE-AZRTOS-F4 1.1.0
2024-05-08 13:25:32,630 [INFO] ThirdParty:1030 - CMSIS Pack Vendor :STMicroelectronics LIBJPEG 8.0.0
2024-05-08 13:25:32,630 [INFO] ThirdParty:1030 - CMSIS Pack Vendor :wolfSSL I-CUBE-wolfSSL 5.6.4
2024-05-08 13:25:32,630 [INFO] ThirdParty:1030 - CMSIS Pack Vendor :STMicroelectronics X-CUBE-SMBUS 2.1.0
2024-05-08 13:25:32,630 [INFO] ThirdParty:1030 - CMSIS Pack Vendor :STMicroelectronics USB_DEVICE 3.0.0
2024-05-08 13:25:32,630 [INFO] ThirdParty:1030 - CMSIS Pack Vendor :STMicroelectronics X-CUBE-TCPP 4.1.0
2024-05-08 13:25:32,630 [INFO] ThirdParty:1030 - CMSIS Pack Vendor :STMicroelectronics X-CUBE-FREERTOS 1.2.0
2024-05-08 13:25:32,631 [INFO] ThirdParty:1030 - CMSIS Pack Vendor :STMicroelectronics X-CUBE-AZRTOS-WB 2.0.0
2024-05-08 13:25:32,631 [INFO] ThirdParty:1030 - CMSIS Pack Vendor :STMicroelectronics X-CUBE-TOUCHGFX 4.23.0
2024-05-08 13:25:32,631 [INFO] ThirdParty:1030 - CMSIS Pack Vendor :STMicroelectronics X-CUBE-TOUCHGFX 4.23.2
2024-05-08 13:25:32,631 [INFO] ThirdParty:1030 - CMSIS Pack Vendor :STMicroelectronics X-CUBE-AZRTOS-F7 1.1.0
2024-05-08 13:25:32,631 [INFO] ThirdParty:1030 - CMSIS Pack Vendor :STMicroelectronics X-CUBE-AZRTOS-L5 2.0.0
2024-05-08 13:25:32,631 [INFO] ThirdParty:1030 - CMSIS Pack Vendor :STMicroelectronics USB_DEVICE 2.0.0
2024-05-08 13:25:32,631 [INFO] ThirdParty:1030 - CMSIS Pack Vendor :STMicroelectronics X-CUBE-EEPRMA1 4.2.0
2024-05-08 13:25:32,631 [INFO] ThirdParty:1030 - CMSIS Pack Vendor :STMicroelectronics X-CUBE-NFC6 3.1.0
2024-05-08 13:25:32,631 [INFO] ThirdParty:1030 - CMSIS Pack Vendor :ITTIA_DB I-CUBE-ITTIADB 8.8.0
2024-05-08 13:25:32,631 [INFO] ThirdParty:1030 - CMSIS Pack Vendor :STMicroelectronics FP-SNS-MOTENV1 4.3.2
2024-05-08 13:25:32,631 [INFO] ThirdParty:1030 - CMSIS Pack Vendor :STMicroelectronics X-CUBE-ALGOBUILD 1.3.0
2024-05-08 13:25:32,631 [INFO] ThirdParty:1030 - CMSIS Pack Vendor :STMicroelectronics FreeRTOS 0.0.1
2024-05-08 13:25:32,631 [INFO] ThirdParty:1030 - CMSIS Pack Vendor :STMicroelectronics X-CUBE-AZRTOS-G0 1.1.0
2024-05-08 13:25:32,631 [INFO] ThirdParty:1030 - CMSIS Pack Vendor :STMicroelectronics X-CUBE-SAFEA1 1.2.2
2024-05-08 13:25:32,631 [INFO] ThirdParty:1030 - CMSIS Pack Vendor :STMicroelectronics X-CUBE-NFC4 3.0.0
2024-05-08 13:25:32,631 [INFO] ThirdParty:1030 - CMSIS Pack Vendor :STMicroelectronics X-CUBE-SUBG2 5.0.0
2024-05-08 13:25:32,632 [INFO] ThirdParty:1030 - CMSIS Pack Vendor :STMicroelectronics STM32_WPAN 1.0.0
2024-05-08 13:25:32,632 [INFO] ThirdParty:1030 - CMSIS Pack Vendor :STMicroelectronics lwIP 2.0.3
2024-05-08 13:25:32,632 [INFO] ThirdParty:1030 - CMSIS Pack Vendor :STMicroelectronics FP-SNS-FLIGHT1 5.0.2
2024-05-08 13:25:32,632 [INFO] ThirdParty:1030 - CMSIS Pack Vendor :STMicroelectronics USB_HOST 1.0.0
2024-05-08 13:25:32,632 [INFO] ThirdParty:1030 - CMSIS Pack Vendor :STMicroelectronics X-CUBE-TOF1 3.3.1
2024-05-08 13:25:32,632 [INFO] ThirdParty:1030 - CMSIS Pack Vendor :STMicroelectronics X-CUBE-AI 9.0.0
2024-05-08 13:25:32,632 [INFO] ThirdParty:1030 - CMSIS Pack Vendor :STMicroelectronics X-CUBE-AZRTOS-G4 2.0.0
2024-05-08 13:25:32,632 [INFO] ThirdParty:1030 - CMSIS Pack Vendor :STMicroelectronics PDM2PCM 3.1.0
2024-05-08 13:25:32,632 [INFO] ThirdParty:1030 - CMSIS Pack Vendor :STMicroelectronics X-CUBE-AZRTOS-H7 3.1.0
2024-05-08 13:25:32,632 [INFO] ThirdParty:1030 - CMSIS Pack Vendor :Infineon AIROC-Wi-Fi-Bluetooth-STM32 1.5.1
2024-05-08 13:25:32,632 [INFO] ThirdParty:1030 - CMSIS Pack Vendor :STMicroelectronics X-CUBE-BLEMGR 3.0.0
2024-05-08 13:25:32,632 [INFO] ThirdParty:1030 - CMSIS Pack Vendor :STMicroelectronics PDM2PCM 3.3.0
2024-05-08 13:25:32,632 [INFO] ThirdParty:1030 - CMSIS Pack Vendor :STMicroelectronics X-CUBE-DISPLAY 3.0.0
2024-05-08 13:25:32,632 [INFO] ThirdParty:1030 - CMSIS Pack Vendor :STMicroelectronics FP-SNS-MOTENVWB1 1.3.0
2024-05-08 13:25:32,632 [INFO] ThirdParty:1030 - CMSIS Pack Vendor :STMicroelectronics FP-SNS-MOTENVWB1 1.3.1
2024-05-08 13:25:32,632 [INFO] ThirdParty:1030 - CMSIS Pack Vendor :STMicroelectronics X-CUBE-BLE1 7.0.0
2024-05-08 13:25:32,633 [INFO] ThirdParty:1030 - CMSIS Pack Vendor :STMicroelectronics FP-ATR-SIGFOX1 3.2.0
2024-05-08 13:25:32,633 [INFO] ThirdParty:1030 - CMSIS Pack Vendor :STMicroelectronics X-CUBE-ISPU 2.0.0
2024-05-08 13:25:32,633 [INFO] ThirdParty:1030 - CMSIS Pack Vendor :STMicroelectronics X-CUBE-EEPRMA1 5.1.0
2024-05-08 13:25:32,633 [INFO] ThirdParty:1030 - CMSIS Pack Vendor :STMicroelectronics HAL Drivers 0.0.0
2024-05-08 13:25:32,633 [INFO] ThirdParty:1030 - CMSIS Pack Vendor :STMicroelectronics MBEDTLS 2.16.2
2024-05-08 13:25:32,633 [INFO] ThirdParty:1030 - CMSIS Pack Vendor :emotas I-CUBE-CANOPEN 1.3.0
2024-05-08 13:25:32,633 [INFO] ThirdParty:1030 - CMSIS Pack Vendor :STMicroelectronics X-CUBE-MEMS1 10.0.0
2024-05-08 13:25:32,633 [INFO] ThirdParty:1030 - CMSIS Pack Vendor :STMicroelectronics X-CUBE-FREERTOS 1.1.0
2024-05-08 13:25:32,633 [INFO] ThirdParty:1030 - CMSIS Pack Vendor :STMicroelectronics X-CUBE-NFC7 1.0.1
2024-05-08 13:25:32,633 [INFO] ThirdParty:1030 - CMSIS Pack Vendor :STMicroelectronics MBEDTLS 2.14.1
2024-05-08 13:25:32,633 [INFO] ThirdParty:1030 - CMSIS Pack Vendor :STMicroelectronics X-CUBE-TOUCHGFX 4.22.1
2024-05-08 13:25:32,633 [INFO] ThirdParty:1030 - CMSIS Pack Vendor :STMicroelectronics X-CUBE-NFC6 3.0.0
2024-05-08 13:25:32,633 [INFO] ThirdParty:1030 - CMSIS Pack Vendor :portGmbH I-Cube-SoM-uGOAL 1.1.0
2024-05-08 13:25:32,633 [INFO] ThirdParty:1030 - CMSIS Pack Vendor :STMicroelectronics X-CUBE-ALS 1.0.1
2024-05-08 13:25:32,633 [INFO] ThirdParty:1030 - CMSIS Pack Vendor :STMicroelectronics X-CUBE-BLEMGR 3.1.0
2024-05-08 13:25:32,633 [INFO] ThirdParty:1030 - CMSIS Pack Vendor :STMicroelectronics ThreadX 1.0.0
2024-05-08 13:25:32,634 [INFO] ThirdParty:1030 - CMSIS Pack Vendor :STMicroelectronics FP-SNS-SMARTAG2 1.2.0
2024-05-08 13:25:32,634 [INFO] ThirdParty:1030 - CMSIS Pack Vendor :STMicroelectronics X-CUBE-AZRTOS-WL 2.0.0
2024-05-08 13:25:32,634 [INFO] ThirdParty:1030 - CMSIS Pack Vendor :SEGGER I-CUBE-embOS 1.3.1
2024-05-08 13:25:32,634 [INFO] ThirdParty:1030 - CMSIS Pack Vendor :STMicroelectronics FP-SNS-MOTENV1 5.0.0
2024-05-08 13:25:32,634 [INFO] ThirdParty:1030 - CMSIS Pack Vendor :STMicroelectronics USB_DEVICE 1.0.0
2024-05-08 13:25:32,634 [INFO] ThirdParty:1030 - CMSIS Pack Vendor :STMicroelectronics X-CUBE-AI 8.1.0
2024-05-08 13:25:32,634 [INFO] ThirdParty:1030 - CMSIS Pack Vendor :STMicroelectronics X-CUBE-AZRTOS-H7RS 1.0.0
2024-05-08 13:25:32,634 [INFO] ThirdParty:1030 - CMSIS Pack Vendor :STMicroelectronics X-CUBE-AZRTOS-L4 2.0.0
2024-05-08 13:25:32,634 [INFO] ThirdParty:1030 - CMSIS Pack Vendor :STMicroelectronics ThreadX 0.0.2
2024-05-08 13:25:32,634 [INFO] ThirdParty:1030 - CMSIS Pack Vendor :WES I-CUBE-Cesium 1.3.0
2024-05-08 13:25:32,634 [INFO] ThirdParty:1030 - CMSIS Pack Vendor :STMicroelectronics FP-ATR-ASTRA1 2.0.0
2024-05-08 13:25:32,634 [INFO] ThirdParty:1030 - CMSIS Pack Vendor :STMicroelectronics lwIP 2.1.2
2024-05-08 13:25:32,634 [INFO] ThirdParty:1030 - CMSIS Pack Vendor :STMicroelectronics X-CUBE-SFXS2LP1 4.0.0
2024-05-08 13:25:32,634 [INFO] ThirdParty:1030 - CMSIS Pack Vendor :STMicroelectronics X-CUBE-BLE2 3.3.0
2024-05-08 13:25:32,634 [INFO] ThirdParty:1030 - CMSIS Pack Vendor :STMicroelectronics X-CUBE-TOF1 3.4.0
2024-05-08 13:25:32,635 [INFO] ThirdParty:1030 - CMSIS Pack Vendor :STMicroelectronics X-CUBE-TOF1 3.4.1
2024-05-08 13:25:32,635 [INFO] ThirdParty:1030 - CMSIS Pack Vendor :STMicroelectronics X-CUBE-AZRTOS-H7 3.2.0
2024-05-08 13:25:32,635 [INFO] ThirdParty:1030 - CMSIS Pack Vendor :STMicroelectronics PDM2PCM 3.2.0
2024-05-08 13:25:32,635 [INFO] ThirdParty:841 - exiting critical section [change project]
2024-05-08 13:25:33,096 [INFO] PinOutPanel:1561 - setPackage(No Configuration,No Configuration)
2024-05-08 13:25:33,098 [INFO] PinOutPanel:1561 - setPackage(STM32F103C8Tx,LQFP48)
2024-05-08 13:25:33,879 [INFO] UtilMem:75 - Before build in PCC Used Memory: 691029752 Bytes (1073741824)
2024-05-08 13:25:35,097 [INFO] UtilMem:75 - After build in PCC Used Memory: 754618968 Bytes (1073741824)
2024-05-08 13:25:35,133 [INFO] IPUIPlugin:80 - create IPUIPlugin
2024-05-08 13:25:35,133 [INFO] IPUIPlugin:80 - create IPUIPlugin
2024-05-08 13:25:35,134 [INFO] IPUIPlugin:80 - create IPUIPlugin
2024-05-08 13:25:35,134 [INFO] IPUIPlugin:80 - create IPUIPlugin
2024-05-08 13:25:35,134 [INFO] IPUIPlugin:80 - create IPUIPlugin
2024-05-08 13:25:35,134 [INFO] IPUIPlugin:80 - create IPUIPlugin
2024-05-08 13:25:35,134 [INFO] IPUIPlugin:80 - create IPUIPlugin
2024-05-08 13:25:35,134 [INFO] IPUIPlugin:80 - create IPUIPlugin
2024-05-08 13:25:35,134 [INFO] IPUIPlugin:80 - create IPUIPlugin
2024-05-08 13:25:35,134 [INFO] IPUIPlugin:80 - create IPUIPlugin
2024-05-08 13:25:35,135 [INFO] IPUIPlugin:80 - create IPUIPlugin
2024-05-08 13:25:35,135 [INFO] IPUIPlugin:80 - create IPUIPlugin
2024-05-08 13:25:35,135 [INFO] IPUIPlugin:80 - create IPUIPlugin
2024-05-08 13:25:35,135 [INFO] IPUIPlugin:80 - create IPUIPlugin
2024-05-08 13:25:35,135 [INFO] IPUIPlugin:80 - create IPUIPlugin
2024-05-08 13:25:35,136 [INFO] IPUIPlugin:80 - create IPUIPlugin
2024-05-08 13:25:35,136 [INFO] IPUIPlugin:80 - create IPUIPlugin
2024-05-08 13:25:35,136 [INFO] IPUIPlugin:80 - create IPUIPlugin
2024-05-08 13:25:35,136 [INFO] IPUIPlugin:80 - create IPUIPlugin
2024-05-08 13:25:35,137 [INFO] IPUIPlugin:80 - create IPUIPlugin
2024-05-08 13:25:35,137 [INFO] IPUIPlugin:80 - create IPUIPlugin
2024-05-08 13:25:35,137 [INFO] IPUIPlugin:80 - create IPUIPlugin
2024-05-08 13:25:35,137 [INFO] IPUIPlugin:80 - create IPUIPlugin
2024-05-08 13:25:35,138 [INFO] IPUIPlugin:80 - create IPUIPlugin
2024-05-08 13:25:35,138 [INFO] IPUIPlugin:80 - create IPUIPlugin
2024-05-08 13:25:35,139 [INFO] IPUIPlugin:80 - create IPUIPlugin
2024-05-08 13:25:35,139 [INFO] IPUIPlugin:80 - create IPUIPlugin
2024-05-08 13:25:35,435 [INFO] CADModel:165 - CPN selected for project levelSTM32F103C8T6
2024-05-08 13:25:35,435 [INFO] CADModel:114 - Register for checkConnection events
2024-05-08 13:25:35,516 [INFO] OpenFileManager:343 - Restore cursor
2024-05-08 14:07:00,903 [ERROR] LogOutputStream:75 - [STDERR_REDIRECT] 
