2024-05-20 08:45:32,056 [INFO] Activator:176 - 


2024-05-20 08:45:32,063 [INFO] Activator:177 - !SESSION log4j initialized
2024-05-20 08:45:39,172 [INFO] LogOutputStream:77 - [STDOUT_REDIRECT] 
2024-05-20 08:45:43,280 [INFO] ApplicationProperties:184 - Using Application install path: C:\ST\STM32CubeIDE_1.15.0\STM32CubeIDE\plugins\com.st.stm32cube.common.mx_6.11.0.202403141607
2024-05-20 08:45:43,305 [INFO] DbMcusXml:78 - Set database path to: C:\ST\STM32CubeIDE_1.15.0\STM32CubeIDE\plugins\com.st.stm32cube.common.mx_6.11.0.202403141607\\db\/mcu/
2024-05-20 08:45:43,305 [INFO] ApiDb:274 - Set plugin database path to: C:\ST\STM32CubeIDE_1.15.0\STM32CubeIDE\plugins\com.st.stm32cube.common.mx_6.11.0.202403141607\\db\/plugins/boardmanager/
2024-05-20 08:45:43,306 [WARN] ApiDb:259 - Overriding images path with different value:  => C:\ST\STM32CubeIDE_1.15.0\STM32CubeIDE\plugins\com.st.stm32cube.common.mx_6.11.0.202403141607\\db\/plugins/mcufinder/images/
2024-05-20 08:45:43,318 [INFO] ApiDb:250 - Set database path to: C:\Users\LeeJooho\.stmcufinder\plugins\mcufinder//mcu/
2024-05-20 08:45:43,320 [INFO] DbMcusAds:125 - Set database path to: C:\Users\LeeJooho\.stmcufinder\plugins\mcufinder//mcu/
2024-05-20 08:45:43,323 [INFO] CrossReferenceDbSqlite:203 - Set database path to: C:\Users\LeeJooho\.stmcufinder\plugins\mcufinder//mcu/cs/
2024-05-20 08:45:43,490 [INFO] RulesReader:64 - Compatibility file has been processed (297 Rules)
2024-05-20 08:45:43,619 [INFO] DbMcusXml:78 - Set database path to: C:\ST\STM32CubeIDE_1.15.0\STM32CubeIDE\plugins\com.st.stm32cube.common.mx_6.11.0.202403141607\\db\/mcu/
2024-05-20 08:45:43,619 [INFO] ApiDb:274 - Set plugin database path to: C:\ST\STM32CubeIDE_1.15.0\STM32CubeIDE\plugins\com.st.stm32cube.common.mx_6.11.0.202403141607\\db\/plugins/boardmanager/
2024-05-20 08:45:43,619 [INFO] ApiDb:261 - Set plugin images path to: C:\ST\STM32CubeIDE_1.15.0\STM32CubeIDE\plugins\com.st.stm32cube.common.mx_6.11.0.202403141607\\db\/plugins/mcufinder/images/
2024-05-20 08:45:43,620 [WARN] DbFile:41 - Overriding database path with different value: C:\Users\LeeJooho\.stmcufinder\plugins\mcufinder/ => C:\Users\LeeJooho\.stmcufinder\plugins\mcufinder
2024-05-20 08:45:43,620 [INFO] ApiDb:250 - Set database path to: C:\Users\LeeJooho\.stmcufinder\plugins\mcufinder//mcu/
2024-05-20 08:45:43,620 [WARN] DbFile:41 - Overriding database path with different value: C:\Users\LeeJooho\.stmcufinder\plugins\mcufinder/ => C:\Users\LeeJooho\.stmcufinder\plugins\mcufinder
2024-05-20 08:45:43,620 [INFO] DbMcusAds:125 - Set database path to: C:\Users\LeeJooho\.stmcufinder\plugins\mcufinder//mcu/
2024-05-20 08:45:43,620 [WARN] DbFile:41 - Overriding database path with different value: C:\Users\LeeJooho\.stmcufinder\plugins\mcufinder/ => C:\Users\LeeJooho\.stmcufinder\plugins\mcufinder
2024-05-20 08:45:43,620 [WARN] DbFile:41 - Overriding database path with different value: C:\Users\LeeJooho\.stmcufinder\plugins\mcufinder/ => C:\Users\LeeJooho\.stmcufinder\plugins\mcufinder
2024-05-20 08:45:43,620 [INFO] CrossReferenceDbSqlite:203 - Set database path to: C:\Users\LeeJooho\.stmcufinder\plugins\mcufinder//mcu/cs/
2024-05-20 08:45:43,730 [INFO] MainPanel:264 - HeapMemory: 268435456
2024-05-20 08:45:43,842 [INFO] DbMcusXml:78 - Set database path to: C:\ST\STM32CubeIDE_1.15.0\STM32CubeIDE\plugins\com.st.stm32cube.common.mx_6.11.0.202403141607\\db\/mcu/
2024-05-20 08:45:43,842 [INFO] ApiDb:274 - Set plugin database path to: C:\ST\STM32CubeIDE_1.15.0\STM32CubeIDE\plugins\com.st.stm32cube.common.mx_6.11.0.202403141607\\db\/plugins/boardmanager/
2024-05-20 08:45:43,843 [INFO] ApiDb:261 - Set plugin images path to: C:\ST\STM32CubeIDE_1.15.0\STM32CubeIDE\plugins\com.st.stm32cube.common.mx_6.11.0.202403141607\\db\/plugins/mcufinder/images/
2024-05-20 08:45:43,843 [WARN] DbFile:41 - Overriding database path with different value: C:\Users\LeeJooho\.stmcufinder\plugins\mcufinder/ => C:\Users\LeeJooho\.stmcufinder\plugins\mcufinder
2024-05-20 08:45:43,844 [INFO] ApiDb:250 - Set database path to: C:\Users\LeeJooho\.stmcufinder\plugins\mcufinder//mcu/
2024-05-20 08:45:43,844 [WARN] DbFile:41 - Overriding database path with different value: C:\Users\LeeJooho\.stmcufinder\plugins\mcufinder/ => C:\Users\LeeJooho\.stmcufinder\plugins\mcufinder
2024-05-20 08:45:43,844 [INFO] DbMcusAds:125 - Set database path to: C:\Users\LeeJooho\.stmcufinder\plugins\mcufinder//mcu/
2024-05-20 08:45:43,844 [WARN] DbFile:41 - Overriding database path with different value: C:\Users\LeeJooho\.stmcufinder\plugins\mcufinder/ => C:\Users\LeeJooho\.stmcufinder\plugins\mcufinder
2024-05-20 08:45:43,844 [WARN] DbFile:41 - Overriding database path with different value: C:\Users\LeeJooho\.stmcufinder\plugins\mcufinder/ => C:\Users\LeeJooho\.stmcufinder\plugins\mcufinder
2024-05-20 08:45:43,844 [INFO] CrossReferenceDbSqlite:203 - Set database path to: C:\Users\LeeJooho\.stmcufinder\plugins\mcufinder//mcu/cs/
2024-05-20 08:45:43,868 [INFO] ApplicationProperties:184 - Using Application install path: C:\ST\STM32CubeIDE_1.15.0\STM32CubeIDE\plugins\com.st.stm32cube.common.mx_6.11.0.202403141607
2024-05-20 08:45:43,870 [INFO] PluginManage:196 - Search for loadable plugins [exclusion list=, ]
2024-05-20 08:45:43,872 [INFO] PluginManage:310 - Check plugin analytics
2024-05-20 08:45:44,152 [INFO] AnalyticsPlugin:253 - Accepted Software Licenses: 
2024-05-20 08:45:44,152 [INFO] AnalyticsPlugin:255 - Accepted CMSIS Pack Licenses: 
2024-05-20 08:45:44,153 [INFO] AnalyticsPlugin:257 - Accepted Firmware Licenses: FW.F4.1.28.0
2024-05-20 08:45:44,157 [INFO] PluginManage:359 - Loaded plugin analytics (category:tool,tabindex:-1)
2024-05-20 08:45:44,157 [INFO] PluginManage:310 - Check plugin cadmodel
2024-05-20 08:45:44,176 [INFO] CADModel:105 - Init CAD model plugin
2024-05-20 08:45:44,177 [INFO] PluginManage:359 - Loaded plugin cadmodel (category:power,tabindex:5)
2024-05-20 08:45:44,177 [INFO] PluginManage:310 - Check plugin clock
2024-05-20 08:45:44,204 [INFO] PluginManage:359 - Loaded plugin clock (category:base,tabindex:2)
2024-05-20 08:45:44,204 [INFO] PluginManage:310 - Check plugin ddr
2024-05-20 08:45:44,207 [INFO] PluginManage:359 - Loaded plugin ddr (category:tool,tabindex:6)
2024-05-20 08:45:44,207 [INFO] PluginManage:310 - Check plugin filemanager
2024-05-20 08:45:44,373 [INFO] PluginManage:359 - Loaded plugin filemanager (category:base,tabindex:10)
2024-05-20 08:45:44,374 [INFO] PluginManage:310 - Check plugin ipmanager
2024-05-20 08:45:44,385 [INFO] PluginManage:359 - Loaded plugin ipmanager (category:base,tabindex:5)
2024-05-20 08:45:44,385 [INFO] PluginManage:310 - Check plugin lpbam
2024-05-20 08:45:44,403 [INFO] PluginManage:359 - Loaded plugin lpbam (category:base,tabindex:0)
2024-05-20 08:45:44,403 [INFO] PluginManage:310 - Check plugin memorymap
2024-05-20 08:45:44,428 [INFO] PluginManage:359 - Loaded plugin memorymap (category:base,tabindex:4)
2024-05-20 08:45:44,428 [INFO] PluginManage:310 - Check plugin pinoutandconfiguration
2024-05-20 08:45:44,447 [INFO] PluginManage:359 - Loaded plugin pinoutandconfiguration (category:base,tabindex:1)
2024-05-20 08:45:44,447 [INFO] PluginManage:310 - Check plugin pinoutconfig
2024-05-20 08:45:44,563 [WARN] SupportedApi:132 - Cannot load RTOS API schema: s4s-elt-must-match.1: The content of 'definitions' must match (annotation?, (simpleType | complexType)?, (unique | key | keyref)*)). A problem was found starting at: attribute.
2024-05-20 08:45:44,717 [INFO] PluginManage:359 - Loaded plugin pinoutconfig (category:base,tabindex:0)
2024-05-20 08:45:44,717 [INFO] PluginManage:310 - Check plugin power
2024-05-20 08:45:44,743 [INFO] PluginManage:359 - Loaded plugin power (category:power,tabindex:4)
2024-05-20 08:45:44,743 [INFO] PluginManage:310 - Check plugin projectmanager
2024-05-20 08:45:44,763 [INFO] PluginManage:359 - Loaded plugin projectmanager (category:projectmanager,tabindex:3)
2024-05-20 08:45:44,763 [INFO] PluginManage:310 - Check plugin thirdparty
2024-05-20 08:45:45,081 [INFO] PluginManage:359 - Loaded plugin thirdparty (category:base,tabindex:-1)
2024-05-20 08:45:45,081 [WARN] IntegrityCheckThread:84 - waiting for thirdparty lock release [integrity check]
2024-05-20 08:45:45,082 [INFO] PluginManage:310 - Check plugin tools
2024-05-20 08:45:45,082 [INFO] IntegrityCheckThread:86 - entering critical section [integrity check]
2024-05-20 08:45:45,082 [INFO] ThirdPartyUpdaterWithRetryManager:70 - Updater plugin not ready yet. [1/15]
2024-05-20 08:45:45,116 [INFO] PluginManage:359 - Loaded plugin tools (category:base,tabindex:7)
2024-05-20 08:45:45,116 [INFO] PluginManage:310 - Check plugin tutovideos
2024-05-20 08:45:45,339 [INFO] PluginManage:359 - Loaded plugin tutovideos (category:base,tabindex:-1)
2024-05-20 08:45:45,339 [INFO] PluginManage:310 - Check plugin updater
2024-05-20 08:45:45,353 [INFO] PluginManage:359 - Loaded plugin updater (category:base,tabindex:12)
2024-05-20 08:45:45,353 [INFO] PluginManage:310 - Check plugin userauth
2024-05-20 08:45:45,359 [INFO] UserAuth:114 - Init User Auth plugin
2024-05-20 08:45:45,360 [INFO] PluginManage:359 - Loaded plugin userauth (category:base,tabindex:14)
2024-05-20 08:45:45,360 [INFO] PluginManage:283 - PluginManage : Loaded plugins [17]
2024-05-20 08:45:45,628 [INFO] PinOutPanel:1561 - setPackage(No Configuration,No Configuration)
2024-05-20 08:45:45,737 [INFO] CADModel:165 - CPN selected for project level
2024-05-20 08:45:45,737 [INFO] CADModel:114 - Register for checkConnection events
2024-05-20 08:45:45,764 [INFO] IPUIPlugin:80 - create IPUIPlugin
2024-05-20 08:45:45,764 [INFO] PluginManager:220 - loadIPPluginJar : add adc
2024-05-20 08:45:45,799 [INFO] IPUIPlugin:80 - create IPUIPlugin
2024-05-20 08:45:45,800 [INFO] PluginManager:220 - loadIPPluginJar : add aes
2024-05-20 08:45:45,841 [INFO] IPUIPlugin:80 - create IPUIPlugin
2024-05-20 08:45:45,842 [INFO] PluginManager:220 - loadIPPluginJar : add can
2024-05-20 08:45:45,865 [INFO] IPUIPlugin:80 - create IPUIPlugin
2024-05-20 08:45:45,865 [INFO] PluginManager:220 - loadIPPluginJar : add comp
2024-05-20 08:45:45,897 [INFO] IPUIPlugin:80 - create IPUIPlugin
2024-05-20 08:45:45,897 [INFO] PluginManager:220 - loadIPPluginJar : add cryp
2024-05-20 08:45:45,928 [INFO] IPUIPlugin:80 - create IPUIPlugin
2024-05-20 08:45:45,929 [INFO] PluginManager:220 - loadIPPluginJar : add dfsdm
2024-05-20 08:45:45,943 [INFO] IPUIPlugin:80 - create IPUIPlugin
2024-05-20 08:45:45,943 [INFO] PluginManager:220 - loadIPPluginJar : add dma
2024-05-20 08:45:45,993 [INFO] IPUIPlugin:80 - create IPUIPlugin
2024-05-20 08:45:45,993 [INFO] PluginManager:220 - loadIPPluginJar : add dma3
2024-05-20 08:45:46,038 [INFO] IPUIPlugin:80 - create IPUIPlugin
2024-05-20 08:45:46,038 [INFO] PluginManager:220 - loadIPPluginJar : add extmemmanager
2024-05-20 08:45:46,058 [INFO] IPUIPlugin:80 - create IPUIPlugin
2024-05-20 08:45:46,058 [INFO] PluginManager:220 - loadIPPluginJar : add fatfs
2024-05-20 08:45:46,105 [INFO] IPUIPlugin:80 - create IPUIPlugin
2024-05-20 08:45:46,106 [INFO] PluginManager:220 - loadIPPluginJar : add fmc
2024-05-20 08:45:46,121 [INFO] IPUIPlugin:80 - create IPUIPlugin
2024-05-20 08:45:46,121 [INFO] PluginManager:220 - loadIPPluginJar : add freertos
2024-05-20 08:45:46,143 [INFO] IPUIPlugin:80 - create IPUIPlugin
2024-05-20 08:45:46,143 [INFO] PluginManager:220 - loadIPPluginJar : add genericplugin
2024-05-20 08:45:46,233 [INFO] IPUIPlugin:80 - create IPUIPlugin
2024-05-20 08:45:46,233 [INFO] PluginManager:220 - loadIPPluginJar : add gfxmmu
2024-05-20 08:45:46,373 [INFO] IPUIPlugin:80 - create IPUIPlugin
2024-05-20 08:45:46,373 [INFO] PluginManager:220 - loadIPPluginJar : add gic
2024-05-20 08:45:46,385 [INFO] IPUIPlugin:80 - create IPUIPlugin
2024-05-20 08:45:46,385 [INFO] PluginManager:220 - loadIPPluginJar : add gpio
2024-05-20 08:45:46,474 [INFO] IPUIPlugin:80 - create IPUIPlugin
2024-05-20 08:45:46,475 [INFO] PluginManager:220 - loadIPPluginJar : add gtzc
2024-05-20 08:45:46,507 [INFO] IPUIPlugin:80 - create IPUIPlugin
2024-05-20 08:45:46,507 [INFO] PluginManager:220 - loadIPPluginJar : add hash
2024-05-20 08:45:46,559 [INFO] IPUIPlugin:80 - create IPUIPlugin
2024-05-20 08:45:46,559 [INFO] PluginManager:220 - loadIPPluginJar : add i2c
2024-05-20 08:45:46,597 [INFO] IPUIPlugin:80 - create IPUIPlugin
2024-05-20 08:45:46,597 [INFO] PluginManager:220 - loadIPPluginJar : add i2s
2024-05-20 08:45:46,638 [INFO] IPUIPlugin:80 - create IPUIPlugin
2024-05-20 08:45:46,639 [INFO] PluginManager:220 - loadIPPluginJar : add i3c
2024-05-20 08:45:46,747 [INFO] IPUIPlugin:80 - create IPUIPlugin
2024-05-20 08:45:46,747 [INFO] PluginManager:220 - loadIPPluginJar : add ipddr
2024-05-20 08:45:46,837 [INFO] IPUIPlugin:80 - create IPUIPlugin
2024-05-20 08:45:46,837 [INFO] PluginManager:220 - loadIPPluginJar : add linkedlist
2024-05-20 08:45:46,875 [INFO] IPUIPlugin:80 - create IPUIPlugin
2024-05-20 08:45:46,875 [INFO] PluginManager:220 - loadIPPluginJar : add lorawan
2024-05-20 08:45:46,914 [INFO] IPUIPlugin:80 - create IPUIPlugin
2024-05-20 08:45:46,914 [INFO] PluginManager:220 - loadIPPluginJar : add ltdc
2024-05-20 08:45:46,927 [INFO] IPUIPlugin:80 - create IPUIPlugin
2024-05-20 08:45:46,927 [INFO] PluginManager:220 - loadIPPluginJar : add mdma
2024-05-20 08:45:46,941 [INFO] IPUIPlugin:80 - create IPUIPlugin
2024-05-20 08:45:46,941 [INFO] PluginManager:220 - loadIPPluginJar : add nvic
2024-05-20 08:45:46,975 [INFO] IPUIPlugin:80 - create IPUIPlugin
2024-05-20 08:45:46,976 [INFO] PluginManager:220 - loadIPPluginJar : add opamp
2024-05-20 08:45:47,037 [INFO] IPUIPlugin:80 - create IPUIPlugin
2024-05-20 08:45:47,037 [INFO] PluginManager:220 - loadIPPluginJar : add openamp
2024-05-20 08:45:47,081 [INFO] IPUIPlugin:80 - create IPUIPlugin
2024-05-20 08:45:47,081 [INFO] PluginManager:220 - loadIPPluginJar : add pdm2pcm
2024-05-20 08:45:47,093 [INFO] IPUIPlugin:80 - create IPUIPlugin
2024-05-20 08:45:47,097 [INFO] PluginManager:220 - loadIPPluginJar : add plateformsettings
2024-05-20 08:45:47,118 [INFO] IPUIPlugin:80 - create IPUIPlugin
2024-05-20 08:45:47,118 [INFO] PluginManager:220 - loadIPPluginJar : add quadspi
2024-05-20 08:45:47,130 [INFO] IPUIPlugin:80 - create IPUIPlugin
2024-05-20 08:45:47,130 [INFO] PluginManager:220 - loadIPPluginJar : add resmgrutility
2024-05-20 08:45:47,174 [INFO] IPUIPlugin:80 - create IPUIPlugin
2024-05-20 08:45:47,175 [INFO] PluginManager:220 - loadIPPluginJar : add sai
2024-05-20 08:45:47,209 [INFO] IPUIPlugin:80 - create IPUIPlugin
2024-05-20 08:45:47,209 [INFO] PluginManager:220 - loadIPPluginJar : add spi
2024-05-20 08:45:47,272 [INFO] IPUIPlugin:80 - create IPUIPlugin
2024-05-20 08:45:47,272 [INFO] PluginManager:220 - loadIPPluginJar : add stm32_wpan
2024-05-20 08:45:47,300 [INFO] IPUIPlugin:80 - create IPUIPlugin
2024-05-20 08:45:47,300 [INFO] PluginManager:220 - loadIPPluginJar : add tim
2024-05-20 08:45:47,356 [INFO] IPUIPlugin:80 - create IPUIPlugin
2024-05-20 08:45:47,356 [INFO] PluginManager:220 - loadIPPluginJar : add touchsensing
2024-05-20 08:45:47,377 [INFO] IPUIPlugin:80 - create IPUIPlugin
2024-05-20 08:45:47,377 [INFO] PluginManager:220 - loadIPPluginJar : add tracer_emb
2024-05-20 08:45:47,398 [INFO] IPUIPlugin:80 - create IPUIPlugin
2024-05-20 08:45:47,398 [INFO] PluginManager:220 - loadIPPluginJar : add ts
2024-05-20 08:45:47,419 [INFO] IPUIPlugin:80 - create IPUIPlugin
2024-05-20 08:45:47,419 [INFO] PluginManager:220 - loadIPPluginJar : add tsc
2024-05-20 08:45:47,442 [INFO] IPUIPlugin:80 - create IPUIPlugin
2024-05-20 08:45:47,442 [INFO] PluginManager:220 - loadIPPluginJar : add ucpd
2024-05-20 08:45:47,486 [INFO] IPUIPlugin:80 - create IPUIPlugin
2024-05-20 08:45:47,486 [INFO] PluginManager:220 - loadIPPluginJar : add usart
2024-05-20 08:45:47,536 [INFO] IPUIPlugin:80 - create IPUIPlugin
2024-05-20 08:45:47,536 [INFO] PluginManager:220 - loadIPPluginJar : add usbx
2024-05-20 08:45:47,688 [INFO] CADModel:165 - CPN selected for project level
2024-05-20 08:45:47,688 [INFO] CADModel:114 - Register for checkConnection events
2024-05-20 08:45:47,689 [FATAL] Updater:308 - Updater called before beeing initialized
2024-05-20 08:45:47,689 [ERROR] CADModel:125 - Updater not yet initialized, retry later 
2024-05-20 08:45:47,880 [INFO] CADModel:165 - CPN selected for project level
2024-05-20 08:45:47,880 [INFO] CADModel:114 - Register for checkConnection events
2024-05-20 08:45:47,880 [FATAL] Updater:308 - Updater called before beeing initialized
2024-05-20 08:45:47,880 [ERROR] CADModel:125 - Updater not yet initialized, retry later 
2024-05-20 08:45:47,884 [FATAL] Updater:308 - Updater called before beeing initialized
2024-05-20 08:45:48,023 [FATAL] Updater:308 - Updater called before beeing initialized
2024-05-20 08:45:48,035 [INFO] DbMcusAds:53 - JSON generation date=Thu May 02 17:37:29 KST 2024 (1714639049318)
2024-05-20 08:45:48,035 [FATAL] Updater:308 - Updater called before beeing initialized
2024-05-20 08:45:48,084 [INFO] ThirdPartyUpdaterWithRetryManager:70 - Updater plugin not ready yet. [2/15]
2024-05-20 08:45:48,124 [WARN] DetailPanel:346 - Failed to get advertising image, set to default
2024-05-20 08:45:48,238 [FATAL] Updater:308 - Updater called before beeing initialized
2024-05-20 08:45:48,241 [FATAL] Updater:308 - Updater called before beeing initialized
2024-05-20 08:45:48,241 [FATAL] Updater:308 - Updater called before beeing initialized
2024-05-20 08:45:48,241 [WARN] DetailPanel:346 - Failed to get advertising image, set to default
2024-05-20 08:45:48,242 [FATAL] Updater:308 - Updater called before beeing initialized
2024-05-20 08:45:48,350 [ERROR] Updater:1120 - MainUpdater not yet initialized. External WinMGr cannot be set.
2024-05-20 08:45:48,363 [INFO] Updater:1056 - Updater Version found : 6.11.0
2024-05-20 08:45:48,395 [INFO] ApplicationProperties:184 - Using Application install path: C:\ST\STM32CubeIDE_1.15.0\STM32CubeIDE\plugins\com.st.stm32cube.common.mx_6.11.0.202403141607
2024-05-20 08:45:49,980 [ERROR] LogOutputStream:75 - [STDERR_REDIRECT] May 20, 2024 8:45:49 AM java.util.prefs.WindowsPreferences <init>
2024-05-20 08:45:49,985 [ERROR] LogOutputStream:75 - [STDERR_REDIRECT] WARNING: Could not open/create prefs root node Software\JavaSoft\Prefs at root 0xffffffff80000002. Windows RegCreateKeyEx(...) returned error code 5.
2024-05-20 08:45:49,986 [ERROR] LogOutputStream:75 - [STDERR_REDIRECT] 
2024-05-20 08:45:50,430 [INFO] MainUpdater:2873 - connection check result : 10
2024-05-20 08:45:50,431 [INFO] MainUpdater:3567 - Updater definition file requires update
2024-05-20 08:45:50,432 [INFO] MainUpdater:290 - Updater Check For Update Now.
2024-05-20 08:45:50,432 [INFO] MicroXplorer:498 - Change Database Version : DB.6.0.110
2024-05-20 08:45:50,446 [INFO] McuFinderGlobals:63 - Set McuFinder mode to 2 (CubeIDE integrated)
2024-05-20 08:45:50,455 [INFO] UserAuth:415 - Internet connection configuration mode: 1
2024-05-20 08:45:50,481 [INFO] JxBrowserEngine:152 - Initiate JxBrowser Engine with user profile folder
2024-05-20 08:45:50,494 [INFO] ServerAccessManage:473 - Download File updaters.zip
2024-05-20 08:45:50,644 [INFO] FileExtend:240 - Unzip File : updaters.zip
2024-05-20 08:45:50,644 [INFO] FileExtend:255 - Standard Zip Deflate
2024-05-20 08:45:51,087 [WARN] MainUpdater:1194 - Updater busy. Cannot search thirdparties
2024-05-20 08:45:51,088 [INFO] ThirdPartyUpdaterWithRetryManager:96 - Updater plugin is busy. [1/15]
2024-05-20 08:45:51,349 [INFO] ServerAccessManage:473 - Download File PacksControlFlags.xml
2024-05-20 08:45:51,509 [INFO] ServerAccessManage:473 - Download File cubemx.pidx
2024-05-20 08:45:51,657 [INFO] LoadServerUpdatesThread:375 - End of LoadServerUpdate Thread
2024-05-20 08:45:51,857 [INFO] CheckServerUpdateThread:120 - End of CheckServer Thread
2024-05-20 08:45:54,418 [WARN] PackLoader:240 - Cannot read IP mode file for STMicroelectronics.FP-SNS-MOTENVWB1.1.4.0
2024-05-20 08:45:54,443 [WARN] PackLoader:240 - Cannot read IP mode file for STMicroelectronics.X-CUBE-SMBUS.2.1.0
2024-05-20 08:45:54,457 [WARN] PackLoader:240 - Cannot read IP mode file for STMicroelectronics.X-CUBE-TOUCHGFX.4.23.0
2024-05-20 08:45:54,470 [WARN] PackLoader:240 - Cannot read IP mode file for STMicroelectronics.X-CUBE-TOUCHGFX.4.23.2
2024-05-20 08:45:54,542 [WARN] PackLoader:240 - Cannot read IP mode file for STMicroelectronics.X-CUBE-AZRTOS-F7.1.1.0
2024-05-20 08:45:54,581 [WARN] PackLoader:240 - Cannot read IP mode file for STMicroelectronics.FP-SNS-MOTENV1.4.3.2
2024-05-20 08:45:54,608 [WARN] PackLoader:240 - Cannot read IP mode file for STMicroelectronics.FP-SNS-FLIGHT1.5.0.2
2024-05-20 08:45:54,641 [WARN] PackLoader:240 - Cannot read IP mode file for STMicroelectronics.X-CUBE-DISPLAY.3.0.0
2024-05-20 08:45:54,682 [WARN] PackLoader:240 - Cannot read IP mode file for STMicroelectronics.X-CUBE-BLE1.7.0.0
2024-05-20 08:45:54,705 [WARN] PackLoader:240 - Cannot read IP mode file for emotas.I-CUBE-CANOPEN.1.3.0
2024-05-20 08:45:54,724 [WARN] PackLoader:240 - Cannot read IP mode file for STMicroelectronics.X-CUBE-TOUCHGFX.4.22.1
2024-05-20 08:45:54,757 [WARN] PackLoader:240 - Cannot read IP mode file for STMicroelectronics.X-CUBE-BLEMGR.3.1.0
2024-05-20 08:45:54,780 [WARN] PackLoader:240 - Cannot read IP mode file for STMicroelectronics.FP-SNS-SMARTAG2.1.2.0
2024-05-20 08:45:54,809 [INFO] LogOutputStream:77 - [STDOUT_REDIRECT] 1 : Invalid condition id : UX_CORESTACK_Condition cause : null
2024-05-20 08:45:54,810 [INFO] LogOutputStream:77 - [STDOUT_REDIRECT] 1 : Invalid condition id : UX_CORESTACK_Condition cause : null
2024-05-20 08:45:54,812 [INFO] LogOutputStream:77 - [STDOUT_REDIRECT] 1 : Invalid condition id : UX_CORESTACK_Condition cause : null
2024-05-20 08:45:54,815 [INFO] LogOutputStream:77 - [STDOUT_REDIRECT] 1 : Invalid condition id : UX_CORESTACK_Condition cause : null
2024-05-20 08:45:54,817 [INFO] LogOutputStream:77 - [STDOUT_REDIRECT] 1 : Invalid condition id : UX_CORESTACK_Condition cause : null
2024-05-20 08:45:54,823 [WARN] PackLoader:240 - Cannot read IP mode file for STMicroelectronics.X-CUBE-AZRTOS-WL.2.0.0
2024-05-20 08:45:54,839 [WARN] PackLoader:240 - Cannot read IP mode file for STMicroelectronics.FP-SNS-MOTENV1.5.0.0
2024-05-20 08:45:54,861 [WARN] PackLoader:240 - Cannot read IP mode file for WES.I-CUBE-Cesium.1.3.0
2024-05-20 08:45:54,876 [WARN] PackLoader:240 - Cannot read IP mode file for STMicroelectronics.X-CUBE-BLE2.3.3.0
2024-05-20 08:45:54,895 [WARN] PackLoader:240 - Cannot read IP mode file for STMicroelectronics.X-CUBE-TCPP.4.1.0
2024-05-20 08:45:54,918 [WARN] PackLoader:240 - Cannot read IP mode file for STMicroelectronics.X-CUBE-ALGOBUILD.1.3.0
2024-05-20 08:45:54,959 [WARN] PackLoader:240 - Cannot read IP mode file for STMicroelectronics.X-CUBE-AZRTOS-G0.1.1.0
2024-05-20 08:45:54,983 [WARN] PackLoader:240 - Cannot read IP mode file for STMicroelectronics.X-CUBE-SAFEA1.1.2.2
2024-05-20 08:45:55,003 [WARN] PackLoader:240 - Cannot read IP mode file for STMicroelectronics.X-CUBE-NFC4.3.0.0
2024-05-20 08:45:55,034 [WARN] PackLoader:240 - Cannot read IP mode file for STMicroelectronics.X-CUBE-BLEMGR.3.0.0
2024-05-20 08:45:55,060 [WARN] PackLoader:240 - Cannot read IP mode file for STMicroelectronics.FP-ATR-SIGFOX1.3.2.0
2024-05-20 08:45:55,085 [WARN] PackLoader:240 - Cannot read IP mode file for STMicroelectronics.X-CUBE-EEPRMA1.5.1.0
2024-05-20 08:45:55,159 [WARN] PackLoader:240 - Cannot read IP mode file for SEGGER.I-CUBE-embOS.1.3.1
2024-05-20 08:45:55,243 [WARN] PackLoader:240 - Cannot read IP mode file for STMicroelectronics.X-CUBE-ALGOBUILD.1.4.0
2024-05-20 08:45:55,268 [WARN] PackLoader:240 - Cannot read IP mode file for STMicroelectronics.X-CUBE-GNSS1.6.0.0
2024-05-20 08:45:55,300 [WARN] PackLoader:240 - Cannot read IP mode file for STMicroelectronics.X-CUBE-AZRTOS-F4.1.1.0
2024-05-20 08:45:55,315 [WARN] PackLoader:240 - Cannot read IP mode file for wolfSSL.I-CUBE-wolfSSL.5.6.4
2024-05-20 08:45:55,328 [WARN] PackLoader:240 - Cannot read IP mode file for STMicroelectronics.X-CUBE-FREERTOS.1.2.0
2024-05-20 08:45:55,361 [WARN] PackLoader:240 - Cannot read IP mode file for STMicroelectronics.X-CUBE-AZRTOS-L5.2.0.0
2024-05-20 08:45:55,379 [WARN] PackLoader:240 - Cannot read IP mode file for STMicroelectronics.X-CUBE-EEPRMA1.4.2.0
2024-05-20 08:45:55,398 [WARN] PackLoader:240 - Cannot read IP mode file for STMicroelectronics.X-CUBE-NFC6.3.1.0
2024-05-20 08:45:55,415 [WARN] PackLoader:240 - Cannot read IP mode file for ITTIA_DB.I-CUBE-ITTIADB.8.8.0
2024-05-20 08:45:55,427 [WARN] PackLoader:240 - Cannot read IP mode file for STMicroelectronics.X-CUBE-AI.9.0.0
2024-05-20 08:45:55,459 [WARN] ConditionMgr:438 - getConditionDescription Invalid condition id : UX DEVICE CLASS RTOS Condition cause : null
2024-05-20 08:45:55,460 [WARN] ConditionMgr:438 - getConditionDescription Invalid condition id : UX DEVICE CLASS RTOS Condition cause : null
2024-05-20 08:45:55,463 [WARN] PackLoader:240 - Cannot read IP mode file for STMicroelectronics.X-CUBE-AZRTOS-H7.3.1.0
2024-05-20 08:45:55,464 [WARN] ConditionMgr:1039 - genDependencies : Invalid condition id : UX DEVICE CLASS RTOS Condition cause : null
2024-05-20 08:45:55,464 [WARN] ConditionMgr:1039 - genDependencies : Invalid condition id : UX DEVICE CLASS RTOS Condition cause : null
2024-05-20 08:45:55,465 [WARN] ConditionMgr:1039 - genDependencies : Invalid condition id : UX DEVICE CLASS RTOS Condition cause : null
2024-05-20 08:45:55,466 [WARN] ConditionMgr:1039 - genDependencies : Invalid condition id : UX DEVICE CLASS RTOS Condition cause : null
2024-05-20 08:45:55,466 [WARN] ConditionMgr:1039 - genDependencies : Invalid condition id : UX DEVICE CLASS RTOS Condition cause : null
2024-05-20 08:45:55,482 [WARN] PackLoader:240 - Cannot read IP mode file for STMicroelectronics.X-CUBE-NFC7.1.0.1
2024-05-20 08:45:55,498 [WARN] PackLoader:240 - Cannot read IP mode file for STMicroelectronics.X-CUBE-NFC6.3.0.0
2024-05-20 08:45:55,513 [WARN] PackLoader:240 - Cannot read IP mode file for STMicroelectronics.X-CUBE-AI.8.1.0
2024-05-20 08:45:55,549 [WARN] ConditionMgr:438 - getConditionDescription Invalid condition id : LAN8742 Phy interface Condition cause : null
2024-05-20 08:45:55,550 [WARN] PackLoader:240 - Cannot read IP mode file for STMicroelectronics.X-CUBE-AZRTOS-L4.2.0.0
2024-05-20 08:45:55,551 [WARN] ConditionMgr:1039 - genDependencies : Invalid condition id : LAN8742 Phy interface Condition cause : null
2024-05-20 08:45:55,551 [WARN] ConditionMgr:1039 - genDependencies : Invalid condition id : LAN8742 Phy interface Condition cause : null
2024-05-20 08:45:55,551 [WARN] ConditionMgr:1039 - genDependencies : Invalid condition id : LAN8742 Phy interface Condition cause : null
2024-05-20 08:45:55,568 [WARN] PackLoader:240 - Cannot read IP mode file for STMicroelectronics.X-CUBE-SFXS2LP1.4.0.0
2024-05-20 08:45:55,584 [WARN] PackLoader:240 - Cannot read IP mode file for STMicroelectronics.X-CUBE-ISPU.1.1.0
2024-05-20 08:45:55,611 [WARN] ConditionMgr:438 - getConditionDescription Invalid condition id : UX DEVICE CLASS RTOS Condition cause : null
2024-05-20 08:45:55,611 [WARN] ConditionMgr:438 - getConditionDescription Invalid condition id : UX DEVICE CLASS RTOS Condition cause : null
2024-05-20 08:45:55,615 [WARN] PackLoader:240 - Cannot read IP mode file for STMicroelectronics.X-CUBE-AZRTOS-WB.2.0.0
2024-05-20 08:45:55,616 [WARN] ConditionMgr:1039 - genDependencies : Invalid condition id : UX DEVICE CLASS RTOS Condition cause : null
2024-05-20 08:45:55,616 [WARN] ConditionMgr:1039 - genDependencies : Invalid condition id : UX DEVICE CLASS RTOS Condition cause : null
2024-05-20 08:45:55,617 [WARN] ConditionMgr:1039 - genDependencies : Invalid condition id : UX DEVICE CLASS RTOS Condition cause : null
2024-05-20 08:45:55,618 [WARN] ConditionMgr:1039 - genDependencies : Invalid condition id : UX DEVICE CLASS RTOS Condition cause : null
2024-05-20 08:45:55,618 [WARN] ConditionMgr:1039 - genDependencies : Invalid condition id : UX DEVICE CLASS RTOS Condition cause : null
2024-05-20 08:45:55,642 [WARN] PackLoader:240 - Cannot read IP mode file for STMicroelectronics.X-CUBE-SUBG2.5.0.0
2024-05-20 08:45:55,659 [WARN] PackLoader:240 - Cannot read IP mode file for Cesanta.I-CUBE-Mongoose.7.13.0
2024-05-20 08:45:55,684 [WARN] PackLoader:240 - Cannot read IP mode file for STMicroelectronics.X-CUBE-TOF1.3.3.1
2024-05-20 08:45:55,723 [WARN] PackLoader:240 - Cannot read IP mode file for STMicroelectronics.X-CUBE-AZRTOS-G4.2.0.0
2024-05-20 08:45:55,756 [WARN] PackLoader:240 - Cannot read IP mode file for Infineon.AIROC-Wi-Fi-Bluetooth-STM32.1.5.1
2024-05-20 08:45:55,775 [WARN] PackLoader:240 - Cannot read IP mode file for STMicroelectronics.FP-SNS-MOTENVWB1.1.3.0
2024-05-20 08:45:55,791 [WARN] PackLoader:240 - Cannot read IP mode file for STMicroelectronics.FP-SNS-MOTENVWB1.1.3.1
2024-05-20 08:45:55,806 [WARN] PackLoader:240 - Cannot read IP mode file for STMicroelectronics.X-CUBE-ISPU.2.0.0
2024-05-20 08:45:55,866 [WARN] PackLoader:240 - Cannot read IP mode file for STMicroelectronics.X-CUBE-MEMS1.10.0.0
2024-05-20 08:45:56,007 [WARN] PackLoader:240 - Cannot read IP mode file for STMicroelectronics.X-CUBE-FREERTOS.1.1.0
2024-05-20 08:45:56,023 [WARN] PackLoader:240 - Cannot read IP mode file for portGmbH.I-Cube-SoM-uGOAL.1.1.0
2024-05-20 08:45:56,037 [WARN] PackLoader:240 - Cannot read IP mode file for STMicroelectronics.X-CUBE-ALS.1.0.1
2024-05-20 08:45:56,078 [WARN] PackLoader:240 - Cannot read IP mode file for STMicroelectronics.X-CUBE-AZRTOS-H7RS.1.0.0
2024-05-20 08:45:56,094 [WARN] PackLoader:240 - Cannot read IP mode file for STMicroelectronics.FP-ATR-ASTRA1.2.0.0
2024-05-20 08:45:56,124 [WARN] PackLoader:240 - Cannot read IP mode file for STMicroelectronics.X-CUBE-TOF1.3.4.0
2024-05-20 08:45:56,159 [WARN] PackLoader:240 - Cannot read IP mode file for STMicroelectronics.X-CUBE-TOF1.3.4.1
2024-05-20 08:45:56,207 [WARN] PackLoader:240 - Cannot read IP mode file for STMicroelectronics.X-CUBE-AZRTOS-H7.3.2.0
2024-05-20 08:45:56,209 [INFO] ThirdParty:978 - Integrity check success = true
2024-05-20 08:45:56,210 [INFO] IntegrityCheckThread:100 - exiting critical section [integrity check]
2024-05-20 08:45:56,210 [INFO] IntegrityCheckThread:103 - End integrity checks thread
2024-05-20 08:45:57,539 [INFO] WebApp:161 - Instantiating new browser for Auth
2024-05-20 08:45:58,373 [INFO] WebApp:779 - Register for checkConnection events
2024-05-20 08:45:58,373 [INFO] WebApp:414 - Apply proxy settings
2024-05-20 08:45:58,373 [INFO] WebApp:499 - Chromium requires no authentication
2024-05-20 08:45:58,382 [INFO] WebApp:442 - Direct internet connection detected
2024-05-20 08:45:58,583 [INFO] WebApp:192 - Starting web application
2024-05-20 08:45:58,583 [INFO] WebApp:544 - Web application path used C:\ST\STM32CubeIDE_1.15.0\STM32CubeIDE\plugins\com.st.stm32cube.common.mx_6.11.0.202403141607\db\plugins\mcufinder\reactClient1\index.html
2024-05-20 09:04:50,508 [INFO] McuFinderGlobals:63 - Set McuFinder mode to 2 (CubeIDE integrated)
2024-05-20 09:04:50,528 [INFO] MainUpdater:2873 - connection check result : 10
2024-05-20 09:04:50,535 [INFO] MainUpdater:2873 - connection check result : 10
2024-05-20 09:04:50,710 [INFO] MicroXplorer:468 - Change Database Path : 
2024-05-20 09:04:50,710 [INFO] MicroXplorer:498 - Change Database Version : DB.6.0.110
2024-05-20 09:04:50,720 [WARN] ThirdParty:871 - waiting for thirdparty lock release [close project]
2024-05-20 09:04:50,720 [INFO] ThirdParty:873 - entering critical section [close project]
2024-05-20 09:04:50,721 [INFO] ThirdParty:883 - exiting critical section [close project]
2024-05-20 09:04:50,725 [INFO] PinOutPanel:1561 - setPackage(No Configuration,No Configuration)
2024-05-20 09:04:50,728 [INFO] UtilMem:75 - Begin LoadConfig() Used Memory: 772165840 Bytes (1059061760)
2024-05-20 09:04:50,729 [INFO] MicroXplorer:468 - Change Database Path : 
2024-05-20 09:04:50,729 [INFO] MicroXplorer:498 - Change Database Version : DB.6.0.110
2024-05-20 09:04:50,729 [INFO] OpenFileManager:312 - Change cursor
2024-05-20 09:04:50,766 [INFO] Mcu:2021 - Initializing MCU STM32F103C(8-B)Tx STM32F103C8Tx STM32F103C8T6
2024-05-20 09:04:51,828 [INFO] Context:663 - Trying to add GPIOservice into a context  which must be forbidden
2024-05-20 09:04:52,223 [INFO] RtosManager:555 - Registered RTOS mode: class=CMSIS, group=RTOS, mode=CMSIS_V1, owner=FREERTOS
2024-05-20 09:04:52,223 [INFO] RtosManager:555 - Registered RTOS mode: class=CMSIS, group=RTOS2, mode=CMSIS_V2, owner=FREERTOS
2024-05-20 09:04:52,224 [INFO] RtosManager:555 - Registered RTOS mode: class=RTOS, group=Core, mode=CMSIS_V1, owner=FREERTOS
2024-05-20 09:04:52,224 [INFO] RtosManager:555 - Registered RTOS mode: class=RTOS, group=Core, mode=CMSIS_V2, owner=FREERTOS
2024-05-20 09:04:52,224 [WARN] ModelIntegratedComponent:184 - Missing modes for component STMicroelectronics:FreeRTOS:0.0.1:STMicroelectronics:RTOS:FreeRTOS:Core:::10.2.0:
2024-05-20 09:04:52,263 [WARN] ModelIntegratedComponent:63 - No mode defined for component null
2024-05-20 09:04:52,263 [WARN] ModelIntegratedComponent:63 - No mode defined for component null
2024-05-20 09:04:52,263 [WARN] ModelIntegratedComponent:63 - No mode defined for component null
2024-05-20 09:04:52,264 [WARN] ModelIntegratedComponent:63 - No mode defined for component null
2024-05-20 09:04:52,264 [WARN] ModelIntegratedComponent:63 - No mode defined for component null
2024-05-20 09:04:52,264 [WARN] ModelIntegratedComponent:63 - No mode defined for component null
2024-05-20 09:04:52,264 [WARN] ModelIntegratedComponent:63 - No mode defined for component null
2024-05-20 09:04:52,264 [WARN] ModelIntegratedComponent:63 - No mode defined for component null
2024-05-20 09:04:52,264 [WARN] ModelIntegratedComponent:63 - No mode defined for component null
2024-05-20 09:04:52,265 [WARN] ModelIntegratedComponent:63 - No mode defined for component null
2024-05-20 09:04:52,265 [WARN] ModelIntegratedComponent:63 - No mode defined for component null
2024-05-20 09:04:52,265 [WARN] ModelIntegratedComponent:63 - No mode defined for component null
2024-05-20 09:04:52,265 [WARN] ModelIntegratedComponent:63 - No mode defined for component null
2024-05-20 09:04:52,265 [WARN] ModelIntegratedComponent:63 - No mode defined for component null
2024-05-20 09:04:52,265 [WARN] ModelIntegratedComponent:63 - No mode defined for component null
2024-05-20 09:04:52,265 [WARN] ModelIntegratedComponent:63 - No mode defined for component null
2024-05-20 09:04:52,265 [WARN] ModelIntegratedComponent:63 - No mode defined for component null
2024-05-20 09:04:52,266 [WARN] ModelIntegratedComponent:63 - No mode defined for component null
2024-05-20 09:04:52,266 [WARN] ModelIntegratedComponent:63 - No mode defined for component null
2024-05-20 09:04:52,266 [WARN] ModelIntegratedComponent:63 - No mode defined for component null
2024-05-20 09:04:52,266 [WARN] ModelIntegratedComponent:63 - No mode defined for component null
2024-05-20 09:04:52,266 [WARN] ModelIntegratedComponent:63 - No mode defined for component null
2024-05-20 09:04:52,266 [WARN] ModelIntegratedComponent:63 - No mode defined for component null
2024-05-20 09:04:52,266 [WARN] ModelIntegratedComponent:63 - No mode defined for component null
2024-05-20 09:04:52,267 [WARN] ModelIntegratedComponent:63 - No mode defined for component null
2024-05-20 09:04:52,267 [WARN] ModelIntegratedComponent:63 - No mode defined for component null
2024-05-20 09:04:52,267 [WARN] ModelIntegratedComponent:63 - No mode defined for component null
2024-05-20 09:04:52,267 [WARN] ModelIntegratedComponent:63 - No mode defined for component null
2024-05-20 09:04:52,267 [WARN] ModelIntegratedComponent:63 - No mode defined for component null
2024-05-20 09:04:52,267 [WARN] ModelIntegratedComponent:63 - No mode defined for component null
2024-05-20 09:04:52,267 [WARN] ModelIntegratedComponent:63 - No mode defined for component null
2024-05-20 09:04:52,267 [WARN] ModelIntegratedComponent:63 - No mode defined for component null
2024-05-20 09:04:52,268 [WARN] ModelIntegratedComponent:63 - No mode defined for component null
2024-05-20 09:04:52,268 [WARN] ModelIntegratedComponent:63 - No mode defined for component null
2024-05-20 09:04:52,515 [INFO] ThirdPartyModel:298 - Start build external matchings
2024-05-20 09:04:53,116 [INFO] ThirdPartyModel:316 - End build external matchings
2024-05-20 09:04:53,434 [INFO] ApiDb:581 - Connected to CubeFinder SQLite database (C:\Users\LeeJooho\.stmcufinder\plugins\mcufinder\mcu\cube-finder-db.db)
2024-05-20 09:04:53,531 [INFO] ApiDb:668 - CubeFinder database Data Model version=2.1
2024-05-20 09:04:53,532 [INFO] ApiDb:669 - CubeFinder database Configuration version=3.0.39
2024-05-20 09:04:53,533 [INFO] ApiDb:670 - CubeFinder database generation date=2024-04-16 (1713193726)
2024-05-20 09:04:53,533 [INFO] ApiDb:671 - CubeFinder database FW Pack versions=[FP-ATR-ASTRA1_V2.0.0, FP-SNS-FLIGHT1_V5.0.1, FP-SNS-FLIGHT1_V5.0.2, FP-SNS-MOTENV1_V4.3.1, FP-SNS-MOTENV1_V4.3.2, FP-SNS-MOTENVWB1_V1.3.1, FP-SNS-SMARTAG2_V1.2.0, STM32Cube_FW_C0_V1.1.0, STM32Cube_FW_F4_V1.28.0, STM32Cube_FW_F7_V1.17.0, STM32Cube_FW_G0_V1.6.2, STM32Cube_FW_G4_V1.5.2, STM32Cube_FW_H5_V0.5.1, STM32Cube_FW_H5_V1.1.1, STM32Cube_FW_H5_V1.2.0, STM32Cube_FW_H5_V1.2.0RC4, STM32Cube_FW_H7RS_V1.0.0, STM32Cube_FW_H7RS_V1.0.0RC4, STM32Cube_FW_H7_V1.11.0, STM32Cube_FW_L0_V1.12.2, STM32Cube_FW_L5_V1.5.1, STM32Cube_FW_U0_V1.0.0, STM32Cube_FW_U0_V1.0.0RC1, STM32Cube_FW_U5_V1.3.0RC4, STM32Cube_FW_U5_V1.5.0, STM32Cube_FW_U5_V1.5.0RC1, STM32Cube_FW_WBA_V1.0.0RC1, STM32Cube_FW_WBA_V1.2.0, STM32Cube_FW_WBA_V1.2.0RC2, STM32Cube_FW_WBA_V1.3.0, STM32Cube_FW_WBA_V1.3.0RC1, STM32Cube_FW_WB_V1.15.0RC1, STM32Cube_FW_WB_V1.16.0, STM32Cube_FW_WB_V1.16.0RC2, STM32Cube_FW_WB_V1.18.0, STM32Cube_FW_WB_V1.19.0, STM32Cube_FW_WL_V1.3.0, X-CUBE-ALGOBUILD_V1.3.0, X-CUBE-ALS_V1.0.1, X-CUBE-AZRTOS-F4_V1.1.0, X-CUBE-AZRTOS-F7_V1.1.0, X-CUBE-AZRTOS-G0_V1.1.0, X-CUBE-AZRTOS-G4_V2.0.0, X-CUBE-AZRTOS-H7_V3.2.0, X-CUBE-AZRTOS-L4_V1.0.0, X-CUBE-AZRTOS-L4_V2.0.0, X-CUBE-AZRTOS-L5_V1.1.0, X-CUBE-AZRTOS-WB_V2.0.0, X-CUBE-AZRTOS-WL_V2.0.0, X-CUBE-BLE1_V7.0.0, X-CUBE-BLE2_V3.3.0, X-CUBE-BLEMGR_V3.1.0, X-CUBE-EEPRMA1_V4.1.0, X-CUBE-EEPRMA1_V5.1.0, X-CUBE-FREERTOS_V1.1.0, X-CUBE-GNSS1_V6.0.0, X-CUBE-MEMS1_V10.0.0, X-CUBE-MEMS1_V9.1.0, X-CUBE-MEMS1_V9.4.0, X-CUBE-MEMS1_V9.6.0, X-CUBE-NFC4_V3.0.0, X-CUBE-NFC7_V1.0.1, X-CUBE-SFXS2LP1_V4.0.0, X-CUBE-SUBG2_V5.0.0, X-CUBE-TOF1_V3.4.0]
2024-05-20 09:04:53,686 [INFO] DbBoardsSqlite:226 - include board P-NUCLEO-WB55-NUCLEO as a kit item of type 'Nucleo-64'
2024-05-20 09:04:53,687 [INFO] DbBoardsSqlite:226 - include board P-NUCLEO-WB55-USBDONGLE as a kit item of type 'Nucleo USB Dongle'
2024-05-20 09:04:53,688 [INFO] DbBoardsSqlite:226 - include board STEVAL-IDP005V1 as a kit item of type 'Evaluation Board'
2024-05-20 09:04:53,688 [INFO] DbBoardsSqlite:226 - include board STEVAL-IDP005V2 as a kit item of type 'Evaluation Board'
2024-05-20 09:04:54,407 [INFO] ApiDb:240 - Found 483 in-development CPN: [B-G473E-ZEST1S, B-WB1M-WPAN1, B-WL5M-SUBG1, NUCLEO-C031C6, NUCLEO-H503RB, NUCLEO-H533RE, NUCLEO-H563ZI, NUCLEO-H7S3L8, NUCLEO-U031R8, NUCLEO-U083RC, NUCLEO-U545RE-Q, NUCLEO-U5A5ZJ-Q, NUCLEO-WBA52CG, NUCLEO-WBA55CG, STEVAL-PROTEUS1, STEVAL-SMARTAG2, STEVAL-STWINBX1, STM320518-EVAL, STM32C0116-DK, STM32C011D6Y3TR, STM32C011D6Y6TR, STM32C011F4P3, STM32C011F4P6, STM32C011F4U3, STM32C011F4U6TR, STM32C011F6P3, STM32C011F6P6, STM32C011F6U3, STM32C011F6U6TR, STM32C011J4M3, STM32C011J4M6, STM32C011J6M3, STM32C011J6M6, STM32C0316-DK, STM32C031C4T3, STM32C031C4T6, STM32C031C4U3, STM32C031C4U6, STM32C031C6T3, STM32C031C6T6, STM32C031C6U3, STM32C031C6U6, STM32C031F4P3, STM32C031F4P6, STM32C031F6P3, STM32C031F6P6, STM32C031G4U3, STM32C031G4U6, STM32C031G6U3, STM32C031G6U6, STM32C031K4T3, STM32C031K4T6, STM32C031K4U3, STM32C031K4U6, STM32C031K6T3, STM32C031K6T6, STM32C031K6U3, STM32C031K6U6, STM32G071K8TXN, STM32G071K8UXN, STM32G081GBU6N, STM32G081KBT6N, STM32G081KBUXN, STM32G0B1CCT6N, STM32G0B1KCT6, STM32G0B1NEY6TR, STM32G0B1RCT6N, STM32G0C1CCT6, STM32G0C1CCT6N, STM32G0C1CCU6N, STM32G0C1CET6N, STM32G0C1CEU6N, STM32G0C1KCT6, STM32G0C1NEY6TR, STM32G0C1RCI6N, STM32G0C1RCT6N, STM32G0C1REI6N, STM32G0C1RET6N, STM32G0C1VCI6, STM32G0C1VEI6, STM32G471CCT6, STM32G471CCU6, STM32G471CET3, STM32G471CET6, STM32G471CEU3, STM32G471CEU6, STM32G471MCT6, STM32G471MET3, STM32G471MET6, STM32G471MEY6TR, STM32G471QCT6, STM32G471QET3, STM32G471RCT6, STM32G471RET3, STM32G471RET6, STM32G471VCH6, STM32G471VCI6, STM32G471VCT6, STM32G471VEH3, STM32G471VEH6, STM32G471VEI3, STM32G471VEI6, STM32G471VET3, STM32G471VET6, STM32G474CCT6, STM32H503CBT6, STM32H503CBU6, STM32H503EBY6TR, STM32H503KBU6, STM32H503RBT6, STM32H523CCT6, STM32H523CCU6, STM32H523CET6, STM32H523CEU6, STM32H523HEY6TR, STM32H523RCT6, STM32H523RET6, STM32H523VCI6, STM32H523VCT6, STM32H523VEI6, STM32H523VET6, STM32H523ZCJ6, STM32H523ZCT6, STM32H523ZEJ6, STM32H523ZET6, STM32H533CET6, STM32H533CEU6, STM32H533HEY6TR, STM32H533RET6, STM32H533VEI6, STM32H533VET6, STM32H533ZEJ6, STM32H533ZET6, STM32H562AGI6, STM32H562AII6, STM32H562IGK6, STM32H562IGT6, STM32H562IIK6, STM32H562IIT6, STM32H562RGT6, STM32H562RGV6, STM32H562RIT6, STM32H562RIV6, STM32H562VGT6, STM32H562VIT6, STM32H562ZGT6, STM32H562ZIT6, STM32H563AGI6, STM32H563AII3Q, STM32H563AII6, STM32H563IGK6, STM32H563IGT6, STM32H563IIK3Q, STM32H563IIK6, STM32H563IIT3Q, STM32H563IIT6, STM32H563MIY3QTR, STM32H563RGT6, STM32H563RGV6, STM32H563RIT6, STM32H563RIV6, STM32H563VGT6, STM32H563VIT3Q, STM32H563VIT6, STM32H563ZGT6, STM32H563ZIT3Q, STM32H563ZIT6, STM32H573AII3Q, STM32H573AII6, STM32H573I-DK, STM32H573IIK3Q, STM32H573IIK6, STM32H573IIT3Q, STM32H573IIT6, STM32H573MIY3QTR, STM32H573RIT6, STM32H573RIV6, STM32H573VIT3Q, STM32H573VIT6, STM32H573ZIT3Q, STM32H573ZIT6, STM32H7R3A8I6, STM32H7R3I8K6, STM32H7R3I8T6, STM32H7R3L8H6, STM32H7R3L8H6H, STM32H7R3R8V6, STM32H7R3V8H6, STM32H7R3V8T6, STM32H7R3V8Y6, STM32H7R3Z8J6, STM32H7R3Z8T6, STM32H7R7A8I6, STM32H7R7I8K6, STM32H7R7I8T6, STM32H7R7L8H6, STM32H7R7L8H6H, STM32H7R7Z8J6, STM32H7S3A8I6, STM32H7S3I8K6, STM32H7S3I8T6, STM32H7S3L8H6, STM32H7S3L8H6H, STM32H7S3R8V6, STM32H7S3V8H6, STM32H7S3V8T6, STM32H7S3V8Y6, STM32H7S3Z8J6, STM32H7S3Z8T6, STM32H7S78-DK, STM32H7S7A8I6, STM32H7S7I8K6, STM32H7S7I8T6, STM32H7S7L8H6, STM32H7S7L8H6H, STM32H7S7Z8J6, STM32L4R5QGI6STR, STM32MP131AAE3, STM32MP131AAF3, STM32MP131AAG3, STM32MP131CAE3, STM32MP131CAF3, STM32MP131CAG3, STM32MP131DAE7, STM32MP131DAF7, STM32MP131DAG7, STM32MP131FAE7, STM32MP131FAF7, STM32MP131FAG7, STM32MP133AAE3, STM32MP133AAF3, STM32MP133AAG3, STM32MP133CAE3, STM32MP133CAF3, STM32MP133CAG3, STM32MP133DAE7, STM32MP133DAF7, STM32MP133DAG7, STM32MP133FAE7, STM32MP133FAF7, STM32MP133FAG7, STM32MP135AAE3, STM32MP135AAF3, STM32MP135AAG3, STM32MP135CAE3, STM32MP135CAF3, STM32MP135CAG3, STM32MP135DAE7, STM32MP135DAF7, STM32MP135DAG7, STM32MP135F-DK, STM32MP135FAE7, STM32MP135FAF7, STM32MP135FAF7T, STM32MP135FAF7U, STM32MP135FAG7, STM32U031C6T6, STM32U031C6U6, STM32U031C8T6, STM32U031C8U6, STM32U031F4P6, STM32U031F6P6, STM32U031F8P6, STM32U031G6Y6TR, STM32U031G8Y6TR, STM32U031K4U6, STM32U031K6U6, STM32U031K8U6, STM32U031R6I6, STM32U031R6T6, STM32U031R8I6, STM32U031R8T6, STM32U073C8T6, STM32U073C8U6, STM32U073CBT6, STM32U073CBU6, STM32U073CCT6, STM32U073CCU6, STM32U073H8Y6TR, STM32U073HBY6TR, STM32U073HCY6TR, STM32U073K8U6, STM32U073KBU6, STM32U073KCU6, STM32U073M8I6, STM32U073M8T6, STM32U073MBI6, STM32U073MBT6, STM32U073MCI6, STM32U073MCT6, STM32U073R8I6, STM32U073R8T6, STM32U073RBI6, STM32U073RBT6, STM32U073RCI6, STM32U073RCT6, STM32U083C-DK, STM32U083CCT6, STM32U083CCU6, STM32U083HCY6TR, STM32U083KCU6, STM32U083MCI6, STM32U083MCT6, STM32U083RCI6, STM32U083RCT6, STM32U535CBT6, STM32U535CBT6Q, STM32U535CBU6, STM32U535CBU6Q, STM32U535CCT6, STM32U535CCT6Q, STM32U535CCU6, STM32U535CCU6Q, STM32U535CET6, STM32U535CET6Q, STM32U535CEU6, STM32U535CEU6Q, STM32U535JEY6QTR, STM32U535NCY6QTR, STM32U535NEY6QTR, STM32U535RBI6, STM32U535RBI6Q, STM32U535RBT6, STM32U535RBT6Q, STM32U535RCI6, STM32U535RCI6Q, STM32U535RCT6, STM32U535RCT6Q, STM32U535REI6, STM32U535REI6Q, STM32U535RET6, STM32U535RET6Q, STM32U535VCI6, STM32U535VCI6Q, STM32U535VCT6, STM32U535VCT6Q, STM32U535VEI6, STM32U535VEI6Q, STM32U535VET6, STM32U535VET6Q, STM32U545CET6, STM32U545CET6Q, STM32U545CEU6, STM32U545CEU6Q, STM32U545JEY6QTR, STM32U545NEY6QTR, STM32U545REI6, STM32U545REI6Q, STM32U545RET6, STM32U545RET6Q, STM32U545VEI6, STM32U545VEI6Q, STM32U545VET6, STM32U545VET6Q, STM32U595AIH6, STM32U595AIH6Q, STM32U595AJH6, STM32U595AJH6Q, STM32U595QII6, STM32U595QII6Q, STM32U595QJI6, STM32U595QJI6Q, STM32U595RIT6, STM32U595RIT6Q, STM32U595RJT6, STM32U595RJT6Q, STM32U595VIT6, STM32U595VIT6Q, STM32U595VJT6, STM32U595VJT6Q, STM32U595ZIT6, STM32U595ZIT6Q, STM32U595ZIY6QTR, STM32U595ZJT6, STM32U595ZJT6Q, STM32U595ZJY6QTR, STM32U599BJY6QTR, STM32U599NIH6Q, STM32U599NJH6Q, STM32U599VIT6Q, STM32U599VJT6, STM32U599VJT6Q, STM32U599ZIT6Q, STM32U599ZIY6QTR, STM32U599ZJT6Q, STM32U599ZJY6QTR, STM32U5A5AJH6, STM32U5A5AJH6Q, STM32U5A5QII3Q , STM32U5A5QJI6, STM32U5A5QJI6Q, STM32U5A5RJT6, STM32U5A5RJT6Q, STM32U5A5VJT6, STM32U5A5VJT6Q, STM32U5A5ZJT6, STM32U5A5ZJT6Q, STM32U5A5ZJY6QTR, STM32U5A9BJY6QTR, STM32U5A9J-DK, STM32U5A9NJH6Q, STM32U5A9VJT6Q, STM32U5A9ZJT6Q, STM32U5A9ZJY6QTR, STM32U5F7VIT6, STM32U5F7VIT6Q, STM32U5F7VJT6, STM32U5F7VJT6Q, STM32U5F9BJY6QTR, STM32U5F9NJH6Q, STM32U5F9VIT6Q, STM32U5F9VJT6Q, STM32U5F9ZIJ6QTR, STM32U5F9ZIT6Q, STM32U5F9ZJJ6QTR, STM32U5F9ZJT6Q, STM32U5G7VJT6, STM32U5G7VJT6Q, STM32U5G9BJY6QTR, STM32U5G9J-DK1, STM32U5G9J-DK2, STM32U5G9NJH6Q, STM32U5G9VJT6Q, STM32U5G9ZJJ6QTR, STM32U5G9ZJT6Q, STM32WB1MMCH6, STM32WBA50KEU6, STM32WBA50KEU6TR, STM32WBA50KGU6, STM32WBA50KGU6TR, STM32WBA52CEU6, STM32WBA52CEU6TR, STM32WBA52CEU7, STM32WBA52CEU7TR, STM32WBA52CGU6, STM32WBA52CGU6TR, STM32WBA52CGU6U, STM32WBA52CGU7, STM32WBA52CGU7TR, STM32WBA52KEU6, STM32WBA52KEU6TR, STM32WBA52KGU6, STM32WBA52KGU6TR, STM32WBA54CEU6, STM32WBA54CEU6TR, STM32WBA54CEU7, STM32WBA54CEU7TR, STM32WBA54CGU6, STM32WBA54CGU6TR, STM32WBA54CGU7, STM32WBA54CGU7TR, STM32WBA54KEU6, STM32WBA54KEU6TR, STM32WBA54KEU7, STM32WBA54KEU7TR, STM32WBA54KGU6, STM32WBA54KGU6TR, STM32WBA54KGU7, STM32WBA54KGU7TR, STM32WBA55CEU6, STM32WBA55CEU6TR, STM32WBA55CEU7, STM32WBA55CEU7TR, STM32WBA55CGU6, STM32WBA55CGU6TR, STM32WBA55CGU6U, STM32WBA55CGU7, STM32WBA55CGU7TR, STM32WBA55G-DK1, STM32WBA55HEF6, STM32WBA55HEF7, STM32WBA55HGF6, STM32WBA55HGF7, STM32WBA55UEI6, STM32WBA55UEI6TR, STM32WBA55UEI7, STM32WBA55UEI7TR, STM32WBA55UGI6, STM32WBA55UGI6TR, STM32WBA55UGI7, STM32WBA55UGI7TR, STM32WL5MOCH6, STM32WL5MOCH6TR]
2024-05-20 09:04:54,587 [INFO] BoardInfo:889 - No configuration file found for board P-NUCLEO-WB55
2024-05-20 09:04:54,587 [INFO] DbBoards:161 - Kit is not supported: P-NUCLEO-WB55
2024-05-20 09:04:54,593 [INFO] BoardInfo:889 - No configuration file found for board STEVAL-BFA001V1B
2024-05-20 09:04:54,593 [INFO] DbBoards:161 - Kit is not supported: STEVAL-BFA001V1B
2024-05-20 09:04:54,594 [INFO] BoardInfo:889 - No configuration file found for board STEVAL-BFA001V2B
2024-05-20 09:04:54,594 [INFO] DbBoards:161 - Kit is not supported: STEVAL-BFA001V2B
2024-05-20 09:04:54,767 [INFO] DbBoards:168 - Found 199 boards, 196 are supported
2024-05-20 09:04:54,767 [INFO] DbBoards:169 - Found 199 boards, 8 of them is supported for  Bsp
2024-05-20 09:04:54,770 [INFO] ApiDb:668 - CubeFinder database Data Model version=2.1
2024-05-20 09:04:54,771 [INFO] ApiDb:669 - CubeFinder database Configuration version=3.0.39
2024-05-20 09:04:54,771 [INFO] ApiDb:670 - CubeFinder database generation date=2024-04-16 (1713193726)
2024-05-20 09:04:54,771 [INFO] ApiDb:671 - CubeFinder database FW Pack versions=[FP-ATR-ASTRA1_V2.0.0, FP-SNS-FLIGHT1_V5.0.1, FP-SNS-FLIGHT1_V5.0.2, FP-SNS-MOTENV1_V4.3.1, FP-SNS-MOTENV1_V4.3.2, FP-SNS-MOTENVWB1_V1.3.1, FP-SNS-SMARTAG2_V1.2.0, STM32Cube_FW_C0_V1.1.0, STM32Cube_FW_F4_V1.28.0, STM32Cube_FW_F7_V1.17.0, STM32Cube_FW_G0_V1.6.2, STM32Cube_FW_G4_V1.5.2, STM32Cube_FW_H5_V0.5.1, STM32Cube_FW_H5_V1.1.1, STM32Cube_FW_H5_V1.2.0, STM32Cube_FW_H5_V1.2.0RC4, STM32Cube_FW_H7RS_V1.0.0, STM32Cube_FW_H7RS_V1.0.0RC4, STM32Cube_FW_H7_V1.11.0, STM32Cube_FW_L0_V1.12.2, STM32Cube_FW_L5_V1.5.1, STM32Cube_FW_U0_V1.0.0, STM32Cube_FW_U0_V1.0.0RC1, STM32Cube_FW_U5_V1.3.0RC4, STM32Cube_FW_U5_V1.5.0, STM32Cube_FW_U5_V1.5.0RC1, STM32Cube_FW_WBA_V1.0.0RC1, STM32Cube_FW_WBA_V1.2.0, STM32Cube_FW_WBA_V1.2.0RC2, STM32Cube_FW_WBA_V1.3.0, STM32Cube_FW_WBA_V1.3.0RC1, STM32Cube_FW_WB_V1.15.0RC1, STM32Cube_FW_WB_V1.16.0, STM32Cube_FW_WB_V1.16.0RC2, STM32Cube_FW_WB_V1.18.0, STM32Cube_FW_WB_V1.19.0, STM32Cube_FW_WL_V1.3.0, X-CUBE-ALGOBUILD_V1.3.0, X-CUBE-ALS_V1.0.1, X-CUBE-AZRTOS-F4_V1.1.0, X-CUBE-AZRTOS-F7_V1.1.0, X-CUBE-AZRTOS-G0_V1.1.0, X-CUBE-AZRTOS-G4_V2.0.0, X-CUBE-AZRTOS-H7_V3.2.0, X-CUBE-AZRTOS-L4_V1.0.0, X-CUBE-AZRTOS-L4_V2.0.0, X-CUBE-AZRTOS-L5_V1.1.0, X-CUBE-AZRTOS-WB_V2.0.0, X-CUBE-AZRTOS-WL_V2.0.0, X-CUBE-BLE1_V7.0.0, X-CUBE-BLE2_V3.3.0, X-CUBE-BLEMGR_V3.1.0, X-CUBE-EEPRMA1_V4.1.0, X-CUBE-EEPRMA1_V5.1.0, X-CUBE-FREERTOS_V1.1.0, X-CUBE-GNSS1_V6.0.0, X-CUBE-MEMS1_V10.0.0, X-CUBE-MEMS1_V9.1.0, X-CUBE-MEMS1_V9.4.0, X-CUBE-MEMS1_V9.6.0, X-CUBE-NFC4_V3.0.0, X-CUBE-NFC7_V1.0.1, X-CUBE-SFXS2LP1_V4.0.0, X-CUBE-SUBG2_V5.0.0, X-CUBE-TOF1_V3.4.0]
2024-05-20 09:04:57,456 [INFO] ApiDb:240 - Found 483 in-development CPN: [B-G473E-ZEST1S, B-WB1M-WPAN1, B-WL5M-SUBG1, NUCLEO-C031C6, NUCLEO-H503RB, NUCLEO-H533RE, NUCLEO-H563ZI, NUCLEO-H7S3L8, NUCLEO-U031R8, NUCLEO-U083RC, NUCLEO-U545RE-Q, NUCLEO-U5A5ZJ-Q, NUCLEO-WBA52CG, NUCLEO-WBA55CG, STEVAL-PROTEUS1, STEVAL-SMARTAG2, STEVAL-STWINBX1, STM320518-EVAL, STM32C0116-DK, STM32C011D6Y3TR, STM32C011D6Y6TR, STM32C011F4P3, STM32C011F4P6, STM32C011F4U3, STM32C011F4U6TR, STM32C011F6P3, STM32C011F6P6, STM32C011F6U3, STM32C011F6U6TR, STM32C011J4M3, STM32C011J4M6, STM32C011J6M3, STM32C011J6M6, STM32C0316-DK, STM32C031C4T3, STM32C031C4T6, STM32C031C4U3, STM32C031C4U6, STM32C031C6T3, STM32C031C6T6, STM32C031C6U3, STM32C031C6U6, STM32C031F4P3, STM32C031F4P6, STM32C031F6P3, STM32C031F6P6, STM32C031G4U3, STM32C031G4U6, STM32C031G6U3, STM32C031G6U6, STM32C031K4T3, STM32C031K4T6, STM32C031K4U3, STM32C031K4U6, STM32C031K6T3, STM32C031K6T6, STM32C031K6U3, STM32C031K6U6, STM32G071K8TXN, STM32G071K8UXN, STM32G081GBU6N, STM32G081KBT6N, STM32G081KBUXN, STM32G0B1CCT6N, STM32G0B1KCT6, STM32G0B1NEY6TR, STM32G0B1RCT6N, STM32G0C1CCT6, STM32G0C1CCT6N, STM32G0C1CCU6N, STM32G0C1CET6N, STM32G0C1CEU6N, STM32G0C1KCT6, STM32G0C1NEY6TR, STM32G0C1RCI6N, STM32G0C1RCT6N, STM32G0C1REI6N, STM32G0C1RET6N, STM32G0C1VCI6, STM32G0C1VEI6, STM32G471CCT6, STM32G471CCU6, STM32G471CET3, STM32G471CET6, STM32G471CEU3, STM32G471CEU6, STM32G471MCT6, STM32G471MET3, STM32G471MET6, STM32G471MEY6TR, STM32G471QCT6, STM32G471QET3, STM32G471RCT6, STM32G471RET3, STM32G471RET6, STM32G471VCH6, STM32G471VCI6, STM32G471VCT6, STM32G471VEH3, STM32G471VEH6, STM32G471VEI3, STM32G471VEI6, STM32G471VET3, STM32G471VET6, STM32G474CCT6, STM32H503CBT6, STM32H503CBU6, STM32H503EBY6TR, STM32H503KBU6, STM32H503RBT6, STM32H523CCT6, STM32H523CCU6, STM32H523CET6, STM32H523CEU6, STM32H523HEY6TR, STM32H523RCT6, STM32H523RET6, STM32H523VCI6, STM32H523VCT6, STM32H523VEI6, STM32H523VET6, STM32H523ZCJ6, STM32H523ZCT6, STM32H523ZEJ6, STM32H523ZET6, STM32H533CET6, STM32H533CEU6, STM32H533HEY6TR, STM32H533RET6, STM32H533VEI6, STM32H533VET6, STM32H533ZEJ6, STM32H533ZET6, STM32H562AGI6, STM32H562AII6, STM32H562IGK6, STM32H562IGT6, STM32H562IIK6, STM32H562IIT6, STM32H562RGT6, STM32H562RGV6, STM32H562RIT6, STM32H562RIV6, STM32H562VGT6, STM32H562VIT6, STM32H562ZGT6, STM32H562ZIT6, STM32H563AGI6, STM32H563AII3Q, STM32H563AII6, STM32H563IGK6, STM32H563IGT6, STM32H563IIK3Q, STM32H563IIK6, STM32H563IIT3Q, STM32H563IIT6, STM32H563MIY3QTR, STM32H563RGT6, STM32H563RGV6, STM32H563RIT6, STM32H563RIV6, STM32H563VGT6, STM32H563VIT3Q, STM32H563VIT6, STM32H563ZGT6, STM32H563ZIT3Q, STM32H563ZIT6, STM32H573AII3Q, STM32H573AII6, STM32H573I-DK, STM32H573IIK3Q, STM32H573IIK6, STM32H573IIT3Q, STM32H573IIT6, STM32H573MIY3QTR, STM32H573RIT6, STM32H573RIV6, STM32H573VIT3Q, STM32H573VIT6, STM32H573ZIT3Q, STM32H573ZIT6, STM32H7R3A8I6, STM32H7R3I8K6, STM32H7R3I8T6, STM32H7R3L8H6, STM32H7R3L8H6H, STM32H7R3R8V6, STM32H7R3V8H6, STM32H7R3V8T6, STM32H7R3V8Y6, STM32H7R3Z8J6, STM32H7R3Z8T6, STM32H7R7A8I6, STM32H7R7I8K6, STM32H7R7I8T6, STM32H7R7L8H6, STM32H7R7L8H6H, STM32H7R7Z8J6, STM32H7S3A8I6, STM32H7S3I8K6, STM32H7S3I8T6, STM32H7S3L8H6, STM32H7S3L8H6H, STM32H7S3R8V6, STM32H7S3V8H6, STM32H7S3V8T6, STM32H7S3V8Y6, STM32H7S3Z8J6, STM32H7S3Z8T6, STM32H7S78-DK, STM32H7S7A8I6, STM32H7S7I8K6, STM32H7S7I8T6, STM32H7S7L8H6, STM32H7S7L8H6H, STM32H7S7Z8J6, STM32L4R5QGI6STR, STM32MP131AAE3, STM32MP131AAF3, STM32MP131AAG3, STM32MP131CAE3, STM32MP131CAF3, STM32MP131CAG3, STM32MP131DAE7, STM32MP131DAF7, STM32MP131DAG7, STM32MP131FAE7, STM32MP131FAF7, STM32MP131FAG7, STM32MP133AAE3, STM32MP133AAF3, STM32MP133AAG3, STM32MP133CAE3, STM32MP133CAF3, STM32MP133CAG3, STM32MP133DAE7, STM32MP133DAF7, STM32MP133DAG7, STM32MP133FAE7, STM32MP133FAF7, STM32MP133FAG7, STM32MP135AAE3, STM32MP135AAF3, STM32MP135AAG3, STM32MP135CAE3, STM32MP135CAF3, STM32MP135CAG3, STM32MP135DAE7, STM32MP135DAF7, STM32MP135DAG7, STM32MP135F-DK, STM32MP135FAE7, STM32MP135FAF7, STM32MP135FAF7T, STM32MP135FAF7U, STM32MP135FAG7, STM32U031C6T6, STM32U031C6U6, STM32U031C8T6, STM32U031C8U6, STM32U031F4P6, STM32U031F6P6, STM32U031F8P6, STM32U031G6Y6TR, STM32U031G8Y6TR, STM32U031K4U6, STM32U031K6U6, STM32U031K8U6, STM32U031R6I6, STM32U031R6T6, STM32U031R8I6, STM32U031R8T6, STM32U073C8T6, STM32U073C8U6, STM32U073CBT6, STM32U073CBU6, STM32U073CCT6, STM32U073CCU6, STM32U073H8Y6TR, STM32U073HBY6TR, STM32U073HCY6TR, STM32U073K8U6, STM32U073KBU6, STM32U073KCU6, STM32U073M8I6, STM32U073M8T6, STM32U073MBI6, STM32U073MBT6, STM32U073MCI6, STM32U073MCT6, STM32U073R8I6, STM32U073R8T6, STM32U073RBI6, STM32U073RBT6, STM32U073RCI6, STM32U073RCT6, STM32U083C-DK, STM32U083CCT6, STM32U083CCU6, STM32U083HCY6TR, STM32U083KCU6, STM32U083MCI6, STM32U083MCT6, STM32U083RCI6, STM32U083RCT6, STM32U535CBT6, STM32U535CBT6Q, STM32U535CBU6, STM32U535CBU6Q, STM32U535CCT6, STM32U535CCT6Q, STM32U535CCU6, STM32U535CCU6Q, STM32U535CET6, STM32U535CET6Q, STM32U535CEU6, STM32U535CEU6Q, STM32U535JEY6QTR, STM32U535NCY6QTR, STM32U535NEY6QTR, STM32U535RBI6, STM32U535RBI6Q, STM32U535RBT6, STM32U535RBT6Q, STM32U535RCI6, STM32U535RCI6Q, STM32U535RCT6, STM32U535RCT6Q, STM32U535REI6, STM32U535REI6Q, STM32U535RET6, STM32U535RET6Q, STM32U535VCI6, STM32U535VCI6Q, STM32U535VCT6, STM32U535VCT6Q, STM32U535VEI6, STM32U535VEI6Q, STM32U535VET6, STM32U535VET6Q, STM32U545CET6, STM32U545CET6Q, STM32U545CEU6, STM32U545CEU6Q, STM32U545JEY6QTR, STM32U545NEY6QTR, STM32U545REI6, STM32U545REI6Q, STM32U545RET6, STM32U545RET6Q, STM32U545VEI6, STM32U545VEI6Q, STM32U545VET6, STM32U545VET6Q, STM32U595AIH6, STM32U595AIH6Q, STM32U595AJH6, STM32U595AJH6Q, STM32U595QII6, STM32U595QII6Q, STM32U595QJI6, STM32U595QJI6Q, STM32U595RIT6, STM32U595RIT6Q, STM32U595RJT6, STM32U595RJT6Q, STM32U595VIT6, STM32U595VIT6Q, STM32U595VJT6, STM32U595VJT6Q, STM32U595ZIT6, STM32U595ZIT6Q, STM32U595ZIY6QTR, STM32U595ZJT6, STM32U595ZJT6Q, STM32U595ZJY6QTR, STM32U599BJY6QTR, STM32U599NIH6Q, STM32U599NJH6Q, STM32U599VIT6Q, STM32U599VJT6, STM32U599VJT6Q, STM32U599ZIT6Q, STM32U599ZIY6QTR, STM32U599ZJT6Q, STM32U599ZJY6QTR, STM32U5A5AJH6, STM32U5A5AJH6Q, STM32U5A5QII3Q , STM32U5A5QJI6, STM32U5A5QJI6Q, STM32U5A5RJT6, STM32U5A5RJT6Q, STM32U5A5VJT6, STM32U5A5VJT6Q, STM32U5A5ZJT6, STM32U5A5ZJT6Q, STM32U5A5ZJY6QTR, STM32U5A9BJY6QTR, STM32U5A9J-DK, STM32U5A9NJH6Q, STM32U5A9VJT6Q, STM32U5A9ZJT6Q, STM32U5A9ZJY6QTR, STM32U5F7VIT6, STM32U5F7VIT6Q, STM32U5F7VJT6, STM32U5F7VJT6Q, STM32U5F9BJY6QTR, STM32U5F9NJH6Q, STM32U5F9VIT6Q, STM32U5F9VJT6Q, STM32U5F9ZIJ6QTR, STM32U5F9ZIT6Q, STM32U5F9ZJJ6QTR, STM32U5F9ZJT6Q, STM32U5G7VJT6, STM32U5G7VJT6Q, STM32U5G9BJY6QTR, STM32U5G9J-DK1, STM32U5G9J-DK2, STM32U5G9NJH6Q, STM32U5G9VJT6Q, STM32U5G9ZJJ6QTR, STM32U5G9ZJT6Q, STM32WB1MMCH6, STM32WBA50KEU6, STM32WBA50KEU6TR, STM32WBA50KGU6, STM32WBA50KGU6TR, STM32WBA52CEU6, STM32WBA52CEU6TR, STM32WBA52CEU7, STM32WBA52CEU7TR, STM32WBA52CGU6, STM32WBA52CGU6TR, STM32WBA52CGU6U, STM32WBA52CGU7, STM32WBA52CGU7TR, STM32WBA52KEU6, STM32WBA52KEU6TR, STM32WBA52KGU6, STM32WBA52KGU6TR, STM32WBA54CEU6, STM32WBA54CEU6TR, STM32WBA54CEU7, STM32WBA54CEU7TR, STM32WBA54CGU6, STM32WBA54CGU6TR, STM32WBA54CGU7, STM32WBA54CGU7TR, STM32WBA54KEU6, STM32WBA54KEU6TR, STM32WBA54KEU7, STM32WBA54KEU7TR, STM32WBA54KGU6, STM32WBA54KGU6TR, STM32WBA54KGU7, STM32WBA54KGU7TR, STM32WBA55CEU6, STM32WBA55CEU6TR, STM32WBA55CEU7, STM32WBA55CEU7TR, STM32WBA55CGU6, STM32WBA55CGU6TR, STM32WBA55CGU6U, STM32WBA55CGU7, STM32WBA55CGU7TR, STM32WBA55G-DK1, STM32WBA55HEF6, STM32WBA55HEF7, STM32WBA55HGF6, STM32WBA55HGF7, STM32WBA55UEI6, STM32WBA55UEI6TR, STM32WBA55UEI7, STM32WBA55UEI7TR, STM32WBA55UGI6, STM32WBA55UGI6TR, STM32WBA55UGI7, STM32WBA55UGI7TR, STM32WL5MOCH6, STM32WL5MOCH6TR]
2024-05-20 09:04:57,462 [INFO] DbMcus:218 - Found 4096 MCUs, 4096 are supported
2024-05-20 09:04:57,467 [INFO] ApiDb:423 - Load user favorites file C:\Users\LeeJooho/.stm32cubeide/favorites.mcus.txt: 3 item(s)
2024-05-20 09:04:57,467 [INFO] ApiDb:427 - User favorites MCUs=[STM32F103C8T6, STM32F439IGT6, STM32F446RET6]
2024-05-20 09:04:57,467 [INFO] DbMcus:224 - Set 3 / 3 favorites MCUs
2024-05-20 09:04:57,748 [INFO] ApiDb:423 - Load user favorites file C:\Users\LeeJooho/.stm32cubeide/favorites.boards.txt: 1 item(s)
2024-05-20 09:04:57,749 [INFO] ApiDb:427 - User favorites Boards=[NUCLEO-F411RE]
2024-05-20 09:04:57,749 [INFO] DbBoards:198 - Set 1 / 1 favorites Boards
2024-05-20 09:04:57,899 [INFO] UtilMem:75 - End LoadConfig() Used Memory: 732087488 Bytes (1068498944)
2024-05-20 09:04:58,092 [WARN] ThirdParty:833 - waiting for thirdparty lock release [change project]
2024-05-20 09:04:58,092 [INFO] ThirdParty:835 - entering critical section [change project]
2024-05-20 09:04:58,092 [INFO] ThirdParty:1030 - CMSIS Pack Vendor :STMicroelectronics X-CUBE-ISPU 1.1.0
2024-05-20 09:04:58,092 [INFO] ThirdParty:1030 - CMSIS Pack Vendor :STMicroelectronics USBPD 4.1
2024-05-20 09:04:58,092 [INFO] ThirdParty:1030 - CMSIS Pack Vendor :STMicroelectronics X-CUBE-GNSS1 6.0.0
2024-05-20 09:04:58,092 [INFO] ThirdParty:1030 - CMSIS Pack Vendor :STMicroelectronics USB_HOST 2.0.0
2024-05-20 09:04:58,093 [INFO] ThirdParty:1030 - CMSIS Pack Vendor :STMicroelectronics FP-SNS-MOTENVWB1 1.4.0
2024-05-20 09:04:58,093 [INFO] ThirdParty:1030 - CMSIS Pack Vendor :STMicroelectronics X-CUBE-AZRTOS-F4 1.1.0
2024-05-20 09:04:58,093 [INFO] ThirdParty:1030 - CMSIS Pack Vendor :STMicroelectronics LIBJPEG 8.0.0
2024-05-20 09:04:58,093 [INFO] ThirdParty:1030 - CMSIS Pack Vendor :wolfSSL I-CUBE-wolfSSL 5.6.4
2024-05-20 09:04:58,093 [INFO] ThirdParty:1030 - CMSIS Pack Vendor :STMicroelectronics X-CUBE-SMBUS 2.1.0
2024-05-20 09:04:58,093 [INFO] ThirdParty:1030 - CMSIS Pack Vendor :STMicroelectronics USB_DEVICE 3.0.0
2024-05-20 09:04:58,093 [INFO] ThirdParty:1030 - CMSIS Pack Vendor :STMicroelectronics X-CUBE-TCPP 4.1.0
2024-05-20 09:04:58,093 [INFO] ThirdParty:1030 - CMSIS Pack Vendor :STMicroelectronics X-CUBE-FREERTOS 1.2.0
2024-05-20 09:04:58,093 [INFO] ThirdParty:1030 - CMSIS Pack Vendor :STMicroelectronics X-CUBE-AZRTOS-WB 2.0.0
2024-05-20 09:04:58,093 [INFO] ThirdParty:1030 - CMSIS Pack Vendor :STMicroelectronics X-CUBE-TOUCHGFX 4.23.0
2024-05-20 09:04:58,093 [INFO] ThirdParty:1030 - CMSIS Pack Vendor :STMicroelectronics X-CUBE-TOUCHGFX 4.23.2
2024-05-20 09:04:58,093 [INFO] ThirdParty:1030 - CMSIS Pack Vendor :STMicroelectronics X-CUBE-AZRTOS-F7 1.1.0
2024-05-20 09:04:58,093 [INFO] ThirdParty:1030 - CMSIS Pack Vendor :STMicroelectronics X-CUBE-AZRTOS-L5 2.0.0
2024-05-20 09:04:58,093 [INFO] ThirdParty:1030 - CMSIS Pack Vendor :STMicroelectronics USB_DEVICE 2.0.0
2024-05-20 09:04:58,093 [INFO] ThirdParty:1030 - CMSIS Pack Vendor :STMicroelectronics X-CUBE-EEPRMA1 4.2.0
2024-05-20 09:04:58,093 [INFO] ThirdParty:1030 - CMSIS Pack Vendor :STMicroelectronics X-CUBE-NFC6 3.1.0
2024-05-20 09:04:58,093 [INFO] ThirdParty:1030 - CMSIS Pack Vendor :ITTIA_DB I-CUBE-ITTIADB 8.8.0
2024-05-20 09:04:58,093 [INFO] ThirdParty:1030 - CMSIS Pack Vendor :STMicroelectronics FP-SNS-MOTENV1 4.3.2
2024-05-20 09:04:58,093 [INFO] ThirdParty:1030 - CMSIS Pack Vendor :STMicroelectronics X-CUBE-ALGOBUILD 1.3.0
2024-05-20 09:04:58,094 [INFO] ThirdParty:1030 - CMSIS Pack Vendor :STMicroelectronics FreeRTOS 0.0.1
2024-05-20 09:04:58,094 [INFO] ThirdParty:1030 - CMSIS Pack Vendor :STMicroelectronics X-CUBE-AZRTOS-G0 1.1.0
2024-05-20 09:04:58,094 [INFO] ThirdParty:1030 - CMSIS Pack Vendor :STMicroelectronics X-CUBE-SAFEA1 1.2.2
2024-05-20 09:04:58,094 [INFO] ThirdParty:1030 - CMSIS Pack Vendor :STMicroelectronics X-CUBE-NFC4 3.0.0
2024-05-20 09:04:58,094 [INFO] ThirdParty:1030 - CMSIS Pack Vendor :STMicroelectronics X-CUBE-SUBG2 5.0.0
2024-05-20 09:04:58,094 [INFO] ThirdParty:1030 - CMSIS Pack Vendor :STMicroelectronics STM32_WPAN 1.0.0
2024-05-20 09:04:58,094 [INFO] ThirdParty:1030 - CMSIS Pack Vendor :STMicroelectronics lwIP 2.0.3
2024-05-20 09:04:58,094 [INFO] ThirdParty:1030 - CMSIS Pack Vendor :STMicroelectronics FP-SNS-FLIGHT1 5.0.2
2024-05-20 09:04:58,094 [INFO] ThirdParty:1030 - CMSIS Pack Vendor :Cesanta I-CUBE-Mongoose 7.13.0
2024-05-20 09:04:58,094 [INFO] ThirdParty:1030 - CMSIS Pack Vendor :STMicroelectronics USB_HOST 1.0.0
2024-05-20 09:04:58,094 [INFO] ThirdParty:1030 - CMSIS Pack Vendor :STMicroelectronics X-CUBE-TOF1 3.3.1
2024-05-20 09:04:58,094 [INFO] ThirdParty:1030 - CMSIS Pack Vendor :STMicroelectronics X-CUBE-AI 9.0.0
2024-05-20 09:04:58,094 [INFO] ThirdParty:1030 - CMSIS Pack Vendor :STMicroelectronics X-CUBE-AZRTOS-G4 2.0.0
2024-05-20 09:04:58,095 [INFO] ThirdParty:1030 - CMSIS Pack Vendor :STMicroelectronics PDM2PCM 3.1.0
2024-05-20 09:04:58,095 [INFO] ThirdParty:1030 - CMSIS Pack Vendor :STMicroelectronics X-CUBE-AZRTOS-H7 3.1.0
2024-05-20 09:04:58,095 [INFO] ThirdParty:1030 - CMSIS Pack Vendor :Infineon AIROC-Wi-Fi-Bluetooth-STM32 1.5.1
2024-05-20 09:04:58,095 [INFO] ThirdParty:1030 - CMSIS Pack Vendor :STMicroelectronics X-CUBE-BLEMGR 3.0.0
2024-05-20 09:04:58,095 [INFO] ThirdParty:1030 - CMSIS Pack Vendor :STMicroelectronics PDM2PCM 3.3.0
2024-05-20 09:04:58,095 [INFO] ThirdParty:1030 - CMSIS Pack Vendor :STMicroelectronics X-CUBE-DISPLAY 3.0.0
2024-05-20 09:04:58,095 [INFO] ThirdParty:1030 - CMSIS Pack Vendor :STMicroelectronics FP-SNS-MOTENVWB1 1.3.0
2024-05-20 09:04:58,095 [INFO] ThirdParty:1030 - CMSIS Pack Vendor :STMicroelectronics FP-SNS-MOTENVWB1 1.3.1
2024-05-20 09:04:58,095 [INFO] ThirdParty:1030 - CMSIS Pack Vendor :STMicroelectronics X-CUBE-BLE1 7.0.0
2024-05-20 09:04:58,095 [INFO] ThirdParty:1030 - CMSIS Pack Vendor :STMicroelectronics FP-ATR-SIGFOX1 3.2.0
2024-05-20 09:04:58,095 [INFO] ThirdParty:1030 - CMSIS Pack Vendor :STMicroelectronics X-CUBE-ISPU 2.0.0
2024-05-20 09:04:58,095 [INFO] ThirdParty:1030 - CMSIS Pack Vendor :STMicroelectronics X-CUBE-EEPRMA1 5.1.0
2024-05-20 09:04:58,095 [INFO] ThirdParty:1030 - CMSIS Pack Vendor :STMicroelectronics HAL Drivers 0.0.0
2024-05-20 09:04:58,095 [INFO] ThirdParty:1030 - CMSIS Pack Vendor :STMicroelectronics MBEDTLS 2.16.2
2024-05-20 09:04:58,095 [INFO] ThirdParty:1030 - CMSIS Pack Vendor :emotas I-CUBE-CANOPEN 1.3.0
2024-05-20 09:04:58,095 [INFO] ThirdParty:1030 - CMSIS Pack Vendor :STMicroelectronics X-CUBE-MEMS1 10.0.0
2024-05-20 09:04:58,095 [INFO] ThirdParty:1030 - CMSIS Pack Vendor :STMicroelectronics X-CUBE-FREERTOS 1.1.0
2024-05-20 09:04:58,095 [INFO] ThirdParty:1030 - CMSIS Pack Vendor :STMicroelectronics X-CUBE-NFC7 1.0.1
2024-05-20 09:04:58,095 [INFO] ThirdParty:1030 - CMSIS Pack Vendor :STMicroelectronics MBEDTLS 2.14.1
2024-05-20 09:04:58,095 [INFO] ThirdParty:1030 - CMSIS Pack Vendor :STMicroelectronics X-CUBE-TOUCHGFX 4.22.1
2024-05-20 09:04:58,095 [INFO] ThirdParty:1030 - CMSIS Pack Vendor :STMicroelectronics X-CUBE-NFC6 3.0.0
2024-05-20 09:04:58,095 [INFO] ThirdParty:1030 - CMSIS Pack Vendor :portGmbH I-Cube-SoM-uGOAL 1.1.0
2024-05-20 09:04:58,095 [INFO] ThirdParty:1030 - CMSIS Pack Vendor :STMicroelectronics X-CUBE-ALS 1.0.1
2024-05-20 09:04:58,095 [INFO] ThirdParty:1030 - CMSIS Pack Vendor :STMicroelectronics X-CUBE-BLEMGR 3.1.0
2024-05-20 09:04:58,095 [INFO] ThirdParty:1030 - CMSIS Pack Vendor :STMicroelectronics ThreadX 1.0.0
2024-05-20 09:04:58,097 [INFO] ThirdParty:1030 - CMSIS Pack Vendor :STMicroelectronics FP-SNS-SMARTAG2 1.2.0
2024-05-20 09:04:58,097 [INFO] ThirdParty:1030 - CMSIS Pack Vendor :STMicroelectronics X-CUBE-AZRTOS-WL 2.0.0
2024-05-20 09:04:58,097 [INFO] ThirdParty:1030 - CMSIS Pack Vendor :SEGGER I-CUBE-embOS 1.3.1
2024-05-20 09:04:58,097 [INFO] ThirdParty:1030 - CMSIS Pack Vendor :STMicroelectronics X-CUBE-ALGOBUILD 1.4.0
2024-05-20 09:04:58,097 [INFO] ThirdParty:1030 - CMSIS Pack Vendor :STMicroelectronics FP-SNS-MOTENV1 5.0.0
2024-05-20 09:04:58,097 [INFO] ThirdParty:1030 - CMSIS Pack Vendor :STMicroelectronics USB_DEVICE 1.0.0
2024-05-20 09:04:58,097 [INFO] ThirdParty:1030 - CMSIS Pack Vendor :STMicroelectronics X-CUBE-AI 8.1.0
2024-05-20 09:04:58,097 [INFO] ThirdParty:1030 - CMSIS Pack Vendor :STMicroelectronics X-CUBE-AZRTOS-H7RS 1.0.0
2024-05-20 09:04:58,097 [INFO] ThirdParty:1030 - CMSIS Pack Vendor :STMicroelectronics X-CUBE-AZRTOS-L4 2.0.0
2024-05-20 09:04:58,097 [INFO] ThirdParty:1030 - CMSIS Pack Vendor :STMicroelectronics ThreadX 0.0.2
2024-05-20 09:04:58,097 [INFO] ThirdParty:1030 - CMSIS Pack Vendor :WES I-CUBE-Cesium 1.3.0
2024-05-20 09:04:58,097 [INFO] ThirdParty:1030 - CMSIS Pack Vendor :STMicroelectronics FP-ATR-ASTRA1 2.0.0
2024-05-20 09:04:58,097 [INFO] ThirdParty:1030 - CMSIS Pack Vendor :STMicroelectronics lwIP 2.1.2
2024-05-20 09:04:58,097 [INFO] ThirdParty:1030 - CMSIS Pack Vendor :STMicroelectronics X-CUBE-SFXS2LP1 4.0.0
2024-05-20 09:04:58,097 [INFO] ThirdParty:1030 - CMSIS Pack Vendor :STMicroelectronics X-CUBE-BLE2 3.3.0
2024-05-20 09:04:58,097 [INFO] ThirdParty:1030 - CMSIS Pack Vendor :STMicroelectronics X-CUBE-TOF1 3.4.0
2024-05-20 09:04:58,097 [INFO] ThirdParty:1030 - CMSIS Pack Vendor :STMicroelectronics X-CUBE-TOF1 3.4.1
2024-05-20 09:04:58,097 [INFO] ThirdParty:1030 - CMSIS Pack Vendor :STMicroelectronics X-CUBE-AZRTOS-H7 3.2.0
2024-05-20 09:04:58,097 [INFO] ThirdParty:1030 - CMSIS Pack Vendor :STMicroelectronics PDM2PCM 3.2.0
2024-05-20 09:04:58,098 [INFO] ThirdParty:841 - exiting critical section [change project]
2024-05-20 09:04:58,541 [INFO] PinOutPanel:1561 - setPackage(No Configuration,No Configuration)
2024-05-20 09:04:58,544 [INFO] PinOutPanel:1561 - setPackage(STM32F103C8Tx,LQFP48)
2024-05-20 09:04:59,246 [INFO] UtilMem:75 - Before build in PCC Used Memory: 671789152 Bytes (1073741824)
2024-05-20 09:05:00,306 [INFO] UtilMem:75 - After build in PCC Used Memory: 741478448 Bytes (1073741824)
2024-05-20 09:05:00,349 [INFO] IPUIPlugin:80 - create IPUIPlugin
2024-05-20 09:05:00,350 [INFO] IPUIPlugin:80 - create IPUIPlugin
2024-05-20 09:05:00,350 [INFO] IPUIPlugin:80 - create IPUIPlugin
2024-05-20 09:05:00,350 [INFO] IPUIPlugin:80 - create IPUIPlugin
2024-05-20 09:05:00,350 [INFO] IPUIPlugin:80 - create IPUIPlugin
2024-05-20 09:05:00,350 [INFO] IPUIPlugin:80 - create IPUIPlugin
2024-05-20 09:05:00,350 [INFO] IPUIPlugin:80 - create IPUIPlugin
2024-05-20 09:05:00,351 [INFO] IPUIPlugin:80 - create IPUIPlugin
2024-05-20 09:05:00,351 [INFO] IPUIPlugin:80 - create IPUIPlugin
2024-05-20 09:05:00,351 [INFO] IPUIPlugin:80 - create IPUIPlugin
2024-05-20 09:05:00,351 [INFO] IPUIPlugin:80 - create IPUIPlugin
2024-05-20 09:05:00,351 [INFO] IPUIPlugin:80 - create IPUIPlugin
2024-05-20 09:05:00,352 [INFO] IPUIPlugin:80 - create IPUIPlugin
2024-05-20 09:05:00,352 [INFO] IPUIPlugin:80 - create IPUIPlugin
2024-05-20 09:05:00,352 [INFO] IPUIPlugin:80 - create IPUIPlugin
2024-05-20 09:05:00,353 [INFO] IPUIPlugin:80 - create IPUIPlugin
2024-05-20 09:05:00,353 [INFO] IPUIPlugin:80 - create IPUIPlugin
2024-05-20 09:05:00,354 [INFO] IPUIPlugin:80 - create IPUIPlugin
2024-05-20 09:05:00,354 [INFO] IPUIPlugin:80 - create IPUIPlugin
2024-05-20 09:05:00,355 [INFO] IPUIPlugin:80 - create IPUIPlugin
2024-05-20 09:05:00,356 [INFO] IPUIPlugin:80 - create IPUIPlugin
2024-05-20 09:05:00,356 [INFO] IPUIPlugin:80 - create IPUIPlugin
2024-05-20 09:05:00,357 [INFO] IPUIPlugin:80 - create IPUIPlugin
2024-05-20 09:05:00,357 [INFO] IPUIPlugin:80 - create IPUIPlugin
2024-05-20 09:05:00,357 [INFO] IPUIPlugin:80 - create IPUIPlugin
2024-05-20 09:05:00,358 [INFO] IPUIPlugin:80 - create IPUIPlugin
2024-05-20 09:05:00,358 [INFO] IPUIPlugin:80 - create IPUIPlugin
2024-05-20 09:05:00,656 [INFO] CADModel:165 - CPN selected for project levelSTM32F103C8T6
2024-05-20 09:05:00,656 [INFO] CADModel:114 - Register for checkConnection events
2024-05-20 09:05:00,715 [INFO] OpenFileManager:343 - Restore cursor
2024-05-20 09:52:25,897 [INFO] NvicIntPanel:101 - NVIC parent = com.st.microxplorer.plugins.ip.nvic.MultiNvicIntPanel[,0,0,450x284,layout=javax.swing.BoxLayout,alignmentX=0.0,alignmentY=0.0,border=,flags=9,maximumSize=,minimumSize=,preferredSize=]
2024-05-20 09:52:37,038 [INFO] UtilMem:75 - End SaveConfig() Used Memory: 594019072 Bytes (1073741824)
2024-05-20 09:52:38,067 [INFO] UtilMem:75 - End SaveConfig() Used Memory: 623901440 Bytes (1073741824)
2024-05-20 09:52:38,421 [INFO] UtilMem:75 - End SaveConfig() Used Memory: 588970160 Bytes (1073741824)
2024-05-20 09:52:39,093 [INFO] BlockDiagram:2759 - set Specific Code input for plugin: SPI
2024-05-20 09:52:39,093 [INFO] BlockDiagram:2759 - set Specific Code input for plugin: NVIC
2024-05-20 09:52:39,093 [INFO] BlockDiagram:2759 - set Specific Code input for plugin: USART
2024-05-20 09:52:39,093 [INFO] BlockDiagram:2759 - set Specific Code input for plugin: SYS
2024-05-20 09:52:39,094 [INFO] BlockDiagram:2759 - set Specific Code input for plugin: GPIO
2024-05-20 09:52:39,094 [INFO] BlockDiagram:2759 - set Specific Code input for plugin: RCC
2024-05-20 09:52:39,096 [INFO] CodeGenerator:807 - code generatio: config db path: C:\ST\STM32CubeIDE_1.15.0\STM32CubeIDE\plugins\com.st.stm32cube.common.mx_6.11.0.202403141607\\db\
2024-05-20 09:52:39,514 [INFO] CodeEngine:255 - oldGeneratedFile, C:\Github\Embedded\dryer\dryer\MXTmpFiles\license.tmp_save
2024-05-20 09:52:40,033 [INFO] CodeEngine:279 - Generated code: C:\Github\Embedded\dryer\dryer\MXTmpFiles\license.tmp
2024-05-20 09:52:40,183 [INFO] CodeEngine:255 - oldGeneratedFile, C:\Github\Embedded\dryer\dryer\MXTmpFiles\gpio.tmp_save
2024-05-20 09:52:40,352 [INFO] CodeEngine:279 - Generated code: C:\Github\Embedded\dryer\dryer\MXTmpFiles\gpio.tmp
2024-05-20 09:52:40,559 [INFO] CodeEngine:255 - oldGeneratedFile, C:\Github\Embedded\dryer\dryer\Core\Src\stm32f1xx_it.c_save
2024-05-20 09:52:40,745 [INFO] CodeEngine:279 - Generated code: C:\Github\Embedded\dryer\dryer\Core\Src\stm32f1xx_it.c
2024-05-20 09:52:40,768 [INFO] CodeEngine:255 - oldGeneratedFile, C:\Github\Embedded\dryer\dryer\Core\Inc\stm32f1xx_it.h_save
2024-05-20 09:52:40,885 [INFO] CodeEngine:279 - Generated code: C:\Github\Embedded\dryer\dryer\Core\Inc\stm32f1xx_it.h
2024-05-20 09:52:40,930 [INFO] CodeEngine:255 - oldGeneratedFile, C:\Github\Embedded\dryer\dryer\Core\Src\stm32f1xx_hal_msp.c_save
2024-05-20 09:52:41,198 [INFO] CodeEngine:279 - Generated code: C:\Github\Embedded\dryer\dryer\Core\Src\stm32f1xx_hal_msp.c
2024-05-20 09:52:41,215 [INFO] CodeEngine:255 - oldGeneratedFile, C:\Github\Embedded\dryer\dryer\MXTmpFiles\system.tmp_save
2024-05-20 09:52:41,329 [INFO] CodeEngine:279 - Generated code: C:\Github\Embedded\dryer\dryer\MXTmpFiles\system.tmp
2024-05-20 09:52:41,365 [INFO] CodeEngine:311 - oldGeneratedFile, C:\Github\Embedded\dryer\dryer\Core\Inc\stm32f1xx_hal_conf.h_save
2024-05-20 09:52:41,503 [INFO] CodeEngine:335 - Generated code: C:\Github\Embedded\dryer\dryer\Core\Inc\stm32f1xx_hal_conf.h
2024-05-20 09:52:41,596 [INFO] CodeEngine:255 - oldGeneratedFile, C:\Github\Embedded\dryer\dryer\Core\Inc\main.h_save
2024-05-20 09:52:41,730 [INFO] CodeEngine:279 - Generated code: C:\Github\Embedded\dryer\dryer\Core\Inc\main.h
2024-05-20 09:52:41,759 [INFO] CodeEngine:255 - oldGeneratedFile, C:\Github\Embedded\dryer\dryer\Core\Src\main.c_save
2024-05-20 09:52:41,958 [INFO] CodeEngine:279 - Generated code: C:\Github\Embedded\dryer\dryer\Core\Src\main.c
2024-05-20 09:52:42,338 [INFO] ProjectBuilder:3163 - Time for Copy HAL[1] : 197mS.
2024-05-20 09:52:42,345 [INFO] ProjectBuilder:4736 - Project Generator version: 4.3.0-B58
2024-05-20 09:52:42,432 [INFO] ConfigFileManager:1503 - The Die is : DIE410
2024-05-20 09:52:42,450 [INFO] ApiDbMcu:508 - Load IP Config File for FATFS
2024-05-20 09:52:42,464 [INFO] ApiDbMcu:508 - Load IP Config File for FREERTOS
2024-05-20 09:52:42,481 [INFO] ApiDbMcu:508 - Load IP Config File for USB_DEVICE
2024-05-20 09:52:43,378 [INFO] LogOutputStream:77 - [STDOUT_REDIRECT] 
2024-05-20 09:52:46,149 [INFO] ProjectBuilder:5002 - Time for Generating toolchain IDE Files: 3804mS.
2024-05-20 09:52:46,150 [INFO] ProjectBuilder:3034 - Time for Copy CMSIS : 1mS.
2024-05-20 09:52:46,155 [INFO] ProjectBuilder:3034 - Time for Copy CMSIS : 0mS.
2024-05-20 10:58:28,921 [INFO] NvicIntPanel:101 - NVIC parent = com.st.microxplorer.plugins.ip.nvic.MultiNvicIntPanel[,0,0,0x0,invalid,layout=javax.swing.BoxLayout,alignmentX=0.0,alignmentY=0.0,border=,flags=9,maximumSize=,minimumSize=,preferredSize=]
2024-05-20 10:58:32,514 [INFO] UtilMem:75 - End SaveConfig() Used Memory: 632930928 Bytes (1073741824)
2024-05-20 10:58:33,844 [INFO] UtilMem:75 - End SaveConfig() Used Memory: 649689888 Bytes (1073741824)
2024-05-20 10:58:35,205 [INFO] UtilMem:75 - End SaveConfig() Used Memory: 728333088 Bytes (1073741824)
2024-05-20 10:58:35,427 [INFO] BlockDiagram:2759 - set Specific Code input for plugin: SPI
2024-05-20 10:58:35,428 [INFO] BlockDiagram:2759 - set Specific Code input for plugin: NVIC
2024-05-20 10:58:35,428 [INFO] BlockDiagram:2759 - set Specific Code input for plugin: USART
2024-05-20 10:58:35,428 [INFO] BlockDiagram:2759 - set Specific Code input for plugin: SYS
2024-05-20 10:58:35,428 [INFO] BlockDiagram:2759 - set Specific Code input for plugin: GPIO
2024-05-20 10:58:35,429 [INFO] BlockDiagram:2759 - set Specific Code input for plugin: RCC
2024-05-20 10:58:35,430 [INFO] CodeGenerator:807 - code generatio: config db path: C:\ST\STM32CubeIDE_1.15.0\STM32CubeIDE\plugins\com.st.stm32cube.common.mx_6.11.0.202403141607\\db\
2024-05-20 10:58:35,534 [INFO] CodeEngine:255 - oldGeneratedFile, C:\Github\Embedded\dryer\dryer\MXTmpFiles\license.tmp_save
2024-05-20 10:58:35,770 [INFO] CodeEngine:279 - Generated code: C:\Github\Embedded\dryer\dryer\MXTmpFiles\license.tmp
2024-05-20 10:58:35,806 [INFO] CodeEngine:255 - oldGeneratedFile, C:\Github\Embedded\dryer\dryer\MXTmpFiles\gpio.tmp_save
2024-05-20 10:58:36,056 [INFO] CodeEngine:279 - Generated code: C:\Github\Embedded\dryer\dryer\MXTmpFiles\gpio.tmp
2024-05-20 10:58:36,197 [INFO] CodeEngine:255 - oldGeneratedFile, C:\Github\Embedded\dryer\dryer\Core\Src\stm32f1xx_it.c_save
2024-05-20 10:58:36,503 [INFO] CodeEngine:279 - Generated code: C:\Github\Embedded\dryer\dryer\Core\Src\stm32f1xx_it.c
2024-05-20 10:58:36,511 [INFO] CodeEngine:255 - oldGeneratedFile, C:\Github\Embedded\dryer\dryer\Core\Inc\stm32f1xx_it.h_save
2024-05-20 10:58:36,616 [INFO] CodeEngine:279 - Generated code: C:\Github\Embedded\dryer\dryer\Core\Inc\stm32f1xx_it.h
2024-05-20 10:58:36,650 [INFO] CodeEngine:255 - oldGeneratedFile, C:\Github\Embedded\dryer\dryer\Core\Src\stm32f1xx_hal_msp.c_save
2024-05-20 10:58:36,850 [INFO] CodeEngine:279 - Generated code: C:\Github\Embedded\dryer\dryer\Core\Src\stm32f1xx_hal_msp.c
2024-05-20 10:58:36,857 [INFO] CodeEngine:255 - oldGeneratedFile, C:\Github\Embedded\dryer\dryer\MXTmpFiles\system.tmp_save
2024-05-20 10:58:36,932 [INFO] CodeEngine:279 - Generated code: C:\Github\Embedded\dryer\dryer\MXTmpFiles\system.tmp
2024-05-20 10:58:36,956 [INFO] CodeEngine:311 - oldGeneratedFile, C:\Github\Embedded\dryer\dryer\Core\Inc\stm32f1xx_hal_conf.h_save
2024-05-20 10:58:37,074 [INFO] CodeEngine:335 - Generated code: C:\Github\Embedded\dryer\dryer\Core\Inc\stm32f1xx_hal_conf.h
2024-05-20 10:58:37,137 [INFO] CodeEngine:255 - oldGeneratedFile, C:\Github\Embedded\dryer\dryer\Core\Inc\main.h_save
2024-05-20 10:58:37,259 [INFO] CodeEngine:279 - Generated code: C:\Github\Embedded\dryer\dryer\Core\Inc\main.h
2024-05-20 10:58:37,274 [INFO] CodeEngine:255 - oldGeneratedFile, C:\Github\Embedded\dryer\dryer\Core\Src\main.c_save
2024-05-20 10:58:37,440 [INFO] CodeEngine:279 - Generated code: C:\Github\Embedded\dryer\dryer\Core\Src\main.c
2024-05-20 10:58:37,872 [INFO] ProjectBuilder:3163 - Time for Copy HAL[1] : 205mS.
2024-05-20 10:58:37,876 [INFO] ProjectBuilder:4736 - Project Generator version: 4.3.0-B58
2024-05-20 10:58:37,999 [INFO] ConfigFileManager:1503 - The Die is : DIE410
2024-05-20 10:58:39,233 [INFO] ProjectBuilder:5002 - Time for Generating toolchain IDE Files: 1357mS.
2024-05-20 10:58:39,234 [INFO] ProjectBuilder:3034 - Time for Copy CMSIS : 1mS.
2024-05-20 10:58:39,239 [INFO] ProjectBuilder:3034 - Time for Copy CMSIS : 0mS.
2024-05-20 10:59:40,155 [INFO] NvicIntPanel:101 - NVIC parent = com.st.microxplorer.plugins.ip.nvic.MultiNvicIntPanel[,0,0,0x0,invalid,layout=javax.swing.BoxLayout,alignmentX=0.0,alignmentY=0.0,border=,flags=9,maximumSize=,minimumSize=,preferredSize=]
2024-05-20 10:59:50,073 [INFO] UtilMem:75 - End SaveConfig() Used Memory: 645037304 Bytes (1073741824)
2024-05-20 10:59:52,102 [INFO] UtilMem:75 - End SaveConfig() Used Memory: 660638416 Bytes (1073741824)
2024-05-20 10:59:52,329 [INFO] UtilMem:75 - End SaveConfig() Used Memory: 631939944 Bytes (1073741824)
2024-05-20 10:59:52,559 [INFO] BlockDiagram:2759 - set Specific Code input for plugin: SPI
2024-05-20 10:59:52,559 [INFO] BlockDiagram:2759 - set Specific Code input for plugin: NVIC
2024-05-20 10:59:52,559 [INFO] BlockDiagram:2759 - set Specific Code input for plugin: USART
2024-05-20 10:59:52,559 [INFO] BlockDiagram:2759 - set Specific Code input for plugin: SYS
2024-05-20 10:59:52,560 [INFO] BlockDiagram:2759 - set Specific Code input for plugin: GPIO
2024-05-20 10:59:52,560 [INFO] BlockDiagram:2759 - set Specific Code input for plugin: RCC
2024-05-20 10:59:52,561 [INFO] CodeGenerator:807 - code generatio: config db path: C:\ST\STM32CubeIDE_1.15.0\STM32CubeIDE\plugins\com.st.stm32cube.common.mx_6.11.0.202403141607\\db\
2024-05-20 10:59:52,659 [INFO] CodeEngine:255 - oldGeneratedFile, C:\Github\Embedded\dryer\dryer\MXTmpFiles\license.tmp_save
2024-05-20 10:59:52,723 [ERROR] FilesUtils:113 - C:\Users\LeeJooho\.stmcube\.STM32CUBEMX_PLUGIN6.11.0Repository.ser ( )
2024-05-20 10:59:52,850 [INFO] CodeEngine:279 - Generated code: C:\Github\Embedded\dryer\dryer\MXTmpFiles\license.tmp
2024-05-20 10:59:52,890 [INFO] CodeEngine:255 - oldGeneratedFile, C:\Github\Embedded\dryer\dryer\MXTmpFiles\gpio.tmp_save
2024-05-20 10:59:53,050 [INFO] CodeEngine:279 - Generated code: C:\Github\Embedded\dryer\dryer\MXTmpFiles\gpio.tmp
2024-05-20 10:59:53,186 [INFO] CodeEngine:255 - oldGeneratedFile, C:\Github\Embedded\dryer\dryer\Core\Src\stm32f1xx_it.c_save
2024-05-20 10:59:53,383 [INFO] CodeEngine:279 - Generated code: C:\Github\Embedded\dryer\dryer\Core\Src\stm32f1xx_it.c
2024-05-20 10:59:53,395 [INFO] CodeEngine:255 - oldGeneratedFile, C:\Github\Embedded\dryer\dryer\Core\Inc\stm32f1xx_it.h_save
2024-05-20 10:59:53,494 [INFO] CodeEngine:279 - Generated code: C:\Github\Embedded\dryer\dryer\Core\Inc\stm32f1xx_it.h
2024-05-20 10:59:53,519 [INFO] CodeEngine:255 - oldGeneratedFile, C:\Github\Embedded\dryer\dryer\Core\Src\stm32f1xx_hal_msp.c_save
2024-05-20 10:59:53,636 [INFO] CodeEngine:279 - Generated code: C:\Github\Embedded\dryer\dryer\Core\Src\stm32f1xx_hal_msp.c
2024-05-20 10:59:53,641 [INFO] CodeEngine:255 - oldGeneratedFile, C:\Github\Embedded\dryer\dryer\MXTmpFiles\system.tmp_save
2024-05-20 10:59:53,701 [INFO] CodeEngine:279 - Generated code: C:\Github\Embedded\dryer\dryer\MXTmpFiles\system.tmp
2024-05-20 10:59:53,719 [INFO] CodeEngine:311 - oldGeneratedFile, C:\Github\Embedded\dryer\dryer\Core\Inc\stm32f1xx_hal_conf.h_save
2024-05-20 10:59:53,810 [INFO] CodeEngine:335 - Generated code: C:\Github\Embedded\dryer\dryer\Core\Inc\stm32f1xx_hal_conf.h
2024-05-20 10:59:53,851 [INFO] CodeEngine:255 - oldGeneratedFile, C:\Github\Embedded\dryer\dryer\Core\Inc\main.h_save
2024-05-20 10:59:53,937 [INFO] CodeEngine:279 - Generated code: C:\Github\Embedded\dryer\dryer\Core\Inc\main.h
2024-05-20 10:59:53,950 [INFO] CodeEngine:255 - oldGeneratedFile, C:\Github\Embedded\dryer\dryer\Core\Src\main.c_save
2024-05-20 10:59:54,062 [INFO] CodeEngine:279 - Generated code: C:\Github\Embedded\dryer\dryer\Core\Src\main.c
2024-05-20 10:59:54,364 [INFO] ProjectBuilder:3163 - Time for Copy HAL[1] : 154mS.
2024-05-20 10:59:54,368 [INFO] ProjectBuilder:4736 - Project Generator version: 4.3.0-B58
2024-05-20 10:59:54,438 [INFO] ConfigFileManager:1503 - The Die is : DIE410
2024-05-20 10:59:55,473 [INFO] ProjectBuilder:5002 - Time for Generating toolchain IDE Files: 1104mS.
2024-05-20 10:59:55,474 [INFO] ProjectBuilder:3034 - Time for Copy CMSIS : 1mS.
2024-05-20 10:59:55,479 [INFO] ProjectBuilder:3034 - Time for Copy CMSIS : 1mS.
2024-05-20 12:14:41,655 [INFO] NvicIntPanel:101 - NVIC parent = com.st.microxplorer.plugins.ip.nvic.MultiNvicIntPanel[,0,0,0x0,invalid,layout=javax.swing.BoxLayout,alignmentX=0.0,alignmentY=0.0,border=,flags=9,maximumSize=,minimumSize=,preferredSize=]
2024-05-20 12:14:41,759 [INFO] NvicIntPanel:101 - NVIC parent = com.st.microxplorer.plugins.ip.nvic.MultiNvicIntPanel[,0,0,0x0,invalid,layout=javax.swing.BoxLayout,alignmentX=0.0,alignmentY=0.0,border=,flags=9,maximumSize=,minimumSize=,preferredSize=]
2024-05-20 12:14:54,738 [INFO] Gpio:277 - dependency for GPIO [SPI1, SYS, USART1]
2024-05-20 12:15:27,992 [INFO] UtilMem:75 - End SaveConfig() Used Memory: 739447080 Bytes (1073741824)
2024-05-20 12:15:29,011 [INFO] UtilMem:75 - End SaveConfig() Used Memory: 756341792 Bytes (1073741824)
2024-05-20 12:15:31,843 [INFO] UtilMem:75 - End SaveConfig() Used Memory: 826596384 Bytes (1073741824)
2024-05-20 12:15:32,088 [INFO] BlockDiagram:2759 - set Specific Code input for plugin: SPI
2024-05-20 12:15:32,088 [INFO] BlockDiagram:2759 - set Specific Code input for plugin: NVIC
2024-05-20 12:15:32,088 [INFO] BlockDiagram:2759 - set Specific Code input for plugin: USART
2024-05-20 12:15:32,088 [INFO] BlockDiagram:2759 - set Specific Code input for plugin: SYS
2024-05-20 12:15:32,089 [INFO] BlockDiagram:2759 - set Specific Code input for plugin: GPIO
2024-05-20 12:15:32,089 [INFO] BlockDiagram:2759 - set Specific Code input for plugin: RCC
2024-05-20 12:15:32,089 [INFO] CodeGenerator:807 - code generatio: config db path: C:\ST\STM32CubeIDE_1.15.0\STM32CubeIDE\plugins\com.st.stm32cube.common.mx_6.11.0.202403141607\\db\
2024-05-20 12:15:32,194 [INFO] CodeEngine:255 - oldGeneratedFile, C:\Github\Embedded\dryer\dryer\MXTmpFiles\license.tmp_save
2024-05-20 12:15:32,327 [INFO] CodeEngine:279 - Generated code: C:\Github\Embedded\dryer\dryer\MXTmpFiles\license.tmp
2024-05-20 12:15:32,364 [INFO] CodeEngine:255 - oldGeneratedFile, C:\Github\Embedded\dryer\dryer\MXTmpFiles\gpio.tmp_save
2024-05-20 12:15:32,572 [INFO] CodeEngine:279 - Generated code: C:\Github\Embedded\dryer\dryer\MXTmpFiles\gpio.tmp
2024-05-20 12:15:32,702 [INFO] CodeEngine:255 - oldGeneratedFile, C:\Github\Embedded\dryer\dryer\Core\Src\stm32f1xx_it.c_save
2024-05-20 12:15:32,923 [INFO] CodeEngine:279 - Generated code: C:\Github\Embedded\dryer\dryer\Core\Src\stm32f1xx_it.c
2024-05-20 12:15:32,934 [INFO] CodeEngine:255 - oldGeneratedFile, C:\Github\Embedded\dryer\dryer\Core\Inc\stm32f1xx_it.h_save
2024-05-20 12:15:32,965 [ERROR] FilesUtils:113 - C:\Users\LeeJooho\.stmcube\.STM32CUBEMX_PLUGIN6.11.0Repository.ser ( )
2024-05-20 12:15:33,025 [INFO] CodeEngine:279 - Generated code: C:\Github\Embedded\dryer\dryer\Core\Inc\stm32f1xx_it.h
2024-05-20 12:15:33,049 [INFO] CodeEngine:255 - oldGeneratedFile, C:\Github\Embedded\dryer\dryer\Core\Src\stm32f1xx_hal_msp.c_save
2024-05-20 12:15:33,155 [INFO] CodeEngine:279 - Generated code: C:\Github\Embedded\dryer\dryer\Core\Src\stm32f1xx_hal_msp.c
2024-05-20 12:15:33,159 [INFO] CodeEngine:255 - oldGeneratedFile, C:\Github\Embedded\dryer\dryer\MXTmpFiles\system.tmp_save
2024-05-20 12:15:33,229 [INFO] CodeEngine:279 - Generated code: C:\Github\Embedded\dryer\dryer\MXTmpFiles\system.tmp
2024-05-20 12:15:33,247 [INFO] CodeEngine:311 - oldGeneratedFile, C:\Github\Embedded\dryer\dryer\Core\Inc\stm32f1xx_hal_conf.h_save
2024-05-20 12:15:33,343 [INFO] CodeEngine:335 - Generated code: C:\Github\Embedded\dryer\dryer\Core\Inc\stm32f1xx_hal_conf.h
2024-05-20 12:15:33,386 [INFO] CodeEngine:255 - oldGeneratedFile, C:\Github\Embedded\dryer\dryer\Core\Inc\main.h_save
2024-05-20 12:15:33,504 [INFO] CodeEngine:279 - Generated code: C:\Github\Embedded\dryer\dryer\Core\Inc\main.h
2024-05-20 12:15:33,522 [INFO] CodeEngine:255 - oldGeneratedFile, C:\Github\Embedded\dryer\dryer\Core\Src\main.c_save
2024-05-20 12:15:33,670 [INFO] CodeEngine:279 - Generated code: C:\Github\Embedded\dryer\dryer\Core\Src\main.c
2024-05-20 12:15:34,023 [INFO] ProjectBuilder:3163 - Time for Copy HAL[1] : 151mS.
2024-05-20 12:15:34,026 [INFO] ProjectBuilder:4736 - Project Generator version: 4.3.0-B58
2024-05-20 12:15:34,186 [INFO] ConfigFileManager:1503 - The Die is : DIE410
2024-05-20 12:15:35,447 [INFO] ProjectBuilder:5002 - Time for Generating toolchain IDE Files: 1421mS.
2024-05-20 12:15:35,448 [INFO] ProjectBuilder:3034 - Time for Copy CMSIS : 1mS.
2024-05-20 12:15:35,452 [INFO] ProjectBuilder:3034 - Time for Copy CMSIS : 0mS.
2024-05-20 13:37:32,839 [INFO] Gpio:277 - dependency for GPIO [SPI1, SYS, USART1]
2024-05-20 13:37:32,956 [INFO] Gpio:277 - dependency for GPIO [SPI1, SYS, USART1]
2024-05-20 13:38:11,925 [INFO] UtilMem:75 - End SaveConfig() Used Memory: 845897336 Bytes (1073741824)
2024-05-20 13:38:12,925 [INFO] UtilMem:75 - End SaveConfig() Used Memory: 862777192 Bytes (1073741824)
2024-05-20 13:38:13,230 [INFO] UtilMem:75 - End SaveConfig() Used Memory: 882384312 Bytes (1073741824)
2024-05-20 13:38:13,500 [INFO] BlockDiagram:2759 - set Specific Code input for plugin: SPI
2024-05-20 13:38:13,500 [INFO] BlockDiagram:2759 - set Specific Code input for plugin: NVIC
2024-05-20 13:38:13,500 [INFO] BlockDiagram:2759 - set Specific Code input for plugin: USART
2024-05-20 13:38:13,500 [INFO] BlockDiagram:2759 - set Specific Code input for plugin: SYS
2024-05-20 13:38:13,500 [INFO] BlockDiagram:2759 - set Specific Code input for plugin: GPIO
2024-05-20 13:38:13,500 [INFO] BlockDiagram:2759 - set Specific Code input for plugin: RCC
2024-05-20 13:38:13,502 [INFO] CodeGenerator:807 - code generatio: config db path: C:\ST\STM32CubeIDE_1.15.0\STM32CubeIDE\plugins\com.st.stm32cube.common.mx_6.11.0.202403141607\\db\
2024-05-20 13:38:13,612 [INFO] CodeEngine:255 - oldGeneratedFile, C:\Github\Embedded\dryer\dryer\MXTmpFiles\license.tmp_save
2024-05-20 13:38:13,782 [INFO] CodeEngine:279 - Generated code: C:\Github\Embedded\dryer\dryer\MXTmpFiles\license.tmp
2024-05-20 13:38:13,820 [INFO] CodeEngine:255 - oldGeneratedFile, C:\Github\Embedded\dryer\dryer\MXTmpFiles\gpio.tmp_save
2024-05-20 13:38:13,987 [INFO] CodeEngine:279 - Generated code: C:\Github\Embedded\dryer\dryer\MXTmpFiles\gpio.tmp
2024-05-20 13:38:14,082 [INFO] CodeEngine:255 - oldGeneratedFile, C:\Github\Embedded\dryer\dryer\Core\Src\stm32f1xx_it.c_save
2024-05-20 13:38:14,258 [INFO] CodeEngine:279 - Generated code: C:\Github\Embedded\dryer\dryer\Core\Src\stm32f1xx_it.c
2024-05-20 13:38:14,270 [INFO] CodeEngine:255 - oldGeneratedFile, C:\Github\Embedded\dryer\dryer\Core\Inc\stm32f1xx_it.h_save
2024-05-20 13:38:14,323 [INFO] CodeEngine:279 - Generated code: C:\Github\Embedded\dryer\dryer\Core\Inc\stm32f1xx_it.h
2024-05-20 13:38:14,342 [INFO] CodeEngine:255 - oldGeneratedFile, C:\Github\Embedded\dryer\dryer\Core\Src\stm32f1xx_hal_msp.c_save
2024-05-20 13:38:14,446 [INFO] CodeEngine:279 - Generated code: C:\Github\Embedded\dryer\dryer\Core\Src\stm32f1xx_hal_msp.c
2024-05-20 13:38:14,451 [INFO] CodeEngine:255 - oldGeneratedFile, C:\Github\Embedded\dryer\dryer\MXTmpFiles\system.tmp_save
2024-05-20 13:38:14,507 [INFO] CodeEngine:279 - Generated code: C:\Github\Embedded\dryer\dryer\MXTmpFiles\system.tmp
2024-05-20 13:38:14,525 [INFO] CodeEngine:311 - oldGeneratedFile, C:\Github\Embedded\dryer\dryer\Core\Inc\stm32f1xx_hal_conf.h_save
2024-05-20 13:38:14,626 [INFO] CodeEngine:335 - Generated code: C:\Github\Embedded\dryer\dryer\Core\Inc\stm32f1xx_hal_conf.h
2024-05-20 13:38:14,672 [INFO] CodeEngine:255 - oldGeneratedFile, C:\Github\Embedded\dryer\dryer\Core\Inc\main.h_save
2024-05-20 13:38:14,787 [INFO] CodeEngine:279 - Generated code: C:\Github\Embedded\dryer\dryer\Core\Inc\main.h
2024-05-20 13:38:14,801 [INFO] CodeEngine:255 - oldGeneratedFile, C:\Github\Embedded\dryer\dryer\Core\Src\main.c_save
2024-05-20 13:38:14,924 [INFO] CodeEngine:279 - Generated code: C:\Github\Embedded\dryer\dryer\Core\Src\main.c
2024-05-20 13:38:15,282 [INFO] ProjectBuilder:3163 - Time for Copy HAL[1] : 167mS.
2024-05-20 13:38:15,285 [INFO] ProjectBuilder:4736 - Project Generator version: 4.3.0-B58
2024-05-20 13:38:15,358 [INFO] ConfigFileManager:1503 - The Die is : DIE410
2024-05-20 13:38:16,463 [INFO] ProjectBuilder:5002 - Time for Generating toolchain IDE Files: 1178mS.
2024-05-20 13:38:16,465 [INFO] ProjectBuilder:3034 - Time for Copy CMSIS : 1mS.
2024-05-20 13:38:16,470 [INFO] ProjectBuilder:3034 - Time for Copy CMSIS : 1mS.
2024-05-20 14:30:05,065 [INFO] UtilMem:75 - End SaveConfig() Used Memory: 631322248 Bytes (1073741824)
2024-05-20 14:30:06,193 [INFO] UtilMem:75 - End SaveConfig() Used Memory: 650722952 Bytes (1073741824)
2024-05-20 14:30:06,431 [INFO] UtilMem:75 - End SaveConfig() Used Memory: 669597320 Bytes (1073741824)
2024-05-20 14:30:06,704 [INFO] BlockDiagram:2759 - set Specific Code input for plugin: SPI
2024-05-20 14:30:06,704 [INFO] BlockDiagram:2759 - set Specific Code input for plugin: NVIC
2024-05-20 14:30:06,704 [INFO] BlockDiagram:2759 - set Specific Code input for plugin: USART
2024-05-20 14:30:06,705 [INFO] BlockDiagram:2759 - set Specific Code input for plugin: SYS
2024-05-20 14:30:06,705 [INFO] BlockDiagram:2759 - set Specific Code input for plugin: GPIO
2024-05-20 14:30:06,705 [INFO] BlockDiagram:2759 - set Specific Code input for plugin: RCC
2024-05-20 14:30:06,707 [INFO] CodeGenerator:807 - code generatio: config db path: C:\ST\STM32CubeIDE_1.15.0\STM32CubeIDE\plugins\com.st.stm32cube.common.mx_6.11.0.202403141607\\db\
2024-05-20 14:30:06,809 [INFO] CodeEngine:255 - oldGeneratedFile, C:\Github\Embedded\dryer\dryer\MXTmpFiles\license.tmp_save
2024-05-20 14:30:06,937 [INFO] CodeEngine:279 - Generated code: C:\Github\Embedded\dryer\dryer\MXTmpFiles\license.tmp
2024-05-20 14:30:06,962 [INFO] CodeEngine:255 - oldGeneratedFile, C:\Github\Embedded\dryer\dryer\MXTmpFiles\gpio.tmp_save
2024-05-20 14:30:07,135 [INFO] CodeEngine:279 - Generated code: C:\Github\Embedded\dryer\dryer\MXTmpFiles\gpio.tmp
2024-05-20 14:30:07,222 [INFO] CodeEngine:255 - oldGeneratedFile, C:\Github\Embedded\dryer\dryer\Core\Src\stm32f1xx_it.c_save
2024-05-20 14:30:07,396 [INFO] CodeEngine:279 - Generated code: C:\Github\Embedded\dryer\dryer\Core\Src\stm32f1xx_it.c
2024-05-20 14:30:07,402 [INFO] CodeEngine:255 - oldGeneratedFile, C:\Github\Embedded\dryer\dryer\Core\Inc\stm32f1xx_it.h_save
2024-05-20 14:30:07,465 [INFO] CodeEngine:279 - Generated code: C:\Github\Embedded\dryer\dryer\Core\Inc\stm32f1xx_it.h
2024-05-20 14:30:07,487 [INFO] CodeEngine:255 - oldGeneratedFile, C:\Github\Embedded\dryer\dryer\Core\Src\stm32f1xx_hal_msp.c_save
2024-05-20 14:30:07,618 [INFO] CodeEngine:279 - Generated code: C:\Github\Embedded\dryer\dryer\Core\Src\stm32f1xx_hal_msp.c
2024-05-20 14:30:07,624 [INFO] CodeEngine:255 - oldGeneratedFile, C:\Github\Embedded\dryer\dryer\MXTmpFiles\system.tmp_save
2024-05-20 14:30:07,692 [INFO] CodeEngine:279 - Generated code: C:\Github\Embedded\dryer\dryer\MXTmpFiles\system.tmp
2024-05-20 14:30:07,717 [INFO] CodeEngine:311 - oldGeneratedFile, C:\Github\Embedded\dryer\dryer\Core\Inc\stm32f1xx_hal_conf.h_save
2024-05-20 14:30:07,821 [INFO] CodeEngine:335 - Generated code: C:\Github\Embedded\dryer\dryer\Core\Inc\stm32f1xx_hal_conf.h
2024-05-20 14:30:07,868 [INFO] CodeEngine:255 - oldGeneratedFile, C:\Github\Embedded\dryer\dryer\Core\Inc\main.h_save
2024-05-20 14:30:07,982 [INFO] CodeEngine:279 - Generated code: C:\Github\Embedded\dryer\dryer\Core\Inc\main.h
2024-05-20 14:30:07,996 [INFO] CodeEngine:255 - oldGeneratedFile, C:\Github\Embedded\dryer\dryer\Core\Src\main.c_save
2024-05-20 14:30:08,111 [INFO] CodeEngine:279 - Generated code: C:\Github\Embedded\dryer\dryer\Core\Src\main.c
2024-05-20 14:30:08,568 [INFO] ProjectBuilder:3163 - Time for Copy HAL[1] : 214mS.
2024-05-20 14:30:08,574 [INFO] ProjectBuilder:4736 - Project Generator version: 4.3.0-B58
2024-05-20 14:30:08,701 [INFO] ConfigFileManager:1503 - The Die is : DIE410
2024-05-20 14:30:09,532 [INFO] ProjectBuilder:5002 - Time for Generating toolchain IDE Files: 958mS.
2024-05-20 14:30:09,533 [INFO] ProjectBuilder:3034 - Time for Copy CMSIS : 1mS.
2024-05-20 14:30:09,539 [INFO] ProjectBuilder:3034 - Time for Copy CMSIS : 0mS.
2024-05-20 17:42:10,322 [INFO] Gpio:277 - dependency for GPIO [SPI1, SYS, USART1]
2024-05-20 17:42:10,426 [INFO] Gpio:277 - dependency for GPIO [SPI1, SYS, USART1]
2024-05-20 17:42:12,499 [INFO] Gpio:277 - dependency for GPIO [SPI1, SYS, USART1]
2024-05-20 17:42:12,616 [INFO] Gpio:277 - dependency for GPIO [SPI1, SYS, USART1]
2024-05-20 17:42:14,680 [INFO] Gpio:277 - dependency for GPIO [SPI1, SYS, USART1]
2024-05-20 17:42:14,827 [INFO] Gpio:277 - dependency for GPIO [SPI1, SYS, USART1]
2024-05-20 17:44:25,651 [INFO] UtilMem:75 - End SaveConfig() Used Memory: 755027976 Bytes (1073741824)
2024-05-20 17:44:26,725 [INFO] UtilMem:75 - End SaveConfig() Used Memory: 776278696 Bytes (1073741824)
2024-05-20 17:44:26,959 [INFO] UtilMem:75 - End SaveConfig() Used Memory: 795893904 Bytes (1073741824)
2024-05-20 17:44:27,224 [INFO] BlockDiagram:2759 - set Specific Code input for plugin: SPI
2024-05-20 17:44:27,224 [INFO] BlockDiagram:2759 - set Specific Code input for plugin: NVIC
2024-05-20 17:44:27,224 [INFO] BlockDiagram:2759 - set Specific Code input for plugin: USART
2024-05-20 17:44:27,224 [INFO] BlockDiagram:2759 - set Specific Code input for plugin: SYS
2024-05-20 17:44:27,224 [INFO] BlockDiagram:2759 - set Specific Code input for plugin: GPIO
2024-05-20 17:44:27,224 [INFO] BlockDiagram:2759 - set Specific Code input for plugin: RCC
2024-05-20 17:44:27,226 [INFO] CodeGenerator:807 - code generatio: config db path: C:\ST\STM32CubeIDE_1.15.0\STM32CubeIDE\plugins\com.st.stm32cube.common.mx_6.11.0.202403141607\\db\
2024-05-20 17:44:27,324 [INFO] CodeEngine:255 - oldGeneratedFile, C:\Github\Embedded\dryer\dryer\MXTmpFiles\license.tmp_save
2024-05-20 17:44:27,433 [INFO] CodeEngine:279 - Generated code: C:\Github\Embedded\dryer\dryer\MXTmpFiles\license.tmp
2024-05-20 17:44:27,462 [INFO] CodeEngine:255 - oldGeneratedFile, C:\Github\Embedded\dryer\dryer\MXTmpFiles\gpio.tmp_save
2024-05-20 17:44:27,596 [INFO] CodeEngine:279 - Generated code: C:\Github\Embedded\dryer\dryer\MXTmpFiles\gpio.tmp
2024-05-20 17:44:27,677 [INFO] CodeEngine:255 - oldGeneratedFile, C:\Github\Embedded\dryer\dryer\Core\Src\stm32f1xx_it.c_save
2024-05-20 17:44:27,836 [INFO] CodeEngine:279 - Generated code: C:\Github\Embedded\dryer\dryer\Core\Src\stm32f1xx_it.c
2024-05-20 17:44:27,841 [INFO] CodeEngine:255 - oldGeneratedFile, C:\Github\Embedded\dryer\dryer\Core\Inc\stm32f1xx_it.h_save
2024-05-20 17:44:27,901 [INFO] CodeEngine:279 - Generated code: C:\Github\Embedded\dryer\dryer\Core\Inc\stm32f1xx_it.h
2024-05-20 17:44:27,922 [INFO] CodeEngine:255 - oldGeneratedFile, C:\Github\Embedded\dryer\dryer\Core\Src\stm32f1xx_hal_msp.c_save
2024-05-20 17:44:28,039 [INFO] CodeEngine:279 - Generated code: C:\Github\Embedded\dryer\dryer\Core\Src\stm32f1xx_hal_msp.c
2024-05-20 17:44:28,044 [INFO] CodeEngine:255 - oldGeneratedFile, C:\Github\Embedded\dryer\dryer\MXTmpFiles\system.tmp_save
2024-05-20 17:44:28,111 [INFO] CodeEngine:279 - Generated code: C:\Github\Embedded\dryer\dryer\MXTmpFiles\system.tmp
2024-05-20 17:44:28,133 [INFO] CodeEngine:311 - oldGeneratedFile, C:\Github\Embedded\dryer\dryer\Core\Inc\stm32f1xx_hal_conf.h_save
2024-05-20 17:44:28,220 [INFO] CodeEngine:335 - Generated code: C:\Github\Embedded\dryer\dryer\Core\Inc\stm32f1xx_hal_conf.h
2024-05-20 17:44:28,271 [INFO] CodeEngine:255 - oldGeneratedFile, C:\Github\Embedded\dryer\dryer\Core\Inc\main.h_save
2024-05-20 17:44:28,364 [INFO] CodeEngine:279 - Generated code: C:\Github\Embedded\dryer\dryer\Core\Inc\main.h
2024-05-20 17:44:28,378 [INFO] CodeEngine:255 - oldGeneratedFile, C:\Github\Embedded\dryer\dryer\Core\Src\main.c_save
2024-05-20 17:44:28,492 [INFO] CodeEngine:279 - Generated code: C:\Github\Embedded\dryer\dryer\Core\Src\main.c
2024-05-20 17:44:28,848 [INFO] ProjectBuilder:3163 - Time for Copy HAL[1] : 173mS.
2024-05-20 17:44:28,852 [INFO] ProjectBuilder:4736 - Project Generator version: 4.3.0-B58
2024-05-20 17:44:28,942 [INFO] ConfigFileManager:1503 - The Die is : DIE410
2024-05-20 17:44:29,834 [INFO] ProjectBuilder:5002 - Time for Generating toolchain IDE Files: 982mS.
2024-05-20 17:44:29,835 [INFO] ProjectBuilder:3034 - Time for Copy CMSIS : 1mS.
2024-05-20 17:44:29,839 [INFO] ProjectBuilder:3034 - Time for Copy CMSIS : 0mS.
2024-05-20 20:12:33,709 [ERROR] LogOutputStream:75 - [STDERR_REDIRECT] 
