2024-03-26 10:15:20,566 [INFO] Activator:176 - 


2024-03-26 10:15:20,573 [INFO] Activator:177 - !SESSION log4j initialized
2024-03-26 10:15:27,021 [INFO] LogOutputStream:77 - [STDOUT_REDIRECT] 
2024-03-26 10:15:32,208 [INFO] ApplicationProperties:184 - Using Application install path: C:\ST\STM32CubeIDE_1.13.2\STM32CubeIDE\plugins\com.st.stm32cube.common.mx_6.9.2.202309101412
2024-03-26 10:15:32,252 [INFO] DbMcusXml:78 - Set database path to: C:\ST\STM32CubeIDE_1.13.2\STM32CubeIDE\plugins\com.st.stm32cube.common.mx_6.9.2.202309101412\\db\/mcu/
2024-03-26 10:15:32,252 [INFO] ApiDb:274 - Set plugin database path to: C:\ST\STM32CubeIDE_1.13.2\STM32CubeIDE\plugins\com.st.stm32cube.common.mx_6.9.2.202309101412\\db\/plugins/boardmanager/
2024-03-26 10:15:32,253 [WARN] ApiDb:259 - Overriding images path with different value:  => C:\ST\STM32CubeIDE_1.13.2\STM32CubeIDE\plugins\com.st.stm32cube.common.mx_6.9.2.202309101412\\db\/plugins/mcufinder/images/
2024-03-26 10:15:32,283 [INFO] ApiDb:250 - Set database path to: C:\Users\LeeJooho\.stmcufinder\plugins\mcufinder//mcu/
2024-03-26 10:15:32,286 [INFO] DbMcusAds:125 - Set database path to: C:\Users\LeeJooho\.stmcufinder\plugins\mcufinder//mcu/
2024-03-26 10:15:32,291 [INFO] CrossReferenceDbSqlite:203 - Set database path to: C:\Users\LeeJooho\.stmcufinder\plugins\mcufinder//mcu/cs/
2024-03-26 10:15:32,477 [INFO] RulesReader:64 - Compatibility file has been processed (293 Rules)
2024-03-26 10:15:32,693 [INFO] DbMcusXml:78 - Set database path to: C:\ST\STM32CubeIDE_1.13.2\STM32CubeIDE\plugins\com.st.stm32cube.common.mx_6.9.2.202309101412\\db\/mcu/
2024-03-26 10:15:32,693 [INFO] ApiDb:274 - Set plugin database path to: C:\ST\STM32CubeIDE_1.13.2\STM32CubeIDE\plugins\com.st.stm32cube.common.mx_6.9.2.202309101412\\db\/plugins/boardmanager/
2024-03-26 10:15:32,694 [INFO] ApiDb:261 - Set plugin images path to: C:\ST\STM32CubeIDE_1.13.2\STM32CubeIDE\plugins\com.st.stm32cube.common.mx_6.9.2.202309101412\\db\/plugins/mcufinder/images/
2024-03-26 10:15:32,694 [WARN] DbFile:41 - Overriding database path with different value: C:\Users\LeeJooho\.stmcufinder\plugins\mcufinder/ => C:\Users\LeeJooho\.stmcufinder\plugins\mcufinder
2024-03-26 10:15:32,695 [INFO] ApiDb:250 - Set database path to: C:\Users\LeeJooho\.stmcufinder\plugins\mcufinder//mcu/
2024-03-26 10:15:32,695 [WARN] DbFile:41 - Overriding database path with different value: C:\Users\LeeJooho\.stmcufinder\plugins\mcufinder/ => C:\Users\LeeJooho\.stmcufinder\plugins\mcufinder
2024-03-26 10:15:32,695 [INFO] DbMcusAds:125 - Set database path to: C:\Users\LeeJooho\.stmcufinder\plugins\mcufinder//mcu/
2024-03-26 10:15:32,696 [WARN] DbFile:41 - Overriding database path with different value: C:\Users\LeeJooho\.stmcufinder\plugins\mcufinder/ => C:\Users\LeeJooho\.stmcufinder\plugins\mcufinder
2024-03-26 10:15:32,697 [WARN] DbFile:41 - Overriding database path with different value: C:\Users\LeeJooho\.stmcufinder\plugins\mcufinder/ => C:\Users\LeeJooho\.stmcufinder\plugins\mcufinder
2024-03-26 10:15:32,697 [INFO] CrossReferenceDbSqlite:203 - Set database path to: C:\Users\LeeJooho\.stmcufinder\plugins\mcufinder//mcu/cs/
2024-03-26 10:15:32,911 [INFO] MainPanel:262 - HeapMemory: 268435456
2024-03-26 10:15:33,140 [INFO] DbMcusXml:78 - Set database path to: C:\ST\STM32CubeIDE_1.13.2\STM32CubeIDE\plugins\com.st.stm32cube.common.mx_6.9.2.202309101412\\db\/mcu/
2024-03-26 10:15:33,140 [INFO] ApiDb:274 - Set plugin database path to: C:\ST\STM32CubeIDE_1.13.2\STM32CubeIDE\plugins\com.st.stm32cube.common.mx_6.9.2.202309101412\\db\/plugins/boardmanager/
2024-03-26 10:15:33,140 [INFO] ApiDb:261 - Set plugin images path to: C:\ST\STM32CubeIDE_1.13.2\STM32CubeIDE\plugins\com.st.stm32cube.common.mx_6.9.2.202309101412\\db\/plugins/mcufinder/images/
2024-03-26 10:15:33,141 [WARN] DbFile:41 - Overriding database path with different value: C:\Users\LeeJooho\.stmcufinder\plugins\mcufinder/ => C:\Users\LeeJooho\.stmcufinder\plugins\mcufinder
2024-03-26 10:15:33,142 [INFO] ApiDb:250 - Set database path to: C:\Users\LeeJooho\.stmcufinder\plugins\mcufinder//mcu/
2024-03-26 10:15:33,142 [WARN] DbFile:41 - Overriding database path with different value: C:\Users\LeeJooho\.stmcufinder\plugins\mcufinder/ => C:\Users\LeeJooho\.stmcufinder\plugins\mcufinder
2024-03-26 10:15:33,142 [INFO] DbMcusAds:125 - Set database path to: C:\Users\LeeJooho\.stmcufinder\plugins\mcufinder//mcu/
2024-03-26 10:15:33,142 [WARN] DbFile:41 - Overriding database path with different value: C:\Users\LeeJooho\.stmcufinder\plugins\mcufinder/ => C:\Users\LeeJooho\.stmcufinder\plugins\mcufinder
2024-03-26 10:15:33,143 [WARN] DbFile:41 - Overriding database path with different value: C:\Users\LeeJooho\.stmcufinder\plugins\mcufinder/ => C:\Users\LeeJooho\.stmcufinder\plugins\mcufinder
2024-03-26 10:15:33,143 [INFO] CrossReferenceDbSqlite:203 - Set database path to: C:\Users\LeeJooho\.stmcufinder\plugins\mcufinder//mcu/cs/
2024-03-26 10:15:33,183 [INFO] ApplicationProperties:184 - Using Application install path: C:\ST\STM32CubeIDE_1.13.2\STM32CubeIDE\plugins\com.st.stm32cube.common.mx_6.9.2.202309101412
2024-03-26 10:15:33,185 [INFO] PluginManage:196 - Search for loadable plugins [exclusion list=, ]
2024-03-26 10:15:33,187 [INFO] PluginManage:310 - Check plugin analytics
2024-03-26 10:15:33,443 [INFO] AnalyticsPlugin:253 - Accepted Software Licenses: 
2024-03-26 10:15:33,443 [INFO] AnalyticsPlugin:255 - Accepted CMSIS Pack Licenses: 
2024-03-26 10:15:33,443 [INFO] AnalyticsPlugin:257 - Accepted Firmware Licenses: 
2024-03-26 10:15:33,449 [INFO] PluginManage:359 - Loaded plugin analytics (category:tool,tabindex:-1)
2024-03-26 10:15:33,450 [INFO] PluginManage:310 - Check plugin cadmodel
2024-03-26 10:15:33,469 [INFO] CADModel:105 - Init CAD model plugin
2024-03-26 10:15:33,469 [INFO] PluginManage:359 - Loaded plugin cadmodel (category:power,tabindex:5)
2024-03-26 10:15:33,469 [INFO] PluginManage:310 - Check plugin clock
2024-03-26 10:15:33,497 [INFO] PluginManage:359 - Loaded plugin clock (category:base,tabindex:2)
2024-03-26 10:15:33,497 [INFO] PluginManage:310 - Check plugin ddr
2024-03-26 10:15:33,502 [INFO] PluginManage:359 - Loaded plugin ddr (category:tool,tabindex:6)
2024-03-26 10:15:33,502 [INFO] PluginManage:310 - Check plugin filemanager
2024-03-26 10:15:33,841 [INFO] PluginManage:359 - Loaded plugin filemanager (category:base,tabindex:10)
2024-03-26 10:15:33,841 [INFO] PluginManage:310 - Check plugin ipmanager
2024-03-26 10:15:33,860 [INFO] PluginManage:359 - Loaded plugin ipmanager (category:base,tabindex:5)
2024-03-26 10:15:33,860 [INFO] PluginManage:310 - Check plugin lpbam
2024-03-26 10:15:33,895 [INFO] PluginManage:359 - Loaded plugin lpbam (category:base,tabindex:0)
2024-03-26 10:15:33,895 [INFO] PluginManage:310 - Check plugin memorymap
2024-03-26 10:15:33,941 [INFO] PluginManage:359 - Loaded plugin memorymap (category:base,tabindex:4)
2024-03-26 10:15:33,943 [INFO] PluginManage:310 - Check plugin pinoutandconfiguration
2024-03-26 10:15:33,969 [INFO] PluginManage:359 - Loaded plugin pinoutandconfiguration (category:base,tabindex:1)
2024-03-26 10:15:33,970 [INFO] PluginManage:310 - Check plugin pinoutconfig
2024-03-26 10:15:34,113 [WARN] SupportedApi:132 - Cannot load RTOS API schema: s4s-elt-must-match.1: The content of 'definitions' must match (annotation?, (simpleType | complexType)?, (unique | key | keyref)*)). A problem was found starting at: attribute.
2024-03-26 10:15:34,389 [INFO] PluginManage:359 - Loaded plugin pinoutconfig (category:base,tabindex:0)
2024-03-26 10:15:34,389 [INFO] PluginManage:310 - Check plugin power
2024-03-26 10:15:34,424 [INFO] PluginManage:359 - Loaded plugin power (category:power,tabindex:4)
2024-03-26 10:15:34,425 [INFO] PluginManage:310 - Check plugin projectmanager
2024-03-26 10:15:34,468 [INFO] PluginManage:359 - Loaded plugin projectmanager (category:projectmanager,tabindex:3)
2024-03-26 10:15:34,468 [INFO] PluginManage:310 - Check plugin thirdparty
2024-03-26 10:15:35,065 [WARN] IntegrityCheckThread:84 - waiting for thirdparty lock release [integrity check]
2024-03-26 10:15:35,065 [INFO] PluginManage:359 - Loaded plugin thirdparty (category:base,tabindex:-1)
2024-03-26 10:15:35,065 [INFO] IntegrityCheckThread:86 - entering critical section [integrity check]
2024-03-26 10:15:35,066 [INFO] PluginManage:310 - Check plugin tools
2024-03-26 10:15:35,066 [INFO] ThirdPartyUpdaterWithRetryManager:70 - Updater plugin not ready yet. [1/15]
2024-03-26 10:15:35,152 [INFO] PluginManage:359 - Loaded plugin tools (category:base,tabindex:7)
2024-03-26 10:15:35,152 [INFO] PluginManage:310 - Check plugin tutovideos
2024-03-26 10:15:35,815 [INFO] PluginManage:359 - Loaded plugin tutovideos (category:base,tabindex:-1)
2024-03-26 10:15:35,815 [INFO] PluginManage:310 - Check plugin updater
2024-03-26 10:15:35,843 [INFO] PluginManage:359 - Loaded plugin updater (category:base,tabindex:12)
2024-03-26 10:15:35,844 [INFO] PluginManage:310 - Check plugin userauth
2024-03-26 10:15:35,857 [INFO] UserAuth:113 - Init User Auth plugin
2024-03-26 10:15:35,857 [INFO] PluginManage:359 - Loaded plugin userauth (category:base,tabindex:14)
2024-03-26 10:15:35,858 [INFO] PluginManage:283 - PluginManage : Loaded plugins [17]
2024-03-26 10:15:36,408 [INFO] PinOutPanel:1499 - setPackage(No Configuration,No Configuration)
2024-03-26 10:15:36,664 [INFO] CADModel:165 - CPN selected for project level
2024-03-26 10:15:36,665 [INFO] CADModel:114 - Register for checkConnection events
2024-03-26 10:15:36,743 [INFO] IPUIPlugin:80 - create IPUIPlugin
2024-03-26 10:15:36,744 [INFO] PluginManager:220 - loadIPPluginJar : add adc
2024-03-26 10:15:36,838 [INFO] IPUIPlugin:80 - create IPUIPlugin
2024-03-26 10:15:36,838 [INFO] PluginManager:220 - loadIPPluginJar : add aes
2024-03-26 10:15:36,929 [INFO] IPUIPlugin:80 - create IPUIPlugin
2024-03-26 10:15:36,929 [INFO] PluginManager:220 - loadIPPluginJar : add can
2024-03-26 10:15:36,975 [INFO] IPUIPlugin:80 - create IPUIPlugin
2024-03-26 10:15:36,975 [INFO] PluginManager:220 - loadIPPluginJar : add comp
2024-03-26 10:15:37,055 [INFO] IPUIPlugin:80 - create IPUIPlugin
2024-03-26 10:15:37,055 [INFO] PluginManager:220 - loadIPPluginJar : add cryp
2024-03-26 10:15:37,127 [INFO] IPUIPlugin:80 - create IPUIPlugin
2024-03-26 10:15:37,127 [INFO] PluginManager:220 - loadIPPluginJar : add dfsdm
2024-03-26 10:15:37,167 [INFO] IPUIPlugin:80 - create IPUIPlugin
2024-03-26 10:15:37,168 [INFO] PluginManager:220 - loadIPPluginJar : add dma
2024-03-26 10:15:37,276 [INFO] IPUIPlugin:80 - create IPUIPlugin
2024-03-26 10:15:37,276 [INFO] PluginManager:220 - loadIPPluginJar : add dma3
2024-03-26 10:15:37,314 [INFO] IPUIPlugin:80 - create IPUIPlugin
2024-03-26 10:15:37,314 [INFO] PluginManager:220 - loadIPPluginJar : add fatfs
2024-03-26 10:15:37,451 [INFO] IPUIPlugin:80 - create IPUIPlugin
2024-03-26 10:15:37,451 [INFO] PluginManager:220 - loadIPPluginJar : add fmc
2024-03-26 10:15:37,493 [INFO] IPUIPlugin:80 - create IPUIPlugin
2024-03-26 10:15:37,493 [INFO] PluginManager:220 - loadIPPluginJar : add freertos
2024-03-26 10:15:37,542 [INFO] IPUIPlugin:80 - create IPUIPlugin
2024-03-26 10:15:37,543 [INFO] PluginManager:220 - loadIPPluginJar : add genericplugin
2024-03-26 10:15:37,744 [INFO] IPUIPlugin:80 - create IPUIPlugin
2024-03-26 10:15:37,744 [INFO] PluginManager:220 - loadIPPluginJar : add gfxmmu
2024-03-26 10:15:37,953 [INFO] IPUIPlugin:80 - create IPUIPlugin
2024-03-26 10:15:37,953 [INFO] PluginManager:220 - loadIPPluginJar : add gic
2024-03-26 10:15:37,975 [INFO] IPUIPlugin:80 - create IPUIPlugin
2024-03-26 10:15:37,976 [INFO] PluginManager:220 - loadIPPluginJar : add gpio
2024-03-26 10:15:38,068 [INFO] ThirdPartyUpdaterWithRetryManager:70 - Updater plugin not ready yet. [2/15]
2024-03-26 10:15:38,100 [INFO] IPUIPlugin:80 - create IPUIPlugin
2024-03-26 10:15:38,101 [INFO] PluginManager:220 - loadIPPluginJar : add gtzc
2024-03-26 10:15:38,140 [INFO] IPUIPlugin:80 - create IPUIPlugin
2024-03-26 10:15:38,142 [INFO] PluginManager:220 - loadIPPluginJar : add hash
2024-03-26 10:15:38,194 [INFO] IPUIPlugin:80 - create IPUIPlugin
2024-03-26 10:15:38,195 [INFO] PluginManager:220 - loadIPPluginJar : add i2c
2024-03-26 10:15:38,233 [INFO] IPUIPlugin:80 - create IPUIPlugin
2024-03-26 10:15:38,233 [INFO] PluginManager:220 - loadIPPluginJar : add i2s
2024-03-26 10:15:38,272 [INFO] IPUIPlugin:80 - create IPUIPlugin
2024-03-26 10:15:38,273 [INFO] PluginManager:220 - loadIPPluginJar : add i3c
2024-03-26 10:15:38,388 [INFO] IPUIPlugin:80 - create IPUIPlugin
2024-03-26 10:15:38,388 [INFO] PluginManager:220 - loadIPPluginJar : add ipddr
2024-03-26 10:15:38,475 [INFO] IPUIPlugin:80 - create IPUIPlugin
2024-03-26 10:15:38,475 [INFO] PluginManager:220 - loadIPPluginJar : add linkedlist
2024-03-26 10:15:38,507 [INFO] IPUIPlugin:80 - create IPUIPlugin
2024-03-26 10:15:38,507 [INFO] PluginManager:220 - loadIPPluginJar : add lorawan
2024-03-26 10:15:38,541 [INFO] IPUIPlugin:80 - create IPUIPlugin
2024-03-26 10:15:38,541 [INFO] PluginManager:220 - loadIPPluginJar : add ltdc
2024-03-26 10:15:38,556 [INFO] IPUIPlugin:80 - create IPUIPlugin
2024-03-26 10:15:38,556 [INFO] PluginManager:220 - loadIPPluginJar : add mdma
2024-03-26 10:15:38,568 [INFO] IPUIPlugin:80 - create IPUIPlugin
2024-03-26 10:15:38,568 [INFO] PluginManager:220 - loadIPPluginJar : add nvic
2024-03-26 10:15:38,603 [INFO] IPUIPlugin:80 - create IPUIPlugin
2024-03-26 10:15:38,603 [INFO] PluginManager:220 - loadIPPluginJar : add opamp
2024-03-26 10:15:38,659 [INFO] IPUIPlugin:80 - create IPUIPlugin
2024-03-26 10:15:38,659 [INFO] PluginManager:220 - loadIPPluginJar : add openamp
2024-03-26 10:15:38,698 [INFO] IPUIPlugin:80 - create IPUIPlugin
2024-03-26 10:15:38,698 [INFO] PluginManager:220 - loadIPPluginJar : add pdm2pcm
2024-03-26 10:15:38,714 [INFO] IPUIPlugin:80 - create IPUIPlugin
2024-03-26 10:15:38,716 [INFO] PluginManager:220 - loadIPPluginJar : add plateformsettings
2024-03-26 10:15:38,737 [INFO] IPUIPlugin:80 - create IPUIPlugin
2024-03-26 10:15:38,737 [INFO] PluginManager:220 - loadIPPluginJar : add quadspi
2024-03-26 10:15:38,751 [INFO] IPUIPlugin:80 - create IPUIPlugin
2024-03-26 10:15:38,752 [INFO] PluginManager:220 - loadIPPluginJar : add resmgrutility
2024-03-26 10:15:38,805 [INFO] IPUIPlugin:80 - create IPUIPlugin
2024-03-26 10:15:38,805 [INFO] PluginManager:220 - loadIPPluginJar : add sai
2024-03-26 10:15:38,840 [INFO] IPUIPlugin:80 - create IPUIPlugin
2024-03-26 10:15:38,840 [INFO] PluginManager:220 - loadIPPluginJar : add spi
2024-03-26 10:15:38,893 [INFO] IPUIPlugin:80 - create IPUIPlugin
2024-03-26 10:15:38,893 [INFO] PluginManager:220 - loadIPPluginJar : add stm32_wpan
2024-03-26 10:15:38,914 [INFO] IPUIPlugin:80 - create IPUIPlugin
2024-03-26 10:15:38,915 [INFO] PluginManager:220 - loadIPPluginJar : add tim
2024-03-26 10:15:38,965 [INFO] IPUIPlugin:80 - create IPUIPlugin
2024-03-26 10:15:38,966 [INFO] PluginManager:220 - loadIPPluginJar : add touchsensing
2024-03-26 10:15:38,986 [INFO] IPUIPlugin:80 - create IPUIPlugin
2024-03-26 10:15:38,986 [INFO] PluginManager:220 - loadIPPluginJar : add tracer_emb
2024-03-26 10:15:39,008 [INFO] IPUIPlugin:80 - create IPUIPlugin
2024-03-26 10:15:39,008 [INFO] PluginManager:220 - loadIPPluginJar : add ts
2024-03-26 10:15:39,028 [INFO] IPUIPlugin:80 - create IPUIPlugin
2024-03-26 10:15:39,029 [INFO] PluginManager:220 - loadIPPluginJar : add tsc
2024-03-26 10:15:39,049 [INFO] IPUIPlugin:80 - create IPUIPlugin
2024-03-26 10:15:39,049 [INFO] PluginManager:220 - loadIPPluginJar : add ucpd
2024-03-26 10:15:39,090 [INFO] IPUIPlugin:80 - create IPUIPlugin
2024-03-26 10:15:39,090 [INFO] PluginManager:220 - loadIPPluginJar : add usart
2024-03-26 10:15:39,130 [INFO] IPUIPlugin:80 - create IPUIPlugin
2024-03-26 10:15:39,130 [INFO] PluginManager:220 - loadIPPluginJar : add usbx
2024-03-26 10:15:39,259 [INFO] CADModel:165 - CPN selected for project level
2024-03-26 10:15:39,260 [INFO] CADModel:114 - Register for checkConnection events
2024-03-26 10:15:39,260 [FATAL] Updater:308 - Updater called before beeing initialized
2024-03-26 10:15:39,261 [ERROR] CADModel:125 - Updater not yet initialized, retry later 
2024-03-26 10:15:39,469 [INFO] CADModel:165 - CPN selected for project level
2024-03-26 10:15:39,469 [INFO] CADModel:114 - Register for checkConnection events
2024-03-26 10:15:39,469 [FATAL] Updater:308 - Updater called before beeing initialized
2024-03-26 10:15:39,469 [ERROR] CADModel:125 - Updater not yet initialized, retry later 
2024-03-26 10:15:39,474 [FATAL] Updater:308 - Updater called before beeing initialized
2024-03-26 10:15:39,591 [FATAL] Updater:308 - Updater called before beeing initialized
2024-03-26 10:15:39,608 [INFO] DbMcusAds:53 - JSON generation date=Wed Nov 29 19:52:27 KST 2023 (1701255147349)
2024-03-26 10:15:39,608 [FATAL] Updater:308 - Updater called before beeing initialized
2024-03-26 10:15:39,704 [WARN] DetailPanel:346 - Failed to get advertising image, set to default
2024-03-26 10:15:39,814 [FATAL] Updater:308 - Updater called before beeing initialized
2024-03-26 10:15:39,817 [FATAL] Updater:308 - Updater called before beeing initialized
2024-03-26 10:15:39,817 [FATAL] Updater:308 - Updater called before beeing initialized
2024-03-26 10:15:39,817 [WARN] DetailPanel:346 - Failed to get advertising image, set to default
2024-03-26 10:15:39,818 [FATAL] Updater:308 - Updater called before beeing initialized
2024-03-26 10:15:39,877 [ERROR] Updater:1120 - MainUpdater not yet initialized. External WinMGr cannot be set.
2024-03-26 10:15:39,888 [INFO] Updater:1056 - Updater Version found : 6.9.2
2024-03-26 10:15:39,906 [INFO] ApplicationProperties:184 - Using Application install path: C:\ST\STM32CubeIDE_1.13.2\STM32CubeIDE\plugins\com.st.stm32cube.common.mx_6.9.2.202309101412
2024-03-26 10:15:40,244 [INFO] MainUpdater:2868 - connection check result : 10
2024-03-26 10:15:40,245 [INFO] MainUpdater:3562 - Updater definition file requires update
2024-03-26 10:15:40,248 [INFO] MainUpdater:285 - Updater Check For Update Now.
2024-03-26 10:15:40,248 [INFO] MicroXplorer:498 - Change Database Version : DB.6.0.92
2024-03-26 10:15:40,278 [INFO] McuFinderGlobals:63 - Set McuFinder mode to 2 (CubeIDE integrated)
2024-03-26 10:15:40,278 [INFO] UserAuth:179 - activating auth plugin
2024-03-26 10:15:40,282 [INFO] UserAuth:393 - Internet connection configuration mode: 1
2024-03-26 10:15:40,325 [INFO] JxBrowserEngine:151 - Initiate JxBrowser Engine with user profile folder
2024-03-26 10:15:40,369 [INFO] ServerAccessManage:473 - Download File updaters.zip
2024-03-26 10:15:41,070 [WARN] MainUpdater:1189 - Updater busy. Cannot search thirdparties
2024-03-26 10:15:41,070 [INFO] ThirdPartyUpdaterWithRetryManager:96 - Updater plugin is busy. [1/15]
2024-03-26 10:15:43,339 [INFO] WebApp:157 - Instantiating new browser for Auth
2024-03-26 10:15:44,071 [WARN] MainUpdater:1189 - Updater busy. Cannot search thirdparties
2024-03-26 10:15:44,071 [INFO] ThirdPartyUpdaterWithRetryManager:96 - Updater plugin is busy. [2/15]
2024-03-26 10:15:44,181 [INFO] WebApp:753 - Register for checkConnection events
2024-03-26 10:15:44,181 [INFO] WebApp:390 - Apply proxy settings
2024-03-26 10:15:44,181 [INFO] WebApp:475 - Chromium requires no authentication
2024-03-26 10:15:44,198 [INFO] WebApp:418 - Direct internet connection detected
2024-03-26 10:15:44,458 [INFO] WebApp:188 - Starting web application
2024-03-26 10:15:44,458 [INFO] WebApp:520 - Web application path used C:\ST\STM32CubeIDE_1.13.2\STM32CubeIDE\plugins\com.st.stm32cube.common.mx_6.9.2.202309101412\db\plugins\mcufinder\reactClient1\index.html
2024-03-26 10:15:47,072 [WARN] MainUpdater:1189 - Updater busy. Cannot search thirdparties
2024-03-26 10:15:47,072 [INFO] ThirdPartyUpdaterWithRetryManager:96 - Updater plugin is busy. [3/15]
2024-03-26 10:15:47,179 [INFO] FileExtend:240 - Unzip File : updaters.zip
2024-03-26 10:15:47,179 [INFO] FileExtend:255 - Standard Zip Deflate
2024-03-26 10:15:48,926 [INFO] ServerAccessManage:473 - Download File PacksControlFlags.xml
2024-03-26 10:15:50,074 [WARN] MainUpdater:1189 - Updater busy. Cannot search thirdparties
2024-03-26 10:15:50,074 [INFO] ThirdPartyUpdaterWithRetryManager:96 - Updater plugin is busy. [4/15]
2024-03-26 10:15:52,535 [INFO] ServerAccessManage:473 - Download File cubemx.pidx
2024-03-26 10:15:53,076 [WARN] MainUpdater:1189 - Updater busy. Cannot search thirdparties
2024-03-26 10:15:53,076 [INFO] ThirdPartyUpdaterWithRetryManager:96 - Updater plugin is busy. [5/15]
2024-03-26 10:15:55,707 [INFO] ServerAccessManage:473 - Download File STMicroelectronics.X-CUBE-NFC6.pdsc
2024-03-26 10:15:56,077 [WARN] MainUpdater:1189 - Updater busy. Cannot search thirdparties
2024-03-26 10:15:56,077 [INFO] ThirdPartyUpdaterWithRetryManager:96 - Updater plugin is busy. [6/15]
2024-03-26 10:15:59,078 [WARN] MainUpdater:1189 - Updater busy. Cannot search thirdparties
2024-03-26 10:15:59,078 [INFO] ThirdPartyUpdaterWithRetryManager:96 - Updater plugin is busy. [7/15]
2024-03-26 10:16:01,790 [WARN] PackLoader:240 - Cannot read IP mode file for STMicroelectronics.X-CUBE-NFC6.3.1.0
2024-03-26 10:16:01,798 [INFO] PopulateThirdPartyThread:66 - Ending populate Thread
2024-03-26 10:16:01,800 [INFO] ThirdParty:1030 - CMSIS Pack Vendor :STMicroelectronics X-CUBE-NFC6 3.1.0
2024-03-26 10:16:01,800 [INFO] LoadServerUpdatesThread:373 - End of LoadServerUpdate Thread
2024-03-26 10:16:01,895 [INFO] CheckServerUpdateThread:120 - End of CheckServer Thread
2024-03-26 10:16:02,282 [WARN] PackLoader:240 - Cannot read IP mode file for STMicroelectronics.X-CUBE-SMBUS.2.1.0
2024-03-26 10:16:02,294 [WARN] PackLoader:240 - Cannot read IP mode file for STMicroelectronics.X-CUBE-TOUCHGFX.4.23.0
2024-03-26 10:16:02,337 [WARN] PackLoader:240 - Cannot read IP mode file for STMicroelectronics.X-CUBE-AZRTOS-F7.1.1.0
2024-03-26 10:16:02,361 [WARN] PackLoader:240 - Cannot read IP mode file for STMicroelectronics.FP-SNS-MOTENV1.4.3.2
2024-03-26 10:16:02,373 [WARN] PackLoader:240 - Cannot read IP mode file for STMicroelectronics.FP-SNS-FLIGHT1.5.0.2
2024-03-26 10:16:02,394 [WARN] PackLoader:240 - Cannot read IP mode file for STMicroelectronics.X-CUBE-DISPLAY.3.0.0
2024-03-26 10:16:02,416 [WARN] PackLoader:240 - Cannot read IP mode file for STMicroelectronics.X-CUBE-BLE1.7.0.0
2024-03-26 10:16:02,430 [WARN] PackLoader:240 - Cannot read IP mode file for emotas.I-CUBE-CANOPEN.1.3.0
2024-03-26 10:16:02,441 [WARN] PackLoader:240 - Cannot read IP mode file for STMicroelectronics.X-CUBE-TOUCHGFX.4.22.1
2024-03-26 10:16:02,465 [WARN] PackLoader:240 - Cannot read IP mode file for STMicroelectronics.X-CUBE-BLEMGR.3.1.0
2024-03-26 10:16:02,482 [WARN] PackLoader:240 - Cannot read IP mode file for STMicroelectronics.FP-SNS-SMARTAG2.1.2.0
2024-03-26 10:16:02,504 [INFO] LogOutputStream:77 - [STDOUT_REDIRECT] 1 : Invalid condition id : UX_CORESTACK_Condition cause : null
2024-03-26 10:16:02,504 [INFO] LogOutputStream:77 - [STDOUT_REDIRECT] 1 : Invalid condition id : UX_CORESTACK_Condition cause : null
2024-03-26 10:16:02,505 [INFO] LogOutputStream:77 - [STDOUT_REDIRECT] 1 : Invalid condition id : UX_CORESTACK_Condition cause : null
2024-03-26 10:16:02,506 [INFO] LogOutputStream:77 - [STDOUT_REDIRECT] 1 : Invalid condition id : UX_CORESTACK_Condition cause : null
2024-03-26 10:16:02,508 [INFO] LogOutputStream:77 - [STDOUT_REDIRECT] 1 : Invalid condition id : UX_CORESTACK_Condition cause : null
2024-03-26 10:16:02,512 [WARN] PackLoader:240 - Cannot read IP mode file for STMicroelectronics.X-CUBE-AZRTOS-WL.2.0.0
2024-03-26 10:16:02,526 [WARN] PackLoader:240 - Cannot read IP mode file for WES.I-CUBE-Cesium.1.3.0
2024-03-26 10:16:02,538 [WARN] PackLoader:240 - Cannot read IP mode file for STMicroelectronics.X-CUBE-BLE2.3.3.0
2024-03-26 10:16:02,551 [WARN] PackLoader:240 - Cannot read IP mode file for STMicroelectronics.X-CUBE-ALGOBUILD.1.3.0
2024-03-26 10:16:02,581 [WARN] PackLoader:240 - Cannot read IP mode file for STMicroelectronics.X-CUBE-AZRTOS-G0.1.1.0
2024-03-26 10:16:02,597 [WARN] PackLoader:240 - Cannot read IP mode file for STMicroelectronics.X-CUBE-NFC4.3.0.0
2024-03-26 10:16:02,616 [WARN] PackLoader:240 - Cannot read IP mode file for STMicroelectronics.X-CUBE-BLEMGR.3.0.0
2024-03-26 10:16:02,624 [WARN] PackLoader:240 - Cannot read IP mode file for STMicroelectronics.FP-ATR-SIGFOX1.3.2.0
2024-03-26 10:16:02,639 [WARN] PackLoader:240 - Cannot read IP mode file for STMicroelectronics.X-CUBE-EEPRMA1.5.1.0
2024-03-26 10:16:02,692 [WARN] PackLoader:240 - Cannot read IP mode file for SEGGER.I-CUBE-embOS.1.3.1
2024-03-26 10:16:02,747 [WARN] PackLoader:240 - Cannot read IP mode file for STMicroelectronics.X-CUBE-GNSS1.6.0.0
2024-03-26 10:16:02,777 [WARN] PackLoader:240 - Cannot read IP mode file for STMicroelectronics.X-CUBE-AZRTOS-F4.1.1.0
2024-03-26 10:16:02,791 [WARN] PackLoader:240 - Cannot read IP mode file for wolfSSL.I-CUBE-wolfSSL.5.6.4
2024-03-26 10:16:02,819 [WARN] PackLoader:240 - Cannot read IP mode file for STMicroelectronics.X-CUBE-AZRTOS-L5.2.0.0
2024-03-26 10:16:02,834 [WARN] PackLoader:240 - Cannot read IP mode file for STMicroelectronics.X-CUBE-EEPRMA1.4.2.0
2024-03-26 10:16:02,841 [WARN] PackLoader:240 - Cannot read IP mode file for STMicroelectronics.X-CUBE-NFC6.3.1.0
2024-03-26 10:16:02,855 [WARN] PackLoader:240 - Cannot read IP mode file for ITTIA_DB.I-CUBE-ITTIADB.8.8.0
2024-03-26 10:16:02,883 [WARN] ConditionMgr:438 - getConditionDescription Invalid condition id : UX DEVICE CLASS RTOS Condition cause : null
2024-03-26 10:16:02,883 [WARN] ConditionMgr:438 - getConditionDescription Invalid condition id : UX DEVICE CLASS RTOS Condition cause : null
2024-03-26 10:16:02,886 [WARN] PackLoader:240 - Cannot read IP mode file for STMicroelectronics.X-CUBE-AZRTOS-H7.3.1.0
2024-03-26 10:16:02,887 [WARN] ConditionMgr:1039 - genDependencies : Invalid condition id : UX DEVICE CLASS RTOS Condition cause : null
2024-03-26 10:16:02,887 [WARN] ConditionMgr:1039 - genDependencies : Invalid condition id : UX DEVICE CLASS RTOS Condition cause : null
2024-03-26 10:16:02,888 [WARN] ConditionMgr:1039 - genDependencies : Invalid condition id : UX DEVICE CLASS RTOS Condition cause : null
2024-03-26 10:16:02,888 [WARN] ConditionMgr:1039 - genDependencies : Invalid condition id : UX DEVICE CLASS RTOS Condition cause : null
2024-03-26 10:16:02,888 [WARN] ConditionMgr:1039 - genDependencies : Invalid condition id : UX DEVICE CLASS RTOS Condition cause : null
2024-03-26 10:16:02,902 [WARN] PackLoader:240 - Cannot read IP mode file for STMicroelectronics.X-CUBE-NFC7.1.0.1
2024-03-26 10:16:02,917 [WARN] PackLoader:240 - Cannot read IP mode file for STMicroelectronics.X-CUBE-NFC6.3.0.0
2024-03-26 10:16:02,930 [WARN] PackLoader:240 - Cannot read IP mode file for STMicroelectronics.X-CUBE-AI.8.1.0
2024-03-26 10:16:02,960 [WARN] ConditionMgr:438 - getConditionDescription Invalid condition id : LAN8742 Phy interface Condition cause : null
2024-03-26 10:16:02,960 [WARN] PackLoader:240 - Cannot read IP mode file for STMicroelectronics.X-CUBE-AZRTOS-L4.2.0.0
2024-03-26 10:16:02,961 [WARN] ConditionMgr:1039 - genDependencies : Invalid condition id : LAN8742 Phy interface Condition cause : null
2024-03-26 10:16:02,962 [WARN] ConditionMgr:1039 - genDependencies : Invalid condition id : LAN8742 Phy interface Condition cause : null
2024-03-26 10:16:02,962 [WARN] ConditionMgr:1039 - genDependencies : Invalid condition id : LAN8742 Phy interface Condition cause : null
2024-03-26 10:16:02,976 [WARN] PackLoader:240 - Cannot read IP mode file for STMicroelectronics.X-CUBE-SFXS2LP1.4.0.0
2024-03-26 10:16:02,988 [WARN] PackLoader:240 - Cannot read IP mode file for STMicroelectronics.X-CUBE-ISPU.1.1.0
2024-03-26 10:16:03,012 [WARN] ConditionMgr:438 - getConditionDescription Invalid condition id : UX DEVICE CLASS RTOS Condition cause : null
2024-03-26 10:16:03,012 [WARN] ConditionMgr:438 - getConditionDescription Invalid condition id : UX DEVICE CLASS RTOS Condition cause : null
2024-03-26 10:16:03,014 [WARN] PackLoader:240 - Cannot read IP mode file for STMicroelectronics.X-CUBE-AZRTOS-WB.2.0.0
2024-03-26 10:16:03,014 [WARN] ConditionMgr:1039 - genDependencies : Invalid condition id : UX DEVICE CLASS RTOS Condition cause : null
2024-03-26 10:16:03,015 [WARN] ConditionMgr:1039 - genDependencies : Invalid condition id : UX DEVICE CLASS RTOS Condition cause : null
2024-03-26 10:16:03,015 [WARN] ConditionMgr:1039 - genDependencies : Invalid condition id : UX DEVICE CLASS RTOS Condition cause : null
2024-03-26 10:16:03,015 [WARN] ConditionMgr:1039 - genDependencies : Invalid condition id : UX DEVICE CLASS RTOS Condition cause : null
2024-03-26 10:16:03,015 [WARN] ConditionMgr:1039 - genDependencies : Invalid condition id : UX DEVICE CLASS RTOS Condition cause : null
2024-03-26 10:16:03,034 [WARN] PackLoader:240 - Cannot read IP mode file for STMicroelectronics.X-CUBE-SUBG2.5.0.0
2024-03-26 10:16:03,057 [WARN] PackLoader:240 - Cannot read IP mode file for STMicroelectronics.X-CUBE-TOF1.3.3.1
2024-03-26 10:16:03,095 [WARN] PackLoader:240 - Cannot read IP mode file for STMicroelectronics.X-CUBE-AZRTOS-G4.2.0.0
2024-03-26 10:16:03,119 [WARN] PackLoader:240 - Cannot read IP mode file for Infineon.AIROC-Wi-Fi-Bluetooth-STM32.1.5.1
2024-03-26 10:16:03,134 [WARN] PackLoader:240 - Cannot read IP mode file for STMicroelectronics.FP-SNS-MOTENVWB1.1.3.0
2024-03-26 10:16:03,139 [WARN] PackLoader:240 - Cannot read IP mode file for STMicroelectronics.FP-SNS-MOTENVWB1.1.3.1
2024-03-26 10:16:03,149 [WARN] PackLoader:240 - Cannot read IP mode file for STMicroelectronics.X-CUBE-ISPU.2.0.0
2024-03-26 10:16:03,200 [WARN] PackLoader:240 - Cannot read IP mode file for STMicroelectronics.X-CUBE-MEMS1.10.0.0
2024-03-26 10:16:03,315 [WARN] PackLoader:240 - Cannot read IP mode file for STMicroelectronics.X-CUBE-FREERTOS.1.1.0
2024-03-26 10:16:03,329 [WARN] PackLoader:240 - Cannot read IP mode file for portGmbH.I-Cube-SoM-uGOAL.1.1.0
2024-03-26 10:16:03,341 [WARN] PackLoader:240 - Cannot read IP mode file for STMicroelectronics.X-CUBE-ALS.1.0.1
2024-03-26 10:16:03,346 [WARN] PackLoader:240 - Cannot read IP mode file for STMicroelectronics.FP-ATR-ASTRA1.2.0.0
2024-03-26 10:16:03,366 [WARN] PackLoader:240 - Cannot read IP mode file for STMicroelectronics.X-CUBE-TOF1.3.4.0
2024-03-26 10:16:03,397 [WARN] PackLoader:240 - Cannot read IP mode file for STMicroelectronics.X-CUBE-TOF1.3.4.1
2024-03-26 10:16:03,439 [WARN] PackLoader:240 - Cannot read IP mode file for STMicroelectronics.X-CUBE-AZRTOS-H7.3.2.0
2024-03-26 10:16:03,441 [INFO] ThirdParty:978 - Integrity check success = true
2024-03-26 10:16:03,441 [INFO] IntegrityCheckThread:100 - exiting critical section [integrity check]
2024-03-26 10:16:03,441 [INFO] IntegrityCheckThread:103 - End integrity checks thread
2024-03-26 10:16:05,466 [ERROR] LogOutputStream:75 - [STDERR_REDIRECT] SLF4J: Failed to load class "org.slf4j.impl.StaticLoggerBinder".
2024-03-26 10:16:05,466 [ERROR] LogOutputStream:75 - [STDERR_REDIRECT] SLF4J: Defaulting to no-operation (NOP) logger implementation
2024-03-26 10:16:05,467 [ERROR] LogOutputStream:75 - [STDERR_REDIRECT] SLF4J: See http://www.slf4j.org/codes.html#StaticLoggerBinder for further details.
