2024-03-15 11:40:45,799 [INFO] Activator:176 - 


2024-03-15 11:40:45,807 [INFO] Activator:177 - !SESSION log4j initialized
2024-03-15 11:40:53,286 [INFO] LogOutputStream:77 - [STDOUT_REDIRECT] 
2024-03-15 11:40:58,913 [INFO] ApplicationProperties:184 - Using Application install path: C:\ST\STM32CubeIDE_1.13.2\STM32CubeIDE\plugins\com.st.stm32cube.common.mx_6.9.2.202309101412
2024-03-15 11:40:58,934 [INFO] DbMcusXml:78 - Set database path to: C:\ST\STM32CubeIDE_1.13.2\STM32CubeIDE\plugins\com.st.stm32cube.common.mx_6.9.2.202309101412\\db\/mcu/
2024-03-15 11:40:58,934 [INFO] ApiDb:274 - Set plugin database path to: C:\ST\STM32CubeIDE_1.13.2\STM32CubeIDE\plugins\com.st.stm32cube.common.mx_6.9.2.202309101412\\db\/plugins/boardmanager/
2024-03-15 11:40:58,934 [WARN] ApiDb:259 - Overriding images path with different value:  => C:\ST\STM32CubeIDE_1.13.2\STM32CubeIDE\plugins\com.st.stm32cube.common.mx_6.9.2.202309101412\\db\/plugins/mcufinder/images/
2024-03-15 11:40:58,946 [INFO] ApiDb:250 - Set database path to: C:\Users\LeeJooho\.stmcufinder\plugins\mcufinder//mcu/
2024-03-15 11:40:58,947 [INFO] DbMcusAds:125 - Set database path to: C:\Users\LeeJooho\.stmcufinder\plugins\mcufinder//mcu/
2024-03-15 11:40:58,949 [INFO] CrossReferenceDbSqlite:203 - Set database path to: C:\Users\LeeJooho\.stmcufinder\plugins\mcufinder//mcu/cs/
2024-03-15 11:40:59,068 [INFO] RulesReader:64 - Compatibility file has been processed (293 Rules)
2024-03-15 11:40:59,154 [INFO] DbMcusXml:78 - Set database path to: C:\ST\STM32CubeIDE_1.13.2\STM32CubeIDE\plugins\com.st.stm32cube.common.mx_6.9.2.202309101412\\db\/mcu/
2024-03-15 11:40:59,154 [INFO] ApiDb:274 - Set plugin database path to: C:\ST\STM32CubeIDE_1.13.2\STM32CubeIDE\plugins\com.st.stm32cube.common.mx_6.9.2.202309101412\\db\/plugins/boardmanager/
2024-03-15 11:40:59,154 [INFO] ApiDb:261 - Set plugin images path to: C:\ST\STM32CubeIDE_1.13.2\STM32CubeIDE\plugins\com.st.stm32cube.common.mx_6.9.2.202309101412\\db\/plugins/mcufinder/images/
2024-03-15 11:40:59,154 [WARN] DbFile:41 - Overriding database path with different value: C:\Users\LeeJooho\.stmcufinder\plugins\mcufinder/ => C:\Users\LeeJooho\.stmcufinder\plugins\mcufinder
2024-03-15 11:40:59,154 [INFO] ApiDb:250 - Set database path to: C:\Users\LeeJooho\.stmcufinder\plugins\mcufinder//mcu/
2024-03-15 11:40:59,154 [WARN] DbFile:41 - Overriding database path with different value: C:\Users\LeeJooho\.stmcufinder\plugins\mcufinder/ => C:\Users\LeeJooho\.stmcufinder\plugins\mcufinder
2024-03-15 11:40:59,154 [INFO] DbMcusAds:125 - Set database path to: C:\Users\LeeJooho\.stmcufinder\plugins\mcufinder//mcu/
2024-03-15 11:40:59,154 [WARN] DbFile:41 - Overriding database path with different value: C:\Users\LeeJooho\.stmcufinder\plugins\mcufinder/ => C:\Users\LeeJooho\.stmcufinder\plugins\mcufinder
2024-03-15 11:40:59,155 [WARN] DbFile:41 - Overriding database path with different value: C:\Users\LeeJooho\.stmcufinder\plugins\mcufinder/ => C:\Users\LeeJooho\.stmcufinder\plugins\mcufinder
2024-03-15 11:40:59,155 [INFO] CrossReferenceDbSqlite:203 - Set database path to: C:\Users\LeeJooho\.stmcufinder\plugins\mcufinder//mcu/cs/
2024-03-15 11:40:59,236 [INFO] MainPanel:262 - HeapMemory: 268435456
2024-03-15 11:40:59,339 [INFO] DbMcusXml:78 - Set database path to: C:\ST\STM32CubeIDE_1.13.2\STM32CubeIDE\plugins\com.st.stm32cube.common.mx_6.9.2.202309101412\\db\/mcu/
2024-03-15 11:40:59,339 [INFO] ApiDb:274 - Set plugin database path to: C:\ST\STM32CubeIDE_1.13.2\STM32CubeIDE\plugins\com.st.stm32cube.common.mx_6.9.2.202309101412\\db\/plugins/boardmanager/
2024-03-15 11:40:59,339 [INFO] ApiDb:261 - Set plugin images path to: C:\ST\STM32CubeIDE_1.13.2\STM32CubeIDE\plugins\com.st.stm32cube.common.mx_6.9.2.202309101412\\db\/plugins/mcufinder/images/
2024-03-15 11:40:59,340 [WARN] DbFile:41 - Overriding database path with different value: C:\Users\LeeJooho\.stmcufinder\plugins\mcufinder/ => C:\Users\LeeJooho\.stmcufinder\plugins\mcufinder
2024-03-15 11:40:59,340 [INFO] ApiDb:250 - Set database path to: C:\Users\LeeJooho\.stmcufinder\plugins\mcufinder//mcu/
2024-03-15 11:40:59,340 [WARN] DbFile:41 - Overriding database path with different value: C:\Users\LeeJooho\.stmcufinder\plugins\mcufinder/ => C:\Users\LeeJooho\.stmcufinder\plugins\mcufinder
2024-03-15 11:40:59,340 [INFO] DbMcusAds:125 - Set database path to: C:\Users\LeeJooho\.stmcufinder\plugins\mcufinder//mcu/
2024-03-15 11:40:59,340 [WARN] DbFile:41 - Overriding database path with different value: C:\Users\LeeJooho\.stmcufinder\plugins\mcufinder/ => C:\Users\LeeJooho\.stmcufinder\plugins\mcufinder
2024-03-15 11:40:59,340 [WARN] DbFile:41 - Overriding database path with different value: C:\Users\LeeJooho\.stmcufinder\plugins\mcufinder/ => C:\Users\LeeJooho\.stmcufinder\plugins\mcufinder
2024-03-15 11:40:59,340 [INFO] CrossReferenceDbSqlite:203 - Set database path to: C:\Users\LeeJooho\.stmcufinder\plugins\mcufinder//mcu/cs/
2024-03-15 11:40:59,359 [INFO] ApplicationProperties:184 - Using Application install path: C:\ST\STM32CubeIDE_1.13.2\STM32CubeIDE\plugins\com.st.stm32cube.common.mx_6.9.2.202309101412
2024-03-15 11:40:59,360 [INFO] PluginManage:196 - Search for loadable plugins [exclusion list=, ]
2024-03-15 11:40:59,362 [INFO] PluginManage:310 - Check plugin analytics
2024-03-15 11:40:59,548 [INFO] AnalyticsPlugin:253 - Accepted Software Licenses: 
2024-03-15 11:40:59,548 [INFO] AnalyticsPlugin:255 - Accepted CMSIS Pack Licenses: 
2024-03-15 11:40:59,548 [INFO] AnalyticsPlugin:257 - Accepted Firmware Licenses: 
2024-03-15 11:40:59,552 [INFO] PluginManage:359 - Loaded plugin analytics (category:tool,tabindex:-1)
2024-03-15 11:40:59,552 [INFO] PluginManage:310 - Check plugin cadmodel
2024-03-15 11:40:59,569 [INFO] CADModel:105 - Init CAD model plugin
2024-03-15 11:40:59,569 [INFO] PluginManage:359 - Loaded plugin cadmodel (category:power,tabindex:5)
2024-03-15 11:40:59,569 [INFO] PluginManage:310 - Check plugin clock
2024-03-15 11:40:59,593 [INFO] PluginManage:359 - Loaded plugin clock (category:base,tabindex:2)
2024-03-15 11:40:59,593 [INFO] PluginManage:310 - Check plugin ddr
2024-03-15 11:40:59,596 [INFO] PluginManage:359 - Loaded plugin ddr (category:tool,tabindex:6)
2024-03-15 11:40:59,596 [INFO] PluginManage:310 - Check plugin filemanager
2024-03-15 11:40:59,757 [INFO] PluginManage:359 - Loaded plugin filemanager (category:base,tabindex:10)
2024-03-15 11:40:59,758 [INFO] PluginManage:310 - Check plugin ipmanager
2024-03-15 11:40:59,766 [INFO] PluginManage:359 - Loaded plugin ipmanager (category:base,tabindex:5)
2024-03-15 11:40:59,766 [INFO] PluginManage:310 - Check plugin lpbam
2024-03-15 11:40:59,783 [INFO] PluginManage:359 - Loaded plugin lpbam (category:base,tabindex:0)
2024-03-15 11:40:59,784 [INFO] PluginManage:310 - Check plugin memorymap
2024-03-15 11:40:59,806 [INFO] PluginManage:359 - Loaded plugin memorymap (category:base,tabindex:4)
2024-03-15 11:40:59,807 [INFO] PluginManage:310 - Check plugin pinoutandconfiguration
2024-03-15 11:40:59,826 [INFO] PluginManage:359 - Loaded plugin pinoutandconfiguration (category:base,tabindex:1)
2024-03-15 11:40:59,827 [INFO] PluginManage:310 - Check plugin pinoutconfig
2024-03-15 11:40:59,947 [WARN] SupportedApi:132 - Cannot load RTOS API schema: s4s-elt-must-match.1: The content of 'definitions' must match (annotation?, (simpleType | complexType)?, (unique | key | keyref)*)). A problem was found starting at: attribute.
2024-03-15 11:41:00,159 [INFO] PluginManage:359 - Loaded plugin pinoutconfig (category:base,tabindex:0)
2024-03-15 11:41:00,159 [INFO] PluginManage:310 - Check plugin power
2024-03-15 11:41:00,185 [INFO] PluginManage:359 - Loaded plugin power (category:power,tabindex:4)
2024-03-15 11:41:00,185 [INFO] PluginManage:310 - Check plugin projectmanager
2024-03-15 11:41:00,202 [INFO] PluginManage:359 - Loaded plugin projectmanager (category:projectmanager,tabindex:3)
2024-03-15 11:41:00,202 [INFO] PluginManage:310 - Check plugin thirdparty
2024-03-15 11:41:00,491 [INFO] PluginManage:359 - Loaded plugin thirdparty (category:base,tabindex:-1)
2024-03-15 11:41:00,491 [WARN] IntegrityCheckThread:84 - waiting for thirdparty lock release [integrity check]
2024-03-15 11:41:00,491 [INFO] PluginManage:310 - Check plugin tools
2024-03-15 11:41:00,491 [INFO] IntegrityCheckThread:86 - entering critical section [integrity check]
2024-03-15 11:41:00,492 [INFO] ThirdPartyUpdaterWithRetryManager:70 - Updater plugin not ready yet. [1/15]
2024-03-15 11:41:00,520 [INFO] PluginManage:359 - Loaded plugin tools (category:base,tabindex:7)
2024-03-15 11:41:00,521 [INFO] PluginManage:310 - Check plugin tutovideos
2024-03-15 11:41:00,738 [INFO] PluginManage:359 - Loaded plugin tutovideos (category:base,tabindex:-1)
2024-03-15 11:41:00,739 [INFO] PluginManage:310 - Check plugin updater
2024-03-15 11:41:00,750 [INFO] PluginManage:359 - Loaded plugin updater (category:base,tabindex:12)
2024-03-15 11:41:00,750 [INFO] PluginManage:310 - Check plugin userauth
2024-03-15 11:41:00,755 [INFO] UserAuth:113 - Init User Auth plugin
2024-03-15 11:41:00,755 [INFO] PluginManage:359 - Loaded plugin userauth (category:base,tabindex:14)
2024-03-15 11:41:00,756 [INFO] PluginManage:283 - PluginManage : Loaded plugins [17]
2024-03-15 11:41:00,979 [INFO] PinOutPanel:1499 - setPackage(No Configuration,No Configuration)
2024-03-15 11:41:01,084 [INFO] CADModel:165 - CPN selected for project level
2024-03-15 11:41:01,084 [INFO] CADModel:114 - Register for checkConnection events
2024-03-15 11:41:01,107 [INFO] IPUIPlugin:80 - create IPUIPlugin
2024-03-15 11:41:01,108 [INFO] PluginManager:220 - loadIPPluginJar : add adc
2024-03-15 11:41:01,139 [INFO] IPUIPlugin:80 - create IPUIPlugin
2024-03-15 11:41:01,139 [INFO] PluginManager:220 - loadIPPluginJar : add aes
2024-03-15 11:41:01,180 [INFO] IPUIPlugin:80 - create IPUIPlugin
2024-03-15 11:41:01,180 [INFO] PluginManager:220 - loadIPPluginJar : add can
2024-03-15 11:41:01,200 [INFO] IPUIPlugin:80 - create IPUIPlugin
2024-03-15 11:41:01,200 [INFO] PluginManager:220 - loadIPPluginJar : add comp
2024-03-15 11:41:01,231 [INFO] IPUIPlugin:80 - create IPUIPlugin
2024-03-15 11:41:01,231 [INFO] PluginManager:220 - loadIPPluginJar : add cryp
2024-03-15 11:41:01,256 [INFO] IPUIPlugin:80 - create IPUIPlugin
2024-03-15 11:41:01,256 [INFO] PluginManager:220 - loadIPPluginJar : add dfsdm
2024-03-15 11:41:01,270 [INFO] IPUIPlugin:80 - create IPUIPlugin
2024-03-15 11:41:01,271 [INFO] PluginManager:220 - loadIPPluginJar : add dma
2024-03-15 11:41:01,309 [INFO] IPUIPlugin:80 - create IPUIPlugin
2024-03-15 11:41:01,309 [INFO] PluginManager:220 - loadIPPluginJar : add dma3
2024-03-15 11:41:01,325 [INFO] IPUIPlugin:80 - create IPUIPlugin
2024-03-15 11:41:01,325 [INFO] PluginManager:220 - loadIPPluginJar : add fatfs
2024-03-15 11:41:01,365 [INFO] IPUIPlugin:80 - create IPUIPlugin
2024-03-15 11:41:01,365 [INFO] PluginManager:220 - loadIPPluginJar : add fmc
2024-03-15 11:41:01,378 [INFO] IPUIPlugin:80 - create IPUIPlugin
2024-03-15 11:41:01,379 [INFO] PluginManager:220 - loadIPPluginJar : add freertos
2024-03-15 11:41:01,397 [INFO] IPUIPlugin:80 - create IPUIPlugin
2024-03-15 11:41:01,397 [INFO] PluginManager:220 - loadIPPluginJar : add genericplugin
2024-03-15 11:41:01,483 [INFO] IPUIPlugin:80 - create IPUIPlugin
2024-03-15 11:41:01,483 [INFO] PluginManager:220 - loadIPPluginJar : add gfxmmu
2024-03-15 11:41:01,592 [INFO] IPUIPlugin:80 - create IPUIPlugin
2024-03-15 11:41:01,593 [INFO] PluginManager:220 - loadIPPluginJar : add gic
2024-03-15 11:41:01,605 [INFO] IPUIPlugin:80 - create IPUIPlugin
2024-03-15 11:41:01,605 [INFO] PluginManager:220 - loadIPPluginJar : add gpio
2024-03-15 11:41:01,690 [INFO] IPUIPlugin:80 - create IPUIPlugin
2024-03-15 11:41:01,690 [INFO] PluginManager:220 - loadIPPluginJar : add gtzc
2024-03-15 11:41:01,718 [INFO] IPUIPlugin:80 - create IPUIPlugin
2024-03-15 11:41:01,719 [INFO] PluginManager:220 - loadIPPluginJar : add hash
2024-03-15 11:41:01,770 [INFO] IPUIPlugin:80 - create IPUIPlugin
2024-03-15 11:41:01,770 [INFO] PluginManager:220 - loadIPPluginJar : add i2c
2024-03-15 11:41:01,805 [INFO] IPUIPlugin:80 - create IPUIPlugin
2024-03-15 11:41:01,805 [INFO] PluginManager:220 - loadIPPluginJar : add i2s
2024-03-15 11:41:01,840 [INFO] IPUIPlugin:80 - create IPUIPlugin
2024-03-15 11:41:01,840 [INFO] PluginManager:220 - loadIPPluginJar : add i3c
2024-03-15 11:41:01,931 [INFO] IPUIPlugin:80 - create IPUIPlugin
2024-03-15 11:41:01,931 [INFO] PluginManager:220 - loadIPPluginJar : add ipddr
2024-03-15 11:41:02,012 [INFO] IPUIPlugin:80 - create IPUIPlugin
2024-03-15 11:41:02,012 [INFO] PluginManager:220 - loadIPPluginJar : add linkedlist
2024-03-15 11:41:02,045 [INFO] IPUIPlugin:80 - create IPUIPlugin
2024-03-15 11:41:02,045 [INFO] PluginManager:220 - loadIPPluginJar : add lorawan
2024-03-15 11:41:02,078 [INFO] IPUIPlugin:80 - create IPUIPlugin
2024-03-15 11:41:02,079 [INFO] PluginManager:220 - loadIPPluginJar : add ltdc
2024-03-15 11:41:02,091 [INFO] IPUIPlugin:80 - create IPUIPlugin
2024-03-15 11:41:02,091 [INFO] PluginManager:220 - loadIPPluginJar : add mdma
2024-03-15 11:41:02,102 [INFO] IPUIPlugin:80 - create IPUIPlugin
2024-03-15 11:41:02,102 [INFO] PluginManager:220 - loadIPPluginJar : add nvic
2024-03-15 11:41:02,132 [INFO] IPUIPlugin:80 - create IPUIPlugin
2024-03-15 11:41:02,132 [INFO] PluginManager:220 - loadIPPluginJar : add opamp
2024-03-15 11:41:02,181 [INFO] IPUIPlugin:80 - create IPUIPlugin
2024-03-15 11:41:02,182 [INFO] PluginManager:220 - loadIPPluginJar : add openamp
2024-03-15 11:41:02,217 [INFO] IPUIPlugin:80 - create IPUIPlugin
2024-03-15 11:41:02,217 [INFO] PluginManager:220 - loadIPPluginJar : add pdm2pcm
2024-03-15 11:41:02,230 [INFO] IPUIPlugin:80 - create IPUIPlugin
2024-03-15 11:41:02,232 [INFO] PluginManager:220 - loadIPPluginJar : add plateformsettings
2024-03-15 11:41:02,250 [INFO] IPUIPlugin:80 - create IPUIPlugin
2024-03-15 11:41:02,250 [INFO] PluginManager:220 - loadIPPluginJar : add quadspi
2024-03-15 11:41:02,262 [INFO] IPUIPlugin:80 - create IPUIPlugin
2024-03-15 11:41:02,262 [INFO] PluginManager:220 - loadIPPluginJar : add resmgrutility
2024-03-15 11:41:02,305 [INFO] IPUIPlugin:80 - create IPUIPlugin
2024-03-15 11:41:02,305 [INFO] PluginManager:220 - loadIPPluginJar : add sai
2024-03-15 11:41:02,337 [INFO] IPUIPlugin:80 - create IPUIPlugin
2024-03-15 11:41:02,337 [INFO] PluginManager:220 - loadIPPluginJar : add spi
2024-03-15 11:41:02,388 [INFO] IPUIPlugin:80 - create IPUIPlugin
2024-03-15 11:41:02,388 [INFO] PluginManager:220 - loadIPPluginJar : add stm32_wpan
2024-03-15 11:41:02,407 [INFO] IPUIPlugin:80 - create IPUIPlugin
2024-03-15 11:41:02,407 [INFO] PluginManager:220 - loadIPPluginJar : add tim
2024-03-15 11:41:02,454 [INFO] IPUIPlugin:80 - create IPUIPlugin
2024-03-15 11:41:02,454 [INFO] PluginManager:220 - loadIPPluginJar : add touchsensing
2024-03-15 11:41:02,472 [INFO] IPUIPlugin:80 - create IPUIPlugin
2024-03-15 11:41:02,472 [INFO] PluginManager:220 - loadIPPluginJar : add tracer_emb
2024-03-15 11:41:02,493 [INFO] IPUIPlugin:80 - create IPUIPlugin
2024-03-15 11:41:02,493 [INFO] PluginManager:220 - loadIPPluginJar : add ts
2024-03-15 11:41:02,511 [INFO] IPUIPlugin:80 - create IPUIPlugin
2024-03-15 11:41:02,511 [INFO] PluginManager:220 - loadIPPluginJar : add tsc
2024-03-15 11:41:02,530 [INFO] IPUIPlugin:80 - create IPUIPlugin
2024-03-15 11:41:02,530 [INFO] PluginManager:220 - loadIPPluginJar : add ucpd
2024-03-15 11:41:02,570 [INFO] IPUIPlugin:80 - create IPUIPlugin
2024-03-15 11:41:02,570 [INFO] PluginManager:220 - loadIPPluginJar : add usart
2024-03-15 11:41:02,609 [INFO] IPUIPlugin:80 - create IPUIPlugin
2024-03-15 11:41:02,609 [INFO] PluginManager:220 - loadIPPluginJar : add usbx
2024-03-15 11:41:02,734 [INFO] CADModel:165 - CPN selected for project level
2024-03-15 11:41:02,735 [INFO] CADModel:114 - Register for checkConnection events
2024-03-15 11:41:02,735 [FATAL] Updater:308 - Updater called before beeing initialized
2024-03-15 11:41:02,735 [ERROR] CADModel:125 - Updater not yet initialized, retry later 
2024-03-15 11:41:02,930 [INFO] CADModel:165 - CPN selected for project level
2024-03-15 11:41:02,930 [INFO] CADModel:114 - Register for checkConnection events
2024-03-15 11:41:02,930 [FATAL] Updater:308 - Updater called before beeing initialized
2024-03-15 11:41:02,930 [ERROR] CADModel:125 - Updater not yet initialized, retry later 
2024-03-15 11:41:02,933 [FATAL] Updater:308 - Updater called before beeing initialized
2024-03-15 11:41:03,098 [FATAL] Updater:308 - Updater called before beeing initialized
2024-03-15 11:41:03,109 [INFO] DbMcusAds:53 - JSON generation date=Wed Nov 29 19:52:27 KST 2023 (1701255147349)
2024-03-15 11:41:03,109 [FATAL] Updater:308 - Updater called before beeing initialized
2024-03-15 11:41:03,185 [WARN] DetailPanel:346 - Failed to get advertising image, set to default
2024-03-15 11:41:03,279 [FATAL] Updater:308 - Updater called before beeing initialized
2024-03-15 11:41:03,281 [FATAL] Updater:308 - Updater called before beeing initialized
2024-03-15 11:41:03,281 [FATAL] Updater:308 - Updater called before beeing initialized
2024-03-15 11:41:03,281 [WARN] DetailPanel:346 - Failed to get advertising image, set to default
2024-03-15 11:41:03,282 [FATAL] Updater:308 - Updater called before beeing initialized
2024-03-15 11:41:03,343 [ERROR] Updater:1120 - MainUpdater not yet initialized. External WinMGr cannot be set.
2024-03-15 11:41:03,354 [INFO] Updater:1056 - Updater Version found : 6.9.2
2024-03-15 11:41:03,370 [INFO] ApplicationProperties:184 - Using Application install path: C:\ST\STM32CubeIDE_1.13.2\STM32CubeIDE\plugins\com.st.stm32cube.common.mx_6.9.2.202309101412
2024-03-15 11:41:03,494 [INFO] ThirdPartyUpdaterWithRetryManager:70 - Updater plugin not ready yet. [2/15]
2024-03-15 11:41:03,638 [INFO] MainUpdater:2868 - connection check result : 10
2024-03-15 11:41:03,638 [INFO] MainUpdater:3562 - Updater definition file requires update
2024-03-15 11:41:03,639 [INFO] MainUpdater:285 - Updater Check For Update Now.
2024-03-15 11:41:03,639 [INFO] MicroXplorer:498 - Change Database Version : DB.6.0.92
2024-03-15 11:41:03,655 [INFO] McuFinderGlobals:63 - Set McuFinder mode to 2 (CubeIDE integrated)
2024-03-15 11:41:03,655 [INFO] UserAuth:179 - activating auth plugin
2024-03-15 11:41:03,658 [INFO] UserAuth:393 - Internet connection configuration mode: 1
2024-03-15 11:41:03,683 [INFO] JxBrowserEngine:151 - Initiate JxBrowser Engine with user profile folder
2024-03-15 11:41:03,708 [INFO] ServerAccessManage:473 - Download File updaters.zip
2024-03-15 11:41:03,830 [INFO] FileExtend:240 - Unzip File : updaters.zip
2024-03-15 11:41:03,830 [INFO] FileExtend:255 - Standard Zip Deflate
2024-03-15 11:41:04,421 [INFO] ServerAccessManage:473 - Download File PacksControlFlags.xml
2024-03-15 11:41:04,623 [INFO] ServerAccessManage:473 - Download File cubemx.pidx
2024-03-15 11:41:04,869 [INFO] LoadServerUpdatesThread:373 - End of LoadServerUpdate Thread
2024-03-15 11:41:05,138 [INFO] CheckServerUpdateThread:120 - End of CheckServer Thread
2024-03-15 11:41:06,761 [WARN] PackLoader:240 - Cannot read IP mode file for STMicroelectronics.X-CUBE-SMBUS.2.1.0
2024-03-15 11:41:06,788 [WARN] PackLoader:240 - Cannot read IP mode file for STMicroelectronics.X-CUBE-TOUCHGFX.4.23.0
2024-03-15 11:41:06,873 [WARN] PackLoader:240 - Cannot read IP mode file for STMicroelectronics.X-CUBE-AZRTOS-F7.1.1.0
2024-03-15 11:41:06,910 [WARN] PackLoader:240 - Cannot read IP mode file for STMicroelectronics.FP-SNS-MOTENV1.4.3.2
2024-03-15 11:41:06,938 [WARN] PackLoader:240 - Cannot read IP mode file for STMicroelectronics.FP-SNS-FLIGHT1.5.0.2
2024-03-15 11:41:06,965 [WARN] PackLoader:240 - Cannot read IP mode file for STMicroelectronics.X-CUBE-DISPLAY.3.0.0
2024-03-15 11:41:06,999 [WARN] PackLoader:240 - Cannot read IP mode file for STMicroelectronics.X-CUBE-BLE1.7.0.0
2024-03-15 11:41:07,022 [WARN] PackLoader:240 - Cannot read IP mode file for emotas.I-CUBE-CANOPEN.1.3.0
2024-03-15 11:41:07,037 [WARN] PackLoader:240 - Cannot read IP mode file for STMicroelectronics.X-CUBE-TOUCHGFX.4.22.1
2024-03-15 11:41:07,068 [WARN] PackLoader:240 - Cannot read IP mode file for STMicroelectronics.X-CUBE-BLEMGR.3.1.0
2024-03-15 11:41:07,090 [WARN] PackLoader:240 - Cannot read IP mode file for STMicroelectronics.FP-SNS-SMARTAG2.1.2.0
2024-03-15 11:41:07,120 [INFO] LogOutputStream:77 - [STDOUT_REDIRECT] 1 : Invalid condition id : UX_CORESTACK_Condition cause : null
2024-03-15 11:41:07,121 [INFO] LogOutputStream:77 - [STDOUT_REDIRECT] 1 : Invalid condition id : UX_CORESTACK_Condition cause : null
2024-03-15 11:41:07,123 [INFO] LogOutputStream:77 - [STDOUT_REDIRECT] 1 : Invalid condition id : UX_CORESTACK_Condition cause : null
2024-03-15 11:41:07,125 [INFO] LogOutputStream:77 - [STDOUT_REDIRECT] 1 : Invalid condition id : UX_CORESTACK_Condition cause : null
2024-03-15 11:41:07,127 [INFO] LogOutputStream:77 - [STDOUT_REDIRECT] 1 : Invalid condition id : UX_CORESTACK_Condition cause : null
2024-03-15 11:41:07,130 [WARN] PackLoader:240 - Cannot read IP mode file for STMicroelectronics.X-CUBE-AZRTOS-WL.2.0.0
2024-03-15 11:41:07,150 [WARN] PackLoader:240 - Cannot read IP mode file for WES.I-CUBE-Cesium.1.3.0
2024-03-15 11:41:07,162 [INFO] WebApp:157 - Instantiating new browser for Auth
2024-03-15 11:41:07,163 [WARN] PackLoader:240 - Cannot read IP mode file for STMicroelectronics.X-CUBE-BLE2.3.3.0
2024-03-15 11:41:07,182 [WARN] PackLoader:240 - Cannot read IP mode file for STMicroelectronics.X-CUBE-ALGOBUILD.1.3.0
2024-03-15 11:41:07,243 [WARN] PackLoader:240 - Cannot read IP mode file for STMicroelectronics.X-CUBE-AZRTOS-G0.1.1.0
2024-03-15 11:41:07,267 [WARN] PackLoader:240 - Cannot read IP mode file for STMicroelectronics.X-CUBE-NFC4.3.0.0
2024-03-15 11:41:07,295 [WARN] PackLoader:240 - Cannot read IP mode file for STMicroelectronics.X-CUBE-BLEMGR.3.0.0
2024-03-15 11:41:07,318 [WARN] PackLoader:240 - Cannot read IP mode file for STMicroelectronics.FP-ATR-SIGFOX1.3.2.0
2024-03-15 11:41:07,347 [WARN] PackLoader:240 - Cannot read IP mode file for STMicroelectronics.X-CUBE-EEPRMA1.5.1.0
2024-03-15 11:41:07,407 [WARN] PackLoader:240 - Cannot read IP mode file for SEGGER.I-CUBE-embOS.1.3.1
2024-03-15 11:41:07,474 [WARN] PackLoader:240 - Cannot read IP mode file for STMicroelectronics.X-CUBE-GNSS1.6.0.0
2024-03-15 11:41:07,513 [WARN] PackLoader:240 - Cannot read IP mode file for STMicroelectronics.X-CUBE-AZRTOS-F4.1.1.0
2024-03-15 11:41:07,532 [WARN] PackLoader:240 - Cannot read IP mode file for wolfSSL.I-CUBE-wolfSSL.5.6.4
2024-03-15 11:41:07,584 [WARN] PackLoader:240 - Cannot read IP mode file for STMicroelectronics.X-CUBE-AZRTOS-L5.2.0.0
2024-03-15 11:41:07,613 [WARN] PackLoader:240 - Cannot read IP mode file for STMicroelectronics.X-CUBE-EEPRMA1.4.2.0
2024-03-15 11:41:07,637 [WARN] PackLoader:240 - Cannot read IP mode file for ITTIA_DB.I-CUBE-ITTIADB.8.8.0
2024-03-15 11:41:07,685 [WARN] ConditionMgr:438 - getConditionDescription Invalid condition id : UX DEVICE CLASS RTOS Condition cause : null
2024-03-15 11:41:07,685 [WARN] ConditionMgr:438 - getConditionDescription Invalid condition id : UX DEVICE CLASS RTOS Condition cause : null
2024-03-15 11:41:07,691 [WARN] PackLoader:240 - Cannot read IP mode file for STMicroelectronics.X-CUBE-AZRTOS-H7.3.1.0
2024-03-15 11:41:07,692 [WARN] ConditionMgr:1039 - genDependencies : Invalid condition id : UX DEVICE CLASS RTOS Condition cause : null
2024-03-15 11:41:07,693 [WARN] ConditionMgr:1039 - genDependencies : Invalid condition id : UX DEVICE CLASS RTOS Condition cause : null
2024-03-15 11:41:07,694 [WARN] ConditionMgr:1039 - genDependencies : Invalid condition id : UX DEVICE CLASS RTOS Condition cause : null
2024-03-15 11:41:07,695 [WARN] ConditionMgr:1039 - genDependencies : Invalid condition id : UX DEVICE CLASS RTOS Condition cause : null
2024-03-15 11:41:07,695 [WARN] ConditionMgr:1039 - genDependencies : Invalid condition id : UX DEVICE CLASS RTOS Condition cause : null
2024-03-15 11:41:07,714 [WARN] PackLoader:240 - Cannot read IP mode file for STMicroelectronics.X-CUBE-NFC7.1.0.1
2024-03-15 11:41:07,734 [WARN] PackLoader:240 - Cannot read IP mode file for STMicroelectronics.X-CUBE-NFC6.3.0.0
2024-03-15 11:41:07,750 [WARN] PackLoader:240 - Cannot read IP mode file for STMicroelectronics.X-CUBE-AI.8.1.0
2024-03-15 11:41:07,787 [WARN] ConditionMgr:438 - getConditionDescription Invalid condition id : LAN8742 Phy interface Condition cause : null
2024-03-15 11:41:07,788 [WARN] PackLoader:240 - Cannot read IP mode file for STMicroelectronics.X-CUBE-AZRTOS-L4.2.0.0
2024-03-15 11:41:07,790 [WARN] ConditionMgr:1039 - genDependencies : Invalid condition id : LAN8742 Phy interface Condition cause : null
2024-03-15 11:41:07,791 [WARN] ConditionMgr:1039 - genDependencies : Invalid condition id : LAN8742 Phy interface Condition cause : null
2024-03-15 11:41:07,791 [WARN] ConditionMgr:1039 - genDependencies : Invalid condition id : LAN8742 Phy interface Condition cause : null
2024-03-15 11:41:07,814 [WARN] PackLoader:240 - Cannot read IP mode file for STMicroelectronics.X-CUBE-SFXS2LP1.4.0.0
2024-03-15 11:41:07,836 [WARN] PackLoader:240 - Cannot read IP mode file for STMicroelectronics.X-CUBE-ISPU.1.1.0
2024-03-15 11:41:07,883 [WARN] ConditionMgr:438 - getConditionDescription Invalid condition id : UX DEVICE CLASS RTOS Condition cause : null
2024-03-15 11:41:07,883 [WARN] ConditionMgr:438 - getConditionDescription Invalid condition id : UX DEVICE CLASS RTOS Condition cause : null
2024-03-15 11:41:07,886 [WARN] PackLoader:240 - Cannot read IP mode file for STMicroelectronics.X-CUBE-AZRTOS-WB.2.0.0
2024-03-15 11:41:07,887 [WARN] ConditionMgr:1039 - genDependencies : Invalid condition id : UX DEVICE CLASS RTOS Condition cause : null
2024-03-15 11:41:07,887 [WARN] ConditionMgr:1039 - genDependencies : Invalid condition id : UX DEVICE CLASS RTOS Condition cause : null
2024-03-15 11:41:07,888 [WARN] ConditionMgr:1039 - genDependencies : Invalid condition id : UX DEVICE CLASS RTOS Condition cause : null
2024-03-15 11:41:07,888 [WARN] ConditionMgr:1039 - genDependencies : Invalid condition id : UX DEVICE CLASS RTOS Condition cause : null
2024-03-15 11:41:07,888 [WARN] ConditionMgr:1039 - genDependencies : Invalid condition id : UX DEVICE CLASS RTOS Condition cause : null
2024-03-15 11:41:07,923 [WARN] PackLoader:240 - Cannot read IP mode file for STMicroelectronics.X-CUBE-SUBG2.5.0.0
2024-03-15 11:41:07,971 [WARN] PackLoader:240 - Cannot read IP mode file for STMicroelectronics.X-CUBE-TOF1.3.3.1
2024-03-15 11:41:08,015 [WARN] PackLoader:240 - Cannot read IP mode file for STMicroelectronics.X-CUBE-AZRTOS-G4.2.0.0
2024-03-15 11:41:08,045 [WARN] PackLoader:240 - Cannot read IP mode file for Infineon.AIROC-Wi-Fi-Bluetooth-STM32.1.5.1
2024-03-15 11:41:08,062 [WARN] PackLoader:240 - Cannot read IP mode file for STMicroelectronics.FP-SNS-MOTENVWB1.1.3.0
2024-03-15 11:41:08,073 [WARN] PackLoader:240 - Cannot read IP mode file for STMicroelectronics.FP-SNS-MOTENVWB1.1.3.1
2024-03-15 11:41:08,087 [WARN] PackLoader:240 - Cannot read IP mode file for STMicroelectronics.X-CUBE-ISPU.2.0.0
2024-03-15 11:41:08,143 [WARN] PackLoader:240 - Cannot read IP mode file for STMicroelectronics.X-CUBE-MEMS1.10.0.0
2024-03-15 11:41:08,231 [INFO] WebApp:753 - Register for checkConnection events
2024-03-15 11:41:08,231 [INFO] WebApp:390 - Apply proxy settings
2024-03-15 11:41:08,231 [INFO] WebApp:475 - Chromium requires no authentication
2024-03-15 11:41:08,242 [INFO] WebApp:418 - Direct internet connection detected
2024-03-15 11:41:08,292 [WARN] PackLoader:240 - Cannot read IP mode file for STMicroelectronics.X-CUBE-FREERTOS.1.1.0
2024-03-15 11:41:08,306 [WARN] PackLoader:240 - Cannot read IP mode file for portGmbH.I-Cube-SoM-uGOAL.1.1.0
2024-03-15 11:41:08,319 [WARN] PackLoader:240 - Cannot read IP mode file for STMicroelectronics.X-CUBE-ALS.1.0.1
2024-03-15 11:41:08,331 [WARN] PackLoader:240 - Cannot read IP mode file for STMicroelectronics.FP-ATR-ASTRA1.2.0.0
2024-03-15 11:41:08,354 [WARN] PackLoader:240 - Cannot read IP mode file for STMicroelectronics.X-CUBE-TOF1.3.4.0
2024-03-15 11:41:08,385 [WARN] PackLoader:240 - Cannot read IP mode file for STMicroelectronics.X-CUBE-TOF1.3.4.1
2024-03-15 11:41:08,423 [WARN] PackLoader:240 - Cannot read IP mode file for STMicroelectronics.X-CUBE-AZRTOS-H7.3.2.0
2024-03-15 11:41:08,426 [INFO] ThirdParty:978 - Integrity check success = true
2024-03-15 11:41:08,426 [INFO] IntegrityCheckThread:100 - exiting critical section [integrity check]
2024-03-15 11:41:08,427 [INFO] IntegrityCheckThread:103 - End integrity checks thread
2024-03-15 11:41:08,541 [INFO] WebApp:188 - Starting web application
2024-03-15 11:41:08,541 [INFO] WebApp:520 - Web application path used C:\ST\STM32CubeIDE_1.13.2\STM32CubeIDE\plugins\com.st.stm32cube.common.mx_6.9.2.202309101412\db\plugins\mcufinder\reactClient1\index.html
2024-03-15 11:41:29,548 [ERROR] LogOutputStream:75 - [STDERR_REDIRECT] SLF4J: Failed to load class "org.slf4j.impl.StaticLoggerBinder".
2024-03-15 11:41:29,548 [ERROR] LogOutputStream:75 - [STDERR_REDIRECT] SLF4J: Defaulting to no-operation (NOP) logger implementation
2024-03-15 11:41:29,550 [ERROR] LogOutputStream:75 - [STDERR_REDIRECT] SLF4J: See http://www.slf4j.org/codes.html#StaticLoggerBinder for further details.
2024-03-15 17:33:51,316 [INFO] WebApp:330 - JxBrowser engine has been closed 
