2024-03-05 12:01:26,982 [INFO] Activator:176 - 


2024-03-05 12:01:26,989 [INFO] Activator:177 - !SESSION log4j initialized
2024-03-05 12:01:33,968 [INFO] LogOutputStream:77 - [STDOUT_REDIRECT] 
2024-03-05 12:01:38,021 [INFO] ApplicationProperties:184 - Using Application install path: C:\ST\STM32CubeIDE_1.13.2\STM32CubeIDE\plugins\com.st.stm32cube.common.mx_6.9.2.202309101412
2024-03-05 12:01:38,044 [INFO] DbMcusXml:78 - Set database path to: C:\ST\STM32CubeIDE_1.13.2\STM32CubeIDE\plugins\com.st.stm32cube.common.mx_6.9.2.202309101412\\db\/mcu/
2024-03-05 12:01:38,044 [INFO] ApiDb:274 - Set plugin database path to: C:\ST\STM32CubeIDE_1.13.2\STM32CubeIDE\plugins\com.st.stm32cube.common.mx_6.9.2.202309101412\\db\/plugins/boardmanager/
2024-03-05 12:01:38,044 [WARN] ApiDb:259 - Overriding images path with different value:  => C:\ST\STM32CubeIDE_1.13.2\STM32CubeIDE\plugins\com.st.stm32cube.common.mx_6.9.2.202309101412\\db\/plugins/mcufinder/images/
2024-03-05 12:01:38,057 [INFO] ApiDb:250 - Set database path to: C:\Users\LeeJooho\.stmcufinder\plugins\mcufinder//mcu/
2024-03-05 12:01:38,058 [INFO] DbMcusAds:125 - Set database path to: C:\Users\LeeJooho\.stmcufinder\plugins\mcufinder//mcu/
2024-03-05 12:01:38,059 [INFO] CrossReferenceDbSqlite:203 - Set database path to: C:\Users\LeeJooho\.stmcufinder\plugins\mcufinder//mcu/cs/
2024-03-05 12:01:38,200 [INFO] RulesReader:64 - Compatibility file has been processed (293 Rules)
2024-03-05 12:01:38,292 [INFO] DbMcusXml:78 - Set database path to: C:\ST\STM32CubeIDE_1.13.2\STM32CubeIDE\plugins\com.st.stm32cube.common.mx_6.9.2.202309101412\\db\/mcu/
2024-03-05 12:01:38,292 [INFO] ApiDb:274 - Set plugin database path to: C:\ST\STM32CubeIDE_1.13.2\STM32CubeIDE\plugins\com.st.stm32cube.common.mx_6.9.2.202309101412\\db\/plugins/boardmanager/
2024-03-05 12:01:38,292 [INFO] ApiDb:261 - Set plugin images path to: C:\ST\STM32CubeIDE_1.13.2\STM32CubeIDE\plugins\com.st.stm32cube.common.mx_6.9.2.202309101412\\db\/plugins/mcufinder/images/
2024-03-05 12:01:38,292 [WARN] DbFile:41 - Overriding database path with different value: C:\Users\LeeJooho\.stmcufinder\plugins\mcufinder/ => C:\Users\LeeJooho\.stmcufinder\plugins\mcufinder
2024-03-05 12:01:38,292 [INFO] ApiDb:250 - Set database path to: C:\Users\LeeJooho\.stmcufinder\plugins\mcufinder//mcu/
2024-03-05 12:01:38,292 [WARN] DbFile:41 - Overriding database path with different value: C:\Users\LeeJooho\.stmcufinder\plugins\mcufinder/ => C:\Users\LeeJooho\.stmcufinder\plugins\mcufinder
2024-03-05 12:01:38,292 [INFO] DbMcusAds:125 - Set database path to: C:\Users\LeeJooho\.stmcufinder\plugins\mcufinder//mcu/
2024-03-05 12:01:38,292 [WARN] DbFile:41 - Overriding database path with different value: C:\Users\LeeJooho\.stmcufinder\plugins\mcufinder/ => C:\Users\LeeJooho\.stmcufinder\plugins\mcufinder
2024-03-05 12:01:38,292 [WARN] DbFile:41 - Overriding database path with different value: C:\Users\LeeJooho\.stmcufinder\plugins\mcufinder/ => C:\Users\LeeJooho\.stmcufinder\plugins\mcufinder
2024-03-05 12:01:38,293 [INFO] CrossReferenceDbSqlite:203 - Set database path to: C:\Users\LeeJooho\.stmcufinder\plugins\mcufinder//mcu/cs/
2024-03-05 12:01:38,384 [INFO] MainPanel:262 - HeapMemory: 268435456
2024-03-05 12:01:38,522 [INFO] DbMcusXml:78 - Set database path to: C:\ST\STM32CubeIDE_1.13.2\STM32CubeIDE\plugins\com.st.stm32cube.common.mx_6.9.2.202309101412\\db\/mcu/
2024-03-05 12:01:38,522 [INFO] ApiDb:274 - Set plugin database path to: C:\ST\STM32CubeIDE_1.13.2\STM32CubeIDE\plugins\com.st.stm32cube.common.mx_6.9.2.202309101412\\db\/plugins/boardmanager/
2024-03-05 12:01:38,522 [INFO] ApiDb:261 - Set plugin images path to: C:\ST\STM32CubeIDE_1.13.2\STM32CubeIDE\plugins\com.st.stm32cube.common.mx_6.9.2.202309101412\\db\/plugins/mcufinder/images/
2024-03-05 12:01:38,523 [WARN] DbFile:41 - Overriding database path with different value: C:\Users\LeeJooho\.stmcufinder\plugins\mcufinder/ => C:\Users\LeeJooho\.stmcufinder\plugins\mcufinder
2024-03-05 12:01:38,523 [INFO] ApiDb:250 - Set database path to: C:\Users\LeeJooho\.stmcufinder\plugins\mcufinder//mcu/
2024-03-05 12:01:38,523 [WARN] DbFile:41 - Overriding database path with different value: C:\Users\LeeJooho\.stmcufinder\plugins\mcufinder/ => C:\Users\LeeJooho\.stmcufinder\plugins\mcufinder
2024-03-05 12:01:38,523 [INFO] DbMcusAds:125 - Set database path to: C:\Users\LeeJooho\.stmcufinder\plugins\mcufinder//mcu/
2024-03-05 12:01:38,523 [WARN] DbFile:41 - Overriding database path with different value: C:\Users\LeeJooho\.stmcufinder\plugins\mcufinder/ => C:\Users\LeeJooho\.stmcufinder\plugins\mcufinder
2024-03-05 12:01:38,523 [WARN] DbFile:41 - Overriding database path with different value: C:\Users\LeeJooho\.stmcufinder\plugins\mcufinder/ => C:\Users\LeeJooho\.stmcufinder\plugins\mcufinder
2024-03-05 12:01:38,523 [INFO] CrossReferenceDbSqlite:203 - Set database path to: C:\Users\LeeJooho\.stmcufinder\plugins\mcufinder//mcu/cs/
2024-03-05 12:01:38,547 [INFO] ApplicationProperties:184 - Using Application install path: C:\ST\STM32CubeIDE_1.13.2\STM32CubeIDE\plugins\com.st.stm32cube.common.mx_6.9.2.202309101412
2024-03-05 12:01:38,549 [INFO] PluginManage:196 - Search for loadable plugins [exclusion list=, ]
2024-03-05 12:01:38,550 [INFO] PluginManage:310 - Check plugin analytics
2024-03-05 12:01:38,794 [INFO] AnalyticsPlugin:253 - Accepted Software Licenses: 
2024-03-05 12:01:38,794 [INFO] AnalyticsPlugin:255 - Accepted CMSIS Pack Licenses: 
2024-03-05 12:01:38,795 [INFO] AnalyticsPlugin:257 - Accepted Firmware Licenses: 
2024-03-05 12:01:38,799 [INFO] PluginManage:359 - Loaded plugin analytics (category:tool,tabindex:-1)
2024-03-05 12:01:38,799 [INFO] PluginManage:310 - Check plugin cadmodel
2024-03-05 12:01:38,818 [INFO] CADModel:105 - Init CAD model plugin
2024-03-05 12:01:38,818 [INFO] PluginManage:359 - Loaded plugin cadmodel (category:power,tabindex:5)
2024-03-05 12:01:38,818 [INFO] PluginManage:310 - Check plugin clock
2024-03-05 12:01:38,839 [INFO] PluginManage:359 - Loaded plugin clock (category:base,tabindex:2)
2024-03-05 12:01:38,839 [INFO] PluginManage:310 - Check plugin ddr
2024-03-05 12:01:38,842 [INFO] PluginManage:359 - Loaded plugin ddr (category:tool,tabindex:6)
2024-03-05 12:01:38,842 [INFO] PluginManage:310 - Check plugin filemanager
2024-03-05 12:01:39,004 [INFO] PluginManage:359 - Loaded plugin filemanager (category:base,tabindex:10)
2024-03-05 12:01:39,006 [INFO] PluginManage:310 - Check plugin ipmanager
2024-03-05 12:01:39,014 [INFO] PluginManage:359 - Loaded plugin ipmanager (category:base,tabindex:5)
2024-03-05 12:01:39,015 [INFO] PluginManage:310 - Check plugin lpbam
2024-03-05 12:01:39,032 [INFO] PluginManage:359 - Loaded plugin lpbam (category:base,tabindex:0)
2024-03-05 12:01:39,032 [INFO] PluginManage:310 - Check plugin memorymap
2024-03-05 12:01:39,057 [INFO] PluginManage:359 - Loaded plugin memorymap (category:base,tabindex:4)
2024-03-05 12:01:39,057 [INFO] PluginManage:310 - Check plugin pinoutandconfiguration
2024-03-05 12:01:39,075 [INFO] PluginManage:359 - Loaded plugin pinoutandconfiguration (category:base,tabindex:1)
2024-03-05 12:01:39,075 [INFO] PluginManage:310 - Check plugin pinoutconfig
2024-03-05 12:01:39,202 [WARN] SupportedApi:132 - Cannot load RTOS API schema: s4s-elt-must-match.1: The content of 'definitions' must match (annotation?, (simpleType | complexType)?, (unique | key | keyref)*)). A problem was found starting at: attribute.
2024-03-05 12:01:39,385 [INFO] PluginManage:359 - Loaded plugin pinoutconfig (category:base,tabindex:0)
2024-03-05 12:01:39,386 [INFO] PluginManage:310 - Check plugin power
2024-03-05 12:01:39,411 [INFO] PluginManage:359 - Loaded plugin power (category:power,tabindex:4)
2024-03-05 12:01:39,411 [INFO] PluginManage:310 - Check plugin projectmanager
2024-03-05 12:01:39,432 [INFO] PluginManage:359 - Loaded plugin projectmanager (category:projectmanager,tabindex:3)
2024-03-05 12:01:39,434 [INFO] PluginManage:310 - Check plugin thirdparty
2024-03-05 12:01:39,744 [INFO] PluginManage:359 - Loaded plugin thirdparty (category:base,tabindex:-1)
2024-03-05 12:01:39,744 [WARN] IntegrityCheckThread:84 - waiting for thirdparty lock release [integrity check]
2024-03-05 12:01:39,744 [INFO] PluginManage:310 - Check plugin tools
2024-03-05 12:01:39,744 [INFO] IntegrityCheckThread:86 - entering critical section [integrity check]
2024-03-05 12:01:39,744 [INFO] ThirdPartyUpdaterWithRetryManager:70 - Updater plugin not ready yet. [1/15]
2024-03-05 12:01:39,776 [INFO] PluginManage:359 - Loaded plugin tools (category:base,tabindex:7)
2024-03-05 12:01:39,776 [INFO] PluginManage:310 - Check plugin tutovideos
2024-03-05 12:01:40,013 [INFO] PluginManage:359 - Loaded plugin tutovideos (category:base,tabindex:-1)
2024-03-05 12:01:40,013 [INFO] PluginManage:310 - Check plugin updater
2024-03-05 12:01:40,029 [INFO] PluginManage:359 - Loaded plugin updater (category:base,tabindex:12)
2024-03-05 12:01:40,030 [INFO] PluginManage:310 - Check plugin userauth
2024-03-05 12:01:40,035 [INFO] UserAuth:113 - Init User Auth plugin
2024-03-05 12:01:40,035 [INFO] PluginManage:359 - Loaded plugin userauth (category:base,tabindex:14)
2024-03-05 12:01:40,035 [INFO] PluginManage:283 - PluginManage : Loaded plugins [17]
2024-03-05 12:01:40,275 [INFO] PinOutPanel:1499 - setPackage(No Configuration,No Configuration)
2024-03-05 12:01:40,402 [INFO] CADModel:165 - CPN selected for project level
2024-03-05 12:01:40,403 [INFO] CADModel:114 - Register for checkConnection events
2024-03-05 12:01:40,428 [INFO] IPUIPlugin:80 - create IPUIPlugin
2024-03-05 12:01:40,428 [INFO] PluginManager:220 - loadIPPluginJar : add adc
2024-03-05 12:01:40,458 [INFO] IPUIPlugin:80 - create IPUIPlugin
2024-03-05 12:01:40,458 [INFO] PluginManager:220 - loadIPPluginJar : add aes
2024-03-05 12:01:40,496 [INFO] IPUIPlugin:80 - create IPUIPlugin
2024-03-05 12:01:40,496 [INFO] PluginManager:220 - loadIPPluginJar : add can
2024-03-05 12:01:40,518 [INFO] IPUIPlugin:80 - create IPUIPlugin
2024-03-05 12:01:40,518 [INFO] PluginManager:220 - loadIPPluginJar : add comp
2024-03-05 12:01:40,550 [INFO] IPUIPlugin:80 - create IPUIPlugin
2024-03-05 12:01:40,551 [INFO] PluginManager:220 - loadIPPluginJar : add cryp
2024-03-05 12:01:40,578 [INFO] IPUIPlugin:80 - create IPUIPlugin
2024-03-05 12:01:40,578 [INFO] PluginManager:220 - loadIPPluginJar : add dfsdm
2024-03-05 12:01:40,591 [INFO] IPUIPlugin:80 - create IPUIPlugin
2024-03-05 12:01:40,591 [INFO] PluginManager:220 - loadIPPluginJar : add dma
2024-03-05 12:01:40,627 [INFO] IPUIPlugin:80 - create IPUIPlugin
2024-03-05 12:01:40,628 [INFO] PluginManager:220 - loadIPPluginJar : add dma3
2024-03-05 12:01:40,644 [INFO] IPUIPlugin:80 - create IPUIPlugin
2024-03-05 12:01:40,644 [INFO] PluginManager:220 - loadIPPluginJar : add fatfs
2024-03-05 12:01:40,684 [INFO] IPUIPlugin:80 - create IPUIPlugin
2024-03-05 12:01:40,684 [INFO] PluginManager:220 - loadIPPluginJar : add fmc
2024-03-05 12:01:40,699 [INFO] IPUIPlugin:80 - create IPUIPlugin
2024-03-05 12:01:40,699 [INFO] PluginManager:220 - loadIPPluginJar : add freertos
2024-03-05 12:01:40,715 [INFO] IPUIPlugin:80 - create IPUIPlugin
2024-03-05 12:01:40,715 [INFO] PluginManager:220 - loadIPPluginJar : add genericplugin
2024-03-05 12:01:40,792 [INFO] IPUIPlugin:80 - create IPUIPlugin
2024-03-05 12:01:40,792 [INFO] PluginManager:220 - loadIPPluginJar : add gfxmmu
2024-03-05 12:01:40,927 [INFO] IPUIPlugin:80 - create IPUIPlugin
2024-03-05 12:01:40,927 [INFO] PluginManager:220 - loadIPPluginJar : add gic
2024-03-05 12:01:40,939 [INFO] IPUIPlugin:80 - create IPUIPlugin
2024-03-05 12:01:40,939 [INFO] PluginManager:220 - loadIPPluginJar : add gpio
2024-03-05 12:01:41,048 [INFO] IPUIPlugin:80 - create IPUIPlugin
2024-03-05 12:01:41,048 [INFO] PluginManager:220 - loadIPPluginJar : add gtzc
2024-03-05 12:01:41,084 [INFO] IPUIPlugin:80 - create IPUIPlugin
2024-03-05 12:01:41,084 [INFO] PluginManager:220 - loadIPPluginJar : add hash
2024-03-05 12:01:41,132 [INFO] IPUIPlugin:80 - create IPUIPlugin
2024-03-05 12:01:41,132 [INFO] PluginManager:220 - loadIPPluginJar : add i2c
2024-03-05 12:01:41,171 [INFO] IPUIPlugin:80 - create IPUIPlugin
2024-03-05 12:01:41,171 [INFO] PluginManager:220 - loadIPPluginJar : add i2s
2024-03-05 12:01:41,211 [INFO] IPUIPlugin:80 - create IPUIPlugin
2024-03-05 12:01:41,211 [INFO] PluginManager:220 - loadIPPluginJar : add i3c
2024-03-05 12:01:41,322 [INFO] IPUIPlugin:80 - create IPUIPlugin
2024-03-05 12:01:41,322 [INFO] PluginManager:220 - loadIPPluginJar : add ipddr
2024-03-05 12:01:41,416 [INFO] IPUIPlugin:80 - create IPUIPlugin
2024-03-05 12:01:41,416 [INFO] PluginManager:220 - loadIPPluginJar : add linkedlist
2024-03-05 12:01:41,452 [INFO] IPUIPlugin:80 - create IPUIPlugin
2024-03-05 12:01:41,452 [INFO] PluginManager:220 - loadIPPluginJar : add lorawan
2024-03-05 12:01:41,487 [INFO] IPUIPlugin:80 - create IPUIPlugin
2024-03-05 12:01:41,487 [INFO] PluginManager:220 - loadIPPluginJar : add ltdc
2024-03-05 12:01:41,502 [INFO] IPUIPlugin:80 - create IPUIPlugin
2024-03-05 12:01:41,502 [INFO] PluginManager:220 - loadIPPluginJar : add mdma
2024-03-05 12:01:41,514 [INFO] IPUIPlugin:80 - create IPUIPlugin
2024-03-05 12:01:41,514 [INFO] PluginManager:220 - loadIPPluginJar : add nvic
2024-03-05 12:01:41,550 [INFO] IPUIPlugin:80 - create IPUIPlugin
2024-03-05 12:01:41,550 [INFO] PluginManager:220 - loadIPPluginJar : add opamp
2024-03-05 12:01:41,605 [INFO] IPUIPlugin:80 - create IPUIPlugin
2024-03-05 12:01:41,605 [INFO] PluginManager:220 - loadIPPluginJar : add openamp
2024-03-05 12:01:41,642 [INFO] IPUIPlugin:80 - create IPUIPlugin
2024-03-05 12:01:41,642 [INFO] PluginManager:220 - loadIPPluginJar : add pdm2pcm
2024-03-05 12:01:41,656 [INFO] IPUIPlugin:80 - create IPUIPlugin
2024-03-05 12:01:41,658 [INFO] PluginManager:220 - loadIPPluginJar : add plateformsettings
2024-03-05 12:01:41,676 [INFO] IPUIPlugin:80 - create IPUIPlugin
2024-03-05 12:01:41,676 [INFO] PluginManager:220 - loadIPPluginJar : add quadspi
2024-03-05 12:01:41,688 [INFO] IPUIPlugin:80 - create IPUIPlugin
2024-03-05 12:01:41,688 [INFO] PluginManager:220 - loadIPPluginJar : add resmgrutility
2024-03-05 12:01:41,735 [INFO] IPUIPlugin:80 - create IPUIPlugin
2024-03-05 12:01:41,735 [INFO] PluginManager:220 - loadIPPluginJar : add sai
2024-03-05 12:01:41,770 [INFO] IPUIPlugin:80 - create IPUIPlugin
2024-03-05 12:01:41,770 [INFO] PluginManager:220 - loadIPPluginJar : add spi
2024-03-05 12:01:41,820 [INFO] IPUIPlugin:80 - create IPUIPlugin
2024-03-05 12:01:41,820 [INFO] PluginManager:220 - loadIPPluginJar : add stm32_wpan
2024-03-05 12:01:41,840 [INFO] IPUIPlugin:80 - create IPUIPlugin
2024-03-05 12:01:41,840 [INFO] PluginManager:220 - loadIPPluginJar : add tim
2024-03-05 12:01:41,889 [INFO] IPUIPlugin:80 - create IPUIPlugin
2024-03-05 12:01:41,889 [INFO] PluginManager:220 - loadIPPluginJar : add touchsensing
2024-03-05 12:01:41,908 [INFO] IPUIPlugin:80 - create IPUIPlugin
2024-03-05 12:01:41,909 [INFO] PluginManager:220 - loadIPPluginJar : add tracer_emb
2024-03-05 12:01:41,930 [INFO] IPUIPlugin:80 - create IPUIPlugin
2024-03-05 12:01:41,930 [INFO] PluginManager:220 - loadIPPluginJar : add ts
2024-03-05 12:01:41,950 [INFO] IPUIPlugin:80 - create IPUIPlugin
2024-03-05 12:01:41,950 [INFO] PluginManager:220 - loadIPPluginJar : add tsc
2024-03-05 12:01:41,969 [INFO] IPUIPlugin:80 - create IPUIPlugin
2024-03-05 12:01:41,969 [INFO] PluginManager:220 - loadIPPluginJar : add ucpd
2024-03-05 12:01:42,014 [INFO] IPUIPlugin:80 - create IPUIPlugin
2024-03-05 12:01:42,014 [INFO] PluginManager:220 - loadIPPluginJar : add usart
2024-03-05 12:01:42,057 [INFO] IPUIPlugin:80 - create IPUIPlugin
2024-03-05 12:01:42,057 [INFO] PluginManager:220 - loadIPPluginJar : add usbx
2024-03-05 12:01:42,193 [INFO] CADModel:165 - CPN selected for project level
2024-03-05 12:01:42,194 [INFO] CADModel:114 - Register for checkConnection events
2024-03-05 12:01:42,194 [FATAL] Updater:308 - Updater called before beeing initialized
2024-03-05 12:01:42,194 [ERROR] CADModel:125 - Updater not yet initialized, retry later 
2024-03-05 12:01:42,394 [INFO] CADModel:165 - CPN selected for project level
2024-03-05 12:01:42,394 [INFO] CADModel:114 - Register for checkConnection events
2024-03-05 12:01:42,395 [FATAL] Updater:308 - Updater called before beeing initialized
2024-03-05 12:01:42,395 [ERROR] CADModel:125 - Updater not yet initialized, retry later 
2024-03-05 12:01:42,399 [FATAL] Updater:308 - Updater called before beeing initialized
2024-03-05 12:01:42,523 [FATAL] Updater:308 - Updater called before beeing initialized
2024-03-05 12:01:42,537 [INFO] DbMcusAds:53 - JSON generation date=Wed Nov 29 19:52:27 KST 2023 (1701255147349)
2024-03-05 12:01:42,537 [FATAL] Updater:308 - Updater called before beeing initialized
2024-03-05 12:01:42,617 [WARN] DetailPanel:346 - Failed to get advertising image, set to default
2024-03-05 12:01:42,746 [INFO] ThirdPartyUpdaterWithRetryManager:70 - Updater plugin not ready yet. [2/15]
2024-03-05 12:01:42,757 [FATAL] Updater:308 - Updater called before beeing initialized
2024-03-05 12:01:42,760 [FATAL] Updater:308 - Updater called before beeing initialized
2024-03-05 12:01:42,761 [FATAL] Updater:308 - Updater called before beeing initialized
2024-03-05 12:01:42,761 [WARN] DetailPanel:346 - Failed to get advertising image, set to default
2024-03-05 12:01:42,762 [FATAL] Updater:308 - Updater called before beeing initialized
2024-03-05 12:01:42,840 [ERROR] Updater:1120 - MainUpdater not yet initialized. External WinMGr cannot be set.
2024-03-05 12:01:42,851 [INFO] Updater:1056 - Updater Version found : 6.9.2
2024-03-05 12:01:42,868 [INFO] ApplicationProperties:184 - Using Application install path: C:\ST\STM32CubeIDE_1.13.2\STM32CubeIDE\plugins\com.st.stm32cube.common.mx_6.9.2.202309101412
2024-03-05 12:01:43,082 [INFO] MainUpdater:2868 - connection check result : 10
2024-03-05 12:01:43,082 [INFO] MainUpdater:3562 - Updater definition file requires update
2024-03-05 12:01:43,083 [INFO] MainUpdater:285 - Updater Check For Update Now.
2024-03-05 12:01:43,084 [INFO] MicroXplorer:498 - Change Database Version : DB.6.0.92
2024-03-05 12:01:43,099 [INFO] McuFinderGlobals:63 - Set McuFinder mode to 2 (CubeIDE integrated)
2024-03-05 12:01:43,099 [INFO] UserAuth:179 - activating auth plugin
2024-03-05 12:01:43,101 [INFO] UserAuth:393 - Internet connection configuration mode: 1
2024-03-05 12:01:43,127 [INFO] JxBrowserEngine:151 - Initiate JxBrowser Engine with user profile folder
2024-03-05 12:01:43,136 [INFO] ServerAccessManage:473 - Download File updaters.zip
2024-03-05 12:01:43,278 [INFO] FileExtend:240 - Unzip File : updaters.zip
2024-03-05 12:01:43,279 [INFO] FileExtend:255 - Standard Zip Deflate
2024-03-05 12:01:43,966 [INFO] ServerAccessManage:473 - Download File PacksControlFlags.xml
2024-03-05 12:01:44,126 [INFO] ServerAccessManage:473 - Download File cubemx.pidx
2024-03-05 12:01:44,965 [INFO] ServerAccessManage:473 - Download File STMicroelectronics.X-CUBE-BLEMGR.pdsc
2024-03-05 12:01:45,747 [WARN] MainUpdater:1189 - Updater busy. Cannot search thirdparties
2024-03-05 12:01:45,748 [INFO] ThirdPartyUpdaterWithRetryManager:96 - Updater plugin is busy. [1/15]
2024-03-05 12:01:46,075 [INFO] ServerAccessManage:473 - Download File STMicroelectronics.X-CUBE-TOF1.pdsc
2024-03-05 12:01:46,927 [INFO] WebApp:157 - Instantiating new browser for Auth
2024-03-05 12:01:47,692 [INFO] WebApp:753 - Register for checkConnection events
2024-03-05 12:01:47,692 [INFO] WebApp:390 - Apply proxy settings
2024-03-05 12:01:47,692 [INFO] WebApp:475 - Chromium requires no authentication
2024-03-05 12:01:47,701 [INFO] WebApp:418 - Direct internet connection detected
2024-03-05 12:01:47,858 [INFO] WebApp:188 - Starting web application
2024-03-05 12:01:47,858 [INFO] WebApp:520 - Web application path used C:\ST\STM32CubeIDE_1.13.2\STM32CubeIDE\plugins\com.st.stm32cube.common.mx_6.9.2.202309101412\db\plugins\mcufinder\reactClient1\index.html
2024-03-05 12:01:48,027 [ERROR] ServerAccessManage:1089 - Problem, file not found on Server
2024-03-05 12:01:48,748 [WARN] MainUpdater:1189 - Updater busy. Cannot search thirdparties
2024-03-05 12:01:48,748 [INFO] ThirdPartyUpdaterWithRetryManager:96 - Updater plugin is busy. [2/15]
2024-03-05 12:01:49,507 [ERROR] ServerAccessManage:1096 - Problem, Http access forbiden
2024-03-05 12:01:49,508 [ERROR] ServerAccessManage:651 - Problem, Http access forbiden : RoweBots.I-CUBE-UNISONRTOS.pdsc.
2024-03-05 12:01:49,704 [WARN] PackLoader:240 - Cannot read IP mode file for STMicroelectronics.X-CUBE-BLEMGR.3.1.0
2024-03-05 12:01:49,730 [WARN] PackLoader:240 - Cannot read IP mode file for STMicroelectronics.X-CUBE-TOF1.3.4.1
2024-03-05 12:01:49,750 [INFO] PopulateThirdPartyThread:66 - Ending populate Thread
2024-03-05 12:01:49,751 [INFO] ThirdParty:1030 - CMSIS Pack Vendor :STMicroelectronics X-CUBE-BLEMGR 3.1.0
2024-03-05 12:01:49,751 [INFO] ThirdParty:1030 - CMSIS Pack Vendor :STMicroelectronics X-CUBE-TOF1 3.4.1
2024-03-05 12:01:49,752 [INFO] LoadServerUpdatesThread:373 - End of LoadServerUpdate Thread
2024-03-05 12:01:49,814 [INFO] CheckServerUpdateThread:120 - End of CheckServer Thread
2024-03-05 12:01:51,954 [WARN] PackLoader:240 - Cannot read IP mode file for STMicroelectronics.X-CUBE-SMBUS.2.1.0
2024-03-05 12:01:51,966 [WARN] PackLoader:240 - Cannot read IP mode file for STMicroelectronics.X-CUBE-TOUCHGFX.4.23.0
2024-03-05 12:01:51,998 [WARN] PackLoader:240 - Cannot read IP mode file for STMicroelectronics.X-CUBE-AZRTOS-F7.1.1.0
2024-03-05 12:01:52,013 [WARN] PackLoader:240 - Cannot read IP mode file for STMicroelectronics.FP-SNS-MOTENV1.4.3.2
2024-03-05 12:01:52,019 [WARN] PackLoader:240 - Cannot read IP mode file for STMicroelectronics.FP-SNS-FLIGHT1.5.0.2
2024-03-05 12:01:52,033 [WARN] PackLoader:240 - Cannot read IP mode file for STMicroelectronics.X-CUBE-DISPLAY.3.0.0
2024-03-05 12:01:52,051 [WARN] PackLoader:240 - Cannot read IP mode file for STMicroelectronics.X-CUBE-BLE1.7.0.0
2024-03-05 12:01:52,064 [WARN] PackLoader:240 - Cannot read IP mode file for emotas.I-CUBE-CANOPEN.1.3.0
2024-03-05 12:01:52,075 [WARN] PackLoader:240 - Cannot read IP mode file for STMicroelectronics.X-CUBE-TOUCHGFX.4.22.1
2024-03-05 12:01:52,082 [WARN] PackLoader:240 - Cannot read IP mode file for STMicroelectronics.X-CUBE-BLEMGR.3.1.0
2024-03-05 12:01:52,097 [WARN] PackLoader:240 - Cannot read IP mode file for STMicroelectronics.FP-SNS-SMARTAG2.1.2.0
2024-03-05 12:01:52,115 [INFO] LogOutputStream:77 - [STDOUT_REDIRECT] 1 : Invalid condition id : UX_CORESTACK_Condition cause : null
2024-03-05 12:01:52,116 [INFO] LogOutputStream:77 - [STDOUT_REDIRECT] 1 : Invalid condition id : UX_CORESTACK_Condition cause : null
2024-03-05 12:01:52,117 [INFO] LogOutputStream:77 - [STDOUT_REDIRECT] 1 : Invalid condition id : UX_CORESTACK_Condition cause : null
2024-03-05 12:01:52,118 [INFO] LogOutputStream:77 - [STDOUT_REDIRECT] 1 : Invalid condition id : UX_CORESTACK_Condition cause : null
2024-03-05 12:01:52,119 [INFO] LogOutputStream:77 - [STDOUT_REDIRECT] 1 : Invalid condition id : UX_CORESTACK_Condition cause : null
2024-03-05 12:01:52,121 [WARN] PackLoader:240 - Cannot read IP mode file for STMicroelectronics.X-CUBE-AZRTOS-WL.2.0.0
2024-03-05 12:01:52,134 [WARN] PackLoader:240 - Cannot read IP mode file for WES.I-CUBE-Cesium.1.3.0
2024-03-05 12:01:52,145 [WARN] PackLoader:240 - Cannot read IP mode file for STMicroelectronics.X-CUBE-BLE2.3.3.0
2024-03-05 12:01:52,155 [WARN] PackLoader:240 - Cannot read IP mode file for STMicroelectronics.X-CUBE-ALGOBUILD.1.3.0
2024-03-05 12:01:52,184 [WARN] PackLoader:240 - Cannot read IP mode file for STMicroelectronics.X-CUBE-AZRTOS-G0.1.1.0
2024-03-05 12:01:52,200 [WARN] PackLoader:240 - Cannot read IP mode file for STMicroelectronics.X-CUBE-NFC4.3.0.0
2024-03-05 12:01:52,217 [WARN] PackLoader:240 - Cannot read IP mode file for STMicroelectronics.X-CUBE-BLEMGR.3.0.0
2024-03-05 12:01:52,224 [WARN] PackLoader:240 - Cannot read IP mode file for STMicroelectronics.FP-ATR-SIGFOX1.3.2.0
2024-03-05 12:01:52,237 [WARN] PackLoader:240 - Cannot read IP mode file for STMicroelectronics.X-CUBE-EEPRMA1.5.1.0
2024-03-05 12:01:52,276 [WARN] PackLoader:240 - Cannot read IP mode file for SEGGER.I-CUBE-embOS.1.3.1
2024-03-05 12:01:52,328 [WARN] PackLoader:240 - Cannot read IP mode file for STMicroelectronics.X-CUBE-GNSS1.6.0.0
2024-03-05 12:01:52,360 [WARN] PackLoader:240 - Cannot read IP mode file for STMicroelectronics.X-CUBE-AZRTOS-F4.1.1.0
2024-03-05 12:01:52,375 [WARN] PackLoader:240 - Cannot read IP mode file for wolfSSL.I-CUBE-wolfSSL.5.6.4
2024-03-05 12:01:52,406 [WARN] PackLoader:240 - Cannot read IP mode file for STMicroelectronics.X-CUBE-AZRTOS-L5.2.0.0
2024-03-05 12:01:52,421 [WARN] PackLoader:240 - Cannot read IP mode file for STMicroelectronics.X-CUBE-EEPRMA1.4.2.0
2024-03-05 12:01:52,437 [WARN] PackLoader:240 - Cannot read IP mode file for ITTIA_DB.I-CUBE-ITTIADB.8.8.0
2024-03-05 12:01:52,468 [WARN] ConditionMgr:438 - getConditionDescription Invalid condition id : UX DEVICE CLASS RTOS Condition cause : null
2024-03-05 12:01:52,468 [WARN] ConditionMgr:438 - getConditionDescription Invalid condition id : UX DEVICE CLASS RTOS Condition cause : null
2024-03-05 12:01:52,471 [WARN] PackLoader:240 - Cannot read IP mode file for STMicroelectronics.X-CUBE-AZRTOS-H7.3.1.0
2024-03-05 12:01:52,472 [WARN] ConditionMgr:1039 - genDependencies : Invalid condition id : UX DEVICE CLASS RTOS Condition cause : null
2024-03-05 12:01:52,472 [WARN] ConditionMgr:1039 - genDependencies : Invalid condition id : UX DEVICE CLASS RTOS Condition cause : null
2024-03-05 12:01:52,472 [WARN] ConditionMgr:1039 - genDependencies : Invalid condition id : UX DEVICE CLASS RTOS Condition cause : null
2024-03-05 12:01:52,472 [WARN] ConditionMgr:1039 - genDependencies : Invalid condition id : UX DEVICE CLASS RTOS Condition cause : null
2024-03-05 12:01:52,472 [WARN] ConditionMgr:1039 - genDependencies : Invalid condition id : UX DEVICE CLASS RTOS Condition cause : null
2024-03-05 12:01:52,488 [WARN] PackLoader:240 - Cannot read IP mode file for STMicroelectronics.X-CUBE-NFC7.1.0.1
2024-03-05 12:01:52,504 [WARN] PackLoader:240 - Cannot read IP mode file for STMicroelectronics.X-CUBE-NFC6.3.0.0
2024-03-05 12:01:52,518 [WARN] PackLoader:240 - Cannot read IP mode file for STMicroelectronics.X-CUBE-AI.8.1.0
2024-03-05 12:01:52,549 [WARN] ConditionMgr:438 - getConditionDescription Invalid condition id : LAN8742 Phy interface Condition cause : null
2024-03-05 12:01:52,549 [WARN] PackLoader:240 - Cannot read IP mode file for STMicroelectronics.X-CUBE-AZRTOS-L4.2.0.0
2024-03-05 12:01:52,550 [WARN] ConditionMgr:1039 - genDependencies : Invalid condition id : LAN8742 Phy interface Condition cause : null
2024-03-05 12:01:52,550 [WARN] ConditionMgr:1039 - genDependencies : Invalid condition id : LAN8742 Phy interface Condition cause : null
2024-03-05 12:01:52,551 [WARN] ConditionMgr:1039 - genDependencies : Invalid condition id : LAN8742 Phy interface Condition cause : null
2024-03-05 12:01:52,568 [WARN] PackLoader:240 - Cannot read IP mode file for STMicroelectronics.X-CUBE-SFXS2LP1.4.0.0
2024-03-05 12:01:52,581 [WARN] PackLoader:240 - Cannot read IP mode file for STMicroelectronics.X-CUBE-ISPU.1.1.0
2024-03-05 12:01:52,607 [WARN] ConditionMgr:438 - getConditionDescription Invalid condition id : UX DEVICE CLASS RTOS Condition cause : null
2024-03-05 12:01:52,607 [WARN] ConditionMgr:438 - getConditionDescription Invalid condition id : UX DEVICE CLASS RTOS Condition cause : null
2024-03-05 12:01:52,609 [WARN] PackLoader:240 - Cannot read IP mode file for STMicroelectronics.X-CUBE-AZRTOS-WB.2.0.0
2024-03-05 12:01:52,610 [WARN] ConditionMgr:1039 - genDependencies : Invalid condition id : UX DEVICE CLASS RTOS Condition cause : null
2024-03-05 12:01:52,610 [WARN] ConditionMgr:1039 - genDependencies : Invalid condition id : UX DEVICE CLASS RTOS Condition cause : null
2024-03-05 12:01:52,610 [WARN] ConditionMgr:1039 - genDependencies : Invalid condition id : UX DEVICE CLASS RTOS Condition cause : null
2024-03-05 12:01:52,610 [WARN] ConditionMgr:1039 - genDependencies : Invalid condition id : UX DEVICE CLASS RTOS Condition cause : null
2024-03-05 12:01:52,611 [WARN] ConditionMgr:1039 - genDependencies : Invalid condition id : UX DEVICE CLASS RTOS Condition cause : null
2024-03-05 12:01:52,632 [WARN] PackLoader:240 - Cannot read IP mode file for STMicroelectronics.X-CUBE-SUBG2.5.0.0
2024-03-05 12:01:52,660 [WARN] PackLoader:240 - Cannot read IP mode file for STMicroelectronics.X-CUBE-TOF1.3.3.1
2024-03-05 12:01:52,699 [WARN] PackLoader:240 - Cannot read IP mode file for STMicroelectronics.X-CUBE-AZRTOS-G4.2.0.0
2024-03-05 12:01:52,725 [WARN] PackLoader:240 - Cannot read IP mode file for Infineon.AIROC-Wi-Fi-Bluetooth-STM32.1.5.1
2024-03-05 12:01:52,742 [WARN] PackLoader:240 - Cannot read IP mode file for STMicroelectronics.FP-SNS-MOTENVWB1.1.3.0
2024-03-05 12:01:52,747 [WARN] PackLoader:240 - Cannot read IP mode file for STMicroelectronics.FP-SNS-MOTENVWB1.1.3.1
2024-03-05 12:01:52,759 [WARN] PackLoader:240 - Cannot read IP mode file for STMicroelectronics.X-CUBE-ISPU.2.0.0
2024-03-05 12:01:52,821 [WARN] PackLoader:240 - Cannot read IP mode file for STMicroelectronics.X-CUBE-MEMS1.10.0.0
2024-03-05 12:01:52,967 [WARN] PackLoader:240 - Cannot read IP mode file for STMicroelectronics.X-CUBE-FREERTOS.1.1.0
2024-03-05 12:01:52,980 [WARN] PackLoader:240 - Cannot read IP mode file for portGmbH.I-Cube-SoM-uGOAL.1.1.0
2024-03-05 12:01:52,993 [WARN] PackLoader:240 - Cannot read IP mode file for STMicroelectronics.X-CUBE-ALS.1.0.1
2024-03-05 12:01:52,999 [WARN] PackLoader:240 - Cannot read IP mode file for STMicroelectronics.FP-ATR-ASTRA1.2.0.0
2024-03-05 12:01:53,018 [WARN] PackLoader:240 - Cannot read IP mode file for STMicroelectronics.X-CUBE-TOF1.3.4.0
2024-03-05 12:01:53,048 [WARN] PackLoader:240 - Cannot read IP mode file for STMicroelectronics.X-CUBE-TOF1.3.4.1
2024-03-05 12:01:53,088 [WARN] PackLoader:240 - Cannot read IP mode file for STMicroelectronics.X-CUBE-AZRTOS-H7.3.2.0
2024-03-05 12:01:53,090 [INFO] ThirdParty:978 - Integrity check success = true
2024-03-05 12:01:53,091 [INFO] IntegrityCheckThread:100 - exiting critical section [integrity check]
2024-03-05 12:01:53,091 [INFO] IntegrityCheckThread:103 - End integrity checks thread
2024-03-05 12:02:08,882 [ERROR] LogOutputStream:75 - [STDERR_REDIRECT] SLF4J: Failed to load class "org.slf4j.impl.StaticLoggerBinder".
2024-03-05 12:02:08,882 [ERROR] LogOutputStream:75 - [STDERR_REDIRECT] SLF4J: Defaulting to no-operation (NOP) logger implementation
2024-03-05 12:02:08,885 [ERROR] LogOutputStream:75 - [STDERR_REDIRECT] SLF4J: See http://www.slf4j.org/codes.html#StaticLoggerBinder for further details.
2024-03-05 20:33:23,921 [ERROR] LogOutputStream:75 - [STDERR_REDIRECT] 
