2024-02-29 12:28:49,254 [INFO] Activator:176 - 


2024-02-29 12:28:49,260 [INFO] Activator:177 - !SESSION log4j initialized
2024-02-29 12:28:56,875 [INFO] LogOutputStream:77 - [STDOUT_REDIRECT] 
2024-02-29 12:29:01,255 [INFO] ApplicationProperties:184 - Using Application install path: C:\ST\STM32CubeIDE_1.13.2\STM32CubeIDE\plugins\com.st.stm32cube.common.mx_6.9.2.202309101412
2024-02-29 12:29:01,275 [INFO] DbMcusXml:78 - Set database path to: C:\ST\STM32CubeIDE_1.13.2\STM32CubeIDE\plugins\com.st.stm32cube.common.mx_6.9.2.202309101412\\db\/mcu/
2024-02-29 12:29:01,276 [INFO] ApiDb:274 - Set plugin database path to: C:\ST\STM32CubeIDE_1.13.2\STM32CubeIDE\plugins\com.st.stm32cube.common.mx_6.9.2.202309101412\\db\/plugins/boardmanager/
2024-02-29 12:29:01,276 [WARN] ApiDb:259 - Overriding images path with different value:  => C:\ST\STM32CubeIDE_1.13.2\STM32CubeIDE\plugins\com.st.stm32cube.common.mx_6.9.2.202309101412\\db\/plugins/mcufinder/images/
2024-02-29 12:29:01,290 [INFO] ApiDb:250 - Set database path to: C:\Users\LeeJooho\.stmcufinder\plugins\mcufinder//mcu/
2024-02-29 12:29:01,292 [INFO] DbMcusAds:125 - Set database path to: C:\Users\LeeJooho\.stmcufinder\plugins\mcufinder//mcu/
2024-02-29 12:29:01,295 [INFO] CrossReferenceDbSqlite:203 - Set database path to: C:\Users\LeeJooho\.stmcufinder\plugins\mcufinder//mcu/cs/
2024-02-29 12:29:01,431 [INFO] RulesReader:64 - Compatibility file has been processed (293 Rules)
2024-02-29 12:29:01,535 [INFO] DbMcusXml:78 - Set database path to: C:\ST\STM32CubeIDE_1.13.2\STM32CubeIDE\plugins\com.st.stm32cube.common.mx_6.9.2.202309101412\\db\/mcu/
2024-02-29 12:29:01,535 [INFO] ApiDb:274 - Set plugin database path to: C:\ST\STM32CubeIDE_1.13.2\STM32CubeIDE\plugins\com.st.stm32cube.common.mx_6.9.2.202309101412\\db\/plugins/boardmanager/
2024-02-29 12:29:01,535 [INFO] ApiDb:261 - Set plugin images path to: C:\ST\STM32CubeIDE_1.13.2\STM32CubeIDE\plugins\com.st.stm32cube.common.mx_6.9.2.202309101412\\db\/plugins/mcufinder/images/
2024-02-29 12:29:01,535 [WARN] DbFile:41 - Overriding database path with different value: C:\Users\LeeJooho\.stmcufinder\plugins\mcufinder/ => C:\Users\LeeJooho\.stmcufinder\plugins\mcufinder
2024-02-29 12:29:01,535 [INFO] ApiDb:250 - Set database path to: C:\Users\LeeJooho\.stmcufinder\plugins\mcufinder//mcu/
2024-02-29 12:29:01,535 [WARN] DbFile:41 - Overriding database path with different value: C:\Users\LeeJooho\.stmcufinder\plugins\mcufinder/ => C:\Users\LeeJooho\.stmcufinder\plugins\mcufinder
2024-02-29 12:29:01,535 [INFO] DbMcusAds:125 - Set database path to: C:\Users\LeeJooho\.stmcufinder\plugins\mcufinder//mcu/
2024-02-29 12:29:01,536 [WARN] DbFile:41 - Overriding database path with different value: C:\Users\LeeJooho\.stmcufinder\plugins\mcufinder/ => C:\Users\LeeJooho\.stmcufinder\plugins\mcufinder
2024-02-29 12:29:01,536 [WARN] DbFile:41 - Overriding database path with different value: C:\Users\LeeJooho\.stmcufinder\plugins\mcufinder/ => C:\Users\LeeJooho\.stmcufinder\plugins\mcufinder
2024-02-29 12:29:01,536 [INFO] CrossReferenceDbSqlite:203 - Set database path to: C:\Users\LeeJooho\.stmcufinder\plugins\mcufinder//mcu/cs/
2024-02-29 12:29:01,625 [INFO] MainPanel:262 - HeapMemory: 268435456
2024-02-29 12:29:01,731 [INFO] DbMcusXml:78 - Set database path to: C:\ST\STM32CubeIDE_1.13.2\STM32CubeIDE\plugins\com.st.stm32cube.common.mx_6.9.2.202309101412\\db\/mcu/
2024-02-29 12:29:01,731 [INFO] ApiDb:274 - Set plugin database path to: C:\ST\STM32CubeIDE_1.13.2\STM32CubeIDE\plugins\com.st.stm32cube.common.mx_6.9.2.202309101412\\db\/plugins/boardmanager/
2024-02-29 12:29:01,732 [INFO] ApiDb:261 - Set plugin images path to: C:\ST\STM32CubeIDE_1.13.2\STM32CubeIDE\plugins\com.st.stm32cube.common.mx_6.9.2.202309101412\\db\/plugins/mcufinder/images/
2024-02-29 12:29:01,732 [WARN] DbFile:41 - Overriding database path with different value: C:\Users\LeeJooho\.stmcufinder\plugins\mcufinder/ => C:\Users\LeeJooho\.stmcufinder\plugins\mcufinder
2024-02-29 12:29:01,732 [INFO] ApiDb:250 - Set database path to: C:\Users\LeeJooho\.stmcufinder\plugins\mcufinder//mcu/
2024-02-29 12:29:01,732 [WARN] DbFile:41 - Overriding database path with different value: C:\Users\LeeJooho\.stmcufinder\plugins\mcufinder/ => C:\Users\LeeJooho\.stmcufinder\plugins\mcufinder
2024-02-29 12:29:01,732 [INFO] DbMcusAds:125 - Set database path to: C:\Users\LeeJooho\.stmcufinder\plugins\mcufinder//mcu/
2024-02-29 12:29:01,732 [WARN] DbFile:41 - Overriding database path with different value: C:\Users\LeeJooho\.stmcufinder\plugins\mcufinder/ => C:\Users\LeeJooho\.stmcufinder\plugins\mcufinder
2024-02-29 12:29:01,733 [WARN] DbFile:41 - Overriding database path with different value: C:\Users\LeeJooho\.stmcufinder\plugins\mcufinder/ => C:\Users\LeeJooho\.stmcufinder\plugins\mcufinder
2024-02-29 12:29:01,733 [INFO] CrossReferenceDbSqlite:203 - Set database path to: C:\Users\LeeJooho\.stmcufinder\plugins\mcufinder//mcu/cs/
2024-02-29 12:29:01,752 [INFO] ApplicationProperties:184 - Using Application install path: C:\ST\STM32CubeIDE_1.13.2\STM32CubeIDE\plugins\com.st.stm32cube.common.mx_6.9.2.202309101412
2024-02-29 12:29:01,753 [INFO] PluginManage:196 - Search for loadable plugins [exclusion list=, ]
2024-02-29 12:29:01,754 [INFO] PluginManage:310 - Check plugin analytics
2024-02-29 12:29:01,992 [INFO] AnalyticsPlugin:253 - Accepted Software Licenses: 
2024-02-29 12:29:01,992 [INFO] AnalyticsPlugin:255 - Accepted CMSIS Pack Licenses: 
2024-02-29 12:29:01,992 [INFO] AnalyticsPlugin:257 - Accepted Firmware Licenses: 
2024-02-29 12:29:01,996 [INFO] PluginManage:359 - Loaded plugin analytics (category:tool,tabindex:-1)
2024-02-29 12:29:01,997 [INFO] PluginManage:310 - Check plugin cadmodel
2024-02-29 12:29:02,014 [INFO] CADModel:105 - Init CAD model plugin
2024-02-29 12:29:02,015 [INFO] PluginManage:359 - Loaded plugin cadmodel (category:power,tabindex:5)
2024-02-29 12:29:02,015 [INFO] PluginManage:310 - Check plugin clock
2024-02-29 12:29:02,041 [INFO] PluginManage:359 - Loaded plugin clock (category:base,tabindex:2)
2024-02-29 12:29:02,041 [INFO] PluginManage:310 - Check plugin ddr
2024-02-29 12:29:02,044 [INFO] PluginManage:359 - Loaded plugin ddr (category:tool,tabindex:6)
2024-02-29 12:29:02,044 [INFO] PluginManage:310 - Check plugin filemanager
2024-02-29 12:29:02,201 [INFO] PluginManage:359 - Loaded plugin filemanager (category:base,tabindex:10)
2024-02-29 12:29:02,201 [INFO] PluginManage:310 - Check plugin ipmanager
2024-02-29 12:29:02,209 [INFO] PluginManage:359 - Loaded plugin ipmanager (category:base,tabindex:5)
2024-02-29 12:29:02,209 [INFO] PluginManage:310 - Check plugin lpbam
2024-02-29 12:29:02,229 [INFO] PluginManage:359 - Loaded plugin lpbam (category:base,tabindex:0)
2024-02-29 12:29:02,229 [INFO] PluginManage:310 - Check plugin memorymap
2024-02-29 12:29:02,257 [INFO] PluginManage:359 - Loaded plugin memorymap (category:base,tabindex:4)
2024-02-29 12:29:02,257 [INFO] PluginManage:310 - Check plugin pinoutandconfiguration
2024-02-29 12:29:02,273 [INFO] PluginManage:359 - Loaded plugin pinoutandconfiguration (category:base,tabindex:1)
2024-02-29 12:29:02,274 [INFO] PluginManage:310 - Check plugin pinoutconfig
2024-02-29 12:29:02,373 [WARN] SupportedApi:132 - Cannot load RTOS API schema: s4s-elt-must-match.1: The content of 'definitions' must match (annotation?, (simpleType | complexType)?, (unique | key | keyref)*)). A problem was found starting at: attribute.
2024-02-29 12:29:02,506 [INFO] PluginManage:359 - Loaded plugin pinoutconfig (category:base,tabindex:0)
2024-02-29 12:29:02,506 [INFO] PluginManage:310 - Check plugin power
2024-02-29 12:29:02,530 [INFO] PluginManage:359 - Loaded plugin power (category:power,tabindex:4)
2024-02-29 12:29:02,530 [INFO] PluginManage:310 - Check plugin projectmanager
2024-02-29 12:29:02,554 [INFO] PluginManage:359 - Loaded plugin projectmanager (category:projectmanager,tabindex:3)
2024-02-29 12:29:02,554 [INFO] PluginManage:310 - Check plugin thirdparty
2024-02-29 12:29:02,821 [WARN] IntegrityCheckThread:84 - waiting for thirdparty lock release [integrity check]
2024-02-29 12:29:02,822 [INFO] IntegrityCheckThread:86 - entering critical section [integrity check]
2024-02-29 12:29:02,822 [INFO] PluginManage:359 - Loaded plugin thirdparty (category:base,tabindex:-1)
2024-02-29 12:29:02,822 [INFO] PluginManage:310 - Check plugin tools
2024-02-29 12:29:02,822 [INFO] ThirdPartyUpdaterWithRetryManager:70 - Updater plugin not ready yet. [1/15]
2024-02-29 12:29:02,856 [INFO] PluginManage:359 - Loaded plugin tools (category:base,tabindex:7)
2024-02-29 12:29:02,857 [INFO] PluginManage:310 - Check plugin tutovideos
2024-02-29 12:29:03,063 [INFO] PluginManage:359 - Loaded plugin tutovideos (category:base,tabindex:-1)
2024-02-29 12:29:03,063 [INFO] PluginManage:310 - Check plugin updater
2024-02-29 12:29:03,076 [INFO] PluginManage:359 - Loaded plugin updater (category:base,tabindex:12)
2024-02-29 12:29:03,076 [INFO] PluginManage:310 - Check plugin userauth
2024-02-29 12:29:03,081 [INFO] UserAuth:113 - Init User Auth plugin
2024-02-29 12:29:03,081 [INFO] PluginManage:359 - Loaded plugin userauth (category:base,tabindex:14)
2024-02-29 12:29:03,081 [INFO] PluginManage:283 - PluginManage : Loaded plugins [17]
2024-02-29 12:29:03,303 [INFO] PinOutPanel:1499 - setPackage(No Configuration,No Configuration)
2024-02-29 12:29:03,409 [INFO] CADModel:165 - CPN selected for project level
2024-02-29 12:29:03,409 [INFO] CADModel:114 - Register for checkConnection events
2024-02-29 12:29:03,432 [INFO] IPUIPlugin:80 - create IPUIPlugin
2024-02-29 12:29:03,432 [INFO] PluginManager:220 - loadIPPluginJar : add adc
2024-02-29 12:29:03,461 [INFO] IPUIPlugin:80 - create IPUIPlugin
2024-02-29 12:29:03,461 [INFO] PluginManager:220 - loadIPPluginJar : add aes
2024-02-29 12:29:03,501 [INFO] IPUIPlugin:80 - create IPUIPlugin
2024-02-29 12:29:03,501 [INFO] PluginManager:220 - loadIPPluginJar : add can
2024-02-29 12:29:03,523 [INFO] IPUIPlugin:80 - create IPUIPlugin
2024-02-29 12:29:03,523 [INFO] PluginManager:220 - loadIPPluginJar : add comp
2024-02-29 12:29:03,554 [INFO] IPUIPlugin:80 - create IPUIPlugin
2024-02-29 12:29:03,554 [INFO] PluginManager:220 - loadIPPluginJar : add cryp
2024-02-29 12:29:03,581 [INFO] IPUIPlugin:80 - create IPUIPlugin
2024-02-29 12:29:03,581 [INFO] PluginManager:220 - loadIPPluginJar : add dfsdm
2024-02-29 12:29:03,595 [INFO] IPUIPlugin:80 - create IPUIPlugin
2024-02-29 12:29:03,596 [INFO] PluginManager:220 - loadIPPluginJar : add dma
2024-02-29 12:29:03,632 [INFO] IPUIPlugin:80 - create IPUIPlugin
2024-02-29 12:29:03,633 [INFO] PluginManager:220 - loadIPPluginJar : add dma3
2024-02-29 12:29:03,651 [INFO] IPUIPlugin:80 - create IPUIPlugin
2024-02-29 12:29:03,651 [INFO] PluginManager:220 - loadIPPluginJar : add fatfs
2024-02-29 12:29:03,696 [INFO] IPUIPlugin:80 - create IPUIPlugin
2024-02-29 12:29:03,696 [INFO] PluginManager:220 - loadIPPluginJar : add fmc
2024-02-29 12:29:03,710 [INFO] IPUIPlugin:80 - create IPUIPlugin
2024-02-29 12:29:03,710 [INFO] PluginManager:220 - loadIPPluginJar : add freertos
2024-02-29 12:29:03,729 [INFO] IPUIPlugin:80 - create IPUIPlugin
2024-02-29 12:29:03,730 [INFO] PluginManager:220 - loadIPPluginJar : add genericplugin
2024-02-29 12:29:03,815 [INFO] IPUIPlugin:80 - create IPUIPlugin
2024-02-29 12:29:03,816 [INFO] PluginManager:220 - loadIPPluginJar : add gfxmmu
2024-02-29 12:29:03,931 [INFO] IPUIPlugin:80 - create IPUIPlugin
2024-02-29 12:29:03,931 [INFO] PluginManager:220 - loadIPPluginJar : add gic
2024-02-29 12:29:03,946 [INFO] IPUIPlugin:80 - create IPUIPlugin
2024-02-29 12:29:03,946 [INFO] PluginManager:220 - loadIPPluginJar : add gpio
2024-02-29 12:29:04,038 [INFO] IPUIPlugin:80 - create IPUIPlugin
2024-02-29 12:29:04,038 [INFO] PluginManager:220 - loadIPPluginJar : add gtzc
2024-02-29 12:29:04,066 [INFO] IPUIPlugin:80 - create IPUIPlugin
2024-02-29 12:29:04,066 [INFO] PluginManager:220 - loadIPPluginJar : add hash
2024-02-29 12:29:04,115 [INFO] IPUIPlugin:80 - create IPUIPlugin
2024-02-29 12:29:04,115 [INFO] PluginManager:220 - loadIPPluginJar : add i2c
2024-02-29 12:29:04,155 [INFO] IPUIPlugin:80 - create IPUIPlugin
2024-02-29 12:29:04,155 [INFO] PluginManager:220 - loadIPPluginJar : add i2s
2024-02-29 12:29:04,194 [INFO] IPUIPlugin:80 - create IPUIPlugin
2024-02-29 12:29:04,194 [INFO] PluginManager:220 - loadIPPluginJar : add i3c
2024-02-29 12:29:04,299 [INFO] IPUIPlugin:80 - create IPUIPlugin
2024-02-29 12:29:04,299 [INFO] PluginManager:220 - loadIPPluginJar : add ipddr
2024-02-29 12:29:04,392 [INFO] IPUIPlugin:80 - create IPUIPlugin
2024-02-29 12:29:04,392 [INFO] PluginManager:220 - loadIPPluginJar : add linkedlist
2024-02-29 12:29:04,424 [INFO] IPUIPlugin:80 - create IPUIPlugin
2024-02-29 12:29:04,424 [INFO] PluginManager:220 - loadIPPluginJar : add lorawan
2024-02-29 12:29:04,461 [INFO] IPUIPlugin:80 - create IPUIPlugin
2024-02-29 12:29:04,461 [INFO] PluginManager:220 - loadIPPluginJar : add ltdc
2024-02-29 12:29:04,477 [INFO] IPUIPlugin:80 - create IPUIPlugin
2024-02-29 12:29:04,477 [INFO] PluginManager:220 - loadIPPluginJar : add mdma
2024-02-29 12:29:04,489 [INFO] IPUIPlugin:80 - create IPUIPlugin
2024-02-29 12:29:04,489 [INFO] PluginManager:220 - loadIPPluginJar : add nvic
2024-02-29 12:29:04,528 [INFO] IPUIPlugin:80 - create IPUIPlugin
2024-02-29 12:29:04,528 [INFO] PluginManager:220 - loadIPPluginJar : add opamp
2024-02-29 12:29:04,579 [INFO] IPUIPlugin:80 - create IPUIPlugin
2024-02-29 12:29:04,579 [INFO] PluginManager:220 - loadIPPluginJar : add openamp
2024-02-29 12:29:04,621 [INFO] IPUIPlugin:80 - create IPUIPlugin
2024-02-29 12:29:04,621 [INFO] PluginManager:220 - loadIPPluginJar : add pdm2pcm
2024-02-29 12:29:04,635 [INFO] IPUIPlugin:80 - create IPUIPlugin
2024-02-29 12:29:04,637 [INFO] PluginManager:220 - loadIPPluginJar : add plateformsettings
2024-02-29 12:29:04,658 [INFO] IPUIPlugin:80 - create IPUIPlugin
2024-02-29 12:29:04,658 [INFO] PluginManager:220 - loadIPPluginJar : add quadspi
2024-02-29 12:29:04,670 [INFO] IPUIPlugin:80 - create IPUIPlugin
2024-02-29 12:29:04,670 [INFO] PluginManager:220 - loadIPPluginJar : add resmgrutility
2024-02-29 12:29:04,716 [INFO] IPUIPlugin:80 - create IPUIPlugin
2024-02-29 12:29:04,716 [INFO] PluginManager:220 - loadIPPluginJar : add sai
2024-02-29 12:29:04,751 [INFO] IPUIPlugin:80 - create IPUIPlugin
2024-02-29 12:29:04,751 [INFO] PluginManager:220 - loadIPPluginJar : add spi
2024-02-29 12:29:04,805 [INFO] IPUIPlugin:80 - create IPUIPlugin
2024-02-29 12:29:04,805 [INFO] PluginManager:220 - loadIPPluginJar : add stm32_wpan
2024-02-29 12:29:04,824 [INFO] IPUIPlugin:80 - create IPUIPlugin
2024-02-29 12:29:04,824 [INFO] PluginManager:220 - loadIPPluginJar : add tim
2024-02-29 12:29:04,871 [INFO] IPUIPlugin:80 - create IPUIPlugin
2024-02-29 12:29:04,871 [INFO] PluginManager:220 - loadIPPluginJar : add touchsensing
2024-02-29 12:29:04,891 [INFO] IPUIPlugin:80 - create IPUIPlugin
2024-02-29 12:29:04,891 [INFO] PluginManager:220 - loadIPPluginJar : add tracer_emb
2024-02-29 12:29:04,912 [INFO] IPUIPlugin:80 - create IPUIPlugin
2024-02-29 12:29:04,913 [INFO] PluginManager:220 - loadIPPluginJar : add ts
2024-02-29 12:29:04,939 [INFO] IPUIPlugin:80 - create IPUIPlugin
2024-02-29 12:29:04,939 [INFO] PluginManager:220 - loadIPPluginJar : add tsc
2024-02-29 12:29:04,959 [INFO] IPUIPlugin:80 - create IPUIPlugin
2024-02-29 12:29:04,959 [INFO] PluginManager:220 - loadIPPluginJar : add ucpd
2024-02-29 12:29:05,002 [INFO] IPUIPlugin:80 - create IPUIPlugin
2024-02-29 12:29:05,003 [INFO] PluginManager:220 - loadIPPluginJar : add usart
2024-02-29 12:29:05,044 [INFO] IPUIPlugin:80 - create IPUIPlugin
2024-02-29 12:29:05,044 [INFO] PluginManager:220 - loadIPPluginJar : add usbx
2024-02-29 12:29:05,174 [INFO] CADModel:165 - CPN selected for project level
2024-02-29 12:29:05,175 [INFO] CADModel:114 - Register for checkConnection events
2024-02-29 12:29:05,175 [FATAL] Updater:308 - Updater called before beeing initialized
2024-02-29 12:29:05,175 [ERROR] CADModel:125 - Updater not yet initialized, retry later 
2024-02-29 12:29:05,348 [INFO] CADModel:165 - CPN selected for project level
2024-02-29 12:29:05,348 [INFO] CADModel:114 - Register for checkConnection events
2024-02-29 12:29:05,348 [FATAL] Updater:308 - Updater called before beeing initialized
2024-02-29 12:29:05,348 [ERROR] CADModel:125 - Updater not yet initialized, retry later 
2024-02-29 12:29:05,353 [FATAL] Updater:308 - Updater called before beeing initialized
2024-02-29 12:29:05,468 [FATAL] Updater:308 - Updater called before beeing initialized
2024-02-29 12:29:05,477 [INFO] DbMcusAds:53 - JSON generation date=Wed Nov 29 19:52:27 KST 2023 (1701255147349)
2024-02-29 12:29:05,478 [FATAL] Updater:308 - Updater called before beeing initialized
2024-02-29 12:29:05,559 [WARN] DetailPanel:346 - Failed to get advertising image, set to default
2024-02-29 12:29:05,710 [FATAL] Updater:308 - Updater called before beeing initialized
2024-02-29 12:29:05,712 [FATAL] Updater:308 - Updater called before beeing initialized
2024-02-29 12:29:05,713 [FATAL] Updater:308 - Updater called before beeing initialized
2024-02-29 12:29:05,713 [WARN] DetailPanel:346 - Failed to get advertising image, set to default
2024-02-29 12:29:05,714 [FATAL] Updater:308 - Updater called before beeing initialized
2024-02-29 12:29:05,797 [ERROR] Updater:1120 - MainUpdater not yet initialized. External WinMGr cannot be set.
2024-02-29 12:29:05,807 [INFO] Updater:1056 - Updater Version found : 6.9.2
2024-02-29 12:29:05,823 [INFO] ThirdPartyUpdaterWithRetryManager:70 - Updater plugin not ready yet. [2/15]
2024-02-29 12:29:05,824 [INFO] ApplicationProperties:184 - Using Application install path: C:\ST\STM32CubeIDE_1.13.2\STM32CubeIDE\plugins\com.st.stm32cube.common.mx_6.9.2.202309101412
2024-02-29 12:29:06,061 [INFO] MainUpdater:2868 - connection check result : 10
2024-02-29 12:29:06,063 [INFO] MainUpdater:285 - Updater Check For Update Now.
2024-02-29 12:29:06,063 [INFO] MicroXplorer:498 - Change Database Version : DB.6.0.92
2024-02-29 12:29:06,086 [INFO] McuFinderGlobals:63 - Set McuFinder mode to 2 (CubeIDE integrated)
2024-02-29 12:29:06,086 [INFO] UserAuth:179 - activating auth plugin
2024-02-29 12:29:06,089 [INFO] UserAuth:393 - Internet connection configuration mode: 1
2024-02-29 12:29:06,131 [INFO] JxBrowserEngine:151 - Initiate JxBrowser Engine with user profile folder
2024-02-29 12:29:06,278 [INFO] CheckServerUpdateThread:120 - End of CheckServer Thread
2024-02-29 12:29:08,696 [INFO] WebApp:157 - Instantiating new browser for Auth
2024-02-29 12:29:09,076 [WARN] PackLoader:240 - Cannot read IP mode file for STMicroelectronics.X-CUBE-SMBUS.2.1.0
2024-02-29 12:29:09,096 [WARN] PackLoader:240 - Cannot read IP mode file for STMicroelectronics.X-CUBE-TOUCHGFX.4.23.0
2024-02-29 12:29:09,161 [WARN] PackLoader:240 - Cannot read IP mode file for STMicroelectronics.X-CUBE-AZRTOS-F7.1.1.0
2024-02-29 12:29:09,182 [WARN] PackLoader:240 - Cannot read IP mode file for STMicroelectronics.FP-SNS-MOTENV1.4.3.2
2024-02-29 12:29:09,200 [WARN] PackLoader:240 - Cannot read IP mode file for STMicroelectronics.FP-SNS-FLIGHT1.5.0.2
2024-02-29 12:29:09,222 [WARN] PackLoader:240 - Cannot read IP mode file for STMicroelectronics.X-CUBE-DISPLAY.3.0.0
2024-02-29 12:29:09,248 [WARN] PackLoader:240 - Cannot read IP mode file for STMicroelectronics.X-CUBE-BLE1.7.0.0
2024-02-29 12:29:09,265 [WARN] PackLoader:240 - Cannot read IP mode file for emotas.I-CUBE-CANOPEN.1.3.0
2024-02-29 12:29:09,278 [WARN] PackLoader:240 - Cannot read IP mode file for STMicroelectronics.X-CUBE-TOUCHGFX.4.22.1
2024-02-29 12:29:09,300 [WARN] PackLoader:240 - Cannot read IP mode file for STMicroelectronics.FP-SNS-SMARTAG2.1.2.0
2024-02-29 12:29:09,334 [INFO] LogOutputStream:77 - [STDOUT_REDIRECT] 1 : Invalid condition id : UX_CORESTACK_Condition cause : null
2024-02-29 12:29:09,337 [INFO] LogOutputStream:77 - [STDOUT_REDIRECT] 1 : Invalid condition id : UX_CORESTACK_Condition cause : null
2024-02-29 12:29:09,340 [INFO] LogOutputStream:77 - [STDOUT_REDIRECT] 1 : Invalid condition id : UX_CORESTACK_Condition cause : null
2024-02-29 12:29:09,344 [INFO] LogOutputStream:77 - [STDOUT_REDIRECT] 1 : Invalid condition id : UX_CORESTACK_Condition cause : null
2024-02-29 12:29:09,347 [INFO] LogOutputStream:77 - [STDOUT_REDIRECT] 1 : Invalid condition id : UX_CORESTACK_Condition cause : null
2024-02-29 12:29:09,354 [WARN] PackLoader:240 - Cannot read IP mode file for STMicroelectronics.X-CUBE-AZRTOS-WL.2.0.0
2024-02-29 12:29:09,377 [WARN] PackLoader:240 - Cannot read IP mode file for WES.I-CUBE-Cesium.1.3.0
2024-02-29 12:29:09,402 [WARN] PackLoader:240 - Cannot read IP mode file for STMicroelectronics.X-CUBE-BLE2.3.3.0
2024-02-29 12:29:09,426 [WARN] PackLoader:240 - Cannot read IP mode file for STMicroelectronics.X-CUBE-ALGOBUILD.1.3.0
2024-02-29 12:29:09,469 [WARN] PackLoader:240 - Cannot read IP mode file for STMicroelectronics.X-CUBE-AZRTOS-G0.1.1.0
2024-02-29 12:29:09,485 [WARN] PackLoader:240 - Cannot read IP mode file for STMicroelectronics.X-CUBE-NFC4.3.0.0
2024-02-29 12:29:09,504 [WARN] PackLoader:240 - Cannot read IP mode file for STMicroelectronics.X-CUBE-BLEMGR.3.0.0
2024-02-29 12:29:09,520 [WARN] PackLoader:240 - Cannot read IP mode file for STMicroelectronics.FP-ATR-SIGFOX1.3.2.0
2024-02-29 12:29:09,533 [WARN] PackLoader:240 - Cannot read IP mode file for STMicroelectronics.X-CUBE-EEPRMA1.5.1.0
2024-02-29 12:29:09,577 [WARN] PackLoader:240 - Cannot read IP mode file for SEGGER.I-CUBE-embOS.1.3.1
2024-02-29 12:29:09,625 [WARN] PackLoader:240 - Cannot read IP mode file for STMicroelectronics.X-CUBE-GNSS1.6.0.0
2024-02-29 12:29:09,661 [WARN] PackLoader:240 - Cannot read IP mode file for STMicroelectronics.X-CUBE-AZRTOS-F4.1.1.0
2024-02-29 12:29:09,689 [WARN] PackLoader:240 - Cannot read IP mode file for wolfSSL.I-CUBE-wolfSSL.5.6.4
2024-02-29 12:29:09,748 [WARN] PackLoader:240 - Cannot read IP mode file for STMicroelectronics.X-CUBE-AZRTOS-L5.2.0.0
2024-02-29 12:29:09,755 [INFO] WebApp:753 - Register for checkConnection events
2024-02-29 12:29:09,755 [INFO] WebApp:390 - Apply proxy settings
2024-02-29 12:29:09,755 [INFO] WebApp:475 - Chromium requires no authentication
2024-02-29 12:29:09,789 [WARN] PackLoader:240 - Cannot read IP mode file for STMicroelectronics.X-CUBE-EEPRMA1.4.2.0
2024-02-29 12:29:09,791 [INFO] WebApp:418 - Direct internet connection detected
2024-02-29 12:29:09,814 [WARN] PackLoader:240 - Cannot read IP mode file for ITTIA_DB.I-CUBE-ITTIADB.8.8.0
2024-02-29 12:29:09,862 [WARN] ConditionMgr:438 - getConditionDescription Invalid condition id : UX DEVICE CLASS RTOS Condition cause : null
2024-02-29 12:29:09,862 [WARN] ConditionMgr:438 - getConditionDescription Invalid condition id : UX DEVICE CLASS RTOS Condition cause : null
2024-02-29 12:29:09,867 [WARN] PackLoader:240 - Cannot read IP mode file for STMicroelectronics.X-CUBE-AZRTOS-H7.3.1.0
2024-02-29 12:29:09,869 [WARN] ConditionMgr:1039 - genDependencies : Invalid condition id : UX DEVICE CLASS RTOS Condition cause : null
2024-02-29 12:29:09,869 [WARN] ConditionMgr:1039 - genDependencies : Invalid condition id : UX DEVICE CLASS RTOS Condition cause : null
2024-02-29 12:29:09,870 [WARN] ConditionMgr:1039 - genDependencies : Invalid condition id : UX DEVICE CLASS RTOS Condition cause : null
2024-02-29 12:29:09,870 [WARN] ConditionMgr:1039 - genDependencies : Invalid condition id : UX DEVICE CLASS RTOS Condition cause : null
2024-02-29 12:29:09,871 [WARN] ConditionMgr:1039 - genDependencies : Invalid condition id : UX DEVICE CLASS RTOS Condition cause : null
2024-02-29 12:29:09,889 [WARN] PackLoader:240 - Cannot read IP mode file for STMicroelectronics.X-CUBE-NFC7.1.0.1
2024-02-29 12:29:09,908 [WARN] PackLoader:240 - Cannot read IP mode file for STMicroelectronics.X-CUBE-NFC6.3.0.0
2024-02-29 12:29:09,927 [WARN] PackLoader:240 - Cannot read IP mode file for STMicroelectronics.X-CUBE-AI.8.1.0
2024-02-29 12:29:09,973 [WARN] ConditionMgr:438 - getConditionDescription Invalid condition id : LAN8742 Phy interface Condition cause : null
2024-02-29 12:29:09,974 [WARN] PackLoader:240 - Cannot read IP mode file for STMicroelectronics.X-CUBE-AZRTOS-L4.2.0.0
2024-02-29 12:29:09,975 [WARN] ConditionMgr:1039 - genDependencies : Invalid condition id : LAN8742 Phy interface Condition cause : null
2024-02-29 12:29:09,975 [WARN] ConditionMgr:1039 - genDependencies : Invalid condition id : LAN8742 Phy interface Condition cause : null
2024-02-29 12:29:09,976 [WARN] ConditionMgr:1039 - genDependencies : Invalid condition id : LAN8742 Phy interface Condition cause : null
2024-02-29 12:29:09,993 [WARN] PackLoader:240 - Cannot read IP mode file for STMicroelectronics.X-CUBE-SFXS2LP1.4.0.0
2024-02-29 12:29:10,006 [WARN] PackLoader:240 - Cannot read IP mode file for STMicroelectronics.X-CUBE-ISPU.1.1.0
2024-02-29 12:29:10,031 [WARN] ConditionMgr:438 - getConditionDescription Invalid condition id : UX DEVICE CLASS RTOS Condition cause : null
2024-02-29 12:29:10,031 [WARN] ConditionMgr:438 - getConditionDescription Invalid condition id : UX DEVICE CLASS RTOS Condition cause : null
2024-02-29 12:29:10,033 [WARN] PackLoader:240 - Cannot read IP mode file for STMicroelectronics.X-CUBE-AZRTOS-WB.2.0.0
2024-02-29 12:29:10,034 [WARN] ConditionMgr:1039 - genDependencies : Invalid condition id : UX DEVICE CLASS RTOS Condition cause : null
2024-02-29 12:29:10,034 [WARN] ConditionMgr:1039 - genDependencies : Invalid condition id : UX DEVICE CLASS RTOS Condition cause : null
2024-02-29 12:29:10,035 [WARN] ConditionMgr:1039 - genDependencies : Invalid condition id : UX DEVICE CLASS RTOS Condition cause : null
2024-02-29 12:29:10,035 [WARN] ConditionMgr:1039 - genDependencies : Invalid condition id : UX DEVICE CLASS RTOS Condition cause : null
2024-02-29 12:29:10,035 [WARN] ConditionMgr:1039 - genDependencies : Invalid condition id : UX DEVICE CLASS RTOS Condition cause : null
2024-02-29 12:29:10,056 [WARN] PackLoader:240 - Cannot read IP mode file for STMicroelectronics.X-CUBE-SUBG2.5.0.0
2024-02-29 12:29:10,080 [WARN] PackLoader:240 - Cannot read IP mode file for STMicroelectronics.X-CUBE-TOF1.3.3.1
2024-02-29 12:29:10,120 [WARN] PackLoader:240 - Cannot read IP mode file for STMicroelectronics.X-CUBE-AZRTOS-G4.2.0.0
2024-02-29 12:29:10,145 [INFO] WebApp:188 - Starting web application
2024-02-29 12:29:10,145 [INFO] WebApp:520 - Web application path used C:\ST\STM32CubeIDE_1.13.2\STM32CubeIDE\plugins\com.st.stm32cube.common.mx_6.9.2.202309101412\db\plugins\mcufinder\reactClient1\index.html
2024-02-29 12:29:10,155 [WARN] PackLoader:240 - Cannot read IP mode file for Infineon.AIROC-Wi-Fi-Bluetooth-STM32.1.5.1
2024-02-29 12:29:10,177 [WARN] PackLoader:240 - Cannot read IP mode file for STMicroelectronics.FP-SNS-MOTENVWB1.1.3.0
2024-02-29 12:29:10,196 [WARN] PackLoader:240 - Cannot read IP mode file for STMicroelectronics.FP-SNS-MOTENVWB1.1.3.1
2024-02-29 12:29:10,211 [WARN] PackLoader:240 - Cannot read IP mode file for STMicroelectronics.X-CUBE-ISPU.2.0.0
2024-02-29 12:29:10,278 [WARN] PackLoader:240 - Cannot read IP mode file for STMicroelectronics.X-CUBE-MEMS1.10.0.0
2024-02-29 12:29:10,455 [WARN] PackLoader:240 - Cannot read IP mode file for STMicroelectronics.X-CUBE-FREERTOS.1.1.0
2024-02-29 12:29:10,480 [WARN] PackLoader:240 - Cannot read IP mode file for portGmbH.I-Cube-SoM-uGOAL.1.1.0
2024-02-29 12:29:10,497 [WARN] PackLoader:240 - Cannot read IP mode file for STMicroelectronics.X-CUBE-ALS.1.0.1
2024-02-29 12:29:10,519 [WARN] PackLoader:240 - Cannot read IP mode file for STMicroelectronics.FP-ATR-ASTRA1.2.0.0
2024-02-29 12:29:10,561 [WARN] PackLoader:240 - Cannot read IP mode file for STMicroelectronics.X-CUBE-TOF1.3.4.0
2024-02-29 12:29:10,623 [WARN] PackLoader:240 - Cannot read IP mode file for STMicroelectronics.X-CUBE-AZRTOS-H7.3.2.0
2024-02-29 12:29:10,626 [INFO] ThirdParty:978 - Integrity check success = true
2024-02-29 12:29:10,626 [INFO] IntegrityCheckThread:100 - exiting critical section [integrity check]
2024-02-29 12:29:10,626 [INFO] IntegrityCheckThread:103 - End integrity checks thread
2024-02-29 12:29:31,623 [ERROR] LogOutputStream:75 - [STDERR_REDIRECT] SLF4J: Failed to load class "org.slf4j.impl.StaticLoggerBinder".
2024-02-29 12:29:31,624 [ERROR] LogOutputStream:75 - [STDERR_REDIRECT] SLF4J: Defaulting to no-operation (NOP) logger implementation
2024-02-29 12:29:31,627 [ERROR] LogOutputStream:75 - [STDERR_REDIRECT] SLF4J: See http://www.slf4j.org/codes.html#StaticLoggerBinder for further details.
2024-02-29 17:33:30,349 [ERROR] LogOutputStream:75 - [STDERR_REDIRECT] 
2024-02-29 17:48:16,736 [INFO] Activator:176 - 


2024-02-29 17:48:16,738 [INFO] Activator:177 - !SESSION log4j initialized
2024-02-29 17:48:23,437 [INFO] LogOutputStream:77 - [STDOUT_REDIRECT] 
2024-02-29 17:48:27,151 [INFO] ApplicationProperties:184 - Using Application install path: C:\ST\STM32CubeIDE_1.13.2\STM32CubeIDE\plugins\com.st.stm32cube.common.mx_6.9.2.202309101412
2024-02-29 17:48:27,176 [INFO] DbMcusXml:78 - Set database path to: C:\ST\STM32CubeIDE_1.13.2\STM32CubeIDE\plugins\com.st.stm32cube.common.mx_6.9.2.202309101412\\db\/mcu/
2024-02-29 17:48:27,176 [INFO] ApiDb:274 - Set plugin database path to: C:\ST\STM32CubeIDE_1.13.2\STM32CubeIDE\plugins\com.st.stm32cube.common.mx_6.9.2.202309101412\\db\/plugins/boardmanager/
2024-02-29 17:48:27,176 [WARN] ApiDb:259 - Overriding images path with different value:  => C:\ST\STM32CubeIDE_1.13.2\STM32CubeIDE\plugins\com.st.stm32cube.common.mx_6.9.2.202309101412\\db\/plugins/mcufinder/images/
2024-02-29 17:48:27,193 [INFO] ApiDb:250 - Set database path to: C:\Users\LeeJooho\.stmcufinder\plugins\mcufinder//mcu/
2024-02-29 17:48:27,195 [INFO] DbMcusAds:125 - Set database path to: C:\Users\LeeJooho\.stmcufinder\plugins\mcufinder//mcu/
2024-02-29 17:48:27,197 [INFO] CrossReferenceDbSqlite:203 - Set database path to: C:\Users\LeeJooho\.stmcufinder\plugins\mcufinder//mcu/cs/
2024-02-29 17:48:27,356 [INFO] RulesReader:64 - Compatibility file has been processed (293 Rules)
2024-02-29 17:48:27,478 [INFO] DbMcusXml:78 - Set database path to: C:\ST\STM32CubeIDE_1.13.2\STM32CubeIDE\plugins\com.st.stm32cube.common.mx_6.9.2.202309101412\\db\/mcu/
2024-02-29 17:48:27,478 [INFO] ApiDb:274 - Set plugin database path to: C:\ST\STM32CubeIDE_1.13.2\STM32CubeIDE\plugins\com.st.stm32cube.common.mx_6.9.2.202309101412\\db\/plugins/boardmanager/
2024-02-29 17:48:27,478 [INFO] ApiDb:261 - Set plugin images path to: C:\ST\STM32CubeIDE_1.13.2\STM32CubeIDE\plugins\com.st.stm32cube.common.mx_6.9.2.202309101412\\db\/plugins/mcufinder/images/
2024-02-29 17:48:27,479 [WARN] DbFile:41 - Overriding database path with different value: C:\Users\LeeJooho\.stmcufinder\plugins\mcufinder/ => C:\Users\LeeJooho\.stmcufinder\plugins\mcufinder
2024-02-29 17:48:27,479 [INFO] ApiDb:250 - Set database path to: C:\Users\LeeJooho\.stmcufinder\plugins\mcufinder//mcu/
2024-02-29 17:48:27,479 [WARN] DbFile:41 - Overriding database path with different value: C:\Users\LeeJooho\.stmcufinder\plugins\mcufinder/ => C:\Users\LeeJooho\.stmcufinder\plugins\mcufinder
2024-02-29 17:48:27,479 [INFO] DbMcusAds:125 - Set database path to: C:\Users\LeeJooho\.stmcufinder\plugins\mcufinder//mcu/
2024-02-29 17:48:27,479 [WARN] DbFile:41 - Overriding database path with different value: C:\Users\LeeJooho\.stmcufinder\plugins\mcufinder/ => C:\Users\LeeJooho\.stmcufinder\plugins\mcufinder
2024-02-29 17:48:27,479 [WARN] DbFile:41 - Overriding database path with different value: C:\Users\LeeJooho\.stmcufinder\plugins\mcufinder/ => C:\Users\LeeJooho\.stmcufinder\plugins\mcufinder
2024-02-29 17:48:27,479 [INFO] CrossReferenceDbSqlite:203 - Set database path to: C:\Users\LeeJooho\.stmcufinder\plugins\mcufinder//mcu/cs/
2024-02-29 17:48:27,600 [INFO] MainPanel:262 - HeapMemory: 268435456
2024-02-29 17:48:27,745 [INFO] DbMcusXml:78 - Set database path to: C:\ST\STM32CubeIDE_1.13.2\STM32CubeIDE\plugins\com.st.stm32cube.common.mx_6.9.2.202309101412\\db\/mcu/
2024-02-29 17:48:27,745 [INFO] ApiDb:274 - Set plugin database path to: C:\ST\STM32CubeIDE_1.13.2\STM32CubeIDE\plugins\com.st.stm32cube.common.mx_6.9.2.202309101412\\db\/plugins/boardmanager/
2024-02-29 17:48:27,745 [INFO] ApiDb:261 - Set plugin images path to: C:\ST\STM32CubeIDE_1.13.2\STM32CubeIDE\plugins\com.st.stm32cube.common.mx_6.9.2.202309101412\\db\/plugins/mcufinder/images/
2024-02-29 17:48:27,746 [WARN] DbFile:41 - Overriding database path with different value: C:\Users\LeeJooho\.stmcufinder\plugins\mcufinder/ => C:\Users\LeeJooho\.stmcufinder\plugins\mcufinder
2024-02-29 17:48:27,746 [INFO] ApiDb:250 - Set database path to: C:\Users\LeeJooho\.stmcufinder\plugins\mcufinder//mcu/
2024-02-29 17:48:27,746 [WARN] DbFile:41 - Overriding database path with different value: C:\Users\LeeJooho\.stmcufinder\plugins\mcufinder/ => C:\Users\LeeJooho\.stmcufinder\plugins\mcufinder
2024-02-29 17:48:27,746 [INFO] DbMcusAds:125 - Set database path to: C:\Users\LeeJooho\.stmcufinder\plugins\mcufinder//mcu/
2024-02-29 17:48:27,746 [WARN] DbFile:41 - Overriding database path with different value: C:\Users\LeeJooho\.stmcufinder\plugins\mcufinder/ => C:\Users\LeeJooho\.stmcufinder\plugins\mcufinder
2024-02-29 17:48:27,746 [WARN] DbFile:41 - Overriding database path with different value: C:\Users\LeeJooho\.stmcufinder\plugins\mcufinder/ => C:\Users\LeeJooho\.stmcufinder\plugins\mcufinder
2024-02-29 17:48:27,746 [INFO] CrossReferenceDbSqlite:203 - Set database path to: C:\Users\LeeJooho\.stmcufinder\plugins\mcufinder//mcu/cs/
2024-02-29 17:48:27,780 [INFO] ApplicationProperties:184 - Using Application install path: C:\ST\STM32CubeIDE_1.13.2\STM32CubeIDE\plugins\com.st.stm32cube.common.mx_6.9.2.202309101412
2024-02-29 17:48:27,782 [INFO] PluginManage:196 - Search for loadable plugins [exclusion list=, ]
2024-02-29 17:48:27,784 [INFO] PluginManage:310 - Check plugin analytics
2024-02-29 17:48:28,056 [INFO] AnalyticsPlugin:253 - Accepted Software Licenses: 
2024-02-29 17:48:28,056 [INFO] AnalyticsPlugin:255 - Accepted CMSIS Pack Licenses: 
2024-02-29 17:48:28,057 [INFO] AnalyticsPlugin:257 - Accepted Firmware Licenses: 
2024-02-29 17:48:28,061 [INFO] PluginManage:359 - Loaded plugin analytics (category:tool,tabindex:-1)
2024-02-29 17:48:28,061 [INFO] PluginManage:310 - Check plugin cadmodel
2024-02-29 17:48:28,068 [INFO] CADModel:105 - Init CAD model plugin
2024-02-29 17:48:28,068 [INFO] PluginManage:359 - Loaded plugin cadmodel (category:power,tabindex:5)
2024-02-29 17:48:28,068 [INFO] PluginManage:310 - Check plugin clock
2024-02-29 17:48:28,083 [INFO] PluginManage:359 - Loaded plugin clock (category:base,tabindex:2)
2024-02-29 17:48:28,084 [INFO] PluginManage:310 - Check plugin ddr
2024-02-29 17:48:28,087 [INFO] PluginManage:359 - Loaded plugin ddr (category:tool,tabindex:6)
2024-02-29 17:48:28,087 [INFO] PluginManage:310 - Check plugin filemanager
2024-02-29 17:48:28,287 [INFO] PluginManage:359 - Loaded plugin filemanager (category:base,tabindex:10)
2024-02-29 17:48:28,287 [INFO] PluginManage:310 - Check plugin ipmanager
2024-02-29 17:48:28,298 [INFO] PluginManage:359 - Loaded plugin ipmanager (category:base,tabindex:5)
2024-02-29 17:48:28,298 [INFO] PluginManage:310 - Check plugin lpbam
2024-02-29 17:48:28,312 [INFO] PluginManage:359 - Loaded plugin lpbam (category:base,tabindex:0)
2024-02-29 17:48:28,312 [INFO] PluginManage:310 - Check plugin memorymap
2024-02-29 17:48:28,337 [INFO] PluginManage:359 - Loaded plugin memorymap (category:base,tabindex:4)
2024-02-29 17:48:28,337 [INFO] PluginManage:310 - Check plugin pinoutandconfiguration
2024-02-29 17:48:28,348 [INFO] PluginManage:359 - Loaded plugin pinoutandconfiguration (category:base,tabindex:1)
2024-02-29 17:48:28,349 [INFO] PluginManage:310 - Check plugin pinoutconfig
2024-02-29 17:48:28,474 [WARN] SupportedApi:132 - Cannot load RTOS API schema: s4s-elt-must-match.1: The content of 'definitions' must match (annotation?, (simpleType | complexType)?, (unique | key | keyref)*)). A problem was found starting at: attribute.
2024-02-29 17:48:28,711 [INFO] PluginManage:359 - Loaded plugin pinoutconfig (category:base,tabindex:0)
2024-02-29 17:48:28,711 [INFO] PluginManage:310 - Check plugin power
2024-02-29 17:48:28,746 [INFO] PluginManage:359 - Loaded plugin power (category:power,tabindex:4)
2024-02-29 17:48:28,746 [INFO] PluginManage:310 - Check plugin projectmanager
2024-02-29 17:48:28,770 [INFO] PluginManage:359 - Loaded plugin projectmanager (category:projectmanager,tabindex:3)
2024-02-29 17:48:28,772 [INFO] PluginManage:310 - Check plugin thirdparty
2024-02-29 17:48:28,959 [WARN] IntegrityCheckThread:84 - waiting for thirdparty lock release [integrity check]
2024-02-29 17:48:28,959 [INFO] PluginManage:359 - Loaded plugin thirdparty (category:base,tabindex:-1)
2024-02-29 17:48:28,960 [INFO] IntegrityCheckThread:86 - entering critical section [integrity check]
2024-02-29 17:48:28,960 [INFO] PluginManage:310 - Check plugin tools
2024-02-29 17:48:28,960 [INFO] ThirdPartyUpdaterWithRetryManager:70 - Updater plugin not ready yet. [1/15]
2024-02-29 17:48:28,963 [INFO] PluginManage:359 - Loaded plugin tools (category:base,tabindex:7)
2024-02-29 17:48:28,963 [INFO] PluginManage:310 - Check plugin tutovideos
2024-02-29 17:48:29,240 [INFO] PluginManage:359 - Loaded plugin tutovideos (category:base,tabindex:-1)
2024-02-29 17:48:29,240 [INFO] PluginManage:310 - Check plugin updater
2024-02-29 17:48:29,254 [INFO] PluginManage:359 - Loaded plugin updater (category:base,tabindex:12)
2024-02-29 17:48:29,254 [INFO] PluginManage:310 - Check plugin userauth
2024-02-29 17:48:29,261 [INFO] UserAuth:113 - Init User Auth plugin
2024-02-29 17:48:29,261 [INFO] PluginManage:359 - Loaded plugin userauth (category:base,tabindex:14)
2024-02-29 17:48:29,262 [INFO] PluginManage:283 - PluginManage : Loaded plugins [17]
2024-02-29 17:48:29,625 [INFO] PinOutPanel:1499 - setPackage(No Configuration,No Configuration)
2024-02-29 17:48:29,799 [INFO] CADModel:165 - CPN selected for project level
2024-02-29 17:48:29,799 [INFO] CADModel:114 - Register for checkConnection events
2024-02-29 17:48:29,829 [INFO] IPUIPlugin:80 - create IPUIPlugin
2024-02-29 17:48:29,830 [INFO] PluginManager:220 - loadIPPluginJar : add adc
2024-02-29 17:48:29,833 [INFO] IPUIPlugin:80 - create IPUIPlugin
2024-02-29 17:48:29,833 [INFO] PluginManager:220 - loadIPPluginJar : add aes
2024-02-29 17:48:29,838 [INFO] IPUIPlugin:80 - create IPUIPlugin
2024-02-29 17:48:29,838 [INFO] PluginManager:220 - loadIPPluginJar : add can
2024-02-29 17:48:29,840 [INFO] IPUIPlugin:80 - create IPUIPlugin
2024-02-29 17:48:29,841 [INFO] PluginManager:220 - loadIPPluginJar : add comp
2024-02-29 17:48:29,845 [INFO] IPUIPlugin:80 - create IPUIPlugin
2024-02-29 17:48:29,845 [INFO] PluginManager:220 - loadIPPluginJar : add cryp
2024-02-29 17:48:29,849 [INFO] IPUIPlugin:80 - create IPUIPlugin
2024-02-29 17:48:29,850 [INFO] PluginManager:220 - loadIPPluginJar : add dfsdm
2024-02-29 17:48:29,857 [INFO] IPUIPlugin:80 - create IPUIPlugin
2024-02-29 17:48:29,858 [INFO] PluginManager:220 - loadIPPluginJar : add dma
2024-02-29 17:48:29,861 [INFO] IPUIPlugin:80 - create IPUIPlugin
2024-02-29 17:48:29,862 [INFO] PluginManager:220 - loadIPPluginJar : add dma3
2024-02-29 17:48:29,865 [INFO] IPUIPlugin:80 - create IPUIPlugin
2024-02-29 17:48:29,865 [INFO] PluginManager:220 - loadIPPluginJar : add fatfs
2024-02-29 17:48:29,870 [INFO] IPUIPlugin:80 - create IPUIPlugin
2024-02-29 17:48:29,870 [INFO] PluginManager:220 - loadIPPluginJar : add fmc
2024-02-29 17:48:29,879 [INFO] IPUIPlugin:80 - create IPUIPlugin
2024-02-29 17:48:29,880 [INFO] PluginManager:220 - loadIPPluginJar : add freertos
2024-02-29 17:48:29,882 [INFO] IPUIPlugin:80 - create IPUIPlugin
2024-02-29 17:48:29,882 [INFO] PluginManager:220 - loadIPPluginJar : add genericplugin
2024-02-29 17:48:29,886 [INFO] IPUIPlugin:80 - create IPUIPlugin
2024-02-29 17:48:29,887 [INFO] PluginManager:220 - loadIPPluginJar : add gfxmmu
2024-02-29 17:48:29,892 [INFO] IPUIPlugin:80 - create IPUIPlugin
2024-02-29 17:48:29,892 [INFO] PluginManager:220 - loadIPPluginJar : add gic
2024-02-29 17:48:29,898 [INFO] IPUIPlugin:80 - create IPUIPlugin
2024-02-29 17:48:29,898 [INFO] PluginManager:220 - loadIPPluginJar : add gpio
2024-02-29 17:48:29,903 [INFO] IPUIPlugin:80 - create IPUIPlugin
2024-02-29 17:48:29,903 [INFO] PluginManager:220 - loadIPPluginJar : add gtzc
2024-02-29 17:48:29,906 [INFO] IPUIPlugin:80 - create IPUIPlugin
2024-02-29 17:48:29,907 [INFO] PluginManager:220 - loadIPPluginJar : add hash
2024-02-29 17:48:29,911 [INFO] IPUIPlugin:80 - create IPUIPlugin
2024-02-29 17:48:29,911 [INFO] PluginManager:220 - loadIPPluginJar : add i2c
2024-02-29 17:48:29,915 [INFO] IPUIPlugin:80 - create IPUIPlugin
2024-02-29 17:48:29,915 [INFO] PluginManager:220 - loadIPPluginJar : add i2s
2024-02-29 17:48:29,920 [INFO] IPUIPlugin:80 - create IPUIPlugin
2024-02-29 17:48:29,920 [INFO] PluginManager:220 - loadIPPluginJar : add i3c
2024-02-29 17:48:29,924 [INFO] IPUIPlugin:80 - create IPUIPlugin
2024-02-29 17:48:29,925 [INFO] PluginManager:220 - loadIPPluginJar : add ipddr
2024-02-29 17:48:29,933 [INFO] IPUIPlugin:80 - create IPUIPlugin
2024-02-29 17:48:29,934 [INFO] PluginManager:220 - loadIPPluginJar : add linkedlist
2024-02-29 17:48:29,937 [INFO] IPUIPlugin:80 - create IPUIPlugin
2024-02-29 17:48:29,938 [INFO] PluginManager:220 - loadIPPluginJar : add lorawan
2024-02-29 17:48:29,940 [INFO] IPUIPlugin:80 - create IPUIPlugin
2024-02-29 17:48:29,940 [INFO] PluginManager:220 - loadIPPluginJar : add ltdc
2024-02-29 17:48:29,947 [INFO] IPUIPlugin:80 - create IPUIPlugin
2024-02-29 17:48:29,948 [INFO] PluginManager:220 - loadIPPluginJar : add mdma
2024-02-29 17:48:29,953 [INFO] IPUIPlugin:80 - create IPUIPlugin
2024-02-29 17:48:29,953 [INFO] PluginManager:220 - loadIPPluginJar : add nvic
2024-02-29 17:48:29,957 [INFO] IPUIPlugin:80 - create IPUIPlugin
2024-02-29 17:48:29,957 [INFO] PluginManager:220 - loadIPPluginJar : add opamp
2024-02-29 17:48:29,961 [INFO] IPUIPlugin:80 - create IPUIPlugin
2024-02-29 17:48:29,961 [INFO] PluginManager:220 - loadIPPluginJar : add openamp
2024-02-29 17:48:29,965 [INFO] IPUIPlugin:80 - create IPUIPlugin
2024-02-29 17:48:29,966 [INFO] PluginManager:220 - loadIPPluginJar : add pdm2pcm
2024-02-29 17:48:29,974 [INFO] IPUIPlugin:80 - create IPUIPlugin
2024-02-29 17:48:29,977 [INFO] PluginManager:220 - loadIPPluginJar : add plateformsettings
2024-02-29 17:48:29,980 [INFO] IPUIPlugin:80 - create IPUIPlugin
2024-02-29 17:48:29,980 [INFO] PluginManager:220 - loadIPPluginJar : add quadspi
2024-02-29 17:48:29,987 [INFO] IPUIPlugin:80 - create IPUIPlugin
2024-02-29 17:48:29,987 [INFO] PluginManager:220 - loadIPPluginJar : add resmgrutility
2024-02-29 17:48:29,991 [INFO] IPUIPlugin:80 - create IPUIPlugin
2024-02-29 17:48:29,991 [INFO] PluginManager:220 - loadIPPluginJar : add sai
2024-02-29 17:48:29,995 [INFO] IPUIPlugin:80 - create IPUIPlugin
2024-02-29 17:48:29,995 [INFO] PluginManager:220 - loadIPPluginJar : add spi
2024-02-29 17:48:29,999 [INFO] IPUIPlugin:80 - create IPUIPlugin
2024-02-29 17:48:29,999 [INFO] PluginManager:220 - loadIPPluginJar : add stm32_wpan
2024-02-29 17:48:30,002 [INFO] IPUIPlugin:80 - create IPUIPlugin
2024-02-29 17:48:30,003 [INFO] PluginManager:220 - loadIPPluginJar : add tim
2024-02-29 17:48:30,007 [INFO] IPUIPlugin:80 - create IPUIPlugin
2024-02-29 17:48:30,007 [INFO] PluginManager:220 - loadIPPluginJar : add touchsensing
2024-02-29 17:48:30,010 [INFO] IPUIPlugin:80 - create IPUIPlugin
2024-02-29 17:48:30,010 [INFO] PluginManager:220 - loadIPPluginJar : add tracer_emb
2024-02-29 17:48:30,012 [INFO] IPUIPlugin:80 - create IPUIPlugin
2024-02-29 17:48:30,012 [INFO] PluginManager:220 - loadIPPluginJar : add ts
2024-02-29 17:48:30,015 [INFO] IPUIPlugin:80 - create IPUIPlugin
2024-02-29 17:48:30,015 [INFO] PluginManager:220 - loadIPPluginJar : add tsc
2024-02-29 17:48:30,018 [INFO] IPUIPlugin:80 - create IPUIPlugin
2024-02-29 17:48:30,018 [INFO] PluginManager:220 - loadIPPluginJar : add ucpd
2024-02-29 17:48:30,022 [INFO] IPUIPlugin:80 - create IPUIPlugin
2024-02-29 17:48:30,022 [INFO] PluginManager:220 - loadIPPluginJar : add usart
2024-02-29 17:48:30,026 [INFO] IPUIPlugin:80 - create IPUIPlugin
2024-02-29 17:48:30,026 [INFO] PluginManager:220 - loadIPPluginJar : add usbx
2024-02-29 17:48:30,179 [INFO] CADModel:165 - CPN selected for project level
2024-02-29 17:48:30,179 [INFO] CADModel:114 - Register for checkConnection events
2024-02-29 17:48:30,179 [FATAL] Updater:308 - Updater called before beeing initialized
2024-02-29 17:48:30,179 [ERROR] CADModel:125 - Updater not yet initialized, retry later 
2024-02-29 17:48:30,386 [INFO] CADModel:165 - CPN selected for project level
2024-02-29 17:48:30,386 [INFO] CADModel:114 - Register for checkConnection events
2024-02-29 17:48:30,387 [FATAL] Updater:308 - Updater called before beeing initialized
2024-02-29 17:48:30,387 [ERROR] CADModel:125 - Updater not yet initialized, retry later 
2024-02-29 17:48:30,392 [FATAL] Updater:308 - Updater called before beeing initialized
2024-02-29 17:48:30,524 [FATAL] Updater:308 - Updater called before beeing initialized
2024-02-29 17:48:30,534 [INFO] DbMcusAds:53 - JSON generation date=Wed Nov 29 19:52:27 KST 2023 (1701255147349)
2024-02-29 17:48:30,535 [FATAL] Updater:308 - Updater called before beeing initialized
2024-02-29 17:48:30,589 [WARN] DetailPanel:346 - Failed to get advertising image, set to default
2024-02-29 17:48:30,728 [FATAL] Updater:308 - Updater called before beeing initialized
2024-02-29 17:48:30,731 [FATAL] Updater:308 - Updater called before beeing initialized
2024-02-29 17:48:30,731 [FATAL] Updater:308 - Updater called before beeing initialized
2024-02-29 17:48:30,731 [WARN] DetailPanel:346 - Failed to get advertising image, set to default
2024-02-29 17:48:30,732 [FATAL] Updater:308 - Updater called before beeing initialized
2024-02-29 17:48:30,791 [ERROR] Updater:1120 - MainUpdater not yet initialized. External WinMGr cannot be set.
2024-02-29 17:48:30,794 [INFO] Updater:1056 - Updater Version found : 6.9.2
2024-02-29 17:48:30,815 [INFO] ApplicationProperties:184 - Using Application install path: C:\ST\STM32CubeIDE_1.13.2\STM32CubeIDE\plugins\com.st.stm32cube.common.mx_6.9.2.202309101412
2024-02-29 17:48:30,972 [INFO] MainUpdater:2868 - connection check result : 10
2024-02-29 17:48:30,973 [INFO] MainUpdater:285 - Updater Check For Update Now.
2024-02-29 17:48:30,973 [INFO] MicroXplorer:498 - Change Database Version : DB.6.0.92
2024-02-29 17:48:30,981 [INFO] McuFinderGlobals:63 - Set McuFinder mode to 2 (CubeIDE integrated)
2024-02-29 17:48:30,982 [INFO] UserAuth:179 - activating auth plugin
2024-02-29 17:48:30,985 [INFO] UserAuth:393 - Internet connection configuration mode: 1
2024-02-29 17:48:31,011 [INFO] JxBrowserEngine:151 - Initiate JxBrowser Engine with user profile folder
2024-02-29 17:48:31,156 [INFO] CheckServerUpdateThread:120 - End of CheckServer Thread
2024-02-29 17:48:32,249 [WARN] PackLoader:240 - Cannot read IP mode file for STMicroelectronics.X-CUBE-SMBUS.2.1.0
2024-02-29 17:48:32,261 [WARN] PackLoader:240 - Cannot read IP mode file for STMicroelectronics.X-CUBE-TOUCHGFX.4.23.0
2024-02-29 17:48:32,297 [WARN] PackLoader:240 - Cannot read IP mode file for STMicroelectronics.X-CUBE-AZRTOS-F7.1.1.0
2024-02-29 17:48:32,309 [WARN] PackLoader:240 - Cannot read IP mode file for STMicroelectronics.FP-SNS-MOTENV1.4.3.2
2024-02-29 17:48:32,318 [WARN] PackLoader:240 - Cannot read IP mode file for STMicroelectronics.FP-SNS-FLIGHT1.5.0.2
2024-02-29 17:48:32,331 [WARN] PackLoader:240 - Cannot read IP mode file for STMicroelectronics.X-CUBE-DISPLAY.3.0.0
2024-02-29 17:48:32,348 [WARN] PackLoader:240 - Cannot read IP mode file for STMicroelectronics.X-CUBE-BLE1.7.0.0
2024-02-29 17:48:32,356 [WARN] PackLoader:240 - Cannot read IP mode file for emotas.I-CUBE-CANOPEN.1.3.0
2024-02-29 17:48:32,360 [WARN] PackLoader:240 - Cannot read IP mode file for STMicroelectronics.X-CUBE-TOUCHGFX.4.22.1
2024-02-29 17:48:32,366 [WARN] PackLoader:240 - Cannot read IP mode file for STMicroelectronics.FP-SNS-SMARTAG2.1.2.0
2024-02-29 17:48:32,385 [INFO] LogOutputStream:77 - [STDOUT_REDIRECT] 1 : Invalid condition id : UX_CORESTACK_Condition cause : null
2024-02-29 17:48:32,386 [INFO] LogOutputStream:77 - [STDOUT_REDIRECT] 1 : Invalid condition id : UX_CORESTACK_Condition cause : null
2024-02-29 17:48:32,387 [INFO] LogOutputStream:77 - [STDOUT_REDIRECT] 1 : Invalid condition id : UX_CORESTACK_Condition cause : null
2024-02-29 17:48:32,390 [INFO] LogOutputStream:77 - [STDOUT_REDIRECT] 1 : Invalid condition id : UX_CORESTACK_Condition cause : null
2024-02-29 17:48:32,393 [INFO] LogOutputStream:77 - [STDOUT_REDIRECT] 1 : Invalid condition id : UX_CORESTACK_Condition cause : null
2024-02-29 17:48:32,399 [WARN] PackLoader:240 - Cannot read IP mode file for STMicroelectronics.X-CUBE-AZRTOS-WL.2.0.0
2024-02-29 17:48:32,412 [WARN] PackLoader:240 - Cannot read IP mode file for WES.I-CUBE-Cesium.1.3.0
2024-02-29 17:48:32,420 [WARN] PackLoader:240 - Cannot read IP mode file for STMicroelectronics.X-CUBE-BLE2.3.3.0
2024-02-29 17:48:32,432 [WARN] PackLoader:240 - Cannot read IP mode file for STMicroelectronics.X-CUBE-ALGOBUILD.1.3.0
2024-02-29 17:48:32,460 [WARN] PackLoader:240 - Cannot read IP mode file for STMicroelectronics.X-CUBE-AZRTOS-G0.1.1.0
2024-02-29 17:48:32,472 [WARN] PackLoader:240 - Cannot read IP mode file for STMicroelectronics.X-CUBE-NFC4.3.0.0
2024-02-29 17:48:32,486 [WARN] PackLoader:240 - Cannot read IP mode file for STMicroelectronics.X-CUBE-BLEMGR.3.0.0
2024-02-29 17:48:32,493 [WARN] PackLoader:240 - Cannot read IP mode file for STMicroelectronics.FP-ATR-SIGFOX1.3.2.0
2024-02-29 17:48:32,504 [WARN] PackLoader:240 - Cannot read IP mode file for STMicroelectronics.X-CUBE-EEPRMA1.5.1.0
2024-02-29 17:48:32,550 [WARN] PackLoader:240 - Cannot read IP mode file for SEGGER.I-CUBE-embOS.1.3.1
2024-02-29 17:48:32,616 [WARN] PackLoader:240 - Cannot read IP mode file for STMicroelectronics.X-CUBE-GNSS1.6.0.0
2024-02-29 17:48:32,653 [WARN] PackLoader:240 - Cannot read IP mode file for STMicroelectronics.X-CUBE-AZRTOS-F4.1.1.0
2024-02-29 17:48:32,662 [WARN] PackLoader:240 - Cannot read IP mode file for wolfSSL.I-CUBE-wolfSSL.5.6.4
2024-02-29 17:48:32,691 [WARN] PackLoader:240 - Cannot read IP mode file for STMicroelectronics.X-CUBE-AZRTOS-L5.2.0.0
2024-02-29 17:48:32,700 [WARN] PackLoader:240 - Cannot read IP mode file for STMicroelectronics.X-CUBE-EEPRMA1.4.2.0
2024-02-29 17:48:32,708 [WARN] PackLoader:240 - Cannot read IP mode file for ITTIA_DB.I-CUBE-ITTIADB.8.8.0
2024-02-29 17:48:32,734 [WARN] ConditionMgr:438 - getConditionDescription Invalid condition id : UX DEVICE CLASS RTOS Condition cause : null
2024-02-29 17:48:32,735 [WARN] ConditionMgr:438 - getConditionDescription Invalid condition id : UX DEVICE CLASS RTOS Condition cause : null
2024-02-29 17:48:32,738 [WARN] PackLoader:240 - Cannot read IP mode file for STMicroelectronics.X-CUBE-AZRTOS-H7.3.1.0
2024-02-29 17:48:32,740 [WARN] ConditionMgr:1039 - genDependencies : Invalid condition id : UX DEVICE CLASS RTOS Condition cause : null
2024-02-29 17:48:32,741 [WARN] ConditionMgr:1039 - genDependencies : Invalid condition id : UX DEVICE CLASS RTOS Condition cause : null
2024-02-29 17:48:32,741 [WARN] ConditionMgr:1039 - genDependencies : Invalid condition id : UX DEVICE CLASS RTOS Condition cause : null
2024-02-29 17:48:32,742 [WARN] ConditionMgr:1039 - genDependencies : Invalid condition id : UX DEVICE CLASS RTOS Condition cause : null
2024-02-29 17:48:32,742 [WARN] ConditionMgr:1039 - genDependencies : Invalid condition id : UX DEVICE CLASS RTOS Condition cause : null
2024-02-29 17:48:32,770 [WARN] PackLoader:240 - Cannot read IP mode file for STMicroelectronics.X-CUBE-NFC7.1.0.1
2024-02-29 17:48:32,809 [WARN] PackLoader:240 - Cannot read IP mode file for STMicroelectronics.X-CUBE-NFC6.3.0.0
2024-02-29 17:48:32,823 [WARN] PackLoader:240 - Cannot read IP mode file for STMicroelectronics.X-CUBE-AI.8.1.0
2024-02-29 17:48:32,849 [WARN] ConditionMgr:438 - getConditionDescription Invalid condition id : LAN8742 Phy interface Condition cause : null
2024-02-29 17:48:32,850 [WARN] PackLoader:240 - Cannot read IP mode file for STMicroelectronics.X-CUBE-AZRTOS-L4.2.0.0
2024-02-29 17:48:32,852 [WARN] ConditionMgr:1039 - genDependencies : Invalid condition id : LAN8742 Phy interface Condition cause : null
2024-02-29 17:48:32,853 [WARN] ConditionMgr:1039 - genDependencies : Invalid condition id : LAN8742 Phy interface Condition cause : null
2024-02-29 17:48:32,853 [WARN] ConditionMgr:1039 - genDependencies : Invalid condition id : LAN8742 Phy interface Condition cause : null
2024-02-29 17:48:32,864 [WARN] PackLoader:240 - Cannot read IP mode file for STMicroelectronics.X-CUBE-SFXS2LP1.4.0.0
2024-02-29 17:48:32,873 [WARN] PackLoader:240 - Cannot read IP mode file for STMicroelectronics.X-CUBE-ISPU.1.1.0
2024-02-29 17:48:32,899 [WARN] ConditionMgr:438 - getConditionDescription Invalid condition id : UX DEVICE CLASS RTOS Condition cause : null
2024-02-29 17:48:32,899 [WARN] ConditionMgr:438 - getConditionDescription Invalid condition id : UX DEVICE CLASS RTOS Condition cause : null
2024-02-29 17:48:32,905 [WARN] PackLoader:240 - Cannot read IP mode file for STMicroelectronics.X-CUBE-AZRTOS-WB.2.0.0
2024-02-29 17:48:32,906 [WARN] ConditionMgr:1039 - genDependencies : Invalid condition id : UX DEVICE CLASS RTOS Condition cause : null
2024-02-29 17:48:32,907 [WARN] ConditionMgr:1039 - genDependencies : Invalid condition id : UX DEVICE CLASS RTOS Condition cause : null
2024-02-29 17:48:32,907 [WARN] ConditionMgr:1039 - genDependencies : Invalid condition id : UX DEVICE CLASS RTOS Condition cause : null
2024-02-29 17:48:32,908 [WARN] ConditionMgr:1039 - genDependencies : Invalid condition id : UX DEVICE CLASS RTOS Condition cause : null
2024-02-29 17:48:32,908 [WARN] ConditionMgr:1039 - genDependencies : Invalid condition id : UX DEVICE CLASS RTOS Condition cause : null
2024-02-29 17:48:33,080 [WARN] PackLoader:240 - Cannot read IP mode file for STMicroelectronics.X-CUBE-SUBG2.5.0.0
2024-02-29 17:48:33,104 [WARN] PackLoader:240 - Cannot read IP mode file for STMicroelectronics.X-CUBE-TOF1.3.3.1
2024-02-29 17:48:33,147 [WARN] PackLoader:240 - Cannot read IP mode file for STMicroelectronics.X-CUBE-AZRTOS-G4.2.0.0
2024-02-29 17:48:33,167 [WARN] PackLoader:240 - Cannot read IP mode file for Infineon.AIROC-Wi-Fi-Bluetooth-STM32.1.5.1
2024-02-29 17:48:33,179 [WARN] PackLoader:240 - Cannot read IP mode file for STMicroelectronics.FP-SNS-MOTENVWB1.1.3.0
2024-02-29 17:48:33,185 [WARN] PackLoader:240 - Cannot read IP mode file for STMicroelectronics.FP-SNS-MOTENVWB1.1.3.1
2024-02-29 17:48:33,191 [WARN] PackLoader:240 - Cannot read IP mode file for STMicroelectronics.X-CUBE-ISPU.2.0.0
2024-02-29 17:48:33,260 [WARN] PackLoader:240 - Cannot read IP mode file for STMicroelectronics.X-CUBE-MEMS1.10.0.0
2024-02-29 17:48:33,503 [WARN] PackLoader:240 - Cannot read IP mode file for STMicroelectronics.X-CUBE-FREERTOS.1.1.0
2024-02-29 17:48:33,513 [WARN] PackLoader:240 - Cannot read IP mode file for portGmbH.I-Cube-SoM-uGOAL.1.1.0
2024-02-29 17:48:33,520 [WARN] PackLoader:240 - Cannot read IP mode file for STMicroelectronics.X-CUBE-ALS.1.0.1
2024-02-29 17:48:33,527 [WARN] PackLoader:240 - Cannot read IP mode file for STMicroelectronics.FP-ATR-ASTRA1.2.0.0
2024-02-29 17:48:33,543 [WARN] PackLoader:240 - Cannot read IP mode file for STMicroelectronics.X-CUBE-TOF1.3.4.0
2024-02-29 17:48:33,609 [WARN] PackLoader:240 - Cannot read IP mode file for STMicroelectronics.X-CUBE-AZRTOS-H7.3.2.0
2024-02-29 17:48:33,615 [INFO] ThirdParty:978 - Integrity check success = true
2024-02-29 17:48:33,615 [INFO] IntegrityCheckThread:100 - exiting critical section [integrity check]
2024-02-29 17:48:33,615 [INFO] IntegrityCheckThread:103 - End integrity checks thread
2024-02-29 17:48:33,964 [INFO] WebApp:157 - Instantiating new browser for Auth
2024-02-29 17:48:34,914 [INFO] WebApp:753 - Register for checkConnection events
2024-02-29 17:48:34,914 [INFO] WebApp:390 - Apply proxy settings
2024-02-29 17:48:34,915 [INFO] WebApp:475 - Chromium requires no authentication
2024-02-29 17:48:34,930 [INFO] WebApp:418 - Direct internet connection detected
2024-02-29 17:48:35,177 [INFO] WebApp:188 - Starting web application
2024-02-29 17:48:35,177 [INFO] WebApp:520 - Web application path used C:\ST\STM32CubeIDE_1.13.2\STM32CubeIDE\plugins\com.st.stm32cube.common.mx_6.9.2.202309101412\db\plugins\mcufinder\reactClient1\index.html
2024-02-29 17:48:55,993 [ERROR] LogOutputStream:75 - [STDERR_REDIRECT] SLF4J: Failed to load class "org.slf4j.impl.StaticLoggerBinder".
2024-02-29 17:48:55,994 [ERROR] LogOutputStream:75 - [STDERR_REDIRECT] SLF4J: Defaulting to no-operation (NOP) logger implementation
2024-02-29 17:48:55,998 [ERROR] LogOutputStream:75 - [STDERR_REDIRECT] SLF4J: See http://www.slf4j.org/codes.html#StaticLoggerBinder for further details.
2024-02-29 18:34:55,439 [INFO] WebApp:330 - JxBrowser engine has been closed 
2024-02-29 18:36:55,332 [ERROR] LogOutputStream:75 - [STDERR_REDIRECT] 
