2024-02-28 16:31:37,841 [INFO] Activator:176 - 


2024-02-28 16:31:37,849 [INFO] Activator:177 - !SESSION log4j initialized
2024-02-28 16:31:43,173 [INFO] LogOutputStream:77 - [STDOUT_REDIRECT] 
2024-02-28 16:31:55,191 [INFO] ApplicationProperties:184 - Using Application install path: C:\ST\STM32CubeIDE_1.13.2\STM32CubeIDE\plugins\com.st.stm32cube.common.mx_6.9.2.202309101412
2024-02-28 16:31:55,225 [INFO] DbMcusXml:78 - Set database path to: C:\ST\STM32CubeIDE_1.13.2\STM32CubeIDE\plugins\com.st.stm32cube.common.mx_6.9.2.202309101412\\db\/mcu/
2024-02-28 16:31:55,226 [INFO] ApiDb:274 - Set plugin database path to: C:\ST\STM32CubeIDE_1.13.2\STM32CubeIDE\plugins\com.st.stm32cube.common.mx_6.9.2.202309101412\\db\/plugins/boardmanager/
2024-02-28 16:31:55,226 [WARN] ApiDb:259 - Overriding images path with different value:  => C:\ST\STM32CubeIDE_1.13.2\STM32CubeIDE\plugins\com.st.stm32cube.common.mx_6.9.2.202309101412\\db\/plugins/mcufinder/images/
2024-02-28 16:31:55,242 [INFO] ApiDb:250 - Set database path to: C:\Users\LeeJooho\.stmcufinder\plugins\mcufinder//mcu/
2024-02-28 16:31:55,244 [INFO] DbMcusAds:125 - Set database path to: C:\Users\LeeJooho\.stmcufinder\plugins\mcufinder//mcu/
2024-02-28 16:31:55,256 [INFO] CrossReferenceDbSqlite:203 - Set database path to: C:\Users\LeeJooho\.stmcufinder\plugins\mcufinder//mcu/cs/
2024-02-28 16:31:55,458 [INFO] RulesReader:64 - Compatibility file has been processed (293 Rules)
2024-02-28 16:31:55,634 [INFO] DbMcusXml:78 - Set database path to: C:\ST\STM32CubeIDE_1.13.2\STM32CubeIDE\plugins\com.st.stm32cube.common.mx_6.9.2.202309101412\\db\/mcu/
2024-02-28 16:31:55,634 [INFO] ApiDb:274 - Set plugin database path to: C:\ST\STM32CubeIDE_1.13.2\STM32CubeIDE\plugins\com.st.stm32cube.common.mx_6.9.2.202309101412\\db\/plugins/boardmanager/
2024-02-28 16:31:55,635 [INFO] ApiDb:261 - Set plugin images path to: C:\ST\STM32CubeIDE_1.13.2\STM32CubeIDE\plugins\com.st.stm32cube.common.mx_6.9.2.202309101412\\db\/plugins/mcufinder/images/
2024-02-28 16:31:55,635 [WARN] DbFile:41 - Overriding database path with different value: C:\Users\LeeJooho\.stmcufinder\plugins\mcufinder/ => C:\Users\LeeJooho\.stmcufinder\plugins\mcufinder
2024-02-28 16:31:55,635 [INFO] ApiDb:250 - Set database path to: C:\Users\LeeJooho\.stmcufinder\plugins\mcufinder//mcu/
2024-02-28 16:31:55,636 [WARN] DbFile:41 - Overriding database path with different value: C:\Users\LeeJooho\.stmcufinder\plugins\mcufinder/ => C:\Users\LeeJooho\.stmcufinder\plugins\mcufinder
2024-02-28 16:31:55,636 [INFO] DbMcusAds:125 - Set database path to: C:\Users\LeeJooho\.stmcufinder\plugins\mcufinder//mcu/
2024-02-28 16:31:55,636 [WARN] DbFile:41 - Overriding database path with different value: C:\Users\LeeJooho\.stmcufinder\plugins\mcufinder/ => C:\Users\LeeJooho\.stmcufinder\plugins\mcufinder
2024-02-28 16:31:55,636 [WARN] DbFile:41 - Overriding database path with different value: C:\Users\LeeJooho\.stmcufinder\plugins\mcufinder/ => C:\Users\LeeJooho\.stmcufinder\plugins\mcufinder
2024-02-28 16:31:55,636 [INFO] CrossReferenceDbSqlite:203 - Set database path to: C:\Users\LeeJooho\.stmcufinder\plugins\mcufinder//mcu/cs/
2024-02-28 16:31:55,774 [INFO] MainPanel:262 - HeapMemory: 282066944
2024-02-28 16:31:55,917 [INFO] DbMcusXml:78 - Set database path to: C:\ST\STM32CubeIDE_1.13.2\STM32CubeIDE\plugins\com.st.stm32cube.common.mx_6.9.2.202309101412\\db\/mcu/
2024-02-28 16:31:55,917 [INFO] ApiDb:274 - Set plugin database path to: C:\ST\STM32CubeIDE_1.13.2\STM32CubeIDE\plugins\com.st.stm32cube.common.mx_6.9.2.202309101412\\db\/plugins/boardmanager/
2024-02-28 16:31:55,917 [INFO] ApiDb:261 - Set plugin images path to: C:\ST\STM32CubeIDE_1.13.2\STM32CubeIDE\plugins\com.st.stm32cube.common.mx_6.9.2.202309101412\\db\/plugins/mcufinder/images/
2024-02-28 16:31:55,918 [WARN] DbFile:41 - Overriding database path with different value: C:\Users\LeeJooho\.stmcufinder\plugins\mcufinder/ => C:\Users\LeeJooho\.stmcufinder\plugins\mcufinder
2024-02-28 16:31:55,918 [INFO] ApiDb:250 - Set database path to: C:\Users\LeeJooho\.stmcufinder\plugins\mcufinder//mcu/
2024-02-28 16:31:55,918 [WARN] DbFile:41 - Overriding database path with different value: C:\Users\LeeJooho\.stmcufinder\plugins\mcufinder/ => C:\Users\LeeJooho\.stmcufinder\plugins\mcufinder
2024-02-28 16:31:55,920 [INFO] DbMcusAds:125 - Set database path to: C:\Users\LeeJooho\.stmcufinder\plugins\mcufinder//mcu/
2024-02-28 16:31:55,920 [WARN] DbFile:41 - Overriding database path with different value: C:\Users\LeeJooho\.stmcufinder\plugins\mcufinder/ => C:\Users\LeeJooho\.stmcufinder\plugins\mcufinder
2024-02-28 16:31:55,920 [WARN] DbFile:41 - Overriding database path with different value: C:\Users\LeeJooho\.stmcufinder\plugins\mcufinder/ => C:\Users\LeeJooho\.stmcufinder\plugins\mcufinder
2024-02-28 16:31:55,920 [INFO] CrossReferenceDbSqlite:203 - Set database path to: C:\Users\LeeJooho\.stmcufinder\plugins\mcufinder//mcu/cs/
2024-02-28 16:31:55,947 [INFO] ApplicationProperties:184 - Using Application install path: C:\ST\STM32CubeIDE_1.13.2\STM32CubeIDE\plugins\com.st.stm32cube.common.mx_6.9.2.202309101412
2024-02-28 16:31:55,949 [INFO] PluginManage:196 - Search for loadable plugins [exclusion list=, ]
2024-02-28 16:31:55,952 [INFO] PluginManage:310 - Check plugin analytics
2024-02-28 16:31:56,233 [INFO] AnalyticsPlugin:253 - Accepted Software Licenses: 
2024-02-28 16:31:56,233 [INFO] AnalyticsPlugin:255 - Accepted CMSIS Pack Licenses: 
2024-02-28 16:31:56,234 [INFO] AnalyticsPlugin:257 - Accepted Firmware Licenses: 
2024-02-28 16:31:56,237 [INFO] PluginManage:359 - Loaded plugin analytics (category:tool,tabindex:-1)
2024-02-28 16:31:56,237 [INFO] PluginManage:310 - Check plugin cadmodel
2024-02-28 16:31:56,257 [INFO] CADModel:105 - Init CAD model plugin
2024-02-28 16:31:56,257 [INFO] PluginManage:359 - Loaded plugin cadmodel (category:power,tabindex:5)
2024-02-28 16:31:56,257 [INFO] PluginManage:310 - Check plugin clock
2024-02-28 16:31:56,293 [INFO] PluginManage:359 - Loaded plugin clock (category:base,tabindex:2)
2024-02-28 16:31:56,293 [INFO] PluginManage:310 - Check plugin ddr
2024-02-28 16:31:56,297 [INFO] PluginManage:359 - Loaded plugin ddr (category:tool,tabindex:6)
2024-02-28 16:31:56,299 [INFO] PluginManage:310 - Check plugin filemanager
2024-02-28 16:31:56,507 [INFO] PluginManage:359 - Loaded plugin filemanager (category:base,tabindex:10)
2024-02-28 16:31:56,507 [INFO] PluginManage:310 - Check plugin ipmanager
2024-02-28 16:31:56,519 [INFO] PluginManage:359 - Loaded plugin ipmanager (category:base,tabindex:5)
2024-02-28 16:31:56,519 [INFO] PluginManage:310 - Check plugin lpbam
2024-02-28 16:31:56,542 [INFO] PluginManage:359 - Loaded plugin lpbam (category:base,tabindex:0)
2024-02-28 16:31:56,542 [INFO] PluginManage:310 - Check plugin memorymap
2024-02-28 16:31:56,579 [INFO] PluginManage:359 - Loaded plugin memorymap (category:base,tabindex:4)
2024-02-28 16:31:56,580 [INFO] PluginManage:310 - Check plugin pinoutandconfiguration
2024-02-28 16:31:56,603 [INFO] PluginManage:359 - Loaded plugin pinoutandconfiguration (category:base,tabindex:1)
2024-02-28 16:31:56,603 [INFO] PluginManage:310 - Check plugin pinoutconfig
2024-02-28 16:31:56,757 [WARN] SupportedApi:132 - Cannot load RTOS API schema: s4s-elt-must-match.1: The content of 'definitions' must match (annotation?, (simpleType | complexType)?, (unique | key | keyref)*)). A problem was found starting at: attribute.
2024-02-28 16:31:56,959 [INFO] PluginManage:359 - Loaded plugin pinoutconfig (category:base,tabindex:0)
2024-02-28 16:31:56,959 [INFO] PluginManage:310 - Check plugin power
2024-02-28 16:31:56,987 [INFO] PluginManage:359 - Loaded plugin power (category:power,tabindex:4)
2024-02-28 16:31:56,987 [INFO] PluginManage:310 - Check plugin projectmanager
2024-02-28 16:31:57,007 [INFO] PluginManage:359 - Loaded plugin projectmanager (category:projectmanager,tabindex:3)
2024-02-28 16:31:57,007 [INFO] PluginManage:310 - Check plugin thirdparty
2024-02-28 16:31:57,392 [WARN] IntegrityCheckThread:84 - waiting for thirdparty lock release [integrity check]
2024-02-28 16:31:57,393 [INFO] PluginManage:359 - Loaded plugin thirdparty (category:base,tabindex:-1)
2024-02-28 16:31:57,393 [INFO] IntegrityCheckThread:86 - entering critical section [integrity check]
2024-02-28 16:31:57,393 [INFO] PluginManage:310 - Check plugin tools
2024-02-28 16:31:57,393 [INFO] ThirdPartyUpdaterWithRetryManager:70 - Updater plugin not ready yet. [1/15]
2024-02-28 16:31:57,442 [INFO] PluginManage:359 - Loaded plugin tools (category:base,tabindex:7)
2024-02-28 16:31:57,443 [INFO] PluginManage:310 - Check plugin tutovideos
2024-02-28 16:31:57,778 [INFO] PluginManage:359 - Loaded plugin tutovideos (category:base,tabindex:-1)
2024-02-28 16:31:57,778 [INFO] PluginManage:310 - Check plugin updater
2024-02-28 16:31:57,794 [INFO] PluginManage:359 - Loaded plugin updater (category:base,tabindex:12)
2024-02-28 16:31:57,794 [INFO] PluginManage:310 - Check plugin userauth
2024-02-28 16:31:57,802 [INFO] UserAuth:113 - Init User Auth plugin
2024-02-28 16:31:57,802 [INFO] PluginManage:359 - Loaded plugin userauth (category:base,tabindex:14)
2024-02-28 16:31:57,803 [INFO] PluginManage:283 - PluginManage : Loaded plugins [17]
2024-02-28 16:31:58,144 [INFO] PinOutPanel:1499 - setPackage(No Configuration,No Configuration)
2024-02-28 16:31:58,324 [INFO] CADModel:165 - CPN selected for project level
2024-02-28 16:31:58,324 [INFO] CADModel:114 - Register for checkConnection events
2024-02-28 16:31:58,358 [INFO] IPUIPlugin:80 - create IPUIPlugin
2024-02-28 16:31:58,359 [INFO] PluginManager:220 - loadIPPluginJar : add adc
2024-02-28 16:31:58,407 [INFO] IPUIPlugin:80 - create IPUIPlugin
2024-02-28 16:31:58,409 [INFO] PluginManager:220 - loadIPPluginJar : add aes
2024-02-28 16:31:58,463 [INFO] IPUIPlugin:80 - create IPUIPlugin
2024-02-28 16:31:58,463 [INFO] PluginManager:220 - loadIPPluginJar : add can
2024-02-28 16:31:58,493 [INFO] IPUIPlugin:80 - create IPUIPlugin
2024-02-28 16:31:58,493 [INFO] PluginManager:220 - loadIPPluginJar : add comp
2024-02-28 16:31:58,535 [INFO] IPUIPlugin:80 - create IPUIPlugin
2024-02-28 16:31:58,536 [INFO] PluginManager:220 - loadIPPluginJar : add cryp
2024-02-28 16:31:58,572 [INFO] IPUIPlugin:80 - create IPUIPlugin
2024-02-28 16:31:58,572 [INFO] PluginManager:220 - loadIPPluginJar : add dfsdm
2024-02-28 16:31:58,588 [INFO] IPUIPlugin:80 - create IPUIPlugin
2024-02-28 16:31:58,589 [INFO] PluginManager:220 - loadIPPluginJar : add dma
2024-02-28 16:31:58,645 [INFO] IPUIPlugin:80 - create IPUIPlugin
2024-02-28 16:31:58,645 [INFO] PluginManager:220 - loadIPPluginJar : add dma3
2024-02-28 16:31:58,667 [INFO] IPUIPlugin:80 - create IPUIPlugin
2024-02-28 16:31:58,667 [INFO] PluginManager:220 - loadIPPluginJar : add fatfs
2024-02-28 16:31:58,717 [INFO] IPUIPlugin:80 - create IPUIPlugin
2024-02-28 16:31:58,717 [INFO] PluginManager:220 - loadIPPluginJar : add fmc
2024-02-28 16:31:58,732 [INFO] IPUIPlugin:80 - create IPUIPlugin
2024-02-28 16:31:58,733 [INFO] PluginManager:220 - loadIPPluginJar : add freertos
2024-02-28 16:31:58,755 [INFO] IPUIPlugin:80 - create IPUIPlugin
2024-02-28 16:31:58,755 [INFO] PluginManager:220 - loadIPPluginJar : add genericplugin
2024-02-28 16:31:58,844 [INFO] IPUIPlugin:80 - create IPUIPlugin
2024-02-28 16:31:58,844 [INFO] PluginManager:220 - loadIPPluginJar : add gfxmmu
2024-02-28 16:31:58,964 [INFO] IPUIPlugin:80 - create IPUIPlugin
2024-02-28 16:31:58,964 [INFO] PluginManager:220 - loadIPPluginJar : add gic
2024-02-28 16:31:58,976 [INFO] IPUIPlugin:80 - create IPUIPlugin
2024-02-28 16:31:58,976 [INFO] PluginManager:220 - loadIPPluginJar : add gpio
2024-02-28 16:31:59,063 [INFO] IPUIPlugin:80 - create IPUIPlugin
2024-02-28 16:31:59,063 [INFO] PluginManager:220 - loadIPPluginJar : add gtzc
2024-02-28 16:31:59,093 [INFO] IPUIPlugin:80 - create IPUIPlugin
2024-02-28 16:31:59,093 [INFO] PluginManager:220 - loadIPPluginJar : add hash
2024-02-28 16:31:59,149 [INFO] IPUIPlugin:80 - create IPUIPlugin
2024-02-28 16:31:59,149 [INFO] PluginManager:220 - loadIPPluginJar : add i2c
2024-02-28 16:31:59,189 [INFO] IPUIPlugin:80 - create IPUIPlugin
2024-02-28 16:31:59,189 [INFO] PluginManager:220 - loadIPPluginJar : add i2s
2024-02-28 16:31:59,227 [INFO] IPUIPlugin:80 - create IPUIPlugin
2024-02-28 16:31:59,227 [INFO] PluginManager:220 - loadIPPluginJar : add i3c
2024-02-28 16:31:59,351 [INFO] IPUIPlugin:80 - create IPUIPlugin
2024-02-28 16:31:59,352 [INFO] PluginManager:220 - loadIPPluginJar : add ipddr
2024-02-28 16:31:59,454 [INFO] IPUIPlugin:80 - create IPUIPlugin
2024-02-28 16:31:59,454 [INFO] PluginManager:220 - loadIPPluginJar : add linkedlist
2024-02-28 16:31:59,486 [INFO] IPUIPlugin:80 - create IPUIPlugin
2024-02-28 16:31:59,486 [INFO] PluginManager:220 - loadIPPluginJar : add lorawan
2024-02-28 16:31:59,518 [INFO] IPUIPlugin:80 - create IPUIPlugin
2024-02-28 16:31:59,518 [INFO] PluginManager:220 - loadIPPluginJar : add ltdc
2024-02-28 16:31:59,530 [INFO] IPUIPlugin:80 - create IPUIPlugin
2024-02-28 16:31:59,530 [INFO] PluginManager:220 - loadIPPluginJar : add mdma
2024-02-28 16:31:59,543 [INFO] IPUIPlugin:80 - create IPUIPlugin
2024-02-28 16:31:59,543 [INFO] PluginManager:220 - loadIPPluginJar : add nvic
2024-02-28 16:31:59,576 [INFO] IPUIPlugin:80 - create IPUIPlugin
2024-02-28 16:31:59,576 [INFO] PluginManager:220 - loadIPPluginJar : add opamp
2024-02-28 16:31:59,630 [INFO] IPUIPlugin:80 - create IPUIPlugin
2024-02-28 16:31:59,630 [INFO] PluginManager:220 - loadIPPluginJar : add openamp
2024-02-28 16:31:59,669 [INFO] IPUIPlugin:80 - create IPUIPlugin
2024-02-28 16:31:59,669 [INFO] PluginManager:220 - loadIPPluginJar : add pdm2pcm
2024-02-28 16:31:59,682 [INFO] IPUIPlugin:80 - create IPUIPlugin
2024-02-28 16:31:59,685 [INFO] PluginManager:220 - loadIPPluginJar : add plateformsettings
2024-02-28 16:31:59,705 [INFO] IPUIPlugin:80 - create IPUIPlugin
2024-02-28 16:31:59,705 [INFO] PluginManager:220 - loadIPPluginJar : add quadspi
2024-02-28 16:31:59,716 [INFO] IPUIPlugin:80 - create IPUIPlugin
2024-02-28 16:31:59,716 [INFO] PluginManager:220 - loadIPPluginJar : add resmgrutility
2024-02-28 16:31:59,761 [INFO] IPUIPlugin:80 - create IPUIPlugin
2024-02-28 16:31:59,761 [INFO] PluginManager:220 - loadIPPluginJar : add sai
2024-02-28 16:31:59,795 [INFO] IPUIPlugin:80 - create IPUIPlugin
2024-02-28 16:31:59,795 [INFO] PluginManager:220 - loadIPPluginJar : add spi
2024-02-28 16:31:59,849 [INFO] IPUIPlugin:80 - create IPUIPlugin
2024-02-28 16:31:59,849 [INFO] PluginManager:220 - loadIPPluginJar : add stm32_wpan
2024-02-28 16:31:59,870 [INFO] IPUIPlugin:80 - create IPUIPlugin
2024-02-28 16:31:59,870 [INFO] PluginManager:220 - loadIPPluginJar : add tim
2024-02-28 16:31:59,922 [INFO] IPUIPlugin:80 - create IPUIPlugin
2024-02-28 16:31:59,922 [INFO] PluginManager:220 - loadIPPluginJar : add touchsensing
2024-02-28 16:31:59,943 [INFO] IPUIPlugin:80 - create IPUIPlugin
2024-02-28 16:31:59,944 [INFO] PluginManager:220 - loadIPPluginJar : add tracer_emb
2024-02-28 16:31:59,965 [INFO] IPUIPlugin:80 - create IPUIPlugin
2024-02-28 16:31:59,965 [INFO] PluginManager:220 - loadIPPluginJar : add ts
2024-02-28 16:31:59,984 [INFO] IPUIPlugin:80 - create IPUIPlugin
2024-02-28 16:31:59,985 [INFO] PluginManager:220 - loadIPPluginJar : add tsc
2024-02-28 16:32:00,004 [INFO] IPUIPlugin:80 - create IPUIPlugin
2024-02-28 16:32:00,004 [INFO] PluginManager:220 - loadIPPluginJar : add ucpd
2024-02-28 16:32:00,052 [INFO] IPUIPlugin:80 - create IPUIPlugin
2024-02-28 16:32:00,052 [INFO] PluginManager:220 - loadIPPluginJar : add usart
2024-02-28 16:32:00,093 [INFO] IPUIPlugin:80 - create IPUIPlugin
2024-02-28 16:32:00,093 [INFO] PluginManager:220 - loadIPPluginJar : add usbx
2024-02-28 16:32:00,230 [INFO] CADModel:165 - CPN selected for project level
2024-02-28 16:32:00,230 [INFO] CADModel:114 - Register for checkConnection events
2024-02-28 16:32:00,230 [FATAL] Updater:308 - Updater called before beeing initialized
2024-02-28 16:32:00,230 [ERROR] CADModel:125 - Updater not yet initialized, retry later 
2024-02-28 16:32:00,394 [INFO] ThirdPartyUpdaterWithRetryManager:70 - Updater plugin not ready yet. [2/15]
2024-02-28 16:32:00,454 [INFO] CADModel:165 - CPN selected for project level
2024-02-28 16:32:00,454 [INFO] CADModel:114 - Register for checkConnection events
2024-02-28 16:32:00,454 [FATAL] Updater:308 - Updater called before beeing initialized
2024-02-28 16:32:00,454 [ERROR] CADModel:125 - Updater not yet initialized, retry later 
2024-02-28 16:32:00,458 [FATAL] Updater:308 - Updater called before beeing initialized
2024-02-28 16:32:00,585 [FATAL] Updater:308 - Updater called before beeing initialized
2024-02-28 16:32:00,603 [INFO] DbMcusAds:53 - JSON generation date=Wed Nov 29 19:52:27 KST 2023 (1701255147349)
2024-02-28 16:32:00,604 [FATAL] Updater:308 - Updater called before beeing initialized
2024-02-28 16:32:00,691 [WARN] DetailPanel:346 - Failed to get advertising image, set to default
2024-02-28 16:32:00,795 [FATAL] Updater:308 - Updater called before beeing initialized
2024-02-28 16:32:00,797 [FATAL] Updater:308 - Updater called before beeing initialized
2024-02-28 16:32:00,797 [FATAL] Updater:308 - Updater called before beeing initialized
2024-02-28 16:32:00,797 [WARN] DetailPanel:346 - Failed to get advertising image, set to default
2024-02-28 16:32:00,798 [FATAL] Updater:308 - Updater called before beeing initialized
2024-02-28 16:32:00,867 [ERROR] Updater:1120 - MainUpdater not yet initialized. External WinMGr cannot be set.
2024-02-28 16:32:00,878 [INFO] Updater:1056 - Updater Version found : 6.9.2
2024-02-28 16:32:00,895 [INFO] ApplicationProperties:184 - Using Application install path: C:\ST\STM32CubeIDE_1.13.2\STM32CubeIDE\plugins\com.st.stm32cube.common.mx_6.9.2.202309101412
2024-02-28 16:32:01,157 [INFO] MainUpdater:2868 - connection check result : 10
2024-02-28 16:32:01,159 [INFO] MainUpdater:3562 - Updater definition file requires update
2024-02-28 16:32:01,160 [INFO] MainUpdater:285 - Updater Check For Update Now.
2024-02-28 16:32:01,161 [INFO] MicroXplorer:498 - Change Database Version : DB.6.0.92
2024-02-28 16:32:01,178 [INFO] McuFinderGlobals:63 - Set McuFinder mode to 2 (CubeIDE integrated)
2024-02-28 16:32:01,178 [INFO] UserAuth:179 - activating auth plugin
2024-02-28 16:32:01,180 [INFO] UserAuth:393 - Internet connection configuration mode: 1
2024-02-28 16:32:01,207 [INFO] JxBrowserEngine:151 - Initiate JxBrowser Engine with user profile folder
2024-02-28 16:32:01,279 [INFO] ServerAccessManage:473 - Download File updaters.zip
2024-02-28 16:32:01,539 [INFO] FileExtend:240 - Unzip File : updaters.zip
2024-02-28 16:32:01,539 [INFO] FileExtend:255 - Standard Zip Deflate
2024-02-28 16:32:02,390 [INFO] ServerAccessManage:473 - Download File PacksControlFlags.xml
2024-02-28 16:32:02,594 [INFO] ServerAccessManage:473 - Download File cubemx.pidx
2024-02-28 16:32:02,815 [INFO] LoadServerUpdatesThread:373 - End of LoadServerUpdate Thread
2024-02-28 16:32:03,060 [INFO] CheckServerUpdateThread:120 - End of CheckServer Thread
2024-02-28 16:32:03,646 [WARN] PackLoader:240 - Cannot read IP mode file for STMicroelectronics.X-CUBE-SMBUS.2.1.0
2024-02-28 16:32:03,667 [WARN] PackLoader:240 - Cannot read IP mode file for STMicroelectronics.X-CUBE-TOUCHGFX.4.23.0
2024-02-28 16:32:03,726 [WARN] PackLoader:240 - Cannot read IP mode file for STMicroelectronics.X-CUBE-AZRTOS-F7.1.1.0
2024-02-28 16:32:03,752 [WARN] PackLoader:240 - Cannot read IP mode file for STMicroelectronics.FP-SNS-MOTENV1.4.3.2
2024-02-28 16:32:03,769 [WARN] PackLoader:240 - Cannot read IP mode file for STMicroelectronics.FP-SNS-FLIGHT1.5.0.2
2024-02-28 16:32:03,791 [WARN] PackLoader:240 - Cannot read IP mode file for STMicroelectronics.X-CUBE-DISPLAY.3.0.0
2024-02-28 16:32:03,815 [WARN] PackLoader:240 - Cannot read IP mode file for STMicroelectronics.X-CUBE-BLE1.7.0.0
2024-02-28 16:32:03,833 [WARN] PackLoader:240 - Cannot read IP mode file for emotas.I-CUBE-CANOPEN.1.3.0
2024-02-28 16:32:03,847 [WARN] PackLoader:240 - Cannot read IP mode file for STMicroelectronics.X-CUBE-TOUCHGFX.4.22.1
2024-02-28 16:32:03,861 [WARN] PackLoader:240 - Cannot read IP mode file for STMicroelectronics.FP-SNS-SMARTAG2.1.2.0
2024-02-28 16:32:03,889 [INFO] LogOutputStream:77 - [STDOUT_REDIRECT] 1 : Invalid condition id : UX_CORESTACK_Condition cause : null
2024-02-28 16:32:03,891 [INFO] LogOutputStream:77 - [STDOUT_REDIRECT] 1 : Invalid condition id : UX_CORESTACK_Condition cause : null
2024-02-28 16:32:03,893 [INFO] LogOutputStream:77 - [STDOUT_REDIRECT] 1 : Invalid condition id : UX_CORESTACK_Condition cause : null
2024-02-28 16:32:03,895 [INFO] LogOutputStream:77 - [STDOUT_REDIRECT] 1 : Invalid condition id : UX_CORESTACK_Condition cause : null
2024-02-28 16:32:03,897 [INFO] LogOutputStream:77 - [STDOUT_REDIRECT] 1 : Invalid condition id : UX_CORESTACK_Condition cause : null
2024-02-28 16:32:03,903 [WARN] PackLoader:240 - Cannot read IP mode file for STMicroelectronics.X-CUBE-AZRTOS-WL.2.0.0
2024-02-28 16:32:03,924 [WARN] PackLoader:240 - Cannot read IP mode file for WES.I-CUBE-Cesium.1.3.0
2024-02-28 16:32:03,940 [WARN] PackLoader:240 - Cannot read IP mode file for STMicroelectronics.X-CUBE-BLE2.3.3.0
2024-02-28 16:32:03,956 [WARN] PackLoader:240 - Cannot read IP mode file for STMicroelectronics.X-CUBE-ALGOBUILD.1.3.0
2024-02-28 16:32:03,992 [WARN] PackLoader:240 - Cannot read IP mode file for STMicroelectronics.X-CUBE-AZRTOS-G0.1.1.0
2024-02-28 16:32:04,012 [WARN] PackLoader:240 - Cannot read IP mode file for STMicroelectronics.X-CUBE-NFC4.3.0.0
2024-02-28 16:32:04,035 [WARN] PackLoader:240 - Cannot read IP mode file for STMicroelectronics.X-CUBE-BLEMGR.3.0.0
2024-02-28 16:32:04,053 [WARN] PackLoader:240 - Cannot read IP mode file for STMicroelectronics.FP-ATR-SIGFOX1.3.2.0
2024-02-28 16:32:04,072 [WARN] PackLoader:240 - Cannot read IP mode file for STMicroelectronics.X-CUBE-EEPRMA1.5.1.0
2024-02-28 16:32:04,127 [WARN] PackLoader:240 - Cannot read IP mode file for SEGGER.I-CUBE-embOS.1.3.1
2024-02-28 16:32:04,197 [WARN] PackLoader:240 - Cannot read IP mode file for STMicroelectronics.X-CUBE-GNSS1.6.0.0
2024-02-28 16:32:04,236 [WARN] PackLoader:240 - Cannot read IP mode file for STMicroelectronics.X-CUBE-AZRTOS-F4.1.1.0
2024-02-28 16:32:04,255 [WARN] PackLoader:240 - Cannot read IP mode file for wolfSSL.I-CUBE-wolfSSL.5.6.4
2024-02-28 16:32:04,294 [WARN] PackLoader:240 - Cannot read IP mode file for STMicroelectronics.X-CUBE-AZRTOS-L5.2.0.0
2024-02-28 16:32:04,310 [WARN] PackLoader:240 - Cannot read IP mode file for STMicroelectronics.X-CUBE-EEPRMA1.4.2.0
2024-02-28 16:32:04,326 [WARN] PackLoader:240 - Cannot read IP mode file for ITTIA_DB.I-CUBE-ITTIADB.8.8.0
2024-02-28 16:32:04,362 [WARN] ConditionMgr:438 - getConditionDescription Invalid condition id : UX DEVICE CLASS RTOS Condition cause : null
2024-02-28 16:32:04,362 [WARN] ConditionMgr:438 - getConditionDescription Invalid condition id : UX DEVICE CLASS RTOS Condition cause : null
2024-02-28 16:32:04,368 [WARN] PackLoader:240 - Cannot read IP mode file for STMicroelectronics.X-CUBE-AZRTOS-H7.3.1.0
2024-02-28 16:32:04,369 [WARN] ConditionMgr:1039 - genDependencies : Invalid condition id : UX DEVICE CLASS RTOS Condition cause : null
2024-02-28 16:32:04,370 [WARN] ConditionMgr:1039 - genDependencies : Invalid condition id : UX DEVICE CLASS RTOS Condition cause : null
2024-02-28 16:32:04,371 [WARN] ConditionMgr:1039 - genDependencies : Invalid condition id : UX DEVICE CLASS RTOS Condition cause : null
2024-02-28 16:32:04,371 [WARN] ConditionMgr:1039 - genDependencies : Invalid condition id : UX DEVICE CLASS RTOS Condition cause : null
2024-02-28 16:32:04,372 [WARN] ConditionMgr:1039 - genDependencies : Invalid condition id : UX DEVICE CLASS RTOS Condition cause : null
2024-02-28 16:32:04,407 [WARN] PackLoader:240 - Cannot read IP mode file for STMicroelectronics.X-CUBE-NFC7.1.0.1
2024-02-28 16:32:04,455 [WARN] PackLoader:240 - Cannot read IP mode file for STMicroelectronics.X-CUBE-NFC6.3.0.0
2024-02-28 16:32:04,487 [WARN] PackLoader:240 - Cannot read IP mode file for STMicroelectronics.X-CUBE-AI.8.1.0
2024-02-28 16:32:04,564 [WARN] ConditionMgr:438 - getConditionDescription Invalid condition id : LAN8742 Phy interface Condition cause : null
2024-02-28 16:32:04,566 [WARN] PackLoader:240 - Cannot read IP mode file for STMicroelectronics.X-CUBE-AZRTOS-L4.2.0.0
2024-02-28 16:32:04,568 [WARN] ConditionMgr:1039 - genDependencies : Invalid condition id : LAN8742 Phy interface Condition cause : null
2024-02-28 16:32:04,569 [WARN] ConditionMgr:1039 - genDependencies : Invalid condition id : LAN8742 Phy interface Condition cause : null
2024-02-28 16:32:04,569 [WARN] ConditionMgr:1039 - genDependencies : Invalid condition id : LAN8742 Phy interface Condition cause : null
2024-02-28 16:32:04,587 [WARN] PackLoader:240 - Cannot read IP mode file for STMicroelectronics.X-CUBE-SFXS2LP1.4.0.0
2024-02-28 16:32:04,604 [WARN] PackLoader:240 - Cannot read IP mode file for STMicroelectronics.X-CUBE-ISPU.1.1.0
2024-02-28 16:32:04,646 [WARN] ConditionMgr:438 - getConditionDescription Invalid condition id : UX DEVICE CLASS RTOS Condition cause : null
2024-02-28 16:32:04,646 [WARN] ConditionMgr:438 - getConditionDescription Invalid condition id : UX DEVICE CLASS RTOS Condition cause : null
2024-02-28 16:32:04,648 [WARN] PackLoader:240 - Cannot read IP mode file for STMicroelectronics.X-CUBE-AZRTOS-WB.2.0.0
2024-02-28 16:32:04,651 [WARN] ConditionMgr:1039 - genDependencies : Invalid condition id : UX DEVICE CLASS RTOS Condition cause : null
2024-02-28 16:32:04,651 [WARN] ConditionMgr:1039 - genDependencies : Invalid condition id : UX DEVICE CLASS RTOS Condition cause : null
2024-02-28 16:32:04,652 [WARN] ConditionMgr:1039 - genDependencies : Invalid condition id : UX DEVICE CLASS RTOS Condition cause : null
2024-02-28 16:32:04,652 [WARN] ConditionMgr:1039 - genDependencies : Invalid condition id : UX DEVICE CLASS RTOS Condition cause : null
2024-02-28 16:32:04,653 [WARN] ConditionMgr:1039 - genDependencies : Invalid condition id : UX DEVICE CLASS RTOS Condition cause : null
2024-02-28 16:32:04,679 [WARN] PackLoader:240 - Cannot read IP mode file for STMicroelectronics.X-CUBE-SUBG2.5.0.0
2024-02-28 16:32:04,721 [WARN] PackLoader:240 - Cannot read IP mode file for STMicroelectronics.X-CUBE-TOF1.3.3.1
2024-02-28 16:32:04,782 [WARN] PackLoader:240 - Cannot read IP mode file for STMicroelectronics.X-CUBE-AZRTOS-G4.2.0.0
2024-02-28 16:32:04,819 [WARN] PackLoader:240 - Cannot read IP mode file for Infineon.AIROC-Wi-Fi-Bluetooth-STM32.1.5.1
2024-02-28 16:32:04,852 [WARN] PackLoader:240 - Cannot read IP mode file for STMicroelectronics.FP-SNS-MOTENVWB1.1.3.0
2024-02-28 16:32:04,870 [WARN] PackLoader:240 - Cannot read IP mode file for STMicroelectronics.FP-SNS-MOTENVWB1.1.3.1
2024-02-28 16:32:04,889 [WARN] PackLoader:240 - Cannot read IP mode file for STMicroelectronics.X-CUBE-ISPU.2.0.0
2024-02-28 16:32:04,974 [WARN] PackLoader:240 - Cannot read IP mode file for STMicroelectronics.X-CUBE-MEMS1.10.0.0
2024-02-28 16:32:05,255 [WARN] PackLoader:240 - Cannot read IP mode file for STMicroelectronics.X-CUBE-FREERTOS.1.1.0
2024-02-28 16:32:05,287 [WARN] PackLoader:240 - Cannot read IP mode file for portGmbH.I-Cube-SoM-uGOAL.1.1.0
2024-02-28 16:32:05,314 [WARN] PackLoader:240 - Cannot read IP mode file for STMicroelectronics.X-CUBE-ALS.1.0.1
2024-02-28 16:32:05,333 [WARN] PackLoader:240 - Cannot read IP mode file for STMicroelectronics.FP-ATR-ASTRA1.2.0.0
2024-02-28 16:32:05,368 [WARN] PackLoader:240 - Cannot read IP mode file for STMicroelectronics.X-CUBE-TOF1.3.4.0
2024-02-28 16:32:05,438 [WARN] PackLoader:240 - Cannot read IP mode file for STMicroelectronics.X-CUBE-AZRTOS-H7.3.2.0
2024-02-28 16:32:05,443 [INFO] ThirdParty:978 - Integrity check success = true
2024-02-28 16:32:05,444 [INFO] IntegrityCheckThread:100 - exiting critical section [integrity check]
2024-02-28 16:32:05,444 [INFO] IntegrityCheckThread:103 - End integrity checks thread
2024-02-28 16:32:05,480 [INFO] WebApp:157 - Instantiating new browser for Auth
2024-02-28 16:32:06,339 [INFO] WebApp:753 - Register for checkConnection events
2024-02-28 16:32:06,339 [INFO] WebApp:390 - Apply proxy settings
2024-02-28 16:32:06,339 [INFO] WebApp:475 - Chromium requires no authentication
2024-02-28 16:32:06,355 [INFO] WebApp:418 - Direct internet connection detected
2024-02-28 16:32:06,578 [INFO] WebApp:188 - Starting web application
2024-02-28 16:32:06,578 [INFO] WebApp:520 - Web application path used C:\ST\STM32CubeIDE_1.13.2\STM32CubeIDE\plugins\com.st.stm32cube.common.mx_6.9.2.202309101412\db\plugins\mcufinder\reactClient1\index.html
2024-02-28 16:32:27,700 [ERROR] LogOutputStream:75 - [STDERR_REDIRECT] SLF4J: Failed to load class "org.slf4j.impl.StaticLoggerBinder".
2024-02-28 16:32:27,701 [ERROR] LogOutputStream:75 - [STDERR_REDIRECT] SLF4J: Defaulting to no-operation (NOP) logger implementation
2024-02-28 16:32:27,703 [ERROR] LogOutputStream:75 - [STDERR_REDIRECT] SLF4J: See http://www.slf4j.org/codes.html#StaticLoggerBinder for further details.
2024-02-28 17:31:26,560 [ERROR] LogOutputStream:75 - [STDERR_REDIRECT] 
